#
# A fatal error has been detected by the Java Runtime Environment:
#
#  EXCEPTION_ACCESS_VIOLATION (0xc0000005) at pc=0xffffffffa5675120, pid=6556, tid=3656
#
# JRE version: Java(TM) SE Runtime Environment (8.0_65-b17) (build 1.8.0_65-b17)
# Java VM: Java HotSpot(TM) 64-Bit Server VM (25.65-b01 mixed mode windows-amd64 compressed oops)
# Problematic frame:
# C  0xffffffffa5675120
#
# Failed to write core dump. Minidumps are not enabled by default on client versions of Windows
#
# If you would like to submit a bug report, please visit:
#   http://bugreport.java.com/bugreport/crash.jsp
#

---------------  T H R E A D  ---------------

Current thread (0x0000000059800000):  JavaThread "Daemon worker Thread 3" [_thread_in_Java, id=3656, stack(0x0000000058850000,0x0000000058950000)]

siginfo: ExceptionCode=0xc0000005, ExceptionInformation=0x0000000000000008 0xffffffffa5675120

Registers:
RAX=0x0000000000000001, RBX=0x00000000f1f2bcd8, RCX=0x0000000000000008, RDX=0x00000000f1f2bcd8
RSP=0x000000005894be98, RBP=0x0000000000000000, RSI=0x00000000ffa16fd0, RDI=0x00000000ffa16f90
R8 =0x0000000000000000, R9 =0x00000000ff9fa8e0, R10=0x0000000014c94090, R11=0x0000000000000012
R12=0x0000000000000000, R13=0x0000000061af1f00, R14=0x0000000000000108, R15=0x0000000059800000
RIP=0xffffffffa5675120, EFLAGS=0x0000000000010246

Top of Stack: (sp=0x000000005894be98)
0x000000005894be98:   0000000004e31dfc 00000000f2140b38
0x000000005894bea8:   0000000061be4010 000000005894c0b0
0x000000005894beb8:   000000000276eadb 0000000059800000
0x000000005894bec8:   0000000000000001 00000000ff97e408
0x000000005894bed8:   0000000000000000 00000000ff97e3c8
0x000000005894bee8:   0000000014c93570 00000000ff97e3c8
0x000000005894bef8:   00000000f1f1cd98 00000000f2140b38
0x000000005894bf08:   00000000f1f2bcd8 00000000ff9fa8e0
0x000000005894bf18:   00000000ffa16f90 00000000ffa16fd0
0x000000005894bf28:   0000000000000008 00000000ffa16fd0
0x000000005894bf38:   0000000000000000 0000000000000000
0x000000005894bf48:   0000000004e34af4 ffffffffffffffff
0x000000005894bf58:   0000000061b503c8 0000000000000000
0x000000005894bf68:   00000000eb003fd0 0000765aec39fa23
0x000000005894bf78:   00000000eb0022e8 0000000061bdd160
0x000000005894bf88:   0000000061bdd160 0000000000000000 

Instructions: (pc=0xffffffffa5675120)
0xffffffffa5675100:   
[error occurred during error reporting (printing registers, top of stack, instructions near pc), id 0xc0000005]

Register to memory mapping:

RAX=0x0000000000000001 is an unknown value
RBX=0x00000000f1f2bcd8 is an oop
proguard.classfile.util.InstructionSequenceMatcher 
 - klass: 'proguard/classfile/util/InstructionSequenceMatcher'
RCX=0x0000000000000008 is an unknown value
RDX=0x00000000f1f2bcd8 is an oop
proguard.classfile.util.InstructionSequenceMatcher 
 - klass: 'proguard/classfile/util/InstructionSequenceMatcher'
RSP=0x000000005894be98 is pointing into the stack for thread: 0x0000000059800000
RBP=0x0000000000000000 is an unknown value
RSI=0x00000000ffa16fd0 is an oop
proguard.classfile.attribute.CodeAttribute 
 - klass: 'proguard/classfile/attribute/CodeAttribute'
RDI=0x00000000ffa16f90 is an oop
proguard.classfile.ProgramMethod 
 - klass: 'proguard/classfile/ProgramMethod'
R8 =0x0000000000000000 is an unknown value
R9 =0x00000000ff9fa8e0 is an oop
proguard.classfile.ProgramClass 
 - klass: 'proguard/classfile/ProgramClass'
R10=0x0000000014c94090 is pointing into metadata
R11=0x0000000000000012 is an unknown value
R12=0x0000000000000000 is an unknown value
R13=0x0000000061af1f00 is pointing into metadata
R14=0x0000000000000108 is an unknown value
R15=0x0000000059800000 is a thread


Stack: [0x0000000058850000,0x0000000058950000],  sp=0x000000005894be98,  free space=1007k
Native frames: (J=compiled Java code, j=interpreted, Vv=VM code, C=native code)


---------------  P R O C E S S  ---------------

Java Threads: ( => current thread )
  0x0000000059805800 JavaThread "Stdin handler" [_thread_blocked, id=6108, stack(0x000000005a1c0000,0x000000005a2c0000)]
  0x00000000597ff800 JavaThread "Cancel handler" [_thread_blocked, id=5784, stack(0x0000000058f00000,0x0000000059000000)]
  0x0000000059802000 JavaThread "Handler for socket connection from /127.0.0.1:54371 to /127.0.0.1:56451" [_thread_in_native, id=5832, stack(0x0000000058df0000,0x0000000058ef0000)]
=>0x0000000059800000 JavaThread "Daemon worker Thread 3" [_thread_in_Java, id=3656, stack(0x0000000058850000,0x0000000058950000)]
  0x00000000597fe800 JavaThread "Daemon Thread 3" [_thread_blocked, id=4748, stack(0x0000000058c80000,0x0000000058d80000)]
  0x00000000597fd000 JavaThread "File lock request listener" [_thread_in_native, id=2752, stack(0x000000005ba70000,0x000000005bb70000)]
  0x00000000594d0800 JavaThread "Incoming local TCP Connector on port 54371" [_thread_in_native, id=4244, stack(0x0000000058960000,0x0000000058a60000)]
  0x00000000572b5800 JavaThread "Service Thread" daemon [_thread_blocked, id=5172, stack(0x0000000057980000,0x0000000057a80000)]
  0x0000000057284800 JavaThread "C1 CompilerThread2" daemon [_thread_blocked, id=776, stack(0x00000000576f0000,0x00000000577f0000)]
  0x0000000054df8800 JavaThread "C2 CompilerThread1" daemon [_thread_in_native, id=988, stack(0x0000000057070000,0x0000000057170000)]
  0x0000000054df0000 JavaThread "C2 CompilerThread0" daemon [_thread_in_native, id=1104, stack(0x0000000057180000,0x0000000057280000)]
  0x0000000054dfe800 JavaThread "Attach Listener" daemon [_thread_blocked, id=5988, stack(0x0000000056e20000,0x0000000056f20000)]
  0x0000000054dfd000 JavaThread "Signal Dispatcher" daemon [_thread_blocked, id=3788, stack(0x0000000056f70000,0x0000000057070000)]
  0x0000000054d97800 JavaThread "Finalizer" daemon [_thread_blocked, id=2572, stack(0x00000000561e0000,0x00000000562e0000)]
  0x0000000054d90800 JavaThread "Reference Handler" daemon [_thread_blocked, id=2560, stack(0x0000000056330000,0x0000000056430000)]
  0x000000000218e800 JavaThread "main" [_thread_blocked, id=6036, stack(0x0000000002190000,0x0000000002290000)]

Other Threads:
  0x0000000054d8b000 VMThread [stack: 0x0000000056060000,0x0000000056160000] [id=5792]
  0x00000000572b9800 WatcherThread [stack: 0x0000000057b10000,0x0000000057c10000] [id=5996]

VM state:not at safepoint (normal execution)

VM Mutex/Monitor currently owned by a thread: None

Heap:
 PSYoungGen      total 311296K, used 145001K [0x00000000eab00000, 0x0000000100000000, 0x0000000100000000)
  eden space 287744K, 42% used [0x00000000eab00000,0x00000000f219bf20,0x00000000fc400000)
  from space 23552K, 99% used [0x00000000fe780000,0x00000000ffe7e7d0,0x00000000ffe80000)
  to   space 30720K, 0% used [0x00000000fc400000,0x00000000fc400000,0x00000000fe200000)
 ParOldGen       total 98816K, used 59424K [0x00000000c0000000, 0x00000000c6080000, 0x00000000eab00000)
  object space 98816K, 60% used [0x00000000c0000000,0x00000000c3a08270,0x00000000c6080000)
 Metaspace       used 61315K, capacity 64524K, committed 64640K, reserved 1105920K
  class space    used 8093K, capacity 8785K, committed 8832K, reserved 1048576K

Card table byte_map: [0x0000000011a30000,0x0000000011c40000] byte_map_base: 0x0000000011430000

Marking Bits: (ParMarkBitMap*) 0x0000000056d1a5b0
 Begin Bits: [0x0000000012200000, 0x0000000013200000)
 End Bits:   [0x0000000013200000, 0x0000000014200000)

Polling page: 0x0000000000230000

CodeCache: size=245760Kb used=40606Kb max_used=40620Kb free=205153Kb
 bounds [0x0000000002670000, 0x0000000004e50000, 0x0000000011670000]
 total_blobs=11942 nmethods=11178 adapters=677
 compilation: enabled

Compilation events (10 events):
Event: 2936.722 Thread 0x0000000057284800 nmethod 13866 0x0000000004e45b50 code [0x0000000004e45ca0, 0x0000000004e45e70]
Event: 2936.722 Thread 0x0000000057284800 13867       2       proguard.classfile.instruction.visitor.AllInstructionVisitor::visitAnyAttribute (1 bytes)
Event: 2936.722 Thread 0x0000000057284800 nmethod 13867 0x0000000004e45f90 code [0x0000000004e460e0, 0x0000000004e46230]
Event: 2936.723 Thread 0x0000000057284800 13868       3       proguard.classfile.attribute.CodeAttribute::instructionsAccept (53 bytes)
Event: 2936.724 Thread 0x0000000057284800 nmethod 13868 0x0000000004e462d0 code [0x0000000004e46460, 0x0000000004e46868]
Event: 2936.736 Thread 0x0000000054df8800 nmethod 13723 0x0000000004e4ac90 code [0x0000000004e4af00, 0x0000000004e4c4a0]
Event: 2936.736 Thread 0x0000000054df8800 13860       4       proguard.classfile.util.InstructionSequenceMatcher::checkMatch (102 bytes)
Event: 2936.738 Thread 0x0000000057284800 13869       2       proguard.classfile.util.SimplifiedVisitor::visitDeprecatedAttribute (8 bytes)
Event: 2936.739 Thread 0x0000000057284800 nmethod 13869 0x0000000004e4a8d0 code [0x0000000004e4aa40, 0x0000000004e4abc8]
Event: 2936.743 Thread 0x0000000054df8800 nmethod 13860 0x0000000004e47490 code [0x0000000004e475e0, 0x0000000004e477f8]

GC Heap History (10 events):
Event: 2717.439 GC heap before
{Heap before GC invocations=21 (full 5):
 PSYoungGen      total 324096K, used 33641K [0x00000000eab00000, 0x0000000100000000, 0x0000000100000000)
  eden space 299008K, 11% used [0x00000000eab00000,0x00000000ecbda798,0x00000000fcf00000)
  from space 25088K, 0% used [0x00000000fcf00000,0x00000000fcf00000,0x00000000fe780000)
  to   space 23552K, 0% used [0x00000000fe900000,0x00000000fe900000,0x0000000100000000)
 ParOldGen       total 98816K, used 48925K [0x00000000c0000000, 0x00000000c6080000, 0x00000000eab00000)
  object space 98816K, 49% used [0x00000000c0000000,0x00000000c2fc7590,0x00000000c6080000)
 Metaspace       used 54498K, capacity 56542K, committed 57216K, reserved 1099776K
  class space    used 7189K, capacity 7615K, committed 7808K, reserved 1048576K
Event: 2717.466 GC heap after
Heap after GC invocations=21 (full 5):
 PSYoungGen      total 322560K, used 192K [0x00000000eab00000, 0x00000000ffe80000, 0x0000000100000000)
  eden space 300544K, 0% used [0x00000000eab00000,0x00000000eab00000,0x00000000fd080000)
  from space 22016K, 0% used [0x00000000fe900000,0x00000000fe930000,0x00000000ffe80000)
  to   space 23552K, 0% used [0x00000000fd080000,0x00000000fd080000,0x00000000fe780000)
 ParOldGen       total 98816K, used 48925K [0x00000000c0000000, 0x00000000c6080000, 0x00000000eab00000)
  object space 98816K, 49% used [0x00000000c0000000,0x00000000c2fc7590,0x00000000c6080000)
 Metaspace       used 54498K, capacity 56542K, committed 57216K, reserved 1099776K
  class space    used 7189K, capacity 7615K, committed 7808K, reserved 1048576K
}
Event: 2717.466 GC heap before
{Heap before GC invocations=22 (full 6):
 PSYoungGen      total 322560K, used 192K [0x00000000eab00000, 0x00000000ffe80000, 0x0000000100000000)
  eden space 300544K, 0% used [0x00000000eab00000,0x00000000eab00000,0x00000000fd080000)
  from space 22016K, 0% used [0x00000000fe900000,0x00000000fe930000,0x00000000ffe80000)
  to   space 23552K, 0% used [0x00000000fd080000,0x00000000fd080000,0x00000000fe780000)
 ParOldGen       total 98816K, used 48925K [0x00000000c0000000, 0x00000000c6080000, 0x00000000eab00000)
  object space 98816K, 49% used [0x00000000c0000000,0x00000000c2fc7590,0x00000000c6080000)
 Metaspace       used 54498K, capacity 56542K, committed 57216K, reserved 1099776K
  class space    used 7189K, capacity 7615K, committed 7808K, reserved 1048576K
Event: 2718.215 GC heap after
Heap after GC invocations=22 (full 6):
 PSYoungGen      total 322560K, used 0K [0x00000000eab00000, 0x00000000ffe80000, 0x0000000100000000)
  eden space 300544K, 0% used [0x00000000eab00000,0x00000000eab00000,0x00000000fd080000)
  from space 22016K, 0% used [0x00000000fe900000,0x00000000fe900000,0x00000000ffe80000)
  to   space 23552K, 0% used [0x00000000fd080000,0x00000000fd080000,0x00000000fe780000)
 ParOldGen       total 98816K, used 45510K [0x00000000c0000000, 0x00000000c6080000, 0x00000000eab00000)
  object space 98816K, 46% used [0x00000000c0000000,0x00000000c2c718c0,0x00000000c6080000)
 Metaspace       used 54498K, capacity 56542K, committed 57216K, reserved 1099776K
  class space    used 7189K, capacity 7615K, committed 7808K, reserved 1048576K
}
Event: 2918.096 GC heap before
{Heap before GC invocations=23 (full 6):
 PSYoungGen      total 322560K, used 248100K [0x00000000eab00000, 0x00000000ffe80000, 0x0000000100000000)
  eden space 300544K, 82% used [0x00000000eab00000,0x00000000f9d49250,0x00000000fd080000)
  from space 22016K, 0% used [0x00000000fe900000,0x00000000fe900000,0x00000000ffe80000)
  to   space 23552K, 0% used [0x00000000fd080000,0x00000000fd080000,0x00000000fe780000)
 ParOldGen       total 98816K, used 45510K [0x00000000c0000000, 0x00000000c6080000, 0x00000000eab00000)
  object space 98816K, 46% used [0x00000000c0000000,0x00000000c2c718c0,0x00000000c6080000)
 Metaspace       used 59613K, capacity 62628K, committed 62976K, reserved 1103872K
  class space    used 7882K, capacity 8588K, committed 8704K, reserved 1048576K
Event: 2918.142 GC heap after
Heap after GC invocations=23 (full 6):
 PSYoungGen      total 324096K, used 12309K [0x00000000eab00000, 0x00000000ffe80000, 0x0000000100000000)
  eden space 300544K, 0% used [0x00000000eab00000,0x00000000eab00000,0x00000000fd080000)
  from space 23552K, 52% used [0x00000000fd080000,0x00000000fdc85478,0x00000000fe780000)
  to   space 23552K, 0% used [0x00000000fe780000,0x00000000fe780000,0x00000000ffe80000)
 ParOldGen       total 98816K, used 45526K [0x00000000c0000000, 0x00000000c6080000, 0x00000000eab00000)
  object space 98816K, 46% used [0x00000000c0000000,0x00000000c2c758c0,0x00000000c6080000)
 Metaspace       used 59613K, capacity 62628K, committed 62976K, reserved 1103872K
  class space    used 7882K, capacity 8588K, committed 8704K, reserved 1048576K
}
Event: 2918.142 GC heap before
{Heap before GC invocations=24 (full 7):
 PSYoungGen      total 324096K, used 12309K [0x00000000eab00000, 0x00000000ffe80000, 0x0000000100000000)
  eden space 300544K, 0% used [0x00000000eab00000,0x00000000eab00000,0x00000000fd080000)
  from space 23552K, 52% used [0x00000000fd080000,0x00000000fdc85478,0x00000000fe780000)
  to   space 23552K, 0% used [0x00000000fe780000,0x00000000fe780000,0x00000000ffe80000)
 ParOldGen       total 98816K, used 45526K [0x00000000c0000000, 0x00000000c6080000, 0x00000000eab00000)
  object space 98816K, 46% used [0x00000000c0000000,0x00000000c2c758c0,0x00000000c6080000)
 Metaspace       used 59613K, capacity 62628K, committed 62976K, reserved 1103872K
  class space    used 7882K, capacity 8588K, committed 8704K, reserved 1048576K
Event: 2918.674 GC heap after
Heap after GC invocations=24 (full 7):
 PSYoungGen      total 324096K, used 0K [0x00000000eab00000, 0x00000000ffe80000, 0x0000000100000000)
  eden space 300544K, 0% used [0x00000000eab00000,0x00000000eab00000,0x00000000fd080000)
  from space 23552K, 0% used [0x00000000fd080000,0x00000000fd080000,0x00000000fe780000)
  to   space 23552K, 0% used [0x00000000fe780000,0x00000000fe780000,0x00000000ffe80000)
 ParOldGen       total 98816K, used 51512K [0x00000000c0000000, 0x00000000c6080000, 0x00000000eab00000)
  object space 98816K, 52% used [0x00000000c0000000,0x00000000c324e2b8,0x00000000c6080000)
 Metaspace       used 59381K, capacity 62246K, committed 62976K, reserved 1103872K
  class space    used 7840K, capacity 8526K, committed 8704K, reserved 1048576K
}
Event: 2935.857 GC heap before
{Heap before GC invocations=25 (full 7):
 PSYoungGen      total 324096K, used 300544K [0x00000000eab00000, 0x00000000ffe80000, 0x0000000100000000)
  eden space 300544K, 100% used [0x00000000eab00000,0x00000000fd080000,0x00000000fd080000)
  from space 23552K, 0% used [0x00000000fd080000,0x00000000fd080000,0x00000000fe780000)
  to   space 23552K, 0% used [0x00000000fe780000,0x00000000fe780000,0x00000000ffe80000)
 ParOldGen       total 98816K, used 51512K [0x00000000c0000000, 0x00000000c6080000, 0x00000000eab00000)
  object space 98816K, 52% used [0x00000000c0000000,0x00000000c324e2b8,0x00000000c6080000)
 Metaspace       used 60964K, capacity 64172K, committed 64384K, reserved 1105920K
  class space    used 8047K, capacity 8753K, committed 8832K, reserved 1048576K
Event: 2935.935 GC heap after
Heap after GC invocations=25 (full 7):
 PSYoungGen      total 311296K, used 23545K [0x00000000eab00000, 0x0000000100000000, 0x0000000100000000)
  eden space 287744K, 0% used [0x00000000eab00000,0x00000000eab00000,0x00000000fc400000)
  from space 23552K, 99% used [0x00000000fe780000,0x00000000ffe7e7d0,0x00000000ffe80000)
  to   space 30720K, 0% used [0x00000000fc400000,0x00000000fc400000,0x00000000fe200000)
 ParOldGen       total 98816K, used 59424K [0x00000000c0000000, 0x00000000c6080000, 0x00000000eab00000)
  object space 98816K, 60% used [0x00000000c0000000,0x00000000c3a08270,0x00000000c6080000)
 Metaspace       used 60964K, capacity 64172K, committed 64384K, reserved 1105920K
  class space    used 8047K, capacity 8753K, committed 8832K, reserved 1048576K
}

Deoptimization events (10 events):
Event: 2936.641 Thread 0x0000000059800000 Uncommon trap: reason=bimorphic action=maybe_recompile pc=0x0000000004db31d4 method=proguard.classfile.attribute.ConstantValueAttribute.accept(Lproguard/classfile/Clazz;Lproguard/classfile/Field;Lproguard/classfile/attribute/visitor/AttributeVisitor;)V @ 4«ΩÎyHÒ¶@
Event: 2936.642 Thread 0x0000000059800000 Uncommon trap: reason=bimorphic action=maybe_recompile pc=0x0000000004dd4ef8 method=proguard.classfile.attribute.LineNumberTableAttribute.accept(Lproguard/classfile/Clazz;Lproguard/classfile/Method;Lproguard/classfile/attribute/CodeAttribute;Lproguard/clas_ﬂÂ~HÒ¶@
Event: 2936.642 Thread 0x0000000059800000 Uncommon trap: reason=bimorphic action=maybe_recompile pc=0x0000000004dd84e8 method=proguard.classfile.attribute.LocalVariableTableAttribute.accept(Lproguard/classfile/Clazz;Lproguard/classfile/Method;Lproguard/classfile/attribute/CodeAttribute;Lproguard/cN¥áHÒ¶@
Event: 2936.642 Thread 0x0000000059800000 Uncommon trap: reason=bimorphic action=maybe_recompile pc=0x0000000004dd4ef8 method=proguard.classfile.attribute.LineNumberTableAttribute.accept(Lproguard/classfile/Clazz;Lproguard/classfile/Method;Lproguard/classfile/attribute/CodeAttribute;Lproguard/clas%ÇÕâHÒ¶@
Event: 2936.642 Thread 0x0000000059800000 Uncommon trap: reason=bimorphic action=maybe_recompile pc=0x0000000004dd84e8 method=proguard.classfile.attribute.LocalVariableTableAttribute.accept(Lproguard/classfile/Clazz;Lproguard/classfile/Method;Lproguard/classfile/attribute/CodeAttribute;Lproguard/cÁ6ˇçHÒ¶@
Event: 2936.642 Thread 0x0000000059800000 Uncommon trap: reason=bimorphic action=maybe_recompile pc=0x0000000004dd4ef8 method=proguard.classfile.attribute.LineNumberTableAttribute.accept(Lproguard/classfile/Clazz;Lproguard/classfile/Method;Lproguard/classfile/attribute/CodeAttribute;Lproguard/clas
Event: 2936.642 Thread 0x0000000059800000 Uncommon trap: reason=bimorphic action=maybe_recompile pc=0x0000000004dd84e8 method=proguard.classfile.attribute.LocalVariableTableAttribute.accept(Lproguard/classfile/Clazz;Lproguard/classfile/Method;Lproguard/classfile/attribute/CodeAttribute;Lproguard/cJ¥B•HÒ¶@
Event: 2936.642 Thread 0x0000000059800000 Uncommon trap: reason=bimorphic action=maybe_recompile pc=0x0000000004dd4ef8 method=proguard.classfile.attribute.LineNumberTableAttribute.accept(Lproguard/classfile/Clazz;Lproguard/classfile/Method;Lproguard/classfile/attribute/CodeAttribute;Lproguard/clasÃ≈G®HÒ¶@
Event: 2936.642 Thread 0x0000000059800000 Uncommon trap: reason=bimorphic action=maybe_recompile pc=0x0000000004dd84e8 method=proguard.classfile.attribute.LocalVariableTableAttribute.accept(Lproguard/classfile/Clazz;Lproguard/classfile/Method;Lproguard/classfile/attribute/CodeAttribute;Lproguard/cB
ÂuÒ¶@
Event: 2936.730 Thread 0x0000000059800000 Uncommon trap: reason=unstable_if action=reinterpret pc=0x0000000004e04474 method=proguard.classfile.util.WarningPrinter.accepts(Ljava/lang/String;Ljava/lang/String;)Z @ 4

Internal exceptions (10 events):
Event: 2935.350 Thread 0x0000000059800000 Exception <a 'java/lang/ClassNotFoundException': org/xml/sax/helpers/DefaultHandlerBeanInfo> (0x00000000f9bc9098) thrown at [C:\workspace\8-2-build-windows-amd64-cygwin\jdk8u65\4987\hotspot\src\share\vm\classfile\systemDictionary.cpp, line 210]
Event: 2935.350 Thread 0x0000000059800000 Exception <a 'java/lang/ClassNotFoundException': org/xml/sax/helpers/DefaultHandlerCustomizer> (0x00000000f9bd0cf0) thrown at [C:\workspace\8-2-build-windows-amd64-cygwin\jdk8u65\4987\hotspot\src\share\vm\classfile\systemDictionary.cpp, line 210]
Event: 2935.351 Thread 0x0000000059800000 Exception <a 'java/lang/ClassNotFoundException': com/android/build/gradle/internal/tasks/multidex/CreateManifestKeepList$ManifestHandlerCustomizer> (0x00000000f9bf1ca8) thrown at [C:\workspace\8-2-build-windows-amd64-cygwin\jdk8u65\4987\hotspot\src\share\vM-òß¬Ó¶@
Event: 2935.380 Thread 0x0000000059800000 Exception <a 'java/lang/ClassNotFoundException': com/sun/org/apache/xerces/internal/jaxp/SAXParserImplBeanInfo> (0x00000000f9c626d8) thrown at [C:\workspace\8-2-build-windows-amd64-cygwin\jdk8u65\4987\hotspot\src\share\vm\classfile\systemDictionary.cpp, li°vR ¬Ó¶@
Event: 2935.380 Thread 0x0000000059800000 Exception <a 'java/lang/ClassNotFoundException': javax/xml/parsers/SAXParserBeanInfo> (0x00000000f9c69888) thrown at [C:\workspace\8-2-build-windows-amd64-cygwin\jdk8u65\4987\hotspot\src\share\vm\classfile\systemDictionary.cpp, line 210]
Event: 2935.381 Thread 0x0000000059800000 Exception <a 'java/lang/ClassNotFoundException': javax/xml/parsers/SAXParserCustomizer> (0x00000000f9c70bf0) thrown at [C:\workspace\8-2-build-windows-amd64-cygwin\jdk8u65\4987\hotspot\src\share\vm\classfile\systemDictionary.cpp, line 210]
Event: 2935.381 Thread 0x0000000059800000 Exception <a 'java/lang/ClassNotFoundException': com/sun/org/apache/xerces/internal/jaxp/SAXParserImplCustomizer> (0x00000000f9c88878) thrown at [C:\workspace\8-2-build-windows-amd64-cygwin\jdk8u65\4987\hotspot\src\share\vm\classfile\systemDictionary.cpp, >5æR Ó¶@
Event: 2935.395 Thread 0x0000000059800000 Exception <a 'java/lang/ClassNotFoundException': com/sun/org/apache/xerces/internal/parsers/AbstractSAXParser$AttributesProxyBeanInfo> (0x00000000f9d10340) thrown at [C:\workspace\8-2-build-windows-amd64-cygwin\jdk8u65\4987\hotspot\src\share\vm\classfile\s&}ht Ó¶@
Event: 2935.395 Thread 0x0000000059800000 Exception <a 'java/lang/ClassNotFoundException': com/sun/org/apache/xerces/internal/parsers/AbstractSAXParser$AttributesProxyCustomizer> (0x00000000f9d1bed8) thrown at [C:\workspace\8-2-build-windows-amd64-cygwin\jdk8u65\4987\hotspot\src\share\vm\classfile?S·uÒ¶@
Event: 2936.730 Thread 0x0000000059800000 Implicit null exception at 0x0000000004e04403 to 0x0000000004e04459

Events (10 events):
Event: 2936.699 loading class proguard/classfile/util/InstructionSequenceMatcher done
Event: 2936.701 loading class proguard/classfile/instruction/InstructionFactory
Event: 2936.701 loading class proguard/classfile/instruction/InstructionFactory done
Event: 2936.713 Thread 0x0000000059800000 DEOPT PACKING pc=0x0000000004e350f1 sp=0x000000005894bd50
Event: 2936.713 Thread 0x0000000059800000 DEOPT UNPACKING pc=0x00000000026b71bf sp=0x000000005894b9d0 mode 0
Event: 2936.723 Thread 0x0000000059800000 DEOPT PACKING pc=0x0000000004e3eac2 sp=0x000000005894c110
Event: 2936.723 Thread 0x0000000059800000 DEOPT UNPACKING pc=0x00000000026b71bf sp=0x000000005894be48 mode 0
Event: 2936.730 Thread 0x0000000059800000 Uncommon trap: trap_request=0xffffff65 fr.pc=0x0000000004e04474
Event: 2936.730 Thread 0x0000000059800000 DEOPT PACKING pc=0x0000000004e04474 sp=0x000000005894bd70
Event: 2936.730 Thread 0x0000000059800000 DEOPT UNPACKING pc=0x00000000026b556a sp=0x000000005894bd10 mode 2


Dynamic libraries:
0x000000013f920000 - 0x000000013f957000 	C:\Program Files\Java\jdk1.8.0_65\bin\java.exe
0x0000000077ae0000 - 0x0000000077c8a000 	C:\Windows\SYSTEM32\ntdll.dll
0x00000000778c0000 - 0x00000000779df000 	C:\Windows\system32\kernel32.dll
0x000007fefdb30000 - 0x000007fefdb9b000 	C:\Windows\system32\KERNELBASE.dll
0x000007feff850000 - 0x000007feff92b000 	C:\Windows\system32\ADVAPI32.dll
0x000007feff930000 - 0x000007feff9cf000 	C:\Windows\system32\msvcrt.dll
0x000007fefdcc0000 - 0x000007fefdcdf000 	C:\Windows\SYSTEM32\sechost.dll
0x000007fefe1e0000 - 0x000007fefe30d000 	C:\Windows\system32\RPCRT4.dll
0x00000000779e0000 - 0x0000000077ada000 	C:\Windows\system32\USER32.dll
0x000007fefe0a0000 - 0x000007fefe107000 	C:\Windows\system32\GDI32.dll
0x000007fefe310000 - 0x000007fefe31e000 	C:\Windows\system32\LPK.dll
0x000007fefe110000 - 0x000007fefe1da000 	C:\Windows\system32\USP10.dll
0x000007fefc3f0000 - 0x000007fefc5e4000 	C:\Windows\WinSxS\amd64_microsoft.windows.common-controls_6595b64144ccf1df_6.0.7601.18837_none_fa3b1e3d17594757\COMCTL32.dll
0x000007feffbe0000 - 0x000007feffc51000 	C:\Windows\system32\SHLWAPI.dll
0x000007feff4b0000 - 0x000007feff4de000 	C:\Windows\system32\IMM32.DLL
0x000007feff340000 - 0x000007feff449000 	C:\Windows\system32\MSCTF.dll
0x0000000055330000 - 0x0000000055402000 	C:\Program Files\Java\jdk1.8.0_65\jre\bin\msvcr100.dll
0x0000000056510000 - 0x0000000056d99000 	C:\Program Files\Java\jdk1.8.0_65\jre\bin\server\jvm.dll
0x000007fefa280000 - 0x000007fefa289000 	C:\Windows\system32\WSOCK32.dll
0x000007feffc60000 - 0x000007feffcad000 	C:\Windows\system32\WS2_32.dll
0x000007fefdce0000 - 0x000007fefdce8000 	C:\Windows\system32\NSI.dll
0x000007fefb620000 - 0x000007fefb65b000 	C:\Windows\system32\WINMM.dll
0x000007fefca20000 - 0x000007fefca2c000 	C:\Windows\system32\VERSION.dll
0x0000000077ca0000 - 0x0000000077ca7000 	C:\Windows\system32\PSAPI.DLL
0x00000000636a0000 - 0x00000000636af000 	C:\Program Files\Java\jdk1.8.0_65\jre\bin\verify.dll
0x0000000059050000 - 0x0000000059079000 	C:\Program Files\Java\jdk1.8.0_65\jre\bin\java.dll
0x000000005c890000 - 0x000000005c8a6000 	C:\Program Files\Java\jdk1.8.0_65\jre\bin\zip.dll
0x000007fefe320000 - 0x000007feff0aa000 	C:\Windows\system32\SHELL32.dll
0x000007feff9d0000 - 0x000007feffbd3000 	C:\Windows\system32\ole32.dll
0x000007fefd860000 - 0x000007fefd86f000 	C:\Windows\system32\profapi.dll
0x0000000059090000 - 0x00000000590aa000 	C:\Program Files\Java\jdk1.8.0_65\jre\bin\net.dll
0x0000000180000000 - 0x000000018006f000 	C:\Program Files\NVIDIA Corporation\NetworkAccessManager\bin32\nvLsp64.dll
0x000007fefdfc0000 - 0x000007fefe097000 	C:\Windows\system32\OLEAUT32.dll
0x000007fefd040000 - 0x000007fefd095000 	C:\Windows\system32\mswsock.dll
0x000007fefd030000 - 0x000007fefd037000 	C:\Windows\System32\wship6.dll
0x0000000059030000 - 0x0000000059041000 	C:\Program Files\Java\jdk1.8.0_65\jre\bin\nio.dll
0x000007fefabf0000 - 0x000007fefac02000 	C:\Users\Alvin\.gradle\native\19\windows-amd64\native-platform.dll
0x000007fefb520000 - 0x000007fefb547000 	C:\Windows\system32\IPHLPAPI.DLL
0x000007fefb510000 - 0x000007fefb51b000 	C:\Windows\system32\WINNSI.DLL
0x000007fefb080000 - 0x000007fefb098000 	C:\Windows\system32\dhcpcsvc.DLL
0x000007fefb000000 - 0x000007fefb011000 	C:\Windows\system32\dhcpcsvc6.DLL
0x000007fefd0a0000 - 0x000007fefd0b8000 	C:\Windows\system32\CRYPTSP.dll
0x000007fefcda0000 - 0x000007fefcde7000 	C:\Windows\system32\rsaenh.dll
0x000007fefd9f0000 - 0x000007fefda0e000 	C:\Windows\system32\USERENV.dll
0x000007fefd700000 - 0x000007fefd70f000 	C:\Windows\system32\CRYPTBASE.dll
0x000007fefd6a0000 - 0x000007fefd6f7000 	C:\Windows\system32\apphelp.dll
0x0000000059080000 - 0x000000005908d000 	C:\Program Files\Java\jdk1.8.0_65\jre\bin\management.dll
0x00000000022f0000 - 0x0000000002314000 	C:\Program Files\Java\jdk1.8.0_65\jre\bin\sunec.dll
0x000007fefca10000 - 0x000007fefca17000 	C:\Windows\System32\wshtcpip.dll
0x000007fefcec0000 - 0x000007fefcf1b000 	C:\Windows\system32\DNSAPI.dll
0x0000000071d10000 - 0x0000000071d36000 	C:\Program Files\Bonjour\mdnsNSP.dll
0x000007fef7b50000 - 0x000007fef7b58000 	C:\Windows\system32\rasadhlp.dll
0x000007fefb0b0000 - 0x000007fefb103000 	C:\Windows\System32\fwpuclnt.dll
0x000007fefb720000 - 0x000007fefb735000 	C:\Windows\system32\NLAapi.dll
0x000007fef6a00000 - 0x000007fef6a15000 	C:\Windows\system32\napinsp.dll
0x000007fef69e0000 - 0x000007fef69f9000 	C:\Windows\system32\pnrpnsp.dll
0x000007fef6800000 - 0x000007fef680b000 	C:\Windows\System32\winrnr.dll
0x000007fee01c0000 - 0x000007fee02e5000 	C:\Windows\system32\dbghelp.dll

VM Arguments:
jvm_args: -XX:MaxPermSize=256m -XX:+HeapDumpOnOutOfMemoryError -Xmx1024m -Dfile.encoding=windows-1252 -Duser.country=US -Duser.language=en -Duser.variant 
java_command: org.gradle.launcher.daemon.bootstrap.GradleDaemon 2.8
java_class_path (initial): C:\Program Files\Android\Android Studio\gradle\gradle-2.8\lib\gradle-launcher-2.8.jar
Launcher Type: SUN_STANDARD

Environment Variables:
PATH=C:\ProgramData\Oracle\Java\javapath;C:\Program Files (x86)\NVIDIA Corporation\PhysX\Common;C:\Windows\system32;C:\Windows;C:\Windows\System32\Wbem;C:\Windows\System32\WindowsPowerShell\v1.0\;C:\Program Files (x86)\MySQL\MySQL Fabric 1.5 & MySQL Utilities 1.5\;C:\Program Files (x86)\MySQL\MySQL Fabric 1.5 & MySQL Utilities 1.5\Doctrine extensions for PHP\;C:\Program Files (x86)\AMD\ATI.ACE\Core-Static
USERNAME=Alvin
OS=Windows_NT
PROCESSOR_IDENTIFIER=Intel64 Family 6 Model 15 Stepping 11, GenuineIntel



---------------  S Y S T E M  ---------------

OS: Windows 7 , 64 bit Build 7601 (6.1.7601.19135)

CPU:total 4 (4 cores per cpu, 1 threads per core) family 6 model 15 stepping 11, cmov, cx8, fxsr, mmx, sse, sse2, sse3, ssse3, tsc

Memory: 4k page, physical 4192804k(614312k free), swap 8383772k(2821008k free)

vm_info: Java HotSpot(TM) 64-Bit Server VM (25.65-b01) for windows-amd64 JRE (1.8.0_65-b17), built on Oct  6 2015 16:39:20 by "java_re" with MS VC++ 10.0 (VS2010)

time: Fri Mar 04 16:20:49 2016
elapsed time: 2936 seconds (0d 0h 48m 56s)

