#
# A fatal error has been detected by the Java Runtime Environment:
#
#  EXCEPTION_ACCESS_VIOLATION (0xc0000005) at pc=0xffffffffa3985120, pid=3872, tid=1228
#
# JRE version: Java(TM) SE Runtime Environment (8.0_65-b17) (build 1.8.0_65-b17)
# Java VM: Java HotSpot(TM) 64-Bit Server VM (25.65-b01 mixed mode windows-amd64 compressed oops)
# Problematic frame:
# C  0xffffffffa3985120
#
# Failed to write core dump. Minidumps are not enabled by default on client versions of Windows
#
# If you would like to submit a bug report, please visit:
#   http://bugreport.java.com/bugreport/crash.jsp
#

---------------  T H R E A D  ---------------

Current thread (0x0000000058aca000):  JavaThread "Daemon worker" [_thread_in_Java, id=1228, stack(0x000000005a150000,0x000000005a250000)]

siginfo: ExceptionCode=0xc0000005, ExceptionInformation=0x0000000000000008 0xffffffffa3985120

Registers:
RAX=0x0000000014e33e90, RBX=0x00000000607d4908, RCX=0x000000000000002e, RDX=0x00000000ef9c8cf8
RSP=0x000000005a24c168, RBP=0x00000000c1ad37a8, RSI=0x0000000000000276, RDI=0x0000000000000000
R8 =0x0000000000000275, R9 =0x0000000000000276, R10=0x0000000000000000, R11=0x00000000ef9c8cf8
R12=0x0000000000000000, R13=0x00000000c1ad37a8, R14=0x0000000000000274, R15=0x0000000058aca000
RIP=0xffffffffa3985120, EFLAGS=0x0000000000010246

Top of Stack: (sp=0x000000005a24c168)
0x000000005a24c168:   0000000002ae3998 0000000100000333
0x000000005a24c178:   00000000c1a44fb8 00000000c1ad3768
0x000000005a24c188:   00000000ef41ca28 00000000ef9c8cf8
0x000000005a24c198:   0000000000000275 00000000ef40ff80
0x000000005a24c1a8:   000000005a24c1a8 0000000000000000
0x000000005a24c1b8:   00000000032fcb3c 00000000607eb390
0x000000005a24c1c8:   0000000060854b20 00000000607b2e68
0x000000005a24c1d8:   0000000000000000 000000005a24c220
0x000000005a24c1e8:   0000000000000002 0000000002d9fc74
0x000000005a24c1f8:   00000000c1af1558 00000000c1af1510
0x000000005a24c208:   00000000c1a44fb8 0000000000000001
0x000000005a24c218:   0000000003e15c8c 0000000058aca000
0x000000005a24c228:   000000005a24c408 0000000000000000
0x000000005a24c238:   0000000003e4f534 0000000000000210
0x000000005a24c248:   0000000014e445d8 0000000000000000
0x000000005a24c258:   0000000002da0a18 00000000c1ad3768 

Instructions: (pc=0xffffffffa3985120)
0xffffffffa3985100:   
[error occurred during error reporting (printing registers, top of stack, instructions near pc), id 0xc0000005]

Register to memory mapping:

RAX=0x0000000014e33e90 is pointing into metadata
RBX={method} {0x00000000607d4910} 'length' '(I)I' in 'proguard/classfile/instruction/SimpleInstruction'
RCX=0x000000000000002e is an unknown value
RDX=0x00000000ef9c8cf8 is an oop
proguard.classfile.instruction.SimpleInstruction 
 - klass: 'proguard/classfile/instruction/SimpleInstruction'
RSP=0x000000005a24c168 is pointing into the stack for thread: 0x0000000058aca000
RBP=0x00000000c1ad37a8 is an oop
proguard.classfile.attribute.CodeAttribute 
 - klass: 'proguard/classfile/attribute/CodeAttribute'
RSI=0x0000000000000276 is an unknown value
RDI=0x0000000000000000 is an unknown value
R8 =0x0000000000000275 is an unknown value
R9 =0x0000000000000276 is an unknown value
R10=0x0000000000000000 is an unknown value
R11=0x00000000ef9c8cf8 is an oop
proguard.classfile.instruction.SimpleInstruction 
 - klass: 'proguard/classfile/instruction/SimpleInstruction'
R12=0x0000000000000000 is an unknown value
R13=0x00000000c1ad37a8 is an oop
proguard.classfile.attribute.CodeAttribute 
 - klass: 'proguard/classfile/attribute/CodeAttribute'
R14=0x0000000000000274 is an unknown value
R15=0x0000000058aca000 is a thread


Stack: [0x000000005a150000,0x000000005a250000],  sp=0x000000005a24c168,  free space=1008k
Native frames: (J=compiled Java code, j=interpreted, Vv=VM code, C=native code)
C  0xffffffffa3985120


---------------  P R O C E S S  ---------------

Java Threads: ( => current thread )
  0x000000005cb7c800 JavaThread "File lock request listener" [_thread_in_native, id=3772, stack(0x000000005c1c0000,0x000000005c2c0000)]
  0x0000000058abd000 JavaThread "Stdin handler" [_thread_blocked, id=1608, stack(0x000000005a360000,0x000000005a460000)]
=>0x0000000058aca000 JavaThread "Daemon worker" [_thread_in_Java, id=1228, stack(0x000000005a150000,0x000000005a250000)]
  0x0000000058f45000 JavaThread "Cancel handler" [_thread_blocked, id=3364, stack(0x0000000058690000,0x0000000058790000)]
  0x0000000059073800 JavaThread "Handler for socket connection from /127.0.0.1:57046 to /127.0.0.1:57047" [_thread_in_native, id=5428, stack(0x000000005a000000,0x000000005a100000)]
  0x000000005906d000 JavaThread "Daemon" [_thread_blocked, id=6132, stack(0x0000000059e10000,0x0000000059f10000)]
  0x0000000058d25800 JavaThread "Incoming local TCP Connector on port 57046" [_thread_in_native, id=6164, stack(0x0000000058910000,0x0000000058a10000)]
  0x0000000056f5e800 JavaThread "Service Thread" daemon [_thread_blocked, id=4540, stack(0x0000000057bc0000,0x0000000057cc0000)]
  0x00000000551e5000 JavaThread "C1 CompilerThread2" daemon [_thread_blocked, id=6056, stack(0x0000000057ab0000,0x0000000057bb0000)]
  0x0000000056eea800 JavaThread "C2 CompilerThread1" daemon [_thread_in_native, id=6852, stack(0x00000000579b0000,0x0000000057ab0000)]
  0x0000000056ee2800 JavaThread "C2 CompilerThread0" daemon [_thread_in_native, id=4716, stack(0x00000000577b0000,0x00000000578b0000)]
  0x00000000551e3800 JavaThread "Attach Listener" daemon [_thread_blocked, id=6276, stack(0x0000000057510000,0x0000000057610000)]
  0x0000000056eec000 JavaThread "Signal Dispatcher" daemon [_thread_blocked, id=5200, stack(0x0000000057390000,0x0000000057490000)]
  0x0000000055187800 JavaThread "Finalizer" daemon [_thread_blocked, id=5516, stack(0x0000000056de0000,0x0000000056ee0000)]
  0x0000000055180800 JavaThread "Reference Handler" daemon [_thread_blocked, id=2664, stack(0x0000000056230000,0x0000000056330000)]
  0x00000000023fe800 JavaThread "main" [_thread_blocked, id=5832, stack(0x00000000025b0000,0x00000000026b0000)]

Other Threads:
  0x000000005517b000 VMThread [stack: 0x0000000056390000,0x0000000056490000] [id=684]
  0x0000000056f8c800 WatcherThread [stack: 0x0000000057670000,0x0000000057770000] [id=4376]

VM state:not at safepoint (normal execution)

VM Mutex/Monitor currently owned by a thread: None

Heap:
 PSYoungGen      total 191488K, used 81009K [0x00000000eab00000, 0x00000000fa780000, 0x0000000100000000)
  eden space 172544K, 46% used [0x00000000eab00000,0x00000000efa1c4d0,0x00000000f5380000)
  from space 18944K, 0% used [0x00000000f7480000,0x00000000f7480000,0x00000000f8700000)
  to   space 33792K, 0% used [0x00000000f5380000,0x00000000f5380000,0x00000000f7480000)
 ParOldGen       total 133120K, used 65095K [0x00000000c0000000, 0x00000000c8200000, 0x00000000eab00000)
  object space 133120K, 48% used [0x00000000c0000000,0x00000000c3f91f50,0x00000000c8200000)
 Metaspace       used 45666K, capacity 46752K, committed 47104K, reserved 1089536K
  class space    used 6238K, capacity 6541K, committed 6656K, reserved 1048576K

Card table byte_map: [0x0000000011d40000,0x0000000011f50000] byte_map_base: 0x0000000011740000

Marking Bits: (ParMarkBitMap*) 0x0000000056d1a5b0
 Begin Bits: [0x00000000125f0000, 0x00000000135f0000)
 End Bits:   [0x00000000135f0000, 0x00000000145f0000)

Polling page: 0x0000000000130000

CodeCache: size=245760Kb used=21339Kb max_used=21605Kb free=224420Kb
 bounds [0x0000000002980000, 0x0000000003eb0000, 0x0000000011980000]
 total_blobs=7211 nmethods=6504 adapters=618
 compilation: enabled

Compilation events (10 events):
Event: 16.712 Thread 0x0000000056eea800 nmethod 7062 0x0000000002ae5110 code [0x0000000002ae5260, 0x0000000002ae54f8]
Event: 16.712 Thread 0x0000000056eea800 7033       4       proguard.classfile.instruction.BranchInstruction::canonicalOpcode (43 bytes)
Event: 16.713 Thread 0x0000000056eea800 nmethod 7033 0x0000000002e07c50 code [0x0000000002e07d80, 0x0000000002e07df8]
Event: 16.713 Thread 0x0000000056eea800 7061       4       proguard.classfile.util.SimplifiedVisitor::visitVariableInstruction (12 bytes)
Event: 16.720 Thread 0x0000000056eea800 nmethod 7061 0x00000000032f0f10 code [0x00000000032f10e0, 0x00000000032f1510]
Event: 16.720 Thread 0x0000000056eea800 7070       4       proguard.classfile.instruction.SimpleInstruction::readInfo (30 bytes)
Event: 16.722 Thread 0x0000000056eea800 nmethod 7070 0x00000000032f2450 code [0x00000000032f2640, 0x00000000032f27d8]
Event: 16.722 Thread 0x0000000056eea800 7074       4       proguard.classfile.instruction.SimpleInstruction::length (7 bytes)
Event: 16.723 Thread 0x0000000056eea800 nmethod 7074 0x0000000002e09f90 code [0x0000000002e0a0c0, 0x0000000002e0a138]
Event: 16.723 Thread 0x0000000056eea800 7040       4       proguard.classfile.instruction.SimpleInstruction::embeddedConstant (86 bytes)

GC Heap History (10 events):
Event: 7.782 GC heap before
{Heap before GC invocations=9 (full 1):
 PSYoungGen      total 137728K, used 73471K [0x00000000eab00000, 0x00000000f5500000, 0x0000000100000000)
  eden space 128000K, 49% used [0x00000000eab00000,0x00000000ee947780,0x00000000f2800000)
  from space 9728K, 99% used [0x00000000f2800000,0x00000000f3178628,0x00000000f3180000)
  to   space 11776K, 0% used [0x00000000f4980000,0x00000000f4980000,0x00000000f5500000)
 ParOldGen       total 43520K, used 14052K [0x00000000c0000000, 0x00000000c2a80000, 0x00000000eab00000)
  object space 43520K, 32% used [0x00000000c0000000,0x00000000c0db9200,0x00000000c2a80000)
 Metaspace       used 34697K, capacity 35346K, committed 35456K, reserved 1079296K
  class space    used 4748K, capacity 4947K, committed 4992K, reserved 1048576K
Event: 7.820 GC heap after
Heap after GC invocations=9 (full 1):
 PSYoungGen      total 159232K, used 11757K [0x00000000eab00000, 0x00000000f8680000, 0x0000000100000000)
  eden space 147456K, 0% used [0x00000000eab00000,0x00000000eab00000,0x00000000f3b00000)
  from space 11776K, 99% used [0x00000000f4980000,0x00000000f54fb7f0,0x00000000f5500000)
  to   space 14848K, 0% used [0x00000000f3b00000,0x00000000f3b00000,0x00000000f4980000)
 ParOldGen       total 43520K, used 17232K [0x00000000c0000000, 0x00000000c2a80000, 0x00000000eab00000)
  object space 43520K, 39% used [0x00000000c0000000,0x00000000c10d4348,0x00000000c2a80000)
 Metaspace       used 34697K, capacity 35346K, committed 35456K, reserved 1079296K
  class space    used 4748K, capacity 4947K, committed 4992K, reserved 1048576K
}
Event: 7.820 GC heap before
{Heap before GC invocations=10 (full 2):
 PSYoungGen      total 159232K, used 11757K [0x00000000eab00000, 0x00000000f8680000, 0x0000000100000000)
  eden space 147456K, 0% used [0x00000000eab00000,0x00000000eab00000,0x00000000f3b00000)
  from space 11776K, 99% used [0x00000000f4980000,0x00000000f54fb7f0,0x00000000f5500000)
  to   space 14848K, 0% used [0x00000000f3b00000,0x00000000f3b00000,0x00000000f4980000)
 ParOldGen       total 43520K, used 17232K [0x00000000c0000000, 0x00000000c2a80000, 0x00000000eab00000)
  object space 43520K, 39% used [0x00000000c0000000,0x00000000c10d4348,0x00000000c2a80000)
 Metaspace       used 34697K, capacity 35346K, committed 35456K, reserved 1079296K
  class space    used 4748K, capacity 4947K, committed 4992K, reserved 1048576K
Event: 8.001 GC heap after
Heap after GC invocations=10 (full 2):
 PSYoungGen      total 159232K, used 0K [0x00000000eab00000, 0x00000000f8680000, 0x0000000100000000)
  eden space 147456K, 0% used [0x00000000eab00000,0x00000000eab00000,0x00000000f3b00000)
  from space 11776K, 0% used [0x00000000f4980000,0x00000000f4980000,0x00000000f5500000)
  to   space 14848K, 0% used [0x00000000f3b00000,0x00000000f3b00000,0x00000000f4980000)
 ParOldGen       total 66560K, used 22609K [0x00000000c0000000, 0x00000000c4100000, 0x00000000eab00000)
  object space 66560K, 33% used [0x00000000c0000000,0x00000000c1614478,0x00000000c4100000)
 Metaspace       used 34697K, capacity 35346K, committed 35456K, reserved 1079296K
  class space    used 4748K, capacity 4947K, committed 4992K, reserved 1048576K
}
Event: 12.015 GC heap before
{Heap before GC invocations=11 (full 2):
 PSYoungGen      total 159232K, used 147230K [0x00000000eab00000, 0x00000000f8680000, 0x0000000100000000)
  eden space 147456K, 99% used [0x00000000eab00000,0x00000000f3ac7ab0,0x00000000f3b00000)
  from space 11776K, 0% used [0x00000000f4980000,0x00000000f4980000,0x00000000f5500000)
  to   space 14848K, 0% used [0x00000000f3b00000,0x00000000f3b00000,0x00000000f4980000)
 ParOldGen       total 66560K, used 22609K [0x00000000c0000000, 0x00000000c4100000, 0x00000000eab00000)
  object space 66560K, 33% used [0x00000000c0000000,0x00000000c1614478,0x00000000c4100000)
 Metaspace       used 42836K, capacity 43900K, committed 44032K, reserved 1087488K
  class space    used 5939K, capacity 6279K, committed 6400K, reserved 1048576K
Event: 12.063 GC heap after
Heap after GC invocations=11 (full 2):
 PSYoungGen      total 162304K, used 14829K [0x00000000eab00000, 0x00000000f8700000, 0x0000000100000000)
  eden space 147456K, 0% used [0x00000000eab00000,0x00000000eab00000,0x00000000f3b00000)
  from space 14848K, 99% used [0x00000000f3b00000,0x00000000f497b568,0x00000000f4980000)
  to   space 18944K, 0% used [0x00000000f7480000,0x00000000f7480000,0x00000000f8700000)
 ParOldGen       total 66560K, used 26929K [0x00000000c0000000, 0x00000000c4100000, 0x00000000eab00000)
  object space 66560K, 40% used [0x00000000c0000000,0x00000000c1a4c410,0x00000000c4100000)
 Metaspace       used 42836K, capacity 43900K, committed 44032K, reserved 1087488K
  class space    used 5939K, capacity 6279K, committed 6400K, reserved 1048576K
}
Event: 15.580 GC heap before
{Heap before GC invocations=12 (full 2):
 PSYoungGen      total 162304K, used 162285K [0x00000000eab00000, 0x00000000f8700000, 0x0000000100000000)
  eden space 147456K, 100% used [0x00000000eab00000,0x00000000f3b00000,0x00000000f3b00000)
  from space 14848K, 99% used [0x00000000f3b00000,0x00000000f497b568,0x00000000f4980000)
  to   space 18944K, 0% used [0x00000000f7480000,0x00000000f7480000,0x00000000f8700000)
 ParOldGen       total 66560K, used 26929K [0x00000000c0000000, 0x00000000c4100000, 0x00000000eab00000)
  object space 66560K, 40% used [0x00000000c0000000,0x00000000c1a4c410,0x00000000c4100000)
 Metaspace       used 45525K, capacity 46592K, committed 46720K, reserved 1089536K
  class space    used 6222K, capacity 6509K, committed 6528K, reserved 1048576K
Event: 15.751 GC heap after
Heap after GC invocations=12 (full 2):
 PSYoungGen      total 191488K, used 18928K [0x00000000eab00000, 0x00000000fa780000, 0x0000000100000000)
  eden space 172544K, 0% used [0x00000000eab00000,0x00000000eab00000,0x00000000f5380000)
  from space 18944K, 99% used [0x00000000f7480000,0x00000000f86fc2e0,0x00000000f8700000)
  to   space 33792K, 0% used [0x00000000f5380000,0x00000000f5380000,0x00000000f7480000)
 ParOldGen       total 66560K, used 58953K [0x00000000c0000000, 0x00000000c4100000, 0x00000000eab00000)
  object space 66560K, 88% used [0x00000000c0000000,0x00000000c3992510,0x00000000c4100000)
 Metaspace       used 45525K, capacity 46592K, committed 46720K, reserved 1089536K
  class space    used 6222K, capacity 6509K, committed 6528K, reserved 1048576K
}
Event: 15.751 GC heap before
{Heap before GC invocations=13 (full 3):
 PSYoungGen      total 191488K, used 18928K [0x00000000eab00000, 0x00000000fa780000, 0x0000000100000000)
  eden space 172544K, 0% used [0x00000000eab00000,0x00000000eab00000,0x00000000f5380000)
  from space 18944K, 99% used [0x00000000f7480000,0x00000000f86fc2e0,0x00000000f8700000)
  to   space 33792K, 0% used [0x00000000f5380000,0x00000000f5380000,0x00000000f7480000)
 ParOldGen       total 66560K, used 58953K [0x00000000c0000000, 0x00000000c4100000, 0x00000000eab00000)
  object space 66560K, 88% used [0x00000000c0000000,0x00000000c3992510,0x00000000c4100000)
 Metaspace       used 45525K, capacity 46592K, committed 46720K, reserved 1089536K
  class space    used 6222K, capacity 6509K, committed 6528K, reserved 1048576K
Event: 16.261 GC heap after
Heap after GC invocations=13 (full 3):
 PSYoungGen      total 191488K, used 0K [0x00000000eab00000, 0x00000000fa780000, 0x0000000100000000)
  eden space 172544K, 0% used [0x00000000eab00000,0x00000000eab00000,0x00000000f5380000)
  from space 18944K, 0% used [0x00000000f7480000,0x00000000f7480000,0x00000000f8700000)
  to   space 33792K, 0% used [0x00000000f5380000,0x00000000f5380000,0x00000000f7480000)
 ParOldGen       total 133120K, used 65095K [0x00000000c0000000, 0x00000000c8200000, 0x00000000eab00000)
  object space 133120K, 48% used [0x00000000c0000000,0x00000000c3f91f50,0x00000000c8200000)
 Metaspace       used 45525K, capacity 46592K, committed 46720K, reserved 1089536K
  class space    used 6222K, capacity 6509K, committed 6528K, reserved 1048576K
}

Deoptimization events (10 events):
Event: 16.514 Thread 0x0000000058aca000 Uncommon trap: reason=bimorphic action=maybe_recompile pc=0x0000000003ea27b8 method=proguard.classfile.attribute.LineNumberTableAttribute.accept(Lproguard/classfile/Clazz;Lproguard/classfile/Method;Lproguard/classfile/attribute/CodeAttribute;Lproguard/clasÔnXåÉ0@
Event: 16.514 Thread 0x0000000058aca000 Uncommon trap: reason=bimorphic action=maybe_recompile pc=0x0000000003ea27b8 method=proguard.classfile.attribute.LineNumberTableAttribute.accept(Lproguard/classfile/Clazz;Lproguard/classfile/Method;Lproguard/classfile/attribute/CodeAttribute;Lproguard/clas3”…2ñ0@
Event: 16.587 Thread 0x0000000058aca000 Uncommon trap: reason=unstable_if action=reinterpret pc=0x0000000003e724a8 method=proguard.classfile.attribute.visitor.AllAttributeVisitor.visitProgramMember(Lproguard/classfile/ProgramClass;Lproguard/classfile/ProgramMember;)V @ 13
Event: 16.587 Thread 0x0000000058aca000 Uncommon trap: reason=unstable_if action=reinterpret pc=0x0000000003e7033c method=proguard.classfile.attribute.visitor.AllAttributeVisitor.visitProgramMember(Lproguard/classfile/ProgramClass;Lproguard/classfile/ProgramMember;)V @ 13
Event: 16.587 Thread 0x0000000058aca000 Uncommon trap: reason=unstable_if action=reinterpret pc=0x0000000003e21ef8 method=proguard.classfile.attribute.visitor.AllAttributeVisitor.visitProgramMember(Lproguard/classfile/ProgramClass;Lproguard/classfile/ProgramMember;)V @ 13
Event: 16.634 Thread 0x0000000058aca000 Uncommon trap: reason=class_check action=maybe_recompile pc=0x0000000002b8e13c method=proguard.classfile.util.InstructionSequenceMatcher.checkMatch(ZLproguard/classfile/Clazz;Lproguard/classfile/Method;Lproguard/classfile/attribute/CodeAttribute;ILproguardìGBÅ\¢0@
Event: 16.634 Thread 0x0000000058aca000 Uncommon trap: reason=class_check action=maybe_recompile pc=0x0000000002b8e13c method=proguard.classfile.util.InstructionSequenceMatcher.checkMatch(ZLproguard/classfile/Clazz;Lproguard/classfile/Method;Lproguard/classfile/attribute/CodeAttribute;ILproguard·=Ê5^¢0@
Event: 16.634 Thread 0x0000000058aca000 Uncommon trap: reason=class_check action=maybe_recompile pc=0x0000000002b8e13c method=proguard.classfile.util.InstructionSequenceMatcher.checkMatch(ZLproguard/classfile/Clazz;Lproguard/classfile/Method;Lproguard/classfile/attribute/CodeAttribute;ILproguard¨…2`¢0@
Event: 16.634 Thread 0x0000000058aca000 Uncommon trap: reason=class_check action=maybe_recompile pc=0x0000000002b8e13c method=proguard.classfile.util.InstructionSequenceMatcher.checkMatch(ZLproguard/classfile/Clazz;Lproguard/classfile/Method;Lproguard/classfile/attribute/CodeAttribute;ILproguardwÈÀW«©0@
Event: 16.663 Thread 0x0000000058aca000 Uncommon trap: reason=unstable_if action=reinterpret pc=0x0000000002e0b004 method=proguard.classfile.util.InstructionSequenceMatcher.checkMatch(ZLproguard/classfile/Clazz;Lproguard/classfile/Method;Lproguard/classfile/attribute/CodeAttribute;ILproguard/clao≤‘ªÉ0@

Internal exceptions (10 events):
Event: 10.055 Thread 0x0000000058aca000 Exception <a 'java/lang/ClassNotFoundException': com/android/builder/core/DefaultApiVersionCustomizer> (0x00000000f0a22fa8) thrown at [C:\workspace\8-2-build-windows-amd64-cygwin\jdk8u65\4987\hotspot\src\share\vm\classfile\systemDictionary.cpp, line 210]
Event: 10.059 Thread 0x0000000058aca000 Exception <a 'java/lang/ClassNotFoundException': com/android/builder/model/AndroidProjectBeanInfo> (0x00000000f0a4d8e8) thrown at [C:\workspace\8-2-build-windows-amd64-cygwin\jdk8u65\4987\hotspot\src\share\vm\classfile\systemDictionary.cpp, line 210]
Event: 10.059 Thread 0x0000000058aca000 Exception <a 'java/lang/ClassNotFoundException': com/android/builder/model/AndroidProjectCustomizer> (0x00000000f0a5c4b8) thrown at [C:\workspace\8-2-build-windows-amd64-cygwin\jdk8u65\4987\hotspot\src\share\vm\classfile\systemDictionary.cpp, line 210]
Event: 10.067 Thread 0x0000000058aca000 Exception <a 'java/lang/ClassNotFoundException': java/io/FileBeanInfo> (0x00000000f0aae650) thrown at [C:\workspace\8-2-build-windows-amd64-cygwin\jdk8u65\4987\hotspot\src\share\vm\classfile\systemDictionary.cpp, line 210]
Event: 10.068 Thread 0x0000000058aca000 Exception <a 'java/lang/ClassNotFoundException': java/io/FileCustomizer> (0x00000000f0ab3840) thrown at [C:\workspace\8-2-build-windows-amd64-cygwin\jdk8u65\4987\hotspot\src\share\vm\classfile\systemDictionary.cpp, line 210]
Event: 10.071 Thread 0x0000000058aca000 Exception <a 'java/lang/ClassNotFoundException': com/android/sdklib/BuildToolInfoBeanInfo> (0x00000000f0af3340) thrown at [C:\workspace\8-2-build-windows-amd64-cygwin\jdk8u65\4987\hotspot\src\share\vm\classfile\systemDictionary.cpp, line 210]
Event: 10.072 Thread 0x0000000058aca000 Exception <a 'java/lang/ClassNotFoundException': com/android/sdklib/BuildToolInfoCustomizer> (0x00000000f0b00a30) thrown at [C:\workspace\8-2-build-windows-amd64-cygwin\jdk8u65\4987\hotspot\src\share\vm\classfile\systemDictionary.cpp, line 210]
Event: 10.105 Thread 0x0000000058aca000 Exception <a 'java/lang/ClassNotFoundException': com/google/common/collect/ListsBeanInfo> (0x00000000f0bbaf30) thrown at [C:\workspace\8-2-build-windows-amd64-cygwin\jdk8u65\4987\hotspot\src\share\vm\classfile\systemDictionary.cpp, line 210]
Event: 10.105 Thread 0x0000000058aca000 Exception <a 'java/lang/ClassNotFoundException': com/google/common/collect/ListsCustomizer> (0x00000000f0bc8610) thrown at [C:\workspace\8-2-build-windows-amd64-cygwin\jdk8u65\4987\hotspot\src\share\vm\classfile\systemDictionary.cpp, line 210]
Event: 14.894 Thread 0x0000000058aca000 Exception <a 'java/lang/NoSuchMethodError': <clinit>> (0x00000000edf200a0) thrown at [C:\workspace\8-2-build-windows-amd64-cygwin\jdk8u65\4987\hotspot\src\share\vm\prims\jni.cpp, line 1591]

Events (10 events):
Event: 16.704 Thread 0x0000000058aca000 DEOPT PACKING pc=0x00000000031ae194 sp=0x000000005a24be10
Event: 16.704 Thread 0x0000000058aca000 DEOPT UNPACKING pc=0x00000000029c71bf sp=0x000000005a24bb18 mode 0
Event: 16.705 Thread 0x0000000058aca000 DEOPT PACKING pc=0x00000000031ae194 sp=0x000000005a24bc60
Event: 16.705 Thread 0x0000000058aca000 DEOPT UNPACKING pc=0x00000000029c71bf sp=0x000000005a24b968 mode 0
Event: 16.706 Thread 0x0000000058aca000 DEOPT PACKING pc=0x00000000031ae194 sp=0x000000005a24be20
Event: 16.706 Thread 0x0000000058aca000 DEOPT UNPACKING pc=0x00000000029c71bf sp=0x000000005a24bb28 mode 0
Event: 16.707 Thread 0x0000000058aca000 DEOPT PACKING pc=0x00000000031ae194 sp=0x000000005a24be10
Event: 16.707 Thread 0x0000000058aca000 DEOPT UNPACKING pc=0x00000000029c71bf sp=0x000000005a24bb18 mode 0
Event: 16.715 Thread 0x0000000058aca000 DEOPT PACKING pc=0x0000000002b8b922 sp=0x000000005a24c2b0
Event: 16.715 Thread 0x0000000058aca000 DEOPT UNPACKING pc=0x00000000029c71bf sp=0x000000005a24bff8 mode 0


Dynamic libraries:
0x000000013fe10000 - 0x000000013fe47000 	C:\Program Files\Java\jdk1.8.0_65\bin\java.exe
0x0000000077ae0000 - 0x0000000077c8a000 	C:\Windows\SYSTEM32\ntdll.dll
0x00000000778c0000 - 0x00000000779df000 	C:\Windows\system32\kernel32.dll
0x000007fefdb30000 - 0x000007fefdb9b000 	C:\Windows\system32\KERNELBASE.dll
0x000007feff850000 - 0x000007feff92b000 	C:\Windows\system32\ADVAPI32.dll
0x000007feff930000 - 0x000007feff9cf000 	C:\Windows\system32\msvcrt.dll
0x000007fefdcc0000 - 0x000007fefdcdf000 	C:\Windows\SYSTEM32\sechost.dll
0x000007fefe1e0000 - 0x000007fefe30d000 	C:\Windows\system32\RPCRT4.dll
0x00000000779e0000 - 0x0000000077ada000 	C:\Windows\system32\USER32.dll
0x000007fefe0a0000 - 0x000007fefe107000 	C:\Windows\system32\GDI32.dll
0x000007fefe310000 - 0x000007fefe31e000 	C:\Windows\system32\LPK.dll
0x000007fefe110000 - 0x000007fefe1da000 	C:\Windows\system32\USP10.dll
0x000007fefc3f0000 - 0x000007fefc5e4000 	C:\Windows\WinSxS\amd64_microsoft.windows.common-controls_6595b64144ccf1df_6.0.7601.18837_none_fa3b1e3d17594757\COMCTL32.dll
0x000007feffbe0000 - 0x000007feffc51000 	C:\Windows\system32\SHLWAPI.dll
0x000007feff4b0000 - 0x000007feff4de000 	C:\Windows\system32\IMM32.DLL
0x000007feff340000 - 0x000007feff449000 	C:\Windows\system32\MSCTF.dll
0x000000005f280000 - 0x000000005f352000 	C:\Program Files\Java\jdk1.8.0_65\jre\bin\msvcr100.dll
0x0000000056510000 - 0x0000000056d99000 	C:\Program Files\Java\jdk1.8.0_65\jre\bin\server\jvm.dll
0x000007fefa280000 - 0x000007fefa289000 	C:\Windows\system32\WSOCK32.dll
0x000007feffc60000 - 0x000007feffcad000 	C:\Windows\system32\WS2_32.dll
0x000007fefdce0000 - 0x000007fefdce8000 	C:\Windows\system32\NSI.dll
0x000007fefb620000 - 0x000007fefb65b000 	C:\Windows\system32\WINMM.dll
0x000007fefca20000 - 0x000007fefca2c000 	C:\Windows\system32\VERSION.dll
0x0000000077ca0000 - 0x0000000077ca7000 	C:\Windows\system32\PSAPI.DLL
0x000000006c800000 - 0x000000006c80f000 	C:\Program Files\Java\jdk1.8.0_65\jre\bin\verify.dll
0x0000000061d20000 - 0x0000000061d49000 	C:\Program Files\Java\jdk1.8.0_65\jre\bin\java.dll
0x0000000061d00000 - 0x0000000061d16000 	C:\Program Files\Java\jdk1.8.0_65\jre\bin\zip.dll
0x000007fefe320000 - 0x000007feff0aa000 	C:\Windows\system32\SHELL32.dll
0x000007feff9d0000 - 0x000007feffbd3000 	C:\Windows\system32\ole32.dll
0x000007fefd860000 - 0x000007fefd86f000 	C:\Windows\system32\profapi.dll
0x0000000061ce0000 - 0x0000000061cfa000 	C:\Program Files\Java\jdk1.8.0_65\jre\bin\net.dll
0x0000000180000000 - 0x000000018006f000 	C:\Program Files\NVIDIA Corporation\NetworkAccessManager\bin32\nvLsp64.dll
0x000007fefdfc0000 - 0x000007fefe097000 	C:\Windows\system32\OLEAUT32.dll
0x000007fefd040000 - 0x000007fefd095000 	C:\Windows\system32\mswsock.dll
0x000007fefd030000 - 0x000007fefd037000 	C:\Windows\System32\wship6.dll
0x000000005c8f0000 - 0x000000005c901000 	C:\Program Files\Java\jdk1.8.0_65\jre\bin\nio.dll
0x000007fefaca0000 - 0x000007fefacb2000 	C:\Users\Alvin\.gradle\native\19\windows-amd64\native-platform.dll
0x000007fefb520000 - 0x000007fefb547000 	C:\Windows\system32\IPHLPAPI.DLL
0x000007fefb510000 - 0x000007fefb51b000 	C:\Windows\system32\WINNSI.DLL
0x000007fefb080000 - 0x000007fefb098000 	C:\Windows\system32\dhcpcsvc.DLL
0x000007fefb000000 - 0x000007fefb011000 	C:\Windows\system32\dhcpcsvc6.DLL
0x000007fefd0a0000 - 0x000007fefd0b8000 	C:\Windows\system32\CRYPTSP.dll
0x000007fefcda0000 - 0x000007fefcde7000 	C:\Windows\system32\rsaenh.dll
0x000007fefd9f0000 - 0x000007fefda0e000 	C:\Windows\system32\USERENV.dll
0x000007fefd700000 - 0x000007fefd70f000 	C:\Windows\system32\CRYPTBASE.dll
0x000007fefd6a0000 - 0x000007fefd6f7000 	C:\Windows\system32\apphelp.dll
0x000000006bb90000 - 0x000000006bb9d000 	C:\Program Files\Java\jdk1.8.0_65\jre\bin\management.dll
0x000007fee01c0000 - 0x000007fee02e5000 	C:\Windows\system32\dbghelp.dll

VM Arguments:
jvm_args: -XX:MaxPermSize=256m -XX:+HeapDumpOnOutOfMemoryError -Xmx1024m -Dfile.encoding=windows-1252 -Duser.country=US -Duser.language=en -Duser.variant 
java_command: org.gradle.launcher.daemon.bootstrap.GradleDaemon 2.8
java_class_path (initial): C:\Program Files\Android\Android Studio\gradle\gradle-2.8\lib\gradle-launcher-2.8.jar
Launcher Type: SUN_STANDARD

Environment Variables:
PATH=C:\ProgramData\Oracle\Java\javapath;C:\Program Files (x86)\NVIDIA Corporation\PhysX\Common;C:\Windows\system32;C:\Windows;C:\Windows\System32\Wbem;C:\Windows\System32\WindowsPowerShell\v1.0\;C:\Program Files (x86)\MySQL\MySQL Fabric 1.5 & MySQL Utilities 1.5\;C:\Program Files (x86)\MySQL\MySQL Fabric 1.5 & MySQL Utilities 1.5\Doctrine extensions for PHP\;C:\Program Files (x86)\AMD\ATI.ACE\Core-Static
USERNAME=Alvin
OS=Windows_NT
PROCESSOR_IDENTIFIER=Intel64 Family 6 Model 15 Stepping 11, GenuineIntel



---------------  S Y S T E M  ---------------

OS: Windows 7 , 64 bit Build 7601 (6.1.7601.19135)

CPU:total 4 (4 cores per cpu, 1 threads per core) family 6 model 15 stepping 11, cmov, cx8, fxsr, mmx, sse, sse2, sse3, ssse3, tsc

Memory: 4k page, physical 4192804k(1241356k free), swap 8383772k(4299204k free)

vm_info: Java HotSpot(TM) 64-Bit Server VM (25.65-b01) for windows-amd64 JRE (1.8.0_65-b17), built on Oct  6 2015 16:39:20 by "java_re" with MS VC++ 10.0 (VS2010)

time: Sun Mar 06 02:15:29 2016
elapsed time: 16 seconds (0d 0h 0m 16s)

