#
# A fatal error has been detected by the Java Runtime Environment:
#
#  EXCEPTION_ACCESS_VIOLATION (0xc0000005) at pc=0xffffffffa4a35120, pid=5396, tid=5536
#
# JRE version: Java(TM) SE Runtime Environment (8.0_65-b17) (build 1.8.0_65-b17)
# Java VM: Java HotSpot(TM) 64-Bit Server VM (25.65-b01 mixed mode windows-amd64 compressed oops)
# Problematic frame:
# C  0xffffffffa4a35120
#
# Failed to write core dump. Minidumps are not enabled by default on client versions of Windows
#
# If you would like to submit a bug report, please visit:
#   http://bugreport.java.com/bugreport/crash.jsp
#

---------------  T H R E A D  ---------------

Current thread (0x0000000058462800):  JavaThread "Daemon worker Thread 2" [_thread_in_Java, id=5536, stack(0x00000000598b0000,0x00000000599b0000)]

siginfo: ExceptionCode=0xc0000005, ExceptionInformation=0x0000000000000008 0xffffffffa4a35120

Registers:
RAX=0x0000000015129828, RBX=0x000000006058a320, RCX=0x0000000000000028, RDX=0x00000000ee46da60
RSP=0x00000000599ab998, RBP=0x00000000599abb28, RSI=0x000000006058b180, RDI=0x0000000000000b58
R8 =0x00000000c2938840, R9 =0x00000000c2938840, R10=0x0000000015129828, R11=0x00000000000008c8
R12=0x0000000000000000, R13=0x00000000599abad0, R14=0x00000000599abb58, R15=0x0000000058462800
RIP=0xffffffffa4a35120, EFLAGS=0x0000000000010246

Top of Stack: (sp=0x00000000599ab998)
0x00000000599ab998:   0000000003fcfd84 0000000000000000
0x00000000599ab9a8:   0000000000000000 0000000060587235
0x00000000599ab9b8:   00000000599aba08 00000000605874e8
0x00000000599ab9c8:   0000000000000000 00000000599abb28
0x00000000599ab9d8:   00000000045199ac 00000000599aba10
0x00000000599ab9e8:   00000000599abaf0 00000000599abb28
0x00000000599ab9f8:   00000000044f969c 00000000c28edcb0
0x00000000599aba08:   00000000c2938840 0000000058462800
0x00000000599aba18:   000000006058b708 00000000599abad8
0x00000000599aba28:   0000000000000000 0000000002c0e030
0x00000000599aba38:   0000000066032140 00000000599abb28
0x00000000599aba48:   0000000004614168 00000000000001d8
0x00000000599aba58:   0000000000000148 00000000599abaa0
0x00000000599aba68:   00000000599aba90 00000000599abb28
0x00000000599aba78:   0000000003c83acc 00000000ee46da60
0x00000000599aba88:   00000000033ae880 00000000ee4e7960 

Instructions: (pc=0xffffffffa4a35120)
0xffffffffa4a35100:   
[error occurred during error reporting (printing registers, top of stack, instructions near pc), id 0xc0000005]

Register to memory mapping:

RAX=0x0000000015129828 is pointing into metadata
RBX={method} {0x000000006058a328} 'visitAnyConstant' '(Lproguard/classfile/Clazz;Lproguard/classfile/constant/Constant;)V' in 'proguard/shrink/LocalVariableTypeUsageMarker'
RCX=0x0000000000000028 is an unknown value
RDX=0x00000000ee46da60 is an oop
proguard.shrink.UsageMarker 
 - klass: 'proguard/shrink/UsageMarker'
RSP=0x00000000599ab998 is pointing into the stack for thread: 0x0000000058462800
RBP=0x00000000599abb28 is pointing into the stack for thread: 0x0000000058462800
RSI=0x000000006058b180 is pointing into metadata
RDI=0x0000000000000b58 is an unknown value
R8 =0x00000000c2938840 is an oop
proguard.classfile.constant.Utf8Constant 
 - klass: 'proguard/classfile/constant/Utf8Constant'
R9 =0x00000000c2938840 is an oop
proguard.classfile.constant.Utf8Constant 
 - klass: 'proguard/classfile/constant/Utf8Constant'
R10=0x0000000015129828 is pointing into metadata
R11=0x00000000000008c8 is an unknown value
R12=0x0000000000000000 is an unknown value
R13=0x00000000599abad0 is pointing into the stack for thread: 0x0000000058462800
R14=0x00000000599abb58 is pointing into the stack for thread: 0x0000000058462800
R15=0x0000000058462800 is a thread


Stack: [0x00000000598b0000,0x00000000599b0000],  sp=0x00000000599ab998,  free space=1006k
Native frames: (J=compiled Java code, j=interpreted, Vv=VM code, C=native code)
C  0xffffffffa4a35120


---------------  P R O C E S S  ---------------

Java Threads: ( => current thread )
  0x0000000058464000 JavaThread "Stdin handler" [_thread_blocked, id=1036, stack(0x00000000599f0000,0x0000000059af0000)]
=>0x0000000058462800 JavaThread "Daemon worker Thread 2" [_thread_in_Java, id=5536, stack(0x00000000598b0000,0x00000000599b0000)]
  0x000000005845f800 JavaThread "Cancel handler" [_thread_blocked, id=4468, stack(0x0000000059710000,0x0000000059810000)]
  0x000000005845e000 JavaThread "Handler for socket connection from /127.0.0.1:51064 to /127.0.0.1:51138" [_thread_in_native, id=3172, stack(0x0000000059600000,0x0000000059700000)]
  0x000000005845f000 JavaThread "Daemon Thread 2" [_thread_blocked, id=5916, stack(0x00000000594d0000,0x00000000595d0000)]
  0x0000000058460800 JavaThread "File lock request listener" [_thread_in_native, id=5904, stack(0x000000005c1a0000,0x000000005c2a0000)]
  0x0000000057fdb000 JavaThread "Incoming local TCP Connector on port 51064" [_thread_in_native, id=632, stack(0x0000000059160000,0x0000000059260000)]
  0x000000005676e000 JavaThread "Service Thread" daemon [_thread_blocked, id=2436, stack(0x00000000125b0000,0x00000000126b0000)]
  0x00000000553a5000 JavaThread "C1 CompilerThread2" daemon [_thread_blocked, id=1812, stack(0x0000000057080000,0x0000000057180000)]
  0x00000000566fa800 JavaThread "C2 CompilerThread1" daemon [_thread_blocked, id=5188, stack(0x0000000056f80000,0x0000000057080000)]
  0x00000000566f5800 JavaThread "C2 CompilerThread0" daemon [_thread_blocked, id=4824, stack(0x0000000056c90000,0x0000000056d90000)]
  0x00000000553a3800 JavaThread "Attach Listener" daemon [_thread_blocked, id=4504, stack(0x0000000056df0000,0x0000000056ef0000)]
  0x00000000553a2000 JavaThread "Signal Dispatcher" daemon [_thread_blocked, id=4452, stack(0x0000000056b70000,0x0000000056c70000)]
  0x0000000055347800 JavaThread "Finalizer" daemon [_thread_blocked, id=4148, stack(0x00000000565f0000,0x00000000566f0000)]
  0x0000000055340800 JavaThread "Reference Handler" daemon [_thread_blocked, id=2900, stack(0x00000000562d0000,0x00000000563d0000)]
  0x000000000242e800 JavaThread "main" [_thread_blocked, id=5984, stack(0x0000000002660000,0x0000000002760000)]

Other Threads:
  0x000000005533b000 VMThread [stack: 0x0000000056460000,0x0000000056560000] [id=5360]
  0x000000005678c800 WatcherThread [stack: 0x0000000057210000,0x0000000057310000] [id=2488]

VM state:not at safepoint (normal execution)

VM Mutex/Monitor currently owned by a thread: None

Heap:
 PSYoungGen      total 241664K, used 79573K [0x00000000eab00000, 0x00000000ffc00000, 0x0000000100000000)
  eden space 222720K, 27% used [0x00000000eab00000,0x00000000ee747898,0x00000000f8480000)
  from space 18944K, 94% used [0x00000000f8480000,0x00000000f95edea8,0x00000000f9700000)
  to   space 30720K, 0% used [0x00000000fde00000,0x00000000fde00000,0x00000000ffc00000)
 ParOldGen       total 124416K, used 62077K [0x00000000c0000000, 0x00000000c7980000, 0x00000000eab00000)
  object space 124416K, 49% used [0x00000000c0000000,0x00000000c3c9f5f0,0x00000000c7980000)
 Metaspace       used 52723K, capacity 54776K, committed 54912K, reserved 1095680K
  class space    used 7161K, capacity 7686K, committed 7808K, reserved 1048576K

Card table byte_map: [0x0000000011df0000,0x0000000012000000] byte_map_base: 0x00000000117f0000

Marking Bits: (ParMarkBitMap*) 0x000000006604a5b0
 Begin Bits: [0x00000000127b0000, 0x00000000137b0000)
 End Bits:   [0x00000000137b0000, 0x00000000147b0000)

Polling page: 0x0000000000130000

CodeCache: size=245760Kb used=27799Kb max_used=28531Kb free=217960Kb
 bounds [0x0000000002a30000, 0x0000000004630000, 0x0000000011a30000]
 total_blobs=8914 nmethods=8199 adapters=627
 compilation: enabled

Compilation events (10 events):
Event: 741.193 Thread 0x00000000553a5000 9565       3       proguard.classfile.util.SimplifiedVisitor::visitLocalVariableTableAttribute (8 bytes)
Event: 741.193 Thread 0x00000000553a5000 nmethod 9565 0x0000000003fcf6d0 code [0x0000000003fcf840, 0x0000000003fcfa48]
Event: 741.193 Thread 0x00000000553a5000 9563       3       proguard.shrink.InnerUsageMarker::visitAnyAttribute (1 bytes)
Event: 741.193 Thread 0x00000000566fa800 9566       4       proguard.shrink.UsageMarker::markAsUsed (10 bytes)
Event: 741.193 Thread 0x00000000553a5000 nmethod 9563 0x0000000003fcf390 code [0x0000000003fcf4e0, 0x0000000003fcf630]
Event: 741.193 Thread 0x00000000553a5000 9564       3       proguard.shrink.AnnotationUsageMarker::visitAnyAttribute (1 bytes)
Event: 741.193 Thread 0x00000000553a5000 nmethod 9564 0x00000000040f4510 code [0x00000000040f4660, 0x00000000040f47b0]
Event: 741.193 Thread 0x00000000553a5000 9567       3       proguard.shrink.LocalVariableTypeUsageMarker::visitLocalVariableInfo (53 bytes)
Event: 741.193 Thread 0x00000000566f5800 nmethod 9560 0x00000000040f41d0 code [0x00000000040f4320, 0x00000000040f43d8]
Event: 741.193 Thread 0x00000000566fa800 nmethod 9566 0x0000000002c0ded0 code [0x0000000002c0e020, 0x0000000002c0e098]

GC Heap History (10 events):
Event: 14.772 GC heap before
{Heap before GC invocations=13 (full 2):
 PSYoungGen      total 238080K, used 73705K [0x00000000eab00000, 0x00000000fac00000, 0x0000000100000000)
  eden space 222208K, 26% used [0x00000000eab00000,0x00000000ee37e520,0x00000000f8400000)
  from space 15872K, 99% used [0x00000000f9a00000,0x00000000fa97bf38,0x00000000fa980000)
  to   space 20480K, 0% used [0x00000000f8400000,0x00000000f8400000,0x00000000f9800000)
 ParOldGen       total 61440K, used 25951K [0x00000000c0000000, 0x00000000c3c00000, 0x00000000eab00000)
  object space 61440K, 42% used [0x00000000c0000000,0x00000000c1957cb0,0x00000000c3c00000)
 Metaspace       used 42875K, capacity 44480K, committed 44544K, reserved 1087488K
  class space    used 5956K, capacity 6380K, committed 6400K, reserved 1048576K
Event: 14.895 GC heap after
Heap after GC invocations=13 (full 2):
 PSYoungGen      total 227840K, used 5281K [0x00000000eab00000, 0x00000000faa00000, 0x0000000100000000)
  eden space 222208K, 0% used [0x00000000eab00000,0x00000000eab00000,0x00000000f8400000)
  from space 5632K, 93% used [0x00000000f8400000,0x00000000f89286d8,0x00000000f8980000)
  to   space 19456K, 0% used [0x00000000f9700000,0x00000000f9700000,0x00000000faa00000)
 ParOldGen       total 61440K, used 41798K [0x00000000c0000000, 0x00000000c3c00000, 0x00000000eab00000)
  object space 61440K, 68% used [0x00000000c0000000,0x00000000c28d18d8,0x00000000c3c00000)
 Metaspace       used 42875K, capacity 44480K, committed 44544K, reserved 1087488K
  class space    used 5956K, capacity 6380K, committed 6400K, reserved 1048576K
}
Event: 14.895 GC heap before
{Heap before GC invocations=14 (full 3):
 PSYoungGen      total 227840K, used 5281K [0x00000000eab00000, 0x00000000faa00000, 0x0000000100000000)
  eden space 222208K, 0% used [0x00000000eab00000,0x00000000eab00000,0x00000000f8400000)
  from space 5632K, 93% used [0x00000000f8400000,0x00000000f89286d8,0x00000000f8980000)
  to   space 19456K, 0% used [0x00000000f9700000,0x00000000f9700000,0x00000000faa00000)
 ParOldGen       total 61440K, used 41798K [0x00000000c0000000, 0x00000000c3c00000, 0x00000000eab00000)
  object space 61440K, 68% used [0x00000000c0000000,0x00000000c28d18d8,0x00000000c3c00000)
 Metaspace       used 42875K, capacity 44480K, committed 44544K, reserved 1087488K
  class space    used 5956K, capacity 6380K, committed 6400K, reserved 1048576K
Event: 15.293 GC heap after
Heap after GC invocations=14 (full 3):
 PSYoungGen      total 227840K, used 0K [0x00000000eab00000, 0x00000000faa00000, 0x0000000100000000)
  eden space 222208K, 0% used [0x00000000eab00000,0x00000000eab00000,0x00000000f8400000)
  from space 5632K, 0% used [0x00000000f8400000,0x00000000f8400000,0x00000000f8980000)
  to   space 19456K, 0% used [0x00000000f9700000,0x00000000f9700000,0x00000000faa00000)
 ParOldGen       total 61440K, used 38419K [0x00000000c0000000, 0x00000000c3c00000, 0x00000000eab00000)
  object space 61440K, 62% used [0x00000000c0000000,0x00000000c2584dd8,0x00000000c3c00000)
 Metaspace       used 42875K, capacity 44480K, committed 44544K, reserved 1087488K
  class space    used 5956K, capacity 6380K, committed 6400K, reserved 1048576K
}
Event: 732.856 GC heap before
{Heap before GC invocations=15 (full 3):
 PSYoungGen      total 227840K, used 222208K [0x00000000eab00000, 0x00000000faa00000, 0x0000000100000000)
  eden space 222208K, 100% used [0x00000000eab00000,0x00000000f8400000,0x00000000f8400000)
  from space 5632K, 0% used [0x00000000f8400000,0x00000000f8400000,0x00000000f8980000)
  to   space 19456K, 0% used [0x00000000f9700000,0x00000000f9700000,0x00000000faa00000)
 ParOldGen       total 61440K, used 38419K [0x00000000c0000000, 0x00000000c3c00000, 0x00000000eab00000)
  object space 61440K, 62% used [0x00000000c0000000,0x00000000c2584dd8,0x00000000c3c00000)
 Metaspace       used 45737K, capacity 47742K, committed 47872K, reserved 1089536K
  class space    used 6299K, capacity 6813K, committed 6912K, reserved 1048576K
Event: 732.884 GC heap after
Heap after GC invocations=15 (full 3):
 PSYoungGen      total 242176K, used 9469K [0x00000000eab00000, 0x00000000fe500000, 0x0000000100000000)
  eden space 222720K, 0% used [0x00000000eab00000,0x00000000eab00000,0x00000000f8480000)
  from space 19456K, 48% used [0x00000000f9700000,0x00000000fa03f590,0x00000000faa00000)
  to   space 18944K, 0% used [0x00000000f8480000,0x00000000f8480000,0x00000000f9700000)
 ParOldGen       total 61440K, used 38427K [0x00000000c0000000, 0x00000000c3c00000, 0x00000000eab00000)
  object space 61440K, 62% used [0x00000000c0000000,0x00000000c2586dd8,0x00000000c3c00000)
 Metaspace       used 45737K, capacity 47742K, committed 47872K, reserved 1089536K
  class space    used 6299K, capacity 6813K, committed 6912K, reserved 1048576K
}
Event: 739.224 GC heap before
{Heap before GC invocations=16 (full 3):
 PSYoungGen      total 242176K, used 232189K [0x00000000eab00000, 0x00000000fe500000, 0x0000000100000000)
  eden space 222720K, 100% used [0x00000000eab00000,0x00000000f8480000,0x00000000f8480000)
  from space 19456K, 48% used [0x00000000f9700000,0x00000000fa03f590,0x00000000faa00000)
  to   space 18944K, 0% used [0x00000000f8480000,0x00000000f8480000,0x00000000f9700000)
 ParOldGen       total 61440K, used 38427K [0x00000000c0000000, 0x00000000c3c00000, 0x00000000eab00000)
  object space 61440K, 62% used [0x00000000c0000000,0x00000000c2586dd8,0x00000000c3c00000)
 Metaspace       used 52283K, capacity 54392K, committed 54528K, reserved 1095680K
  class space    used 7090K, capacity 7622K, committed 7680K, reserved 1048576K
Event: 739.352 GC heap after
Heap after GC invocations=16 (full 3):
 PSYoungGen      total 241664K, used 18940K [0x00000000eab00000, 0x00000000ffc00000, 0x0000000100000000)
  eden space 222720K, 0% used [0x00000000eab00000,0x00000000eab00000,0x00000000f8480000)
  from space 18944K, 99% used [0x00000000f8480000,0x00000000f96ff238,0x00000000f9700000)
  to   space 30720K, 0% used [0x00000000fde00000,0x00000000fde00000,0x00000000ffc00000)
 ParOldGen       total 62464K, used 62152K [0x00000000c0000000, 0x00000000c3d00000, 0x00000000eab00000)
  object space 62464K, 99% used [0x00000000c0000000,0x00000000c3cb23a8,0x00000000c3d00000)
 Metaspace       used 52283K, capacity 54392K, committed 54528K, reserved 1095680K
  class space    used 7090K, capacity 7622K, committed 7680K, reserved 1048576K
}
Event: 739.352 GC heap before
{Heap before GC invocations=17 (full 4):
 PSYoungGen      total 241664K, used 18940K [0x00000000eab00000, 0x00000000ffc00000, 0x0000000100000000)
  eden space 222720K, 0% used [0x00000000eab00000,0x00000000eab00000,0x00000000f8480000)
  from space 18944K, 99% used [0x00000000f8480000,0x00000000f96ff238,0x00000000f9700000)
  to   space 30720K, 0% used [0x00000000fde00000,0x00000000fde00000,0x00000000ffc00000)
 ParOldGen       total 62464K, used 62152K [0x00000000c0000000, 0x00000000c3d00000, 0x00000000eab00000)
  object space 62464K, 99% used [0x00000000c0000000,0x00000000c3cb23a8,0x00000000c3d00000)
 Metaspace       used 52283K, capacity 54392K, committed 54528K, reserved 1095680K
  class space    used 7090K, capacity 7622K, committed 7680K, reserved 1048576K
Event: 740.325 GC heap after
Heap after GC invocations=17 (full 4):
 PSYoungGen      total 241664K, used 17847K [0x00000000eab00000, 0x00000000ffc00000, 0x0000000100000000)
  eden space 222720K, 0% used [0x00000000eab00000,0x00000000eab00000,0x00000000f8480000)
  from space 18944K, 94% used [0x00000000f8480000,0x00000000f95edea8,0x00000000f9700000)
  to   space 30720K, 0% used [0x00000000fde00000,0x00000000fde00000,0x00000000ffc00000)
 ParOldGen       total 124416K, used 62077K [0x00000000c0000000, 0x00000000c7980000, 0x00000000eab00000)
  object space 124416K, 49% used [0x00000000c0000000,0x00000000c3c9f5f0,0x00000000c7980000)
 Metaspace       used 52283K, capacity 54392K, committed 54528K, reserved 1095680K
  class space    used 7090K, capacity 7622K, committed 7680K, reserved 1048576K
}

Deoptimization events (10 events):
Event: 741.179 Thread 0x0000000058462800 Uncommon trap: reason=bimorphic action=maybe_recompile pc=0x00000000045ea3d8 method=proguard.classfile.util.SimplifiedVisitor.visitVariableInstruction(Lproguard/classfile/Clazz;Lproguard/classfile/Method;Lproguard/classfile/attribute/CodeAttribute;ILproguaÈ‰Íêo)á@
Event: 741.179 Thread 0x0000000058462800 Uncommon trap: reason=bimorphic action=maybe_recompile pc=0x00000000045ea3d8 method=proguard.classfile.util.SimplifiedVisitor.visitVariableInstruction(Lproguard/classfile/Clazz;Lproguard/classfile/Method;Lproguard/classfile/attribute/CodeAttribute;ILprogua˚Ù ±o)á@
Event: 741.180 Thread 0x0000000058462800 Uncommon trap: reason=bimorphic action=maybe_recompile pc=0x0000000004613398 method=proguard.classfile.util.SimplifiedVisitor.visitSimpleInstruction(Lproguard/classfile/Clazz;Lproguard/classfile/Method;Lproguard/classfile/attribute/CodeAttribute;ILproguardŸßŒo)á@
Event: 741.180 Thread 0x0000000058462800 Uncommon trap: reason=bimorphic action=maybe_recompile pc=0x0000000004613398 method=proguard.classfile.util.SimplifiedVisitor.visitSimpleInstruction(Lproguard/classfile/Clazz;Lproguard/classfile/Method;Lproguard/classfile/attribute/CodeAttribute;ILproguard”ˇ›ˇo)á@
Event: 741.180 Thread 0x0000000058462800 Uncommon trap: reason=bimorphic action=maybe_recompile pc=0x0000000004613398 method=proguard.classfile.util.SimplifiedVisitor.visitSimpleInstruction(Lproguard/classfile/Clazz;Lproguard/classfile/Method;Lproguard/classfile/attribute/CodeAttribute;ILproguard<é·#p)á@
Event: 741.180 Thread 0x0000000058462800 Uncommon trap: reason=bimorphic action=maybe_recompile pc=0x0000000004613398 method=proguard.classfile.util.SimplifiedVisitor.visitSimpleInstruction(Lproguard/classfile/Clazz;Lproguard/classfile/Method;Lproguard/classfile/attribute/CodeAttribute;ILproguardŒx:$q)á@
Event: 741.180 Thread 0x0000000058462800 Uncommon trap: reason=bimorphic action=maybe_recompile pc=0x000000000461ce58 method=proguard.classfile.util.SimplifiedVisitor.visitBranchInstruction(Lproguard/classfile/Clazz;Lproguard/classfile/Method;Lproguard/classfile/attribute/CodeAttribute;ILproguardáH=q)á@
Event: 741.180 Thread 0x0000000058462800 Uncommon trap: reason=bimorphic action=maybe_recompile pc=0x000000000461ce58 method=proguard.classfile.util.SimplifiedVisitor.visitBranchInstruction(Lproguard/classfile/Clazz;Lproguard/classfile/Method;Lproguard/classfile/attribute/CodeAttribute;ILproguardV“ßZw)á@
Event: 741.183 Thread 0x0000000058462800 Uncommon trap: reason=bimorphic action=maybe_recompile pc=0x000000000461ce58 method=proguard.classfile.util.SimplifiedVisitor.visitBranchInstruction(Lproguard/classfile/Clazz;Lproguard/classfile/Method;Lproguard/classfile/attribute/CodeAttribute;ILproguard
Event: 741.183 Thread 0x0000000058462800 Uncommon trap: reason=bimorphic action=maybe_recompile pc=0x000000000461ce58 method=proguard.classfile.util.SimplifiedVisitor.visitBranchInstruction(Lproguard/classfile/Clazz;Lproguard/classfile/Method;Lproguard/classfile/attribute/CodeAttribute;ILproguard‡r'Ço)á@

Internal exceptions (10 events):
Event: 729.997 Thread 0x0000000058462800 Exception <a 'java/lang/ClassNotFoundException': asLocalRepo36_8itstbt84vtrvk0nrajd6zzu5Customizer> (0x00000000f31b0a88) thrown at [C:\workspace\8-2-build-windows-amd64-cygwin\jdk8u65\4987\hotspot\src\share\vm\classfile\systemDictionary.cpp, line 210]
Event: 731.544 Thread 0x0000000058462800 Exception <a 'java/lang/ClassNotFoundException': org/gradle/api/internal/file/collections/DefaultConfigurableFileCollectionBeanInfo> (0x00000000f77b6a70) thrown at [C:\workspace\8-2-build-windows-amd64-cygwin\jdk8u65\4987\hotspot\src\share\vm\classfile\sys8≈u¥Z‹Ü@
Event: 731.544 Thread 0x0000000058462800 Exception <a 'java/lang/ClassNotFoundException': org/gradle/api/internal/file/collections/DefaultConfigurableFileCollectionCustomizer> (0x00000000f77ca4f8) thrown at [C:\workspace\8-2-build-windows-amd64-cygwin\jdk8u65\4987\hotspot\src\share\vm\classfile\sW®:Øª‹Ü@
Event: 731.592 Thread 0x0000000058462800 Exception <a 'java/lang/ClassNotFoundException': com/android/build/gradle/internal/variant/ApkVariantOutputDataBeanInfo> (0x00000000f79874b0) thrown at [C:\workspace\8-2-build-windows-amd64-cygwin\jdk8u65\4987\hotspot\src\share\vm\classfile\systemDictionar
Event: 731.592 Thread 0x0000000058462800 Exception <a 'java/lang/ClassNotFoundException': com/android/build/gradle/internal/variant/BaseVariantOutputDataBeanInfo> (0x00000000f799aa28) thrown at [C:\workspace\8-2-build-windows-amd64-cygwin\jdk8u65\4987\hotspot\src\share\vm\classfile\systemDictionabl0æ‹Ü@
Event: 731.593 Thread 0x0000000058462800 Exception <a 'java/lang/ClassNotFoundException': com/android/build/gradle/internal/variant/BaseVariantOutputDataCustomizer> (0x00000000f79ae4f0) thrown at [C:\workspace\8-2-build-windows-amd64-cygwin\jdk8u65\4987\hotspot\src\share\vm\classfile\systemDictio?‹Ô5¿‹Ü@
Event: 731.594 Thread 0x0000000058462800 Exception <a 'java/lang/ClassNotFoundException': com/android/build/gradle/internal/variant/ApkVariantOutputDataCustomizer> (0x00000000f79d2aa8) thrown at [C:\workspace\8-2-build-windows-amd64-cygwin\jdk8u65\4987\hotspot\src\share\vm\classfile\systemDictionúâ3$◊‹Ü@
Event: 731.605 Thread 0x0000000058462800 Exception <a 'java/lang/ClassNotFoundException': com/android/build/gradle/internal/scope/VariantOutputScopeBeanInfo> (0x00000000f7a580d8) thrown at [C:\workspace\8-2-build-windows-amd64-cygwin\jdk8u65\4987\hotspot\src\share\vm\classfile\systemDictionary.cp+KVw⁄‹Ü@
Event: 731.607 Thread 0x0000000058462800 Exception <a 'java/lang/ClassNotFoundException': com/android/build/gradle/internal/scope/VariantOutputScopeCustomizer> (0x00000000f7a6aab8) thrown at [C:\workspace\8-2-build-windows-amd64-cygwin\jdk8u65\4987\hotspot\src\share\vm\classfile\systemDictionary.\/Ø<¸á@
Event: 738.373 Thread 0x0000000058462800 Exception <a 'java/lang/NoSuchMethodError': <clinit>> (0x00000000efe60bb0) thrown at [C:\workspace\8-2-build-windows-amd64-cygwin\jdk8u65\4987\hotspot\src\share\vm\prims\jni.cpp, line 1591]

Events (10 events):
Event: 741.188 loading class proguard/shrink/UsedClassFilter
Event: 741.188 loading class proguard/shrink/UsedClassFilter done
Event: 741.188 loading class proguard/classfile/attribute/visitor/MultiAttributeVisitor
Event: 741.188 loading class proguard/classfile/attribute/visitor/MultiAttributeVisitor done
Event: 741.190 loading class proguard/shrink/InnerUsageMarker
Event: 741.190 loading class proguard/shrink/InnerUsageMarker done
Event: 741.190 loading class proguard/shrink/AnnotationUsageMarker
Event: 741.190 loading class proguard/shrink/AnnotationUsageMarker done
Event: 741.191 loading class proguard/shrink/LocalVariableTypeUsageMarker
Event: 741.191 loading class proguard/shrink/LocalVariableTypeUsageMarker done


Dynamic libraries:
0x000000013fd20000 - 0x000000013fd57000 	C:\Program Files\Java\jdk1.8.0_65\bin\java.exe
0x0000000077330000 - 0x00000000774da000 	C:\Windows\SYSTEM32\ntdll.dll
0x0000000077110000 - 0x000000007722f000 	C:\Windows\system32\kernel32.dll
0x000007fefd270000 - 0x000007fefd2db000 	C:\Windows\system32\KERNELBASE.dll
0x000007feff220000 - 0x000007feff2fb000 	C:\Windows\system32\ADVAPI32.dll
0x000007fefde70000 - 0x000007fefdf0f000 	C:\Windows\system32\msvcrt.dll
0x000007feff030000 - 0x000007feff04f000 	C:\Windows\SYSTEM32\sechost.dll
0x000007fefd6b0000 - 0x000007fefd7dd000 	C:\Windows\system32\RPCRT4.dll
0x0000000077230000 - 0x000000007732a000 	C:\Windows\system32\USER32.dll
0x000007fefd470000 - 0x000007fefd4d7000 	C:\Windows\system32\GDI32.dll
0x000007fefd6a0000 - 0x000007fefd6ae000 	C:\Windows\system32\LPK.dll
0x000007feff310000 - 0x000007feff3da000 	C:\Windows\system32\USP10.dll
0x000007fefbc40000 - 0x000007fefbe34000 	C:\Windows\WinSxS\amd64_microsoft.windows.common-controls_6595b64144ccf1df_6.0.7601.18837_none_fa3b1e3d17594757\COMCTL32.dll
0x000007feff5c0000 - 0x000007feff631000 	C:\Windows\system32\SHLWAPI.dll
0x000007fefd670000 - 0x000007fefd69e000 	C:\Windows\system32\IMM32.DLL
0x000007fefdcc0000 - 0x000007fefddc9000 	C:\Windows\system32\MSCTF.dll
0x000000006bec0000 - 0x000000006bf92000 	C:\Program Files\Java\jdk1.8.0_65\jre\bin\msvcr100.dll
0x0000000065840000 - 0x00000000660c9000 	C:\Program Files\Java\jdk1.8.0_65\jre\bin\server\jvm.dll
0x000007fef9ad0000 - 0x000007fef9ad9000 	C:\Windows\system32\WSOCK32.dll
0x000007feff050000 - 0x000007feff09d000 	C:\Windows\system32\WS2_32.dll
0x000007feff300000 - 0x000007feff308000 	C:\Windows\system32\NSI.dll
0x000007fefb080000 - 0x000007fefb0bb000 	C:\Windows\system32\WINMM.dll
0x000007fefc270000 - 0x000007fefc27c000 	C:\Windows\system32\VERSION.dll
0x00000000774f0000 - 0x00000000774f7000 	C:\Windows\system32\PSAPI.DLL
0x0000000073ca0000 - 0x0000000073caf000 	C:\Program Files\Java\jdk1.8.0_65\jre\bin\verify.dll
0x0000000073c70000 - 0x0000000073c99000 	C:\Program Files\Java\jdk1.8.0_65\jre\bin\java.dll
0x0000000073c50000 - 0x0000000073c66000 	C:\Program Files\Java\jdk1.8.0_65\jre\bin\zip.dll
0x000007fefdfb0000 - 0x000007fefed3a000 	C:\Windows\system32\SHELL32.dll
0x000007fefdab0000 - 0x000007fefdcb3000 	C:\Windows\system32\ole32.dll
0x000007fefd0b0000 - 0x000007fefd0bf000 	C:\Windows\system32\profapi.dll
0x0000000073c30000 - 0x0000000073c4a000 	C:\Program Files\Java\jdk1.8.0_65\jre\bin\net.dll
0x0000000180000000 - 0x000000018006f000 	C:\Program Files\NVIDIA Corporation\NetworkAccessManager\bin32\nvLsp64.dll
0x000007feff0a0000 - 0x000007feff177000 	C:\Windows\system32\OLEAUT32.dll
0x000007fefc890000 - 0x000007fefc8e5000 	C:\Windows\system32\mswsock.dll
0x000007fefc880000 - 0x000007fefc887000 	C:\Windows\System32\wship6.dll
0x0000000073c10000 - 0x0000000073c21000 	C:\Program Files\Java\jdk1.8.0_65\jre\bin\nio.dll
0x000007fefa620000 - 0x000007fefa632000 	C:\Users\Alvin\.gradle\native\19\windows-amd64\native-platform.dll
0x000007fefadc0000 - 0x000007fefade7000 	C:\Windows\system32\IPHLPAPI.DLL
0x000007fefadb0000 - 0x000007fefadbb000 	C:\Windows\system32\WINNSI.DLL
0x000007fefa8d0000 - 0x000007fefa8e8000 	C:\Windows\system32\dhcpcsvc.DLL
0x000007fefa850000 - 0x000007fefa861000 	C:\Windows\system32\dhcpcsvc6.DLL
0x000007fefc8f0000 - 0x000007fefc908000 	C:\Windows\system32\CRYPTSP.dll
0x000007fefc5f0000 - 0x000007fefc637000 	C:\Windows\system32\rsaenh.dll
0x000007fefd120000 - 0x000007fefd13e000 	C:\Windows\system32\USERENV.dll
0x000007fefcf50000 - 0x000007fefcf5f000 	C:\Windows\system32\CRYPTBASE.dll
0x000007fefcef0000 - 0x000007fefcf47000 	C:\Windows\system32\apphelp.dll
0x0000000073cb0000 - 0x0000000073cbd000 	C:\Program Files\Java\jdk1.8.0_65\jre\bin\management.dll
0x000007fedfcb0000 - 0x000007fedfdd5000 	C:\Windows\system32\dbghelp.dll

VM Arguments:
jvm_args: -XX:MaxPermSize=256m -XX:+HeapDumpOnOutOfMemoryError -Xmx1024m -Dfile.encoding=windows-1252 -Duser.country=US -Duser.language=en -Duser.variant 
java_command: org.gradle.launcher.daemon.bootstrap.GradleDaemon 2.8
java_class_path (initial): C:\Program Files\Android\Android Studio\gradle\gradle-2.8\lib\gradle-launcher-2.8.jar
Launcher Type: SUN_STANDARD

Environment Variables:
PATH=C:\ProgramData\Oracle\Java\javapath;C:\Program Files (x86)\NVIDIA Corporation\PhysX\Common;C:\Windows\system32;C:\Windows;C:\Windows\System32\Wbem;C:\Windows\System32\WindowsPowerShell\v1.0\;C:\Program Files (x86)\MySQL\MySQL Fabric 1.5 & MySQL Utilities 1.5\;C:\Program Files (x86)\MySQL\MySQL Fabric 1.5 & MySQL Utilities 1.5\Doctrine extensions for PHP\;C:\Program Files (x86)\AMD\ATI.ACE\Core-Static
USERNAME=Alvin
OS=Windows_NT
PROCESSOR_IDENTIFIER=Intel64 Family 6 Model 15 Stepping 11, GenuineIntel



---------------  S Y S T E M  ---------------

OS: Windows 7 , 64 bit Build 7601 (6.1.7601.19135)

CPU:total 4 (4 cores per cpu, 1 threads per core) family 6 model 15 stepping 11, cmov, cx8, fxsr, mmx, sse, sse2, sse3, ssse3, tsc

Memory: 4k page, physical 4192804k(1779372k free), swap 8383772k(4908904k free)

vm_info: Java HotSpot(TM) 64-Bit Server VM (25.65-b01) for windows-amd64 JRE (1.8.0_65-b17), built on Oct  6 2015 16:39:20 by "java_re" with MS VC++ 10.0 (VS2010)

time: Mon Mar 07 17:06:55 2016
elapsed time: 741 seconds (0d 0h 12m 21s)

