#
# A fatal error has been detected by the Java Runtime Environment:
#
#  EXCEPTION_ACCESS_VIOLATION (0xc0000005) at pc=0xffffffffa3755120, pid=7060, tid=4512
#
# JRE version: Java(TM) SE Runtime Environment (8.0_65-b17) (build 1.8.0_65-b17)
# Java VM: Java HotSpot(TM) 64-Bit Server VM (25.65-b01 mixed mode windows-amd64 compressed oops)
# Problematic frame:
# C  0xffffffffa3755120
#
# Failed to write core dump. Minidumps are not enabled by default on client versions of Windows
#
# If you would like to submit a bug report, please visit:
#   http://bugreport.java.com/bugreport/crash.jsp
#

---------------  T H R E A D  ---------------

Current thread (0x000000005897e000):  JavaThread "Daemon worker" [_thread_in_Java, id=4512, stack(0x00000000596a0000,0x00000000597a0000)]

siginfo: ExceptionCode=0xc0000005, ExceptionInformation=0x0000000000000008 0xffffffffa3755120

Registers:
RAX=0x00000000149e05c8, RBX=0x000000005c25ad20, RCX=0x0000000000000008, RDX=0x00000000efcc8c78
RSP=0x000000005979bf38, RBP=0x000000005979c068, RSI=0x0000000000000000, RDI=0x0000000000000008
R8 =0x00000000efccae10, R9 =0x0000000000000000, R10=0x0000000056d02140, R11=0x00000000efccae10
R12=0x0000000000000000, R13=0x000000005979c018, R14=0x000000005979c098, R15=0x000000005897e000
RIP=0xffffffffa3755120, EFLAGS=0x0000000000010202

Top of Stack: (sp=0x000000005979bf38)
0x000000005979bf38:   00000000029fc97c ffffffffffffffff
0x000000005979bf48:   000000005897e000 000000005979c098
0x000000005979bf58:   000000005c24a618 0000000800000000
0x000000005979bf68:   00000000efccace0 0000000800000000
0x000000005979bf78:   00000000efccace0 0000000000000000
0x000000005979bf88:   00000000efccae10 00000000efccc8e0
0x000000005979bf98:   0000000002b63b8d 000000005979c068
0x000000005979bfa8:   00000000034c9a94 000000005979c068
0x000000005979bfb8:   00000000034c9a94 00000000efcce738
0x000000005979bfc8:   00000000efcc8c28 00000000efcc8c98
0x000000005979bfd8:   000000001455f730 000000005979c068
0x000000005979bfe8:   0000000002757a01 00000000efccace0
0x000000005979bff8:   0000000002757a01 000000005979c068
0x000000005979c008:   0000000002757520 0000000002757520
0x000000005979c018:   00000000efccace0 00000000efcce788
0x000000005979c028:   000000005979c028 000000005c24a62a 

Instructions: (pc=0xffffffffa3755120)
0xffffffffa3755100:   
[error occurred during error reporting (printing registers, top of stack, instructions near pc), id 0xc0000005]

Register to memory mapping:

RAX=0x00000000149e05c8 is pointing into metadata
RBX={method} {0x000000005c25ad28} 'read' '([BII)I' in 'com/google/common/io/CountingInputStream'
RCX=0x0000000000000008 is an unknown value
RDX=0x00000000efcc8c78 is an oop
com.google.common.io.CountingInputStream 
 - klass: 'com/google/common/io/CountingInputStream'
RSP=0x000000005979bf38 is pointing into the stack for thread: 0x000000005897e000
RBP=0x000000005979c068 is pointing into the stack for thread: 0x000000005897e000
RSI=0x0000000000000000 is an unknown value
RDI=0x0000000000000008 is an unknown value
R8 =0x00000000efccae10 is an oop
[B 
 - klass: {type array byte}
 - length: 8
R9 =0x0000000000000000 is an unknown value
R10=0x0000000056d02140 is an unknown value
R11=0x00000000efccae10 is an oop
[B 
 - klass: {type array byte}
 - length: 8
R12=0x0000000000000000 is an unknown value
R13=0x000000005979c018 is pointing into the stack for thread: 0x000000005897e000
R14=0x000000005979c098 is pointing into the stack for thread: 0x000000005897e000
R15=0x000000005897e000 is a thread


Stack: [0x00000000596a0000,0x00000000597a0000],  sp=0x000000005979bf38,  free space=1007k
Native frames: (J=compiled Java code, j=interpreted, Vv=VM code, C=native code)
C  0xffffffffa3755120


---------------  P R O C E S S  ---------------

Java Threads: ( => current thread )
  0x0000000058980800 JavaThread "File lock request listener" [_thread_in_native, id=4884, stack(0x000000005a170000,0x000000005a270000)]
  0x000000005897f000 JavaThread "Stdin handler" [_thread_blocked, id=6708, stack(0x000000005a280000,0x000000005a380000)]
=>0x000000005897e000 JavaThread "Daemon worker" [_thread_in_Java, id=4512, stack(0x00000000596a0000,0x00000000597a0000)]
  0x000000005897d800 JavaThread "Cancel handler" [_thread_blocked, id=3844, stack(0x0000000059930000,0x0000000059a30000)]
  0x0000000058a53800 JavaThread "Handler for socket connection from /127.0.0.1:55976 to /127.0.0.1:55978" [_thread_in_native, id=6492, stack(0x000000005a040000,0x000000005a140000)]
  0x0000000058a51000 JavaThread "Daemon" [_thread_blocked, id=6180, stack(0x0000000059e50000,0x0000000059f50000)]
  0x0000000058a30000 JavaThread "Incoming local TCP Connector on port 55976" [_thread_in_native, id=2572, stack(0x0000000059a50000,0x0000000059b50000)]
  0x0000000057143000 JavaThread "Service Thread" daemon [_thread_blocked, id=2788, stack(0x0000000057980000,0x0000000057a80000)]
  0x00000000570c2000 JavaThread "C1 CompilerThread2" daemon [_thread_blocked, id=5236, stack(0x0000000056400000,0x0000000056500000)]
  0x00000000570c1000 JavaThread "C2 CompilerThread1" daemon [_thread_blocked, id=5684, stack(0x0000000057700000,0x0000000057800000)]
  0x0000000054f2f800 JavaThread "C2 CompilerThread0" daemon [_thread_blocked, id=5044, stack(0x0000000057570000,0x0000000057670000)]
  0x0000000054f3e000 JavaThread "Attach Listener" daemon [_thread_blocked, id=6216, stack(0x0000000056fb0000,0x00000000570b0000)]
  0x0000000054f3c800 JavaThread "Signal Dispatcher" daemon [_thread_blocked, id=3856, stack(0x0000000056e40000,0x0000000056f40000)]
  0x0000000054ed9800 JavaThread "Finalizer" daemon [_thread_blocked, id=5392, stack(0x0000000055f80000,0x0000000056080000)]
  0x0000000054ed0800 JavaThread "Reference Handler" daemon [_thread_blocked, id=6184, stack(0x00000000562d0000,0x00000000563d0000)]
  0x00000000021ce800 JavaThread "main" [_thread_blocked, id=5384, stack(0x0000000002380000,0x0000000002480000)]

Other Threads:
  0x0000000054ecb000 VMThread [stack: 0x00000000560c0000,0x00000000561c0000] [id=3868]
  0x0000000057149000 WatcherThread [stack: 0x0000000057ac0000,0x0000000057bc0000] [id=6680]

VM state:not at safepoint (normal execution)

VM Mutex/Monitor currently owned by a thread: None

Heap:
 PSYoungGen      total 110080K, used 84799K [0x00000000eab00000, 0x00000000f4c00000, 0x0000000100000000)
  eden space 100864K, 84% used [0x00000000eab00000,0x00000000efdcff30,0x00000000f0d80000)
  from space 9216K, 0% used [0x00000000f0d80000,0x00000000f0d80000,0x00000000f1680000)
  to   space 13312K, 0% used [0x00000000f3f00000,0x00000000f3f00000,0x00000000f4c00000)
 ParOldGen       total 65536K, used 24078K [0x00000000c0000000, 0x00000000c4000000, 0x00000000eab00000)
  object space 65536K, 36% used [0x00000000c0000000,0x00000000c1783868,0x00000000c4000000)
 Metaspace       used 37592K, capacity 38400K, committed 38528K, reserved 1083392K
  class space    used 5237K, capacity 5449K, committed 5504K, reserved 1048576K

Card table byte_map: [0x0000000011b10000,0x0000000011d20000] byte_map_base: 0x0000000011510000

Marking Bits: (ParMarkBitMap*) 0x0000000056d1a5b0
 Begin Bits: [0x0000000012340000, 0x0000000013340000)
 End Bits:   [0x0000000013340000, 0x0000000014340000)

Polling page: 0x0000000000440000

CodeCache: size=245760Kb used=13798Kb max_used=13824Kb free=231961Kb
 bounds [0x0000000002750000, 0x00000000034e0000, 0x0000000011750000]
 total_blobs=4822 nmethods=4147 adapters=588
 compilation: enabled

Compilation events (10 events):
Event: 9.633 Thread 0x00000000570c2000 nmethod 4372 0x00000000034ca350 code [0x00000000034ca4c0, 0x00000000034ca828]
Event: 9.671 Thread 0x00000000570c2000 4373       3       org.gradle.cache.internal.btree.BTreePersistentIndexedCache$IndexEntry::<init> (5 bytes)
Event: 9.671 Thread 0x00000000570c2000 nmethod 4373 0x00000000034c9ed0 code [0x00000000034ca040, 0x00000000034ca250]
Event: 9.671 Thread 0x00000000570c2000 4374       3       org.gradle.cache.internal.btree.BTreePersistentIndexedCache$IndexEntry::<init> (5 bytes)
Event: 9.671 Thread 0x00000000570c2000 nmethod 4374 0x00000000034ba290 code [0x00000000034ba3e0, 0x00000000034ba590]
Event: 9.685 Thread 0x00000000570c2000 4375       3       java.io.DataInputStream::readLong (128 bytes)
Event: 9.685 Thread 0x0000000054f2f800 4377       4       java.io.DataInputStream::readFully (63 bytes)
Event: 9.685 Thread 0x00000000570c2000 nmethod 4375 0x00000000034c9810 code [0x00000000034c9980, 0x00000000034c9d28]
Event: 9.685 Thread 0x00000000570c2000 4376       3       com.google.common.io.CountingInputStream::read (33 bytes)
Event: 9.685 Thread 0x00000000570c2000 nmethod 4376 0x00000000034c9350 code [0x00000000034c94c0, 0x00000000034c9728]

GC Heap History (10 events):
Event: 3.301 GC heap before
{Heap before GC invocations=7 (full 1):
 PSYoungGen      total 73216K, used 6215K [0x00000000eab00000, 0x00000000efc00000, 0x0000000100000000)
  eden space 65024K, 0% used [0x00000000eab00000,0x00000000eab00000,0x00000000eea80000)
  from space 8192K, 75% used [0x00000000ef300000,0x00000000ef911dd0,0x00000000efb00000)
  to   space 8704K, 0% used [0x00000000eea80000,0x00000000eea80000,0x00000000ef300000)
 ParOldGen       total 44032K, used 10082K [0x00000000c0000000, 0x00000000c2b00000, 0x00000000eab00000)
  object space 44032K, 22% used [0x00000000c0000000,0x00000000c09d8b88,0x00000000c2b00000)
 Metaspace       used 20875K, capacity 21228K, committed 21296K, reserved 1067008K
  class space    used 2820K, capacity 2940K, committed 2944K, reserved 1048576K
Event: 3.401 GC heap after
Heap after GC invocations=7 (full 1):
 PSYoungGen      total 73216K, used 0K [0x00000000eab00000, 0x00000000efc00000, 0x0000000100000000)
  eden space 65024K, 0% used [0x00000000eab00000,0x00000000eab00000,0x00000000eea80000)
  from space 8192K, 0% used [0x00000000ef300000,0x00000000ef300000,0x00000000efb00000)
  to   space 8704K, 0% used [0x00000000eea80000,0x00000000eea80000,0x00000000ef300000)
 ParOldGen       total 41472K, used 12119K [0x00000000c0000000, 0x00000000c2880000, 0x00000000eab00000)
  object space 41472K, 29% used [0x00000000c0000000,0x00000000c0bd5f78,0x00000000c2880000)
 Metaspace       used 20875K, capacity 21228K, committed 21296K, reserved 1067008K
  class space    used 2820K, capacity 2940K, committed 2944K, reserved 1048576K
}
Event: 4.732 GC heap before
{Heap before GC invocations=8 (full 1):
 PSYoungGen      total 73216K, used 65024K [0x00000000eab00000, 0x00000000efc00000, 0x0000000100000000)
  eden space 65024K, 100% used [0x00000000eab00000,0x00000000eea80000,0x00000000eea80000)
  from space 8192K, 0% used [0x00000000ef300000,0x00000000ef300000,0x00000000efb00000)
  to   space 8704K, 0% used [0x00000000eea80000,0x00000000eea80000,0x00000000ef300000)
 ParOldGen       total 41472K, used 12119K [0x00000000c0000000, 0x00000000c2880000, 0x00000000eab00000)
  object space 41472K, 29% used [0x00000000c0000000,0x00000000c0bd5f78,0x00000000c2880000)
 Metaspace       used 26628K, capacity 27044K, committed 27392K, reserved 1073152K
  class space    used 3635K, capacity 3761K, committed 3840K, reserved 1048576K
Event: 4.767 GC heap after
Heap after GC invocations=8 (full 1):
 PSYoungGen      total 73728K, used 6390K [0x00000000eab00000, 0x00000000f1f00000, 0x0000000100000000)
  eden space 65024K, 0% used [0x00000000eab00000,0x00000000eab00000,0x00000000eea80000)
  from space 8704K, 73% used [0x00000000eea80000,0x00000000ef0bd820,0x00000000ef300000)
  to   space 8704K, 0% used [0x00000000f1680000,0x00000000f1680000,0x00000000f1f00000)
 ParOldGen       total 41472K, used 12127K [0x00000000c0000000, 0x00000000c2880000, 0x00000000eab00000)
  object space 41472K, 29% used [0x00000000c0000000,0x00000000c0bd7f78,0x00000000c2880000)
 Metaspace       used 26628K, capacity 27044K, committed 27392K, reserved 1073152K
  class space    used 3635K, capacity 3761K, committed 3840K, reserved 1048576K
}
Event: 6.226 GC heap before
{Heap before GC invocations=9 (full 1):
 PSYoungGen      total 73728K, used 71414K [0x00000000eab00000, 0x00000000f1f00000, 0x0000000100000000)
  eden space 65024K, 100% used [0x00000000eab00000,0x00000000eea80000,0x00000000eea80000)
  from space 8704K, 73% used [0x00000000eea80000,0x00000000ef0bd820,0x00000000ef300000)
  to   space 8704K, 0% used [0x00000000f1680000,0x00000000f1680000,0x00000000f1f00000)
 ParOldGen       total 41472K, used 12127K [0x00000000c0000000, 0x00000000c2880000, 0x00000000eab00000)
  object space 41472K, 29% used [0x00000000c0000000,0x00000000c0bd7f78,0x00000000c2880000)
 Metaspace       used 29540K, capacity 30048K, committed 30336K, reserved 1075200K
  class space    used 3997K, capacity 4169K, committed 4224K, reserved 1048576K
Event: 6.273 GC heap after
Heap after GC invocations=9 (full 1):
 PSYoungGen      total 109568K, used 7207K [0x00000000eab00000, 0x00000000f1f80000, 0x0000000100000000)
  eden space 100864K, 0% used [0x00000000eab00000,0x00000000eab00000,0x00000000f0d80000)
  from space 8704K, 82% used [0x00000000f1680000,0x00000000f1d89e40,0x00000000f1f00000)
  to   space 9216K, 0% used [0x00000000f0d80000,0x00000000f0d80000,0x00000000f1680000)
 ParOldGen       total 41472K, used 12199K [0x00000000c0000000, 0x00000000c2880000, 0x00000000eab00000)
  object space 41472K, 29% used [0x00000000c0000000,0x00000000c0be9f88,0x00000000c2880000)
 Metaspace       used 29540K, capacity 30048K, committed 30336K, reserved 1075200K
  class space    used 3997K, capacity 4169K, committed 4224K, reserved 1048576K
}
Event: 7.862 GC heap before
{Heap before GC invocations=10 (full 1):
 PSYoungGen      total 109568K, used 104912K [0x00000000eab00000, 0x00000000f1f80000, 0x0000000100000000)
  eden space 100864K, 96% used [0x00000000eab00000,0x00000000f0a6a248,0x00000000f0d80000)
  from space 8704K, 82% used [0x00000000f1680000,0x00000000f1d89e40,0x00000000f1f00000)
  to   space 9216K, 0% used [0x00000000f0d80000,0x00000000f0d80000,0x00000000f1680000)
 ParOldGen       total 41472K, used 12199K [0x00000000c0000000, 0x00000000c2880000, 0x00000000eab00000)
  object space 41472K, 29% used [0x00000000c0000000,0x00000000c0be9f88,0x00000000c2880000)
 Metaspace       used 34696K, capacity 35362K, committed 35456K, reserved 1079296K
  class space    used 4747K, capacity 4947K, committed 4992K, reserved 1048576K
Event: 7.989 GC heap after
Heap after GC invocations=10 (full 1):
 PSYoungGen      total 110080K, used 9209K [0x00000000eab00000, 0x00000000f4c00000, 0x0000000100000000)
  eden space 100864K, 0% used [0x00000000eab00000,0x00000000eab00000,0x00000000f0d80000)
  from space 9216K, 99% used [0x00000000f0d80000,0x00000000f167e7d0,0x00000000f1680000)
  to   space 13312K, 0% used [0x00000000f3f00000,0x00000000f3f00000,0x00000000f4c00000)
 ParOldGen       total 41472K, used 19536K [0x00000000c0000000, 0x00000000c2880000, 0x00000000eab00000)
  object space 41472K, 47% used [0x00000000c0000000,0x00000000c13140e8,0x00000000c2880000)
 Metaspace       used 34696K, capacity 35362K, committed 35456K, reserved 1079296K
  class space    used 4747K, capacity 4947K, committed 4992K, reserved 1048576K
}
Event: 7.989 GC heap before
{Heap before GC invocations=11 (full 2):
 PSYoungGen      total 110080K, used 9209K [0x00000000eab00000, 0x00000000f4c00000, 0x0000000100000000)
  eden space 100864K, 0% used [0x00000000eab00000,0x00000000eab00000,0x00000000f0d80000)
  from space 9216K, 99% used [0x00000000f0d80000,0x00000000f167e7d0,0x00000000f1680000)
  to   space 13312K, 0% used [0x00000000f3f00000,0x00000000f3f00000,0x00000000f4c00000)
 ParOldGen       total 41472K, used 19536K [0x00000000c0000000, 0x00000000c2880000, 0x00000000eab00000)
  object space 41472K, 47% used [0x00000000c0000000,0x00000000c13140e8,0x00000000c2880000)
 Metaspace       used 34696K, capacity 35362K, committed 35456K, reserved 1079296K
  class space    used 4747K, capacity 4947K, committed 4992K, reserved 1048576K
Event: 8.211 GC heap after
Heap after GC invocations=11 (full 2):
 PSYoungGen      total 110080K, used 0K [0x00000000eab00000, 0x00000000f4c00000, 0x0000000100000000)
  eden space 100864K, 0% used [0x00000000eab00000,0x00000000eab00000,0x00000000f0d80000)
  from space 9216K, 0% used [0x00000000f0d80000,0x00000000f0d80000,0x00000000f1680000)
  to   space 13312K, 0% used [0x00000000f3f00000,0x00000000f3f00000,0x00000000f4c00000)
 ParOldGen       total 65536K, used 24078K [0x00000000c0000000, 0x00000000c4000000, 0x00000000eab00000)
  object space 65536K, 36% used [0x00000000c0000000,0x00000000c1783868,0x00000000c4000000)
 Metaspace       used 34696K, capacity 35362K, committed 35456K, reserved 1079296K
  class space    used 4747K, capacity 4947K, committed 4992K, reserved 1048576K
}

Deoptimization events (10 events):
Event: 7.499 Thread 0x000000005897e000 Uncommon trap: reason=class_check action=maybe_recompile pc=0x0000000002ff1980 method=com.sun.org.apache.xerces.internal.impl.XMLDocumentFragmentScannerImpl$FragmentContentDriver.next()I @ 2200
Event: 7.499 Thread 0x000000005897e000 Uncommon trap: reason=unstable_if action=reinterpret pc=0x00000000030f6a94 method=com.sun.org.apache.xerces.internal.utils.XMLLimitAnalyzer.addValue(ILjava/lang/String;I)V @ 68
Event: 7.499 Thread 0x000000005897e000 Uncommon trap: reason=unstable_if action=reinterpret pc=0x0000000003056d40 method=com.sun.org.apache.xerces.internal.utils.XMLSecurityManager.isOverLimit(ILcom/sun/org/apache/xerces/internal/utils/XMLLimitAnalyzer;)Z @ 38
Event: 7.499 Thread 0x000000005897e000 Uncommon trap: reason=class_check action=maybe_recompile pc=0x0000000002ff1990 method=com.sun.org.apache.xerces.internal.impl.XMLDocumentFragmentScannerImpl$FragmentContentDriver.next()I @ 435
Event: 7.500 Thread 0x000000005897e000 Uncommon trap: reason=class_check action=maybe_recompile pc=0x0000000002ff1990 method=com.sun.org.apache.xerces.internal.impl.XMLDocumentFragmentScannerImpl$FragmentContentDriver.next()I @ 435
Event: 7.500 Thread 0x000000005897e000 Uncommon trap: reason=class_check action=maybe_recompile pc=0x0000000002ff1990 method=com.sun.org.apache.xerces.internal.impl.XMLDocumentFragmentScannerImpl$FragmentContentDriver.next()I @ 435
Event: 7.845 Thread 0x000000005897e000 Uncommon trap: reason=unstable_if action=reinterpret pc=0x000000000313e1d0 method=java.io.WinNTFileSystem.normalizePrefix(Ljava/lang/String;ILjava/lang/StringBuffer;)I @ 62
Event: 8.369 Thread 0x000000005897e000 Uncommon trap: reason=unstable_if action=reinterpret pc=0x00000000031678fc method=java.io.WinNTFileSystem.normalizePrefix(Ljava/lang/String;ILjava/lang/StringBuffer;)I @ 62
Event: 8.757 Thread 0x000000005897e000 Uncommon trap: reason=unstable_if action=reinterpret pc=0x000000000335ca20 method=groovy.lang.MetaClassImpl$1MOPIter.methodNameAction(Ljava/lang/Class;Lorg/codehaus/groovy/runtime/metaclass/MetaMethodIndex$Entry;)V @ 383
Event: 8.941 Thread 0x000000005897e000 Uncommon trap: reason=unstable_if action=reinterpret pc=0x0000000002d6646c method=org.objectweb.asm.Type.getArgumentsAndReturnSizes(Ljava/lang/String;)I @ 47

Internal exceptions (10 events):
Event: 9.320 Thread 0x000000005897e000 Exception <a 'java/lang/ClassNotFoundException': org/gradle/api/internal/file/collections/DefaultConfigurableFileCollectionCustomizer> (0x00000000ef3da280) thrown at [C:\workspace\8-2-build-windows-amd64-cygwin\jdk8u65\4987\hotspot\src\share\vm\classfile\s4Mz·"@
Event: 9.358 Thread 0x000000005897e000 Exception <a 'java/lang/SecurityException'> (0x00000000ef542f40) thrown at [C:\workspace\8-2-build-windows-amd64-cygwin\jdk8u65\4987\hotspot\src\share\vm\prims\jvm.cpp, line 1390]
Event: 9.360 Thread 0x000000005897e000 Exception <a 'java/lang/ClassNotFoundException': java/lang/ClassBeanInfo> (0x00000000ef55a4a8) thrown at [C:\workspace\8-2-build-windows-amd64-cygwin\jdk8u65\4987\hotspot\src\share\vm\classfile\systemDictionary.cpp, line 210]
Event: 9.360 Thread 0x000000005897e000 Exception <a 'java/lang/ClassNotFoundException': java/lang/ClassCustomizer> (0x00000000ef55fa30) thrown at [C:\workspace\8-2-build-windows-amd64-cygwin\jdk8u65\4987\hotspot\src\share\vm\classfile\systemDictionary.cpp, line 210]
Event: 9.388 Thread 0x000000005897e000 Exception <a 'java/lang/ClassNotFoundException': com/android/build/gradle/internal/variant/ApkVariantOutputDataBeanInfo> (0x00000000ef6b1e78) thrown at [C:\workspace\8-2-build-windows-amd64-cygwin\jdk8u65\4987\hotspot\src\share\vm\classfile\systemDictionar.·–dçÆ"@
Event: 9.388 Thread 0x000000005897e000 Exception <a 'java/lang/ClassNotFoundException': com/android/build/gradle/internal/variant/BaseVariantOutputDataBeanInfo> (0x00000000ef6c53f0) thrown at [C:\workspace\8-2-build-windows-amd64-cygwin\jdk8u65\4987\hotspot\src\share\vm\classfile\systemDictionaD`‚#Ç"@
Event: 9.389 Thread 0x000000005897e000 Exception <a 'java/lang/ClassNotFoundException': com/android/build/gradle/internal/variant/BaseVariantOutputDataCustomizer> (0x00000000ef6d8eb8) thrown at [C:\workspace\8-2-build-windows-amd64-cygwin\jdk8u65\4987\hotspot\src\share\vm\classfile\systemDictio~¡%¯Ç"@
Event: 9.390 Thread 0x000000005897e000 Exception <a 'java/lang/ClassNotFoundException': com/android/build/gradle/internal/variant/ApkVariantOutputDataCustomizer> (0x00000000ef6fd4d0) thrown at [C:\workspace\8-2-build-windows-amd64-cygwin\jdk8u65\4987\hotspot\src\share\vm\classfile\systemDiction€C0®Ë"@
Event: 9.398 Thread 0x000000005897e000 Exception <a 'java/lang/ClassNotFoundException': com/android/build/gradle/internal/scope/VariantOutputScopeBeanInfo> (0x00000000ef784800) thrown at [C:\workspace\8-2-build-windows-amd64-cygwin\jdk8u65\4987\hotspot\src\share\vm\classfile\systemDictionary.cpÂËJ@âË"@
Event: 9.398 Thread 0x000000005897e000 Exception <a 'java/lang/ClassNotFoundException': com/android/build/gradle/internal/scope/VariantOutputScopeCustomizer> (0x00000000ef7971e0) thrown at [C:\workspace\8-2-build-windows-amd64-cygwin\jdk8u65\4987\hotspot\src\share\vm\classfile\systemDictionary.¤Ý$Õ£"@

Events (10 events):
Event: 9.495 loading class org/gradle/api/internal/file/DefaultFileTreeElement
Event: 9.495 loading class org/gradle/api/internal/file/DefaultFileTreeElement done
Event: 9.496 loading class org/gradle/api/internal/file/AbstractFileTreeElement
Event: 9.496 loading class org/gradle/api/internal/file/AbstractFileTreeElement done
Event: 9.669 loading class org/gradle/api/internal/changedetection/state/DefaultFileCollectionSnapshotter$1
Event: 9.669 loading class org/gradle/api/internal/changedetection/state/DefaultFileCollectionSnapshotter$1 done
Event: 9.670 loading class org/gradle/api/internal/changedetection/state/DefaultFileCollectionSnapshotter$FileHashSnapshot
Event: 9.670 loading class org/gradle/api/internal/changedetection/state/DefaultFileCollectionSnapshotter$FileHashSnapshot done
Event: 9.670 loading class org/gradle/api/internal/changedetection/state/DefaultFileCollectionSnapshotter$IncrementalFileSnapshot
Event: 9.670 loading class org/gradle/api/internal/changedetection/state/DefaultFileCollectionSnapshotter$IncrementalFileSnapshot done


Dynamic libraries:
0x000000013f7d0000 - 0x000000013f807000 	C:\Program Files\Java\jdk1.8.0_65\bin\java.exe
0x0000000077ae0000 - 0x0000000077c8a000 	C:\Windows\SYSTEM32\ntdll.dll
0x00000000778c0000 - 0x00000000779df000 	C:\Windows\system32\kernel32.dll
0x000007fefdb30000 - 0x000007fefdb9b000 	C:\Windows\system32\KERNELBASE.dll
0x000007feff850000 - 0x000007feff92b000 	C:\Windows\system32\ADVAPI32.dll
0x000007feff930000 - 0x000007feff9cf000 	C:\Windows\system32\msvcrt.dll
0x000007fefdcc0000 - 0x000007fefdcdf000 	C:\Windows\SYSTEM32\sechost.dll
0x000007fefe1e0000 - 0x000007fefe30d000 	C:\Windows\system32\RPCRT4.dll
0x00000000779e0000 - 0x0000000077ada000 	C:\Windows\system32\USER32.dll
0x000007fefe0a0000 - 0x000007fefe107000 	C:\Windows\system32\GDI32.dll
0x000007fefe310000 - 0x000007fefe31e000 	C:\Windows\system32\LPK.dll
0x000007fefe110000 - 0x000007fefe1da000 	C:\Windows\system32\USP10.dll
0x000007fefc3f0000 - 0x000007fefc5e4000 	C:\Windows\WinSxS\amd64_microsoft.windows.common-controls_6595b64144ccf1df_6.0.7601.18837_none_fa3b1e3d17594757\COMCTL32.dll
0x000007feffbe0000 - 0x000007feffc51000 	C:\Windows\system32\SHLWAPI.dll
0x000007feff4b0000 - 0x000007feff4de000 	C:\Windows\system32\IMM32.DLL
0x000007feff340000 - 0x000007feff449000 	C:\Windows\system32\MSCTF.dll
0x000000005f280000 - 0x000000005f352000 	C:\Program Files\Java\jdk1.8.0_65\jre\bin\msvcr100.dll
0x0000000056510000 - 0x0000000056d99000 	C:\Program Files\Java\jdk1.8.0_65\jre\bin\server\jvm.dll
0x000007fefa280000 - 0x000007fefa289000 	C:\Windows\system32\WSOCK32.dll
0x000007feffc60000 - 0x000007feffcad000 	C:\Windows\system32\WS2_32.dll
0x000007fefdce0000 - 0x000007fefdce8000 	C:\Windows\system32\NSI.dll
0x000007fefb620000 - 0x000007fefb65b000 	C:\Windows\system32\WINMM.dll
0x000007fefca20000 - 0x000007fefca2c000 	C:\Windows\system32\VERSION.dll
0x0000000077ca0000 - 0x0000000077ca7000 	C:\Windows\system32\PSAPI.DLL
0x000000006c800000 - 0x000000006c80f000 	C:\Program Files\Java\jdk1.8.0_65\jre\bin\verify.dll
0x0000000061d20000 - 0x0000000061d49000 	C:\Program Files\Java\jdk1.8.0_65\jre\bin\java.dll
0x0000000061d00000 - 0x0000000061d16000 	C:\Program Files\Java\jdk1.8.0_65\jre\bin\zip.dll
0x000007fefe320000 - 0x000007feff0aa000 	C:\Windows\system32\SHELL32.dll
0x000007feff9d0000 - 0x000007feffbd3000 	C:\Windows\system32\ole32.dll
0x000007fefd860000 - 0x000007fefd86f000 	C:\Windows\system32\profapi.dll
0x0000000061ce0000 - 0x0000000061cfa000 	C:\Program Files\Java\jdk1.8.0_65\jre\bin\net.dll
0x0000000180000000 - 0x000000018006f000 	C:\Program Files\NVIDIA Corporation\NetworkAccessManager\bin32\nvLsp64.dll
0x000007fefdfc0000 - 0x000007fefe097000 	C:\Windows\system32\OLEAUT32.dll
0x000007fefd040000 - 0x000007fefd095000 	C:\Windows\system32\mswsock.dll
0x000007fefd030000 - 0x000007fefd037000 	C:\Windows\System32\wship6.dll
0x000000005c8f0000 - 0x000000005c901000 	C:\Program Files\Java\jdk1.8.0_65\jre\bin\nio.dll
0x000007fefaca0000 - 0x000007fefacb2000 	C:\Users\Alvin\.gradle\native\19\windows-amd64\native-platform.dll
0x000007fefb520000 - 0x000007fefb547000 	C:\Windows\system32\IPHLPAPI.DLL
0x000007fefb510000 - 0x000007fefb51b000 	C:\Windows\system32\WINNSI.DLL
0x000007fefb080000 - 0x000007fefb098000 	C:\Windows\system32\dhcpcsvc.DLL
0x000007fefb000000 - 0x000007fefb011000 	C:\Windows\system32\dhcpcsvc6.DLL
0x000007fefd0a0000 - 0x000007fefd0b8000 	C:\Windows\system32\CRYPTSP.dll
0x000007fefcda0000 - 0x000007fefcde7000 	C:\Windows\system32\rsaenh.dll
0x000007fefd9f0000 - 0x000007fefda0e000 	C:\Windows\system32\USERENV.dll
0x000007fefd700000 - 0x000007fefd70f000 	C:\Windows\system32\CRYPTBASE.dll
0x000007fefd6a0000 - 0x000007fefd6f7000 	C:\Windows\system32\apphelp.dll
0x000000006bb90000 - 0x000000006bb9d000 	C:\Program Files\Java\jdk1.8.0_65\jre\bin\management.dll
0x000007fee01c0000 - 0x000007fee02e5000 	C:\Windows\system32\dbghelp.dll

VM Arguments:
jvm_args: -XX:MaxPermSize=256m -XX:+HeapDumpOnOutOfMemoryError -Xmx1024m -Dfile.encoding=windows-1252 -Duser.country=US -Duser.language=en -Duser.variant 
java_command: org.gradle.launcher.daemon.bootstrap.GradleDaemon 2.8
java_class_path (initial): C:\Program Files\Android\Android Studio\gradle\gradle-2.8\lib\gradle-launcher-2.8.jar
Launcher Type: SUN_STANDARD

Environment Variables:
PATH=C:\ProgramData\Oracle\Java\javapath;C:\Program Files (x86)\NVIDIA Corporation\PhysX\Common;C:\Windows\system32;C:\Windows;C:\Windows\System32\Wbem;C:\Windows\System32\WindowsPowerShell\v1.0\;C:\Program Files (x86)\MySQL\MySQL Fabric 1.5 & MySQL Utilities 1.5\;C:\Program Files (x86)\MySQL\MySQL Fabric 1.5 & MySQL Utilities 1.5\Doctrine extensions for PHP\;C:\Program Files (x86)\AMD\ATI.ACE\Core-Static
USERNAME=Alvin
OS=Windows_NT
PROCESSOR_IDENTIFIER=Intel64 Family 6 Model 15 Stepping 11, GenuineIntel



---------------  S Y S T E M  ---------------

OS: Windows 7 , 64 bit Build 7601 (6.1.7601.19135)

CPU:total 4 (4 cores per cpu, 1 threads per core) family 6 model 15 stepping 11, cmov, cx8, fxsr, mmx, sse, sse2, sse3, ssse3, tsc

Memory: 4k page, physical 4192804k(1385984k free), swap 8383772k(4489760k free)

vm_info: Java HotSpot(TM) 64-Bit Server VM (25.65-b01) for windows-amd64 JRE (1.8.0_65-b17), built on Oct  6 2015 16:39:20 by "java_re" with MS VC++ 10.0 (VS2010)

time: Sun Mar 06 02:12:38 2016
elapsed time: 9 seconds (0d 0h 0m 9s)

