#
# A fatal error has been detected by the Java Runtime Environment:
#
#  EXCEPTION_ACCESS_VIOLATION (0xc0000005) at pc=0xffffffffa3a85120, pid=5364, tid=3404
#
# JRE version: Java(TM) SE Runtime Environment (8.0_65-b17) (build 1.8.0_65-b17)
# Java VM: Java HotSpot(TM) 64-Bit Server VM (25.65-b01 mixed mode windows-amd64 compressed oops)
# Problematic frame:
# C  0xffffffffa3a85120
#
# Failed to write core dump. Minidumps are not enabled by default on client versions of Windows
#
# If you would like to submit a bug report, please visit:
#   http://bugreport.java.com/bugreport/crash.jsp
#

---------------  T H R E A D  ---------------

Current thread (0x00000000576da800):  JavaThread "pool-1-thread-1" [_thread_in_Java, id=3404, stack(0x0000000056ec0000,0x0000000056fc0000)]

siginfo: ExceptionCode=0xc0000005, ExceptionInformation=0x0000000000000008 0xffffffffa3a85120

Registers:
RAX=0x0000000054d99e48, RBX=0x0000000054d99e48, RCX=0x00000000c37954d8, RDX=0x00000000c37954d8
RSP=0x0000000056fbe8a8, RBP=0x0000000056fbe908, RSI=0x0000000000000aa0, RDI=0x00000000c75a3820
R8 =0x00000000c37954d8, R9 =0x00000000c37954b0, R10=0x0000000063b02140, R11=0x000000000373ee40
R12=0x0000000000000000, R13=0x0000000056fbe8c0, R14=0x0000000000000000, R15=0x00000000576da800
RIP=0xffffffffa3a85120, EFLAGS=0x0000000000010202

Top of Stack: (sp=0x0000000056fbe8a8)
0x0000000056fbe8a8:   0000000002a87790 0000000056fbe908
0x0000000056fbe8b8:   0000000002a87790 00000000c37954d8
0x0000000056fbe8c8:   0000000056fbe8c8 0000000054e91e14
0x0000000056fbe8d8:   0000000056fbe980 0000000054fd2e58
0x0000000056fbe8e8:   0000000000000000 0000000054f31fa8
0x0000000056fbe8f8:   0000000056fbe8c0 0000000056fbe978
0x0000000056fbe908:   0000000056fbe9c8 0000000002a87a01
0x0000000056fbe918:   00000000c1acc028 00000000c37954d8
0x0000000056fbe928:   00000000ee5b02f0 0000000000000b2f
0x0000000056fbe938:   00000000c3794fd8 00000000c75a3848
0x0000000056fbe948:   00000000c1acc028 00000000c0cfd558
0x0000000056fbe958:   0000000000000005 000000000000000d
0x0000000056fbe968:   00000000c02e21c0 00000000ee5b0078
0x0000000056fbe978:   00000000c0cfd090 00000000c02e21c0
0x0000000056fbe988:   0000000056fbe988 0000000054d1776c
0x0000000056fbe998:   0000000056fbea20 0000000054d1e950 

Instructions: (pc=0xffffffffa3a85120)
0xffffffffa3a85100:   
[error occurred during error reporting (printing registers, top of stack, instructions near pc), id 0xc0000005]

Register to memory mapping:

RAX={method} {0x0000000054d99e50} 'itemType' '()Lcom/android/dx/dex/file/ItemType;' in 'com/android/dx/dex/file/MethodIdItem'
RBX={method} {0x0000000054d99e50} 'itemType' '()Lcom/android/dx/dex/file/ItemType;' in 'com/android/dx/dex/file/MethodIdItem'
RCX=0x00000000c37954d8 is an oop
com.android.dx.dex.file.MethodIdItem 
 - klass: 'com/android/dx/dex/file/MethodIdItem'
RDX=0x00000000c37954d8 is an oop
com.android.dx.dex.file.MethodIdItem 
 - klass: 'com/android/dx/dex/file/MethodIdItem'
RSP=0x0000000056fbe8a8 is pointing into the stack for thread: 0x00000000576da800
RBP=0x0000000056fbe908 is pointing into the stack for thread: 0x00000000576da800
RSI=0x0000000000000aa0 is an unknown value
RDI=0x00000000c75a3820 is an oop
java.util.TreeMap$Entry 
 - klass: 'java/util/TreeMap$Entry'
R8 =0x00000000c37954d8 is an oop
com.android.dx.dex.file.MethodIdItem 
 - klass: 'com/android/dx/dex/file/MethodIdItem'
R9 =0x00000000c37954b0 is an oop
java.util.TreeMap$Entry 
 - klass: 'java/util/TreeMap$Entry'
R10=0x0000000063b02140 is an unknown value
R11=0x000000000373ee40 is at entry_point+32 in (nmethod*)0x000000000373ecd0
R12=0x0000000000000000 is an unknown value
R13=0x0000000056fbe8c0 is pointing into the stack for thread: 0x00000000576da800
R14=0x0000000000000000 is an unknown value
R15=0x00000000576da800 is a thread


Stack: [0x0000000056ec0000,0x0000000056fc0000],  sp=0x0000000056fbe8a8,  free space=1018k
Native frames: (J=compiled Java code, j=interpreted, Vv=VM code, C=native code)
C  0xffffffffa3a85120


---------------  P R O C E S S  ---------------

Java Threads: ( => current thread )
=>0x00000000576da800 JavaThread "pool-1-thread-1" [_thread_in_Java, id=3404, stack(0x0000000056ec0000,0x0000000056fc0000)]
  0x00000000566de000 JavaThread "Service Thread" daemon [_thread_blocked, id=1528, stack(0x0000000057440000,0x0000000057540000)]
  0x000000005666b000 JavaThread "C1 CompilerThread2" daemon [_thread_blocked, id=4724, stack(0x0000000057300000,0x0000000057400000)]
  0x0000000056669800 JavaThread "C2 CompilerThread1" daemon [_thread_blocked, id=3528, stack(0x00000000571b0000,0x00000000572b0000)]
  0x00000000552f5800 JavaThread "C2 CompilerThread0" daemon [_thread_in_native, id=4168, stack(0x0000000056fe0000,0x00000000570e0000)]
  0x00000000552f4000 JavaThread "Attach Listener" daemon [_thread_blocked, id=3060, stack(0x0000000056d70000,0x0000000056e70000)]
  0x000000005666c000 JavaThread "Signal Dispatcher" daemon [_thread_blocked, id=5084, stack(0x0000000056b50000,0x0000000056c50000)]
  0x000000005529a800 JavaThread "Finalizer" daemon [_thread_blocked, id=3116, stack(0x0000000056560000,0x0000000056660000)]
  0x0000000055293800 JavaThread "Reference Handler" daemon [_thread_blocked, id=3796, stack(0x0000000012230000,0x0000000012330000)]
  0x000000000239e000 JavaThread "main" [_thread_blocked, id=4676, stack(0x00000000026b0000,0x00000000027b0000)]

Other Threads:
  0x000000005528a800 VMThread [stack: 0x0000000056390000,0x0000000056490000] [id=4416]
  0x0000000056704800 WatcherThread [stack: 0x0000000057580000,0x0000000057680000] [id=6064]

VM state:synchronizing (normal execution)

VM Mutex/Monitor currently owned by a thread:  ([mutex/lock_event])
[0x000000000239c310] Safepoint_lock - owner thread: 0x000000005528a800
[0x000000000239c390] Threads_lock - owner thread: 0x000000005528a800

Heap:
 PSYoungGen      total 223232K, used 94238K [0x00000000eab00000, 0x00000000ff500000, 0x0000000100000000)
  eden space 189440K, 32% used [0x00000000eab00000,0x00000000ee6497c8,0x00000000f6400000)
  from space 33792K, 99% used [0x00000000f6400000,0x00000000f84be098,0x00000000f8500000)
  to   space 74240K, 0% used [0x00000000fac80000,0x00000000fac80000,0x00000000ff500000)
 ParOldGen       total 276480K, used 202634K [0x00000000c0000000, 0x00000000d0e00000, 0x00000000eab00000)
  object space 276480K, 73% used [0x00000000c0000000,0x00000000cc5e2800,0x00000000d0e00000)
 Metaspace       used 7073K, capacity 7736K, committed 7936K, reserved 1056768K
  class space    used 646K, capacity 688K, committed 768K, reserved 1048576K

Card table byte_map: [0x0000000011e40000,0x0000000012050000] byte_map_base: 0x0000000011840000

Marking Bits: (ParMarkBitMap*) 0x0000000063b1a5b0
 Begin Bits: [0x0000000012700000, 0x0000000013700000)
 End Bits:   [0x0000000013700000, 0x0000000014700000)

Polling page: 0x0000000000230000

CodeCache: size=245760Kb used=13106Kb max_used=13117Kb free=232653Kb
 bounds [0x0000000002a80000, 0x0000000003760000, 0x0000000011a80000]
 total_blobs=3335 nmethods=3066 adapters=183
 compilation: enabled

Compilation events (10 events):
Event: 16.647 Thread 0x000000005666b000 3191       2       com.android.dx.dex.file.FieldIdItem::itemType (4 bytes)
Event: 16.647 Thread 0x000000005666b000 nmethod 3191 0x000000000373e6d0 code [0x000000000373e820, 0x000000000373e970]
Event: 16.647 Thread 0x000000005666b000 3192       1       com.android.dx.dex.file.FieldIdItem::itemType (4 bytes)
Event: 16.648 Thread 0x000000005666b000 nmethod 3192 0x000000000373ea10 code [0x000000000373eb60, 0x000000000373ec70]
Event: 16.650 Thread 0x000000005666b000 3193       2       com.android.dx.dex.file.MethodIdItem::itemType (4 bytes)
Event: 16.650 Thread 0x000000005666b000 nmethod 3193 0x000000000373ecd0 code [0x000000000373ee20, 0x000000000373ef70]
Event: 16.651 Thread 0x000000005666b000 3194       1       com.android.dx.dex.file.MethodIdItem::itemType (4 bytes)
Event: 16.651 Thread 0x000000005666b000 nmethod 3194 0x000000000373f010 code [0x000000000373f160, 0x000000000373f270]
Event: 16.659 Thread 0x0000000056669800 nmethod 3050 0x0000000003745310 code [0x00000000037457e0, 0x0000000003748a78]
Event: 16.659 Thread 0x0000000056669800 3180       4       com.android.dex.Leb128::writeUnsignedLeb128 (46 bytes)

GC Heap History (10 events):
Event: 9.733 GC heap before
{Heap before GC invocations=14 (full 2):
 PSYoungGen      total 273920K, used 271159K [0x00000000eab00000, 0x0000000100000000, 0x0000000100000000)
  eden space 219648K, 100% used [0x00000000eab00000,0x00000000f8180000,0x00000000f8180000)
  from space 54272K, 94% used [0x00000000f8180000,0x00000000fb3cdfb8,0x00000000fb680000)
  to   space 62976K, 0% used [0x00000000fc280000,0x00000000fc280000,0x0000000100000000)
 ParOldGen       total 165888K, used 94892K [0x00000000c0000000, 0x00000000ca200000, 0x00000000eab00000)
  object space 165888K, 57% used [0x00000000c0000000,0x00000000c5cab398,0x00000000ca200000)
 Metaspace       used 6594K, capacity 7320K, committed 7680K, reserved 1056768K
  class space    used 625K, capacity 656K, committed 768K, reserved 1048576K
Event: 9.964 GC heap after
Heap after GC invocations=14 (full 2):
 PSYoungGen      total 249344K, used 62954K [0x00000000eab00000, 0x0000000100000000, 0x0000000100000000)
  eden space 186368K, 0% used [0x00000000eab00000,0x00000000eab00000,0x00000000f6100000)
  from space 62976K, 99% used [0x00000000fc280000,0x00000000ffffa978,0x0000000100000000)
  to   space 81408K, 0% used [0x00000000f6100000,0x00000000f6100000,0x00000000fb080000)
 ParOldGen       total 165888K, used 114781K [0x00000000c0000000, 0x00000000ca200000, 0x00000000eab00000)
  object space 165888K, 69% used [0x00000000c0000000,0x00000000c7017738,0x00000000ca200000)
 Metaspace       used 6594K, capacity 7320K, committed 7680K, reserved 1056768K
  class space    used 625K, capacity 656K, committed 768K, reserved 1048576K
}
Event: 9.974 GC heap before
{Heap before GC invocations=15 (full 2):
 PSYoungGen      total 249344K, used 65872K [0x00000000eab00000, 0x0000000100000000, 0x0000000100000000)
  eden space 186368K, 1% used [0x00000000eab00000,0x00000000eadd96a0,0x00000000f6100000)
  from space 62976K, 99% used [0x00000000fc280000,0x00000000ffffa978,0x0000000100000000)
  to   space 81408K, 0% used [0x00000000f6100000,0x00000000f6100000,0x00000000fb080000)
 ParOldGen       total 165888K, used 114781K [0x00000000c0000000, 0x00000000ca200000, 0x00000000eab00000)
  object space 165888K, 69% used [0x00000000c0000000,0x00000000c7017738,0x00000000ca200000)
 Metaspace       used 6594K, capacity 7320K, committed 7680K, reserved 1056768K
  class space    used 625K, capacity 656K, committed 768K, reserved 1048576K
Event: 10.143 GC heap after
Heap after GC invocations=15 (full 2):
 PSYoungGen      total 231424K, used 45001K [0x00000000eab00000, 0x0000000100000000, 0x0000000100000000)
  eden space 186368K, 0% used [0x00000000eab00000,0x00000000eab00000,0x00000000f6100000)
  from space 45056K, 99% used [0x00000000f6100000,0x00000000f8cf2470,0x00000000f8d00000)
  to   space 81920K, 0% used [0x00000000fb000000,0x00000000fb000000,0x0000000100000000)
 ParOldGen       total 165888K, used 133012K [0x00000000c0000000, 0x00000000ca200000, 0x00000000eab00000)
  object space 165888K, 80% used [0x00000000c0000000,0x00000000c81e5240,0x00000000ca200000)
 Metaspace       used 6594K, capacity 7320K, committed 7680K, reserved 1056768K
  class space    used 625K, capacity 656K, committed 768K, reserved 1048576K
}
Event: 10.930 GC heap before
{Heap before GC invocations=16 (full 2):
 PSYoungGen      total 231424K, used 231369K [0x00000000eab00000, 0x0000000100000000, 0x0000000100000000)
  eden space 186368K, 100% used [0x00000000eab00000,0x00000000f6100000,0x00000000f6100000)
  from space 45056K, 99% used [0x00000000f6100000,0x00000000f8cf2470,0x00000000f8d00000)
  to   space 81920K, 0% used [0x00000000fb000000,0x00000000fb000000,0x0000000100000000)
 ParOldGen       total 165888K, used 133012K [0x00000000c0000000, 0x00000000ca200000, 0x00000000eab00000)
  object space 165888K, 80% used [0x00000000c0000000,0x00000000c81e5240,0x00000000ca200000)
 Metaspace       used 6610K, capacity 7320K, committed 7680K, reserved 1056768K
  class space    used 625K, capacity 656K, committed 768K, reserved 1048576K
Event: 11.189 GC heap after
Heap after GC invocations=16 (full 2):
 PSYoungGen      total 271360K, used 32569K [0x00000000eab00000, 0x0000000100000000, 0x0000000100000000)
  eden space 189440K, 0% used [0x00000000eab00000,0x00000000eab00000,0x00000000f6400000)
  from space 81920K, 39% used [0x00000000fb000000,0x00000000fcfce700,0x0000000100000000)
  to   space 77824K, 0% used [0x00000000f6400000,0x00000000f6400000,0x00000000fb000000)
 ParOldGen       total 178688K, used 177881K [0x00000000c0000000, 0x00000000cae80000, 0x00000000eab00000)
  object space 178688K, 99% used [0x00000000c0000000,0x00000000cadb6480,0x00000000cae80000)
 Metaspace       used 6610K, capacity 7320K, committed 7680K, reserved 1056768K
  class space    used 625K, capacity 656K, committed 768K, reserved 1048576K
}
Event: 11.189 GC heap before
{Heap before GC invocations=17 (full 3):
 PSYoungGen      total 271360K, used 32569K [0x00000000eab00000, 0x0000000100000000, 0x0000000100000000)
  eden space 189440K, 0% used [0x00000000eab00000,0x00000000eab00000,0x00000000f6400000)
  from space 81920K, 39% used [0x00000000fb000000,0x00000000fcfce700,0x0000000100000000)
  to   space 77824K, 0% used [0x00000000f6400000,0x00000000f6400000,0x00000000fb000000)
 ParOldGen       total 178688K, used 177881K [0x00000000c0000000, 0x00000000cae80000, 0x00000000eab00000)
  object space 178688K, 99% used [0x00000000c0000000,0x00000000cadb6480,0x00000000cae80000)
 Metaspace       used 6610K, capacity 7320K, committed 7680K, reserved 1056768K
  class space    used 625K, capacity 656K, committed 768K, reserved 1048576K
Event: 13.623 GC heap after
Heap after GC invocations=17 (full 3):
 PSYoungGen      total 271360K, used 26681K [0x00000000eab00000, 0x0000000100000000, 0x0000000100000000)
  eden space 189440K, 0% used [0x00000000eab00000,0x00000000eab00000,0x00000000f6400000)
  from space 81920K, 32% used [0x00000000fb000000,0x00000000fca0e430,0x0000000100000000)
  to   space 77824K, 0% used [0x00000000f6400000,0x00000000f6400000,0x00000000fb000000)
 ParOldGen       total 276480K, used 178657K [0x00000000c0000000, 0x00000000d0e00000, 0x00000000eab00000)
  object space 276480K, 64% used [0x00000000c0000000,0x00000000cae785a8,0x00000000d0e00000)
 Metaspace       used 6610K, capacity 7320K, committed 7680K, reserved 1056768K
  class space    used 625K, capacity 656K, committed 768K, reserved 1048576K
}
Event: 15.478 GC heap before
{Heap before GC invocations=18 (full 3):
 PSYoungGen      total 271360K, used 216121K [0x00000000eab00000, 0x0000000100000000, 0x0000000100000000)
  eden space 189440K, 100% used [0x00000000eab00000,0x00000000f6400000,0x00000000f6400000)
  from space 81920K, 32% used [0x00000000fb000000,0x00000000fca0e430,0x0000000100000000)
  to   space 77824K, 0% used [0x00000000f6400000,0x00000000f6400000,0x00000000fb000000)
 ParOldGen       total 276480K, used 178657K [0x00000000c0000000, 0x00000000d0e00000, 0x00000000eab00000)
  object space 276480K, 64% used [0x00000000c0000000,0x00000000cae785a8,0x00000000d0e00000)
 Metaspace       used 6945K, capacity 7608K, committed 7936K, reserved 1056768K
  class space    used 643K, capacity 688K, committed 768K, reserved 1048576K
Event: 15.770 GC heap after
Heap after GC invocations=18 (full 3):
 PSYoungGen      total 223232K, used 33528K [0x00000000eab00000, 0x00000000ff500000, 0x0000000100000000)
  eden space 189440K, 0% used [0x00000000eab00000,0x00000000eab00000,0x00000000f6400000)
  from space 33792K, 99% used [0x00000000f6400000,0x00000000f84be098,0x00000000f8500000)
  to   space 74240K, 0% used [0x00000000fac80000,0x00000000fac80000,0x00000000ff500000)
 ParOldGen       total 276480K, used 202634K [0x00000000c0000000, 0x00000000d0e00000, 0x00000000eab00000)
  object space 276480K, 73% used [0x00000000c0000000,0x00000000cc5e2800,0x00000000d0e00000)
 Metaspace       used 6945K, capacity 7608K, committed 7936K, reserved 1056768K
  class space    used 643K, capacity 688K, committed 768K, reserved 1048576K
}

Deoptimization events (10 events):
Event: 14.276 Thread 0x00000000576da800 Uncommon trap: reason=class_check action=maybe_recompile pc=0x000000000323687c method=java.util.Arrays.hashCode([Ljava/lang/Object;)I @ 43
Event: 14.276 Thread 0x00000000576da800 Uncommon trap: reason=class_check action=maybe_recompile pc=0x0000000002f23d68 method=java.util.Arrays.hashCode([Ljava/lang/Object;)I @ 43
Event: 14.398 Thread 0x00000000576da800 Uncommon trap: reason=unstable_if action=reinterpret pc=0x00000000030170d0 method=java.util.HashMap.putVal(ILjava/lang/Object;Ljava/lang/Object;ZZ)Ljava/lang/Object; @ 206
Event: 15.212 Thread 0x00000000576da800 Uncommon trap: reason=class_check action=maybe_recompile pc=0x0000000002e544f8 method=java.util.Arrays.equals([Ljava/lang/Object;[Ljava/lang/Object;)Z @ 62
Event: 15.213 Thread 0x00000000576da800 Uncommon trap: reason=class_check action=maybe_recompile pc=0x0000000002e544f8 method=java.util.Arrays.equals([Ljava/lang/Object;[Ljava/lang/Object;)Z @ 62
Event: 15.213 Thread 0x00000000576da800 Uncommon trap: reason=class_check action=maybe_recompile pc=0x0000000002e544f8 method=java.util.Arrays.equals([Ljava/lang/Object;[Ljava/lang/Object;)Z @ 62
Event: 15.213 Thread 0x00000000576da800 Uncommon trap: reason=class_check action=maybe_recompile pc=0x0000000002e544f8 method=java.util.Arrays.equals([Ljava/lang/Object;[Ljava/lang/Object;)Z @ 62
Event: 15.213 Thread 0x00000000576da800 Uncommon trap: reason=unstable_if action=reinterpret pc=0x000000000331e16c method=java.util.TreeMap.put(Ljava/lang/Object;Ljava/lang/Object;)Ljava/lang/Object; @ 163
Event: 16.260 Thread 0x00000000576da800 Uncommon trap: reason=unstable_if action=reinterpret pc=0x00000000036b7930 method=com.android.dx.dex.code.OutputFinisher.align64bits([Lcom/android/dx/dex/code/Dop;)V @ 237
Event: 16.568 Thread 0x00000000576da800 Uncommon trap: reason=unstable_if action=reinterpret pc=0x0000000002d4c03c method=java.lang.Long.numberOfTrailingZeros(J)I @ 3

Internal exceptions (9 events):
Event: 0.039 Thread 0x000000000239e000 Exception <a 'java/lang/NoSuchMethodError': Method sun.misc.Unsafe.defineClass(Ljava/lang/String;[BII)Ljava/lang/Class; name or signature does not match> (0x00000000eab0d328) thrown at [C:\workspace\8-2-build-windows-amd64-cygwin\jdk8u65\4987\hotspot\src\sù⁄∫ã)¬£?
Event: 0.039 Thread 0x000000000239e000 Exception <a 'java/lang/NoSuchMethodError': Method sun.misc.Unsafe.prefetchRead(Ljava/lang/Object;J)V name or signature does not match> (0x00000000eab0d610) thrown at [C:\workspace\8-2-build-windows-amd64-cygwin\jdk8u65\4987\hotspot\src\share\vm\prims\jni.t5q…»tÈ?
Event: 0.796 Thread 0x0000000056951000 Implicit null exception at 0x0000000002dbeb12 to 0x0000000002dbebb1
Event: 1.242 Thread 0x0000000056951000 Implicit null exception at 0x0000000002f4c676 to 0x0000000002f4f399
Event: 2.412 Thread 0x000000000239e000 Exception <a 'java/lang/ArrayIndexOutOfBoundsException': 18> (0x00000000ee3e6440) thrown at [C:\workspace\8-2-build-windows-amd64-cygwin\jdk8u65\4987\hotspot\src\share\vm\interpreter\interpreterRuntime.cpp, line 366]
Event: 2.412 Thread 0x000000000239e000 Exception <a 'java/lang/ArrayIndexOutOfBoundsException': 145> (0x00000000ee3e7fc0) thrown at [C:\workspace\8-2-build-windows-amd64-cygwin\jdk8u65\4987\hotspot\src\share\vm\interpreter\interpreterRuntime.cpp, line 366]
Event: 2.413 Thread 0x000000000239e000 Exception <a 'java/lang/ArrayIndexOutOfBoundsException': 40> (0x00000000ee3e92a8) thrown at [C:\workspace\8-2-build-windows-amd64-cygwin\jdk8u65\4987\hotspot\src\share\vm\interpreter\interpreterRuntime.cpp, line 366]
Event: 5.629 Thread 0x00000000576da800 Implicit null exception at 0x00000000033732a4 to 0x0000000003377805
Event: 6.012 Thread 0x0000000057eba800 Implicit null exception at 0x0000000003139280 to 0x000000000313a65d

Events (10 events):
Event: 16.451 loading class com/android/dx/dex/file/DebugInfoEncoder$2 done
Event: 16.494 Thread 0x00000000576da800 DEOPT PACKING pc=0x00000000036ea99e sp=0x0000000056fbe3f0
Event: 16.494 Thread 0x00000000576da800 DEOPT UNPACKING pc=0x0000000002ac71bf sp=0x0000000056fbe218 mode 0
Event: 16.560 loading class com/android/dex/EncodedValueCodec
Event: 16.560 loading class com/android/dex/EncodedValueCodec done
Event: 16.568 Thread 0x00000000576da800 Uncommon trap: trap_request=0xffffff65 fr.pc=0x0000000002d4c03c
Event: 16.568 Thread 0x00000000576da800 DEOPT PACKING pc=0x0000000002d4c03c sp=0x0000000056fbe4d0
Event: 16.568 Thread 0x00000000576da800 DEOPT UNPACKING pc=0x0000000002ac556a sp=0x0000000056fbe460 mode 2
Event: 16.632 loading class com/android/dx/dex/file/MapItem
Event: 16.632 loading class com/android/dx/dex/file/MapItem done


Dynamic libraries:
0x000000013f350000 - 0x000000013f387000 	C:\Program Files\Java\jdk1.8.0_65\bin\java.exe
0x0000000077a40000 - 0x0000000077bea000 	C:\Windows\SYSTEM32\ntdll.dll
0x0000000077820000 - 0x000000007793f000 	C:\Windows\system32\kernel32.dll
0x000007fefdab0000 - 0x000007fefdb1b000 	C:\Windows\system32\KERNELBASE.dll
0x000007fefe580000 - 0x000007fefe65b000 	C:\Windows\system32\ADVAPI32.dll
0x000007feff910000 - 0x000007feff9af000 	C:\Windows\system32\msvcrt.dll
0x000007feff8f0000 - 0x000007feff90f000 	C:\Windows\SYSTEM32\sechost.dll
0x000007fefdb80000 - 0x000007fefdcad000 	C:\Windows\system32\RPCRT4.dll
0x0000000077940000 - 0x0000000077a3a000 	C:\Windows\system32\USER32.dll
0x000007fefdcb0000 - 0x000007fefdd17000 	C:\Windows\system32\GDI32.dll
0x000007feff9b0000 - 0x000007feff9be000 	C:\Windows\system32\LPK.dll
0x000007feffc80000 - 0x000007feffd4a000 	C:\Windows\system32\USP10.dll
0x000007fefc350000 - 0x000007fefc544000 	C:\Windows\WinSxS\amd64_microsoft.windows.common-controls_6595b64144ccf1df_6.0.7601.18837_none_fa3b1e3d17594757\COMCTL32.dll
0x000007fefdd20000 - 0x000007fefdd91000 	C:\Windows\system32\SHLWAPI.dll
0x000007feffb70000 - 0x000007feffb9e000 	C:\Windows\system32\IMM32.DLL
0x000007fefdda0000 - 0x000007fefdea9000 	C:\Windows\system32\MSCTF.dll
0x000000006ec10000 - 0x000000006ece2000 	C:\Program Files\Java\jdk1.8.0_65\jre\bin\msvcr100.dll
0x0000000063310000 - 0x0000000063b99000 	C:\Program Files\Java\jdk1.8.0_65\jre\bin\server\jvm.dll
0x000007fefa1e0000 - 0x000007fefa1e9000 	C:\Windows\system32\WSOCK32.dll
0x000007fefe660000 - 0x000007fefe6ad000 	C:\Windows\system32\WS2_32.dll
0x000007feffac0000 - 0x000007feffac8000 	C:\Windows\system32\NSI.dll
0x000007fefb480000 - 0x000007fefb4bb000 	C:\Windows\system32\WINMM.dll
0x000007fefc980000 - 0x000007fefc98c000 	C:\Windows\system32\VERSION.dll
0x0000000077c00000 - 0x0000000077c07000 	C:\Windows\system32\PSAPI.DLL
0x0000000075530000 - 0x000000007553f000 	C:\Program Files\Java\jdk1.8.0_65\jre\bin\verify.dll
0x0000000075470000 - 0x0000000075499000 	C:\Program Files\Java\jdk1.8.0_65\jre\bin\java.dll
0x00000000754f0000 - 0x0000000075506000 	C:\Program Files\Java\jdk1.8.0_65\jre\bin\zip.dll
0x000007fefe6b0000 - 0x000007feff43a000 	C:\Windows\system32\SHELL32.dll
0x000007fefe0c0000 - 0x000007fefe2c3000 	C:\Windows\system32\ole32.dll
0x000007fefd7d0000 - 0x000007fefd7df000 	C:\Windows\system32\profapi.dll
0x000007fee7950000 - 0x000007fee7a75000 	C:\Windows\system32\dbghelp.dll

VM Arguments:
jvm_args: -Djava.awt.headless=true -Xmx1024M -Dfile.encoding=windows-1252 -Duser.country=US -Duser.language=en -Duser.variant 
java_command: com.android.dx.command.Main --dex --num-threads=4 --multi-dex --main-dex-list C:\Users\Alvin\Documents\Programming\Git Repo\WWUICTD\smoking_cessation\android_project\app\build\intermediates\multi-dex\debug\maindexlist.txt --output C:\Users\Alvin\Documents\Programming\Git Repo\WWUICTD\smoking_cessation\android_project\app\build\intermediates\transforms\dex\debug\folders\1000\1f\main C:\Users\Alvin\Documents\Programming\Git Repo\WWUICTD\smoking_cessation\android_project\app\build\intermediates\transforms\jarMerging\debug\jars\1\1f\combined.jar
java_class_path (initial): C:\Users\Alvin\AppData\Local\Android\sdk\build-tools\23.0.2\lib\dx.jar
Launcher Type: SUN_STANDARD

Environment Variables:
PATH=C:\ProgramData\Oracle\Java\javapath;C:\Program Files (x86)\NVIDIA Corporation\PhysX\Common;C:\Windows\system32;C:\Windows;C:\Windows\System32\Wbem;C:\Windows\System32\WindowsPowerShell\v1.0\;C:\Program Files (x86)\MySQL\MySQL Fabric 1.5 & MySQL Utilities 1.5\;C:\Program Files (x86)\MySQL\MySQL Fabric 1.5 & MySQL Utilities 1.5\Doctrine extensions for PHP\;C:\Program Files (x86)\AMD\ATI.ACE\Core-Static
USERNAME=Alvin
OS=Windows_NT
PROCESSOR_IDENTIFIER=Intel64 Family 6 Model 15 Stepping 11, GenuineIntel



---------------  S Y S T E M  ---------------

OS: Windows 7 , 64 bit Build 7601 (6.1.7601.19160)

CPU:total 4 (4 cores per cpu, 1 threads per core) family 6 model 15 stepping 11, cmov, cx8, fxsr, mmx, sse, sse2, sse3, ssse3, tsc

Memory: 4k page, physical 4192804k(448272k free), swap 8383772k(3410860k free)

vm_info: Java HotSpot(TM) 64-Bit Server VM (25.65-b01) for windows-amd64 JRE (1.8.0_65-b17), built on Oct  6 2015 16:39:20 by "java_re" with MS VC++ 10.0 (VS2010)

time: Thu Mar 10 22:07:38 2016
elapsed time: 16 seconds (0d 0h 0m 16s)

