#
# A fatal error has been detected by the Java Runtime Environment:
#
#  EXCEPTION_ACCESS_VIOLATION (0xc0000005) at pc=0xffffffffa38d5120, pid=5216, tid=3304
#
# JRE version: Java(TM) SE Runtime Environment (8.0_65-b17) (build 1.8.0_65-b17)
# Java VM: Java HotSpot(TM) 64-Bit Server VM (25.65-b01 mixed mode windows-amd64 compressed oops)
# Problematic frame:
# C  0xffffffffa38d5120
#
# Failed to write core dump. Minidumps are not enabled by default on client versions of Windows
#
# If you would like to submit a bug report, please visit:
#   http://bugreport.java.com/bugreport/crash.jsp
#

---------------  T H R E A D  ---------------

Current thread (0x0000000057dcb000):  JavaThread "pool-2-thread-2" [_thread_in_Java, id=3304, stack(0x0000000055f80000,0x0000000056080000)]

siginfo: ExceptionCode=0xc0000005, ExceptionInformation=0x0000000000000008 0xffffffffa38d5120

Registers:
RAX=0x000000000220e002, RBX=0x0000000000013c78, RCX=0x0000000054b7be60, RDX=0x0000000000000002
RSP=0x000000005607e0f8, RBP=0x000000005607e288, RSI=0x0000000000000000, RDI=0x0000000000013c78
R8 =0x00000000ecb2aad8, R9 =0x0000000000000000, R10=0x0000000000000000, R11=0x0000000002bab580
R12=0x0000000000000000, R13=0x000000005607e228, R14=0x000000005607e2e0, R15=0x0000000057dcb000
RIP=0xffffffffa38d5120, EFLAGS=0x0000000000010202

Top of Stack: (sp=0x000000005607e0f8)
0x000000005607e0f8:   0000000002b34f2c 000000005607e1b0
0x000000005607e108:   00000000c0004808 00000000eb1120d8
0x000000005607e118:   000000005607e118 0000000054ba03e0
0x000000005607e128:   000000005607e1a0 0000000054ba1498
0x000000005607e138:   0000000054c87a58 0000000054ba04a0
0x000000005607e148:   0000000000000000 00000000eb112120
0x000000005607e158:   000000005607e1e8 000000005607e1c8
0x000000005607e168:   00000000028d7495 0000000000000001
0x000000005607e178:   00000000028d7495 00000000eb112120
0x000000005607e188:   000000005607e188 0000000054ba03e0
0x000000005607e198:   000000005607e210 0000000054ba1498
0x000000005607e1a8:   0000000054c87a58 0000000000000003
0x000000005607e1b8:   00000000c0004808 000000005607e1d8
0x000000005607e1c8:   000000005607e258 000000005607e288
0x000000005607e1d8:   0000000002bab5e4 0000000000000000
0x000000005607e1e8:   0000000000000001 000000005607e340 

Instructions: (pc=0xffffffffa38d5120)
0xffffffffa38d5100:   
[error occurred during error reporting (printing registers, top of stack, instructions near pc), id 0xc0000005]

Register to memory mapping:

RAX=0x000000000220e002 is an unknown value
RBX=0x0000000000013c78 is an unknown value
RCX=0x0000000054b7be60 is pointing into metadata
RDX=0x0000000000000002 is an unknown value
RSP=0x000000005607e0f8 is pointing into the stack for thread: 0x0000000057dcb000
RBP=0x000000005607e288 is pointing into the stack for thread: 0x0000000057dcb000
RSI=0x0000000000000000 is an unknown value
RDI=0x0000000000013c78 is an unknown value
R8 =0x00000000ecb2aad8 is an oop
com.android.dx.rop.type.Type 
 - klass: 'com/android/dx/rop/type/Type'
R9 =0x0000000000000000 is an unknown value
R10=0x0000000000000000 is an unknown value
R11=0x0000000002bab580 is at entry_point+0 in (nmethod*)0x0000000002bab410
R12=0x0000000000000000 is an unknown value
R13=0x000000005607e228 is pointing into the stack for thread: 0x0000000057dcb000
R14=0x000000005607e2e0 is pointing into the stack for thread: 0x0000000057dcb000
R15=0x0000000057dcb000 is a thread


Stack: [0x0000000055f80000,0x0000000056080000],  sp=0x000000005607e0f8,  free space=1016k
Native frames: (J=compiled Java code, j=interpreted, Vv=VM code, C=native code)
C  0xffffffffa38d5120


---------------  P R O C E S S  ---------------

Java Threads: ( => current thread )
  0x0000000057dcc800 JavaThread "pool-2-thread-4" [_thread_blocked, id=5140, stack(0x0000000059860000,0x0000000059960000)]
  0x0000000057dcb800 JavaThread "pool-2-thread-3" [_thread_blocked, id=4992, stack(0x00000000596d0000,0x00000000597d0000)]
=>0x0000000057dcb000 JavaThread "pool-2-thread-2" [_thread_in_Java, id=3304, stack(0x0000000055f80000,0x0000000056080000)]
  0x0000000058140000 JavaThread "pool-3-thread-1" [_thread_blocked, id=2668, stack(0x0000000059530000,0x0000000059630000)]
  0x0000000058117800 JavaThread "pool-2-thread-1" [_thread_blocked, id=936, stack(0x00000000592a0000,0x00000000593a0000)]
  0x00000000565de800 JavaThread "Service Thread" daemon [_thread_blocked, id=3528, stack(0x0000000057800000,0x0000000057900000)]
  0x000000005656b000 JavaThread "C1 CompilerThread2" daemon [_thread_blocked, id=3356, stack(0x0000000057700000,0x0000000057800000)]
  0x0000000056569800 JavaThread "C2 CompilerThread1" daemon [_thread_blocked, id=2736, stack(0x0000000057600000,0x0000000057700000)]
  0x0000000055095000 JavaThread "C2 CompilerThread0" daemon [_thread_blocked, id=5136, stack(0x0000000057500000,0x0000000057600000)]
  0x0000000055094000 JavaThread "Attach Listener" daemon [_thread_blocked, id=3312, stack(0x00000000569a0000,0x0000000056aa0000)]
  0x0000000055092800 JavaThread "Signal Dispatcher" daemon [_thread_blocked, id=5652, stack(0x0000000057380000,0x0000000057480000)]
  0x000000005503a000 JavaThread "Finalizer" daemon [_thread_blocked, id=3624, stack(0x0000000056220000,0x0000000056320000)]
  0x0000000055033800 JavaThread "Reference Handler" daemon [_thread_blocked, id=5964, stack(0x0000000056340000,0x0000000056440000)]
  0x000000000222e000 JavaThread "main" [_thread_blocked, id=5312, stack(0x0000000002500000,0x0000000002600000)]

Other Threads:
  0x000000005502e000 VMThread [stack: 0x00000000560c0000,0x00000000561c0000] [id=6052]
  0x0000000056606000 WatcherThread [stack: 0x00000000579c0000,0x0000000057ac0000] [id=6136]

VM state:not at safepoint (normal execution)

VM Mutex/Monitor currently owned by a thread: None

Heap:
 PSYoungGen      total 35328K, used 8928K [0x00000000eab00000, 0x00000000ef000000, 0x0000000100000000)
  eden space 32768K, 19% used [0x00000000eab00000,0x00000000eb13ee28,0x00000000ecb00000)
  from space 2560K, 98% used [0x00000000ecb00000,0x00000000ecd793f8,0x00000000ecd80000)
  to   space 2560K, 0% used [0x00000000eed80000,0x00000000eed80000,0x00000000ef000000)
 ParOldGen       total 44032K, used 2708K [0x00000000c0000000, 0x00000000c2b00000, 0x00000000eab00000)
  object space 44032K, 6% used [0x00000000c0000000,0x00000000c02a51c0,0x00000000c2b00000)
 Metaspace       used 5840K, capacity 6768K, committed 7040K, reserved 1056768K
  class space    used 599K, capacity 616K, committed 640K, reserved 1048576K

Card table byte_map: [0x0000000011c90000,0x0000000011ea0000] byte_map_base: 0x0000000011690000

Marking Bits: (ParMarkBitMap*) 0x00000000572fa5b0
 Begin Bits: [0x00000000124a0000, 0x00000000134a0000)
 End Bits:   [0x00000000134a0000, 0x00000000144a0000)

Polling page: 0x0000000000330000

CodeCache: size=245760Kb used=3157Kb max_used=3157Kb free=242602Kb
 bounds [0x00000000028d0000, 0x0000000002bf0000, 0x00000000118d0000]
 total_blobs=1161 nmethods=894 adapters=182
 compilation: enabled

Compilation events (10 events):
Event: 0.750 Thread 0x000000005656b000  804       1       com.android.dx.rop.code.BasicBlockList$RegCountVisitor::getRegCount (5 bytes)
Event: 0.750 Thread 0x000000005656b000 nmethod 804 0x0000000002be6e10 code [0x0000000002be6f60, 0x0000000002be7070]
Event: 0.750 Thread 0x000000005656b000  807       1       com.android.dx.cf.attrib.AttSourceFile::getSourceFile (5 bytes)
Event: 0.750 Thread 0x000000005656b000 nmethod 807 0x0000000002be70d0 code [0x0000000002be7220, 0x0000000002be7330]
Event: 0.750 Thread 0x000000005656b000  847       1       java.util.HashMap$Node::getValue (5 bytes)
Event: 0.751 Thread 0x000000005656b000 nmethod 847 0x0000000002be7390 code [0x0000000002be74e0, 0x0000000002be75f0]
Event: 0.751 Thread 0x000000005656b000  844       1       com.android.dx.cf.attrib.AttCode::getMaxStack (5 bytes)
Event: 0.751 Thread 0x000000005656b000 nmethod 844 0x0000000002be7650 code [0x0000000002be77a0, 0x0000000002be78b0]
Event: 0.751 Thread 0x000000005656b000  712       1       com.android.dx.command.dexer.Main$Arguments::access$1900 (5 bytes)
Event: 0.751 Thread 0x000000005656b000 nmethod 712 0x0000000002be7910 code [0x0000000002be7a60, 0x0000000002be7b50]

GC Heap History (6 events):
Event: 0.200 GC heap before
{Heap before GC invocations=1 (full 0):
 PSYoungGen      total 18944K, used 16384K [0x00000000eab00000, 0x00000000ec000000, 0x0000000100000000)
  eden space 16384K, 100% used [0x00000000eab00000,0x00000000ebb00000,0x00000000ebb00000)
  from space 2560K, 0% used [0x00000000ebd80000,0x00000000ebd80000,0x00000000ec000000)
  to   space 2560K, 0% used [0x00000000ebb00000,0x00000000ebb00000,0x00000000ebd80000)
 ParOldGen       total 44032K, used 0K [0x00000000c0000000, 0x00000000c2b00000, 0x00000000eab00000)
  object space 44032K, 0% used [0x00000000c0000000,0x00000000c0000000,0x00000000c2b00000)
 Metaspace       used 3406K, capacity 4720K, committed 4864K, reserved 1056768K
  class space    used 371K, capacity 424K, committed 512K, reserved 1048576K
Event: 0.206 GC heap after
Heap after GC invocations=1 (full 0):
 PSYoungGen      total 18944K, used 1421K [0x00000000eab00000, 0x00000000ed000000, 0x0000000100000000)
  eden space 16384K, 0% used [0x00000000eab00000,0x00000000eab00000,0x00000000ebb00000)
  from space 2560K, 55% used [0x00000000ebb00000,0x00000000ebc63698,0x00000000ebd80000)
  to   space 2560K, 0% used [0x00000000ecd80000,0x00000000ecd80000,0x00000000ed000000)
 ParOldGen       total 44032K, used 8K [0x00000000c0000000, 0x00000000c2b00000, 0x00000000eab00000)
  object space 44032K, 0% used [0x00000000c0000000,0x00000000c0002000,0x00000000c2b00000)
 Metaspace       used 3406K, capacity 4720K, committed 4864K, reserved 1056768K
  class space    used 371K, capacity 424K, committed 512K, reserved 1048576K
}
Event: 0.230 GC heap before
{Heap before GC invocations=2 (full 0):
 PSYoungGen      total 18944K, used 17805K [0x00000000eab00000, 0x00000000ed000000, 0x0000000100000000)
  eden space 16384K, 100% used [0x00000000eab00000,0x00000000ebb00000,0x00000000ebb00000)
  from space 2560K, 55% used [0x00000000ebb00000,0x00000000ebc63698,0x00000000ebd80000)
  to   space 2560K, 0% used [0x00000000ecd80000,0x00000000ecd80000,0x00000000ed000000)
 ParOldGen       total 44032K, used 8K [0x00000000c0000000, 0x00000000c2b00000, 0x00000000eab00000)
  object space 44032K, 0% used [0x00000000c0000000,0x00000000c0002000,0x00000000c2b00000)
 Metaspace       used 3406K, capacity 4720K, committed 4864K, reserved 1056768K
  class space    used 371K, capacity 424K, committed 512K, reserved 1048576K
Event: 0.234 GC heap after
Heap after GC invocations=2 (full 0):
 PSYoungGen      total 35328K, used 1200K [0x00000000eab00000, 0x00000000ed000000, 0x0000000100000000)
  eden space 32768K, 0% used [0x00000000eab00000,0x00000000eab00000,0x00000000ecb00000)
  from space 2560K, 46% used [0x00000000ecd80000,0x00000000eceac010,0x00000000ed000000)
  to   space 2560K, 0% used [0x00000000ecb00000,0x00000000ecb00000,0x00000000ecd80000)
 ParOldGen       total 44032K, used 16K [0x00000000c0000000, 0x00000000c2b00000, 0x00000000eab00000)
  object space 44032K, 0% used [0x00000000c0000000,0x00000000c0004000,0x00000000c2b00000)
 Metaspace       used 3406K, capacity 4720K, committed 4864K, reserved 1056768K
  class space    used 371K, capacity 424K, committed 512K, reserved 1048576K
}
Event: 0.577 GC heap before
{Heap before GC invocations=3 (full 0):
 PSYoungGen      total 35328K, used 33968K [0x00000000eab00000, 0x00000000ed000000, 0x0000000100000000)
  eden space 32768K, 100% used [0x00000000eab00000,0x00000000ecb00000,0x00000000ecb00000)
  from space 2560K, 46% used [0x00000000ecd80000,0x00000000eceac010,0x00000000ed000000)
  to   space 2560K, 0% used [0x00000000ecb00000,0x00000000ecb00000,0x00000000ecd80000)
 ParOldGen       total 44032K, used 16K [0x00000000c0000000, 0x00000000c2b00000, 0x00000000eab00000)
  object space 44032K, 0% used [0x00000000c0000000,0x00000000c0004000,0x00000000c2b00000)
 Metaspace       used 5657K, capacity 6576K, committed 6784K, reserved 1056768K
  class space    used 597K, capacity 616K, committed 640K, reserved 1048576K
Event: 0.588 GC heap after
Heap after GC invocations=3 (full 0):
 PSYoungGen      total 35328K, used 2532K [0x00000000eab00000, 0x00000000ef000000, 0x0000000100000000)
  eden space 32768K, 0% used [0x00000000eab00000,0x00000000eab00000,0x00000000ecb00000)
  from space 2560K, 98% used [0x00000000ecb00000,0x00000000ecd793f8,0x00000000ecd80000)
  to   space 2560K, 0% used [0x00000000eed80000,0x00000000eed80000,0x00000000ef000000)
 ParOldGen       total 44032K, used 2708K [0x00000000c0000000, 0x00000000c2b00000, 0x00000000eab00000)
  object space 44032K, 6% used [0x00000000c0000000,0x00000000c02a51c0,0x00000000c2b00000)
 Metaspace       used 5657K, capacity 6576K, committed 6784K, reserved 1056768K
  class space    used 597K, capacity 616K, committed 640K, reserved 1048576K
}

Deoptimization events (5 events):
Event: 0.119 Thread 0x000000000222e000 Uncommon trap: reason=unstable_if action=reinterpret pc=0x00000000029f0c78 method=java.lang.String.replace(CC)Ljava/lang/String; @ 35
Event: 0.267 Thread 0x000000000222e000 Uncommon trap: reason=unstable_if action=reinterpret pc=0x0000000002a3b2c4 method=java.lang.String.compareTo(Ljava/lang/String;)I @ 38
Event: 0.531 Thread 0x0000000057dcb800 Uncommon trap: reason=unstable_if action=reinterpret pc=0x0000000002b2ed9c method=java.util.HashMap.getNode(ILjava/lang/Object;)Ljava/util/HashMap$Node; @ 62
Event: 0.606 Thread 0x0000000057dcc800 Uncommon trap: reason=unstable_if action=reinterpret pc=0x0000000002b89520 method=java.util.BitSet.nextSetBit(I)I @ 87
Event: 0.719 Thread 0x0000000057dcb000 Uncommon trap: reason=unstable_if action=reinterpret pc=0x0000000002b89cb0 method=com.android.dx.rop.code.RegisterSpec.equals(ILcom/android/dx/rop/type/TypeBearer;Lcom/android/dx/rop/code/LocalItem;)Z @ 16

Internal exceptions (2 events):
Event: 0.040 Thread 0x000000000222e000 Exception <a 'java/lang/NoSuchMethodError': Method sun.misc.Unsafe.defineClass(Ljava/lang/String;[BII)Ljava/lang/Class; name or signature does not match> (0x00000000eab0d620) thrown at [C:\workspace\8-2-build-windows-amd64-cygwin\jdk8u65\4987\hotspot\src\sR	<ëaZ¤?
Event: 0.040 Thread 0x000000000222e000 Exception <a 'java/lang/NoSuchMethodError': Method sun.misc.Unsafe.prefetchRead(Ljava/lang/Object;J)V name or signature does not match> (0x00000000eab0d908) thrown at [C:\workspace\8-2-build-windows-amd64-cygwin\jdk8u65\4987\hotspot\src\share\vm\prims\jni.`

Events (10 events):
Event: 0.606 Thread 0x0000000057dcc800 DEOPT UNPACKING pc=0x000000000291556a sp=0x000000005995e628 mode 2
Event: 0.637 loading class java/util/DualPivotQuicksort
Event: 0.637 loading class java/util/DualPivotQuicksort done
Event: 0.699 loading class com/android/dx/dex/file/MethodAnnotationStruct
Event: 0.699 loading class com/android/dx/dex/file/MethodAnnotationStruct done
Event: 0.704 loading class java/util/ArrayList$1
Event: 0.704 loading class java/util/ArrayList$1 done
Event: 0.719 Thread 0x0000000057dcb000 Uncommon trap: trap_request=0xffffff65 fr.pc=0x0000000002b89cb0
Event: 0.719 Thread 0x0000000057dcb000 DEOPT PACKING pc=0x0000000002b89cb0 sp=0x000000005607e150
Event: 0.719 Thread 0x0000000057dcb000 DEOPT UNPACKING pc=0x000000000291556a sp=0x000000005607df90 mode 2


Dynamic libraries:
0x000000013fbc0000 - 0x000000013fbf7000 	C:\Program Files\Java\jdk1.8.0_65\bin\java.exe
0x0000000076e60000 - 0x000000007700a000 	C:\Windows\SYSTEM32\ntdll.dll
0x0000000076c40000 - 0x0000000076d5f000 	C:\Windows\system32\kernel32.dll
0x000007fefcc60000 - 0x000007fefcccb000 	C:\Windows\system32\KERNELBASE.dll
0x000007fefed10000 - 0x000007fefedeb000 	C:\Windows\system32\ADVAPI32.dll
0x000007feff0d0000 - 0x000007feff16f000 	C:\Windows\system32\msvcrt.dll
0x000007fefd4f0000 - 0x000007fefd50f000 	C:\Windows\SYSTEM32\sechost.dll
0x000007fefefa0000 - 0x000007feff0cd000 	C:\Windows\system32\RPCRT4.dll
0x0000000076d60000 - 0x0000000076e5a000 	C:\Windows\system32\USER32.dll
0x000007fefef20000 - 0x000007fefef87000 	C:\Windows\system32\GDI32.dll
0x000007fefef90000 - 0x000007fefef9e000 	C:\Windows\system32\LPK.dll
0x000007fefd210000 - 0x000007fefd2da000 	C:\Windows\system32\USP10.dll
0x000007fefb770000 - 0x000007fefb964000 	C:\Windows\WinSxS\amd64_microsoft.windows.common-controls_6595b64144ccf1df_6.0.7601.18837_none_fa3b1e3d17594757\COMCTL32.dll
0x000007fefd190000 - 0x000007fefd201000 	C:\Windows\system32\SHLWAPI.dll
0x000007fefeef0000 - 0x000007fefef1e000 	C:\Windows\system32\IMM32.DLL
0x000007fefcfa0000 - 0x000007fefd0a9000 	C:\Windows\system32\MSCTF.dll
0x0000000056480000 - 0x0000000056552000 	C:\Program Files\Java\jdk1.8.0_65\jre\bin\msvcr100.dll
0x0000000056af0000 - 0x0000000057379000 	C:\Program Files\Java\jdk1.8.0_65\jre\bin\server\jvm.dll
0x000007fef9600000 - 0x000007fef9609000 	C:\Windows\system32\WSOCK32.dll
0x000007fefee90000 - 0x000007fefeedd000 	C:\Windows\system32\WS2_32.dll
0x000007fefeee0000 - 0x000007fefeee8000 	C:\Windows\system32\NSI.dll
0x000007fefa8d0000 - 0x000007fefa90b000 	C:\Windows\system32\WINMM.dll
0x000007fefbda0000 - 0x000007fefbdac000 	C:\Windows\system32\VERSION.dll
0x0000000077020000 - 0x0000000077027000 	C:\Windows\system32\PSAPI.DLL
0x00000000670c0000 - 0x00000000670cf000 	C:\Program Files\Java\jdk1.8.0_65\jre\bin\verify.dll
0x00000000658a0000 - 0x00000000658c9000 	C:\Program Files\Java\jdk1.8.0_65\jre\bin\java.dll
0x0000000065880000 - 0x0000000065896000 	C:\Program Files\Java\jdk1.8.0_65\jre\bin\zip.dll
0x000007fefdbf0000 - 0x000007fefe97a000 	C:\Windows\system32\SHELL32.dll
0x000007fefd2e0000 - 0x000007fefd4e3000 	C:\Windows\system32\ole32.dll
0x000007fefcbe0000 - 0x000007fefcbef000 	C:\Windows\system32\profapi.dll
0x000007fee6640000 - 0x000007fee6765000 	C:\Windows\system32\dbghelp.dll

VM Arguments:
jvm_args: -Djava.awt.headless=true -Xmx1024M -Dfile.encoding=windows-1252 -Duser.country=US -Duser.language=en -Duser.variant 
java_command: com.android.dx.command.Main --dex --num-threads=4 --multi-dex --main-dex-list C:\Users\Alvin\Documents\Programming\Git Repo\WWUICTD\smoking_cessation\android_project\app\build\intermediates\multi-dex\debug\maindexlist.txt --output C:\Users\Alvin\Documents\Programming\Git Repo\WWUICTD\smoking_cessation\android_project\app\build\intermediates\transforms\dex\debug\folders\1000\1f\main C:\Users\Alvin\Documents\Programming\Git Repo\WWUICTD\smoking_cessation\android_project\app\build\intermediates\transforms\jarMerging\debug\jars\1\1f\combined.jar
java_class_path (initial): C:\Users\Alvin\AppData\Local\Android\sdk\build-tools\23.0.2\lib\dx.jar
Launcher Type: SUN_STANDARD

Environment Variables:
PATH=C:\ProgramData\Oracle\Java\javapath;C:\Program Files (x86)\NVIDIA Corporation\PhysX\Common;C:\Windows\system32;C:\Windows;C:\Windows\System32\Wbem;C:\Windows\System32\WindowsPowerShell\v1.0\;C:\Program Files (x86)\MySQL\MySQL Fabric 1.5 & MySQL Utilities 1.5\;C:\Program Files (x86)\MySQL\MySQL Fabric 1.5 & MySQL Utilities 1.5\Doctrine extensions for PHP\;C:\Program Files (x86)\AMD\ATI.ACE\Core-Static
USERNAME=Alvin
OS=Windows_NT
PROCESSOR_IDENTIFIER=Intel64 Family 6 Model 15 Stepping 11, GenuineIntel



---------------  S Y S T E M  ---------------

OS: Windows 7 , 64 bit Build 7601 (6.1.7601.19160)

CPU:total 4 (4 cores per cpu, 1 threads per core) family 6 model 15 stepping 11, cmov, cx8, fxsr, mmx, sse, sse2, sse3, ssse3, tsc

Memory: 4k page, physical 4192804k(800204k free), swap 8383772k(3311004k free)

vm_info: Java HotSpot(TM) 64-Bit Server VM (25.65-b01) for windows-amd64 JRE (1.8.0_65-b17), built on Oct  6 2015 16:39:20 by "java_re" with MS VC++ 10.0 (VS2010)

time: Wed Mar 16 19:50:05 2016
elapsed time: 0 seconds (0d 0h 0m 0s)

