#
# A fatal error has been detected by the Java Runtime Environment:
#
#  EXCEPTION_ACCESS_VIOLATION (0xc0000005) at pc=0xffffffffa3875120, pid=7068, tid=5916
#
# JRE version: Java(TM) SE Runtime Environment (8.0_65-b17) (build 1.8.0_65-b17)
# Java VM: Java HotSpot(TM) 64-Bit Server VM (25.65-b01 mixed mode windows-amd64 compressed oops)
# Problematic frame:
# C  0xffffffffa3875120
#
# Failed to write core dump. Minidumps are not enabled by default on client versions of Windows
#
# If you would like to submit a bug report, please visit:
#   http://bugreport.java.com/bugreport/crash.jsp
#

---------------  T H R E A D  ---------------

Current thread (0x00000000581d4800):  JavaThread "pool-1-thread-1" [_thread_in_Java, id=5916, stack(0x0000000059430000,0x0000000059530000)]

siginfo: ExceptionCode=0xc0000005, ExceptionInformation=0x0000000000000008 0xffffffffa3875120

Registers:
RAX=0x0000000054cc4f78, RBX=0x0000000054c02510, RCX=0x00000000c06ba838, RDX=0x0000000000000000
RSP=0x000000005952ea28, RBP=0x000000005952eaf0, RSI=0x0000000000000000, RDI=0x00000000000e1af0
R8 =0x00000000c1a9ab98, R9 =0x0000000000000000, R10=0x00000000572e2140, R11=0x0000000002aefd60
R12=0x0000000000000000, R13=0x000000005952eaa0, R14=0x000000005952eb20, R15=0x00000000581d4800
RIP=0xffffffffa3875120, EFLAGS=0x0000000000010202

Top of Stack: (sp=0x000000005952ea28)
0x000000005952ea28:   0000000002aefe5c 00000000c34223f8
0x000000005952ea38:   0000000000000001 00000000f2933888
0x000000005952ea48:   000000005952ea48 0000000054c154c3
0x000000005952ea58:   00000000c0000cc8 00000000c0000c98
0x000000005952ea68:   000000000297d799 0000000000000001
0x000000005952ea78:   00000000c0000c98 000000005952eaf0
0x000000005952ea88:   0000000002877790 000000005952eaf8
0x000000005952ea98:   0000000002877790 0000000000000000
0x000000005952eaa8:   00000000c06ba838 000000005952eab0
0x000000005952eab8:   0000000054daf37d 000000005952eb20
0x000000005952eac8:   0000000054daf7a8 0000000000000000
0x000000005952ead8:   0000000054daf408 000000005952eaa0
0x000000005952eae8:   000000005952eb10 000000005952eb68
0x000000005952eaf8:   0000000002877a01 0000000000000000
0x000000005952eb08:   0000000000000001 00000000c06ba838
0x000000005952eb18:   0000000000000000 00000000f29339d8 

Instructions: (pc=0xffffffffa3875120)
0xffffffffa3875100:   
[error occurred during error reporting (printing registers, top of stack, instructions near pc), id 0xc0000005]

Register to memory mapping:

RAX=0x0000000054cc4f78 is pointing into metadata
RBX={method} {0x0000000054c02518} 'withReg' '(I)Lcom/android/dx/rop/code/RegisterSpec;' in 'com/android/dx/rop/code/RegisterSpec'
RCX=0x00000000c06ba838 is an oop
com.android.dx.rop.code.RegisterSpec 
 - klass: 'com/android/dx/rop/code/RegisterSpec'
RDX=0x0000000000000000 is an unknown value
RSP=0x000000005952ea28 is pointing into the stack for thread: 0x00000000581d4800
RBP=0x000000005952eaf0 is pointing into the stack for thread: 0x00000000581d4800
RSI=0x0000000000000000 is an unknown value
RDI=0x00000000000e1af0 is an unknown value
R8 =0x00000000c1a9ab98 is an oop
com.android.dx.rop.type.Type 
 - klass: 'com/android/dx/rop/type/Type'
R9 =0x0000000000000000 is an unknown value
R10=0x00000000572e2140 is an unknown value
R11=0x0000000002aefd60 is at entry_point+32 in (nmethod*)0x0000000002aefbd0
R12=0x0000000000000000 is an unknown value
R13=0x000000005952eaa0 is pointing into the stack for thread: 0x00000000581d4800
R14=0x000000005952eb20 is pointing into the stack for thread: 0x00000000581d4800
R15=0x00000000581d4800 is a thread


Stack: [0x0000000059430000,0x0000000059530000],  sp=0x000000005952ea28,  free space=1018k
Native frames: (J=compiled Java code, j=interpreted, Vv=VM code, C=native code)
C  0xffffffffa3875120


---------------  P R O C E S S  ---------------

Java Threads: ( => current thread )
=>0x00000000581d4800 JavaThread "pool-1-thread-1" [_thread_in_Java, id=5916, stack(0x0000000059430000,0x0000000059530000)]
  0x0000000057623000 JavaThread "Service Thread" daemon [_thread_blocked, id=6184, stack(0x0000000057390000,0x0000000057490000)]
  0x0000000055108000 JavaThread "C1 CompilerThread2" daemon [_thread_blocked, id=1028, stack(0x0000000057ab0000,0x0000000057bb0000)]
  0x0000000055107000 JavaThread "C2 CompilerThread1" daemon [_thread_blocked, id=5504, stack(0x00000000569f0000,0x0000000056af0000)]
  0x000000005510f000 JavaThread "C2 CompilerThread0" daemon [_thread_blocked, id=2776, stack(0x00000000574a0000,0x00000000575a0000)]
  0x000000005510e000 JavaThread "Attach Listener" daemon [_thread_blocked, id=6484, stack(0x00000000568a0000,0x00000000569a0000)]
  0x000000005510c800 JavaThread "Signal Dispatcher" daemon [_thread_blocked, id=5564, stack(0x00000000566c0000,0x00000000567c0000)]
  0x00000000550a7000 JavaThread "Finalizer" daemon [_thread_blocked, id=2448, stack(0x0000000056310000,0x0000000056410000)]
  0x00000000550a0000 JavaThread "Reference Handler" daemon [_thread_blocked, id=6016, stack(0x0000000056570000,0x0000000056670000)]
  0x000000000225e000 JavaThread "main" [_thread_blocked, id=6080, stack(0x00000000024a0000,0x00000000025a0000)]

Other Threads:
  0x000000005509a800 VMThread [stack: 0x0000000056110000,0x0000000056210000] [id=6556]
  0x000000005764a000 WatcherThread [stack: 0x0000000056010000,0x0000000056110000] [id=3948]

VM state:not at safepoint (normal execution)

VM Mutex/Monitor currently owned by a thread: None

Heap:
 PSYoungGen      total 270848K, used 186427K [0x00000000eab00000, 0x0000000100000000, 0x0000000100000000)
  eden space 192512K, 67% used [0x00000000eab00000,0x00000000f293f018,0x00000000f6700000)
  from space 78336K, 72% used [0x00000000f6700000,0x00000000f9ecfe78,0x00000000fb380000)
  to   space 78336K, 0% used [0x00000000fb380000,0x00000000fb380000,0x0000000100000000)
 ParOldGen       total 244224K, used 155912K [0x00000000c0000000, 0x00000000cee80000, 0x00000000eab00000)
  object space 244224K, 63% used [0x00000000c0000000,0x00000000c9842200,0x00000000cee80000)
 Metaspace       used 6844K, capacity 7480K, committed 7680K, reserved 1056768K
  class space    used 641K, capacity 688K, committed 768K, reserved 1048576K

Card table byte_map: [0x0000000011c30000,0x0000000011e40000] byte_map_base: 0x0000000011630000

Marking Bits: (ParMarkBitMap*) 0x00000000572fa5b0
 Begin Bits: [0x0000000012510000, 0x0000000013510000)
 End Bits:   [0x0000000013510000, 0x0000000014510000)

Polling page: 0x0000000000130000

CodeCache: size=245760Kb used=13732Kb max_used=13750Kb free=232027Kb
 bounds [0x0000000002870000, 0x00000000035f0000, 0x0000000011870000]
 total_blobs=3048 nmethods=2780 adapters=182
 compilation: enabled

Compilation events (10 events):
Event: 18.489 Thread 0x0000000055108000 nmethod 2813 0x00000000035e1850 code [0x00000000035e19a0, 0x00000000035e1b30]
Event: 18.489 Thread 0x0000000055108000 2812       3       com.android.dx.dex.code.CstInsn::setClassIndex (37 bytes)
Event: 18.489 Thread 0x0000000055107000 nmethod 2814 0x00000000035e1bd0 code [0x00000000035e1d20, 0x00000000035e1e48]
Event: 18.489 Thread 0x0000000055107000 2817       4       com.android.dx.rop.code.RegisterSpecSet::<init> (27 bytes)
Event: 18.490 Thread 0x0000000055108000 nmethod 2812 0x00000000035e1250 code [0x00000000035e13e0, 0x00000000035e1718]
Event: 18.490 Thread 0x0000000055108000 2815       1       com.android.dx.rop.cst.CstLiteral32::fitsInInt (2 bytes)
Event: 18.490 Thread 0x0000000055108000 nmethod 2815 0x00000000035e0f90 code [0x00000000035e10e0, 0x00000000035e11f0]
Event: 18.491 Thread 0x0000000055107000 nmethod 2817 0x00000000035df790 code [0x00000000035df8e0, 0x00000000035df9f8]
Event: 18.491 Thread 0x0000000055107000 2816       4       com.android.dx.dex.code.LocalStart::<init> (25 bytes)
Event: 18.492 Thread 0x0000000055107000 nmethod 2816 0x00000000035df490 code [0x00000000035df5e0, 0x00000000035df698]

GC Heap History (10 events):
Event: 9.336 GC heap before
{Heap before GC invocations=12 (full 2):
 PSYoungGen      total 251904K, used 32752K [0x00000000eab00000, 0x0000000100000000, 0x0000000100000000)
  eden space 219136K, 0% used [0x00000000eab00000,0x00000000eab00000,0x00000000f8100000)
  from space 32768K, 99% used [0x00000000fb700000,0x00000000fd6fc1c0,0x00000000fd700000)
  to   space 55296K, 0% used [0x00000000f8100000,0x00000000f8100000,0x00000000fb700000)
 ParOldGen       total 88064K, used 87719K [0x00000000c0000000, 0x00000000c5600000, 0x00000000eab00000)
  object space 88064K, 99% used [0x00000000c0000000,0x00000000c55a9e88,0x00000000c5600000)
 Metaspace       used 6594K, capacity 7320K, committed 7680K, reserved 1056768K
  class space    used 624K, capacity 656K, committed 768K, reserved 1048576K
Event: 10.345 GC heap after
Heap after GC invocations=12 (full 2):
 PSYoungGen      total 251904K, used 28524K [0x00000000eab00000, 0x0000000100000000, 0x0000000100000000)
  eden space 219136K, 0% used [0x00000000eab00000,0x00000000eab00000,0x00000000f8100000)
  from space 32768K, 87% used [0x00000000fb700000,0x00000000fd2db360,0x00000000fd700000)
  to   space 55296K, 0% used [0x00000000f8100000,0x00000000f8100000,0x00000000fb700000)
 ParOldGen       total 156160K, used 87739K [0x00000000c0000000, 0x00000000c9880000, 0x00000000eab00000)
  object space 156160K, 56% used [0x00000000c0000000,0x00000000c55aec30,0x00000000c9880000)
 Metaspace       used 6594K, capacity 7320K, committed 7680K, reserved 1056768K
  class space    used 624K, capacity 656K, committed 768K, reserved 1048576K
}
Event: 11.662 GC heap before
{Heap before GC invocations=13 (full 2):
 PSYoungGen      total 251904K, used 247660K [0x00000000eab00000, 0x0000000100000000, 0x0000000100000000)
  eden space 219136K, 100% used [0x00000000eab00000,0x00000000f8100000,0x00000000f8100000)
  from space 32768K, 87% used [0x00000000fb700000,0x00000000fd2db360,0x00000000fd700000)
  to   space 55296K, 0% used [0x00000000f8100000,0x00000000f8100000,0x00000000fb700000)
 ParOldGen       total 156160K, used 87739K [0x00000000c0000000, 0x00000000c9880000, 0x00000000eab00000)
  object space 156160K, 56% used [0x00000000c0000000,0x00000000c55aec30,0x00000000c9880000)
 Metaspace       used 6598K, capacity 7320K, committed 7680K, reserved 1056768K
  class space    used 624K, capacity 656K, committed 768K, reserved 1048576K
Event: 11.834 GC heap after
Heap after GC invocations=13 (full 2):
 PSYoungGen      total 274432K, used 55289K [0x00000000eab00000, 0x0000000100000000, 0x0000000100000000)
  eden space 219136K, 0% used [0x00000000eab00000,0x00000000eab00000,0x00000000f8100000)
  from space 55296K, 99% used [0x00000000f8100000,0x00000000fb6fe598,0x00000000fb700000)
  to   space 68608K, 0% used [0x00000000fbd00000,0x00000000fbd00000,0x0000000100000000)
 ParOldGen       total 156160K, used 96964K [0x00000000c0000000, 0x00000000c9880000, 0x00000000eab00000)
  object space 156160K, 62% used [0x00000000c0000000,0x00000000c5eb12e0,0x00000000c9880000)
 Metaspace       used 6598K, capacity 7320K, committed 7680K, reserved 1056768K
  class space    used 624K, capacity 656K, committed 768K, reserved 1048576K
}
Event: 12.868 GC heap before
{Heap before GC invocations=14 (full 2):
 PSYoungGen      total 274432K, used 274425K [0x00000000eab00000, 0x0000000100000000, 0x0000000100000000)
  eden space 219136K, 100% used [0x00000000eab00000,0x00000000f8100000,0x00000000f8100000)
  from space 55296K, 99% used [0x00000000f8100000,0x00000000fb6fe598,0x00000000fb700000)
  to   space 68608K, 0% used [0x00000000fbd00000,0x00000000fbd00000,0x0000000100000000)
 ParOldGen       total 156160K, used 96964K [0x00000000c0000000, 0x00000000c9880000, 0x00000000eab00000)
  object space 156160K, 62% used [0x00000000c0000000,0x00000000c5eb12e0,0x00000000c9880000)
 Metaspace       used 6604K, capacity 7320K, committed 7680K, reserved 1056768K
  class space    used 625K, capacity 656K, committed 768K, reserved 1048576K
Event: 13.121 GC heap after
Heap after GC invocations=14 (full 2):
 PSYoungGen      total 261120K, used 62632K [0x00000000eab00000, 0x0000000100000000, 0x0000000100000000)
  eden space 192512K, 0% used [0x00000000eab00000,0x00000000eab00000,0x00000000f6700000)
  from space 68608K, 91% used [0x00000000fbd00000,0x00000000ffa2a290,0x0000000100000000)
  to   space 78336K, 0% used [0x00000000f6700000,0x00000000f6700000,0x00000000fb380000)
 ParOldGen       total 156160K, used 123377K [0x00000000c0000000, 0x00000000c9880000, 0x00000000eab00000)
  object space 156160K, 79% used [0x00000000c0000000,0x00000000c787c690,0x00000000c9880000)
 Metaspace       used 6604K, capacity 7320K, committed 7680K, reserved 1056768K
  class space    used 625K, capacity 656K, committed 768K, reserved 1048576K
}
Event: 14.342 GC heap before
{Heap before GC invocations=15 (full 2):
 PSYoungGen      total 261120K, used 255144K [0x00000000eab00000, 0x0000000100000000, 0x0000000100000000)
  eden space 192512K, 100% used [0x00000000eab00000,0x00000000f6700000,0x00000000f6700000)
  from space 68608K, 91% used [0x00000000fbd00000,0x00000000ffa2a290,0x0000000100000000)
  to   space 78336K, 0% used [0x00000000f6700000,0x00000000f6700000,0x00000000fb380000)
 ParOldGen       total 156160K, used 123377K [0x00000000c0000000, 0x00000000c9880000, 0x00000000eab00000)
  object space 156160K, 79% used [0x00000000c0000000,0x00000000c787c690,0x00000000c9880000)
 Metaspace       used 6615K, capacity 7320K, committed 7680K, reserved 1056768K
  class space    used 625K, capacity 656K, committed 768K, reserved 1048576K
Event: 14.609 GC heap after
Heap after GC invocations=15 (full 2):
 PSYoungGen      total 270848K, used 78321K [0x00000000eab00000, 0x0000000100000000, 0x0000000100000000)
  eden space 192512K, 0% used [0x00000000eab00000,0x00000000eab00000,0x00000000f6700000)
  from space 78336K, 99% used [0x00000000f6700000,0x00000000fb37c6d0,0x00000000fb380000)
  to   space 78336K, 0% used [0x00000000fb380000,0x00000000fb380000,0x0000000100000000)
 ParOldGen       total 156160K, used 139555K [0x00000000c0000000, 0x00000000c9880000, 0x00000000eab00000)
  object space 156160K, 89% used [0x00000000c0000000,0x00000000c8848cd0,0x00000000c9880000)
 Metaspace       used 6615K, capacity 7320K, committed 7680K, reserved 1056768K
  class space    used 625K, capacity 656K, committed 768K, reserved 1048576K
}
Event: 14.609 GC heap before
{Heap before GC invocations=16 (full 3):
 PSYoungGen      total 270848K, used 78321K [0x00000000eab00000, 0x0000000100000000, 0x0000000100000000)
  eden space 192512K, 0% used [0x00000000eab00000,0x00000000eab00000,0x00000000f6700000)
  from space 78336K, 99% used [0x00000000f6700000,0x00000000fb37c6d0,0x00000000fb380000)
  to   space 78336K, 0% used [0x00000000fb380000,0x00000000fb380000,0x0000000100000000)
 ParOldGen       total 156160K, used 139555K [0x00000000c0000000, 0x00000000c9880000, 0x00000000eab00000)
  object space 156160K, 89% used [0x00000000c0000000,0x00000000c8848cd0,0x00000000c9880000)
 Metaspace       used 6615K, capacity 7320K, committed 7680K, reserved 1056768K
  class space    used 625K, capacity 656K, committed 768K, reserved 1048576K
Event: 15.793 GC heap after
Heap after GC invocations=16 (full 3):
 PSYoungGen      total 270848K, used 57151K [0x00000000eab00000, 0x0000000100000000, 0x0000000100000000)
  eden space 192512K, 0% used [0x00000000eab00000,0x00000000eab00000,0x00000000f6700000)
  from space 78336K, 72% used [0x00000000f6700000,0x00000000f9ecfe78,0x00000000fb380000)
  to   space 78336K, 0% used [0x00000000fb380000,0x00000000fb380000,0x0000000100000000)
 ParOldGen       total 244224K, used 155912K [0x00000000c0000000, 0x00000000cee80000, 0x00000000eab00000)
  object space 244224K, 63% used [0x00000000c0000000,0x00000000c9842200,0x00000000cee80000)
 Metaspace       used 6615K, capacity 7320K, committed 7680K, reserved 1056768K
  class space    used 625K, capacity 656K, committed 768K, reserved 1048576K
}

Deoptimization events (10 events):
Event: 17.606 Thread 0x00000000581d4800 Uncommon trap: reason=class_check action=maybe_recompile pc=0x0000000002defda8 method=java.util.Arrays.hashCode([Ljava/lang/Object;)I @ 43
Event: 17.691 Thread 0x00000000581d4800 Uncommon trap: reason=class_check action=maybe_recompile pc=0x0000000002d11a80 method=java.util.HashMap.putVal(ILjava/lang/Object;Ljava/lang/Object;ZZ)Ljava/lang/Object; @ 203
Event: 17.789 Thread 0x00000000581d4800 Uncommon trap: reason=null_check action=make_not_entrant pc=0x00000000035506c4 method=com.android.dx.dex.file.StringIdsSection.intern(Lcom/android/dx/dex/file/StringIdItem;)Lcom/android/dx/dex/file/StringIdItem; @ 31
Event: 18.172 Thread 0x00000000581d4800 Uncommon trap: reason=unstable_if action=reinterpret pc=0x00000000035690f0 method=com.android.dx.dex.code.OutputFinisher.addConstants(Ljava/util/HashSet;Lcom/android/dx/rop/code/RegisterSpec;)V @ 57
Event: 18.173 Thread 0x00000000581d4800 Uncommon trap: reason=unstable_if action=reinterpret pc=0x0000000003560374 method=com.android.dx.dex.code.OutputFinisher.addConstants(Ljava/util/HashSet;Lcom/android/dx/rop/code/RegisterSpec;)V @ 57
Event: 18.465 Thread 0x00000000581d4800 Uncommon trap: reason=bimorphic action=maybe_recompile pc=0x00000000035bf6b8 method=com.android.dx.dex.file.MixedItemSection$1.compare(Lcom/android/dx/dex/file/OffsettedItem;Lcom/android/dx/dex/file/OffsettedItem;)I @ 1
Event: 18.465 Thread 0x00000000581d4800 Uncommon trap: reason=bimorphic action=maybe_recompile pc=0x00000000035bf6b8 method=com.android.dx.dex.file.MixedItemSection$1.compare(Lcom/android/dx/dex/file/OffsettedItem;Lcom/android/dx/dex/file/OffsettedItem;)I @ 1
Event: 18.466 Thread 0x00000000581d4800 Uncommon trap: reason=bimorphic action=maybe_recompile pc=0x00000000035bf6b8 method=com.android.dx.dex.file.MixedItemSection$1.compare(Lcom/android/dx/dex/file/OffsettedItem;Lcom/android/dx/dex/file/OffsettedItem;)I @ 1
Event: 18.466 Thread 0x00000000581d4800 Uncommon trap: reason=bimorphic action=maybe_recompile pc=0x00000000035bf6b8 method=com.android.dx.dex.file.MixedItemSection$1.compare(Lcom/android/dx/dex/file/OffsettedItem;Lcom/android/dx/dex/file/OffsettedItem;)I @ 1
Event: 18.466 Thread 0x00000000581d4800 Uncommon trap: reason=predicate action=maybe_recompile pc=0x0000000003580938 method=java.util.TimSort.binarySort([Ljava/lang/Object;IIILjava/util/Comparator;)V @ 76

Internal exceptions (8 events):
Event: 0.044 Thread 0x000000000225e000 Exception <a 'java/lang/NoSuchMethodError': Method sun.misc.Unsafe.defineClass(Ljava/lang/String;[BII)Ljava/lang/Class; name or signature does not match> (0x00000000eab0d480) thrown at [C:\workspace\8-2-build-windows-amd64-cygwin\jdk8u65\4987\hotspot\src\sø`hk¦?
Event: 0.044 Thread 0x000000000225e000 Exception <a 'java/lang/NoSuchMethodError': Method sun.misc.Unsafe.prefetchRead(Ljava/lang/Object;J)V name or signature does not match> (0x00000000eab0d768) thrown at [C:\workspace\8-2-build-windows-amd64-cygwin\jdk8u65\4987\hotspot\src\share\vm\prims\jni.¼]i|ç•õ?
Event: 1.349 Thread 0x00000000581d4800 Implicit null exception at 0x0000000002cb71cd to 0x0000000002cb8ded
Event: 4.127 Thread 0x000000005839a800 Exception <a 'java/lang/ArrayIndexOutOfBoundsException': 18> (0x00000000ef60df48) thrown at [C:\workspace\8-2-build-windows-amd64-cygwin\jdk8u65\4987\hotspot\src\share\vm\interpreter\interpreterRuntime.cpp, line 366]
Event: 4.128 Thread 0x000000005839a800 Exception <a 'java/lang/ArrayIndexOutOfBoundsException': 145> (0x00000000ef60fac8) thrown at [C:\workspace\8-2-build-windows-amd64-cygwin\jdk8u65\4987\hotspot\src\share\vm\interpreter\interpreterRuntime.cpp, line 366]
Event: 4.129 Thread 0x000000005839a800 Exception <a 'java/lang/ArrayIndexOutOfBoundsException'> (0x00000000ef610db0) thrown at [C:\workspace\8-2-build-windows-amd64-cygwin\jdk8u65\4987\hotspot\src\share\vm\runtime\sharedRuntime.cpp, line 605]
Event: 5.291 Thread 0x00000000584aa800 Implicit null exception at 0x00000000030a1728 to 0x00000000030a6059
Event: 8.030 Thread 0x00000000581d4800 Implicit null exception at 0x0000000002f3fe8f to 0x0000000002f41651

Events (10 events):
Event: 18.474 loading class com/android/dx/dex/code/LocalList$Disposition
Event: 18.474 loading class com/android/dx/dex/code/LocalList$Disposition done
Event: 18.475 loading class com/android/dx/dex/code/LocalList$Entry
Event: 18.475 loading class com/android/dx/dex/code/LocalList$Entry done
Event: 18.475 loading class com/android/dx/dex/code/CatchHandlerList
Event: 18.475 loading class com/android/dx/dex/code/CatchHandlerList done
Event: 18.476 loading class com/android/dx/dex/code/CatchTable
Event: 18.476 loading class com/android/dx/dex/code/CatchTable done
Event: 18.486 loading class com/android/dx/rop/code/RegisterSpecList$Expander
Event: 18.486 loading class com/android/dx/rop/code/RegisterSpecList$Expander done


Dynamic libraries:
0x000000013fbc0000 - 0x000000013fbf7000 	C:\Program Files\Java\jdk1.8.0_65\bin\java.exe
0x0000000076e60000 - 0x000000007700a000 	C:\Windows\SYSTEM32\ntdll.dll
0x0000000076c40000 - 0x0000000076d5f000 	C:\Windows\system32\kernel32.dll
0x000007fefcc60000 - 0x000007fefcccb000 	C:\Windows\system32\KERNELBASE.dll
0x000007fefed10000 - 0x000007fefedeb000 	C:\Windows\system32\ADVAPI32.dll
0x000007feff0d0000 - 0x000007feff16f000 	C:\Windows\system32\msvcrt.dll
0x000007fefd4f0000 - 0x000007fefd50f000 	C:\Windows\SYSTEM32\sechost.dll
0x000007fefefa0000 - 0x000007feff0cd000 	C:\Windows\system32\RPCRT4.dll
0x0000000076d60000 - 0x0000000076e5a000 	C:\Windows\system32\USER32.dll
0x000007fefef20000 - 0x000007fefef87000 	C:\Windows\system32\GDI32.dll
0x000007fefef90000 - 0x000007fefef9e000 	C:\Windows\system32\LPK.dll
0x000007fefd210000 - 0x000007fefd2da000 	C:\Windows\system32\USP10.dll
0x000007fefb770000 - 0x000007fefb964000 	C:\Windows\WinSxS\amd64_microsoft.windows.common-controls_6595b64144ccf1df_6.0.7601.18837_none_fa3b1e3d17594757\COMCTL32.dll
0x000007fefd190000 - 0x000007fefd201000 	C:\Windows\system32\SHLWAPI.dll
0x000007fefeef0000 - 0x000007fefef1e000 	C:\Windows\system32\IMM32.DLL
0x000007fefcfa0000 - 0x000007fefd0a9000 	C:\Windows\system32\MSCTF.dll
0x0000000056480000 - 0x0000000056552000 	C:\Program Files\Java\jdk1.8.0_65\jre\bin\msvcr100.dll
0x0000000056af0000 - 0x0000000057379000 	C:\Program Files\Java\jdk1.8.0_65\jre\bin\server\jvm.dll
0x000007fef9600000 - 0x000007fef9609000 	C:\Windows\system32\WSOCK32.dll
0x000007fefee90000 - 0x000007fefeedd000 	C:\Windows\system32\WS2_32.dll
0x000007fefeee0000 - 0x000007fefeee8000 	C:\Windows\system32\NSI.dll
0x000007fefa8d0000 - 0x000007fefa90b000 	C:\Windows\system32\WINMM.dll
0x000007fefbda0000 - 0x000007fefbdac000 	C:\Windows\system32\VERSION.dll
0x0000000077020000 - 0x0000000077027000 	C:\Windows\system32\PSAPI.DLL
0x00000000670c0000 - 0x00000000670cf000 	C:\Program Files\Java\jdk1.8.0_65\jre\bin\verify.dll
0x00000000658a0000 - 0x00000000658c9000 	C:\Program Files\Java\jdk1.8.0_65\jre\bin\java.dll
0x0000000065880000 - 0x0000000065896000 	C:\Program Files\Java\jdk1.8.0_65\jre\bin\zip.dll
0x000007fefdbf0000 - 0x000007fefe97a000 	C:\Windows\system32\SHELL32.dll
0x000007fefd2e0000 - 0x000007fefd4e3000 	C:\Windows\system32\ole32.dll
0x000007fefcbe0000 - 0x000007fefcbef000 	C:\Windows\system32\profapi.dll
0x000007fee6640000 - 0x000007fee6765000 	C:\Windows\system32\dbghelp.dll

VM Arguments:
jvm_args: -Djava.awt.headless=true -Xmx1024M -Dfile.encoding=windows-1252 -Duser.country=US -Duser.language=en -Duser.variant 
java_command: com.android.dx.command.Main --dex --num-threads=4 --multi-dex --main-dex-list C:\Users\Alvin\Documents\Programming\Git Repo\WWUICTD\smoking_cessation\android_project\app\build\intermediates\multi-dex\debug\maindexlist.txt --output C:\Users\Alvin\Documents\Programming\Git Repo\WWUICTD\smoking_cessation\android_project\app\build\intermediates\transforms\dex\debug\folders\1000\1f\main C:\Users\Alvin\Documents\Programming\Git Repo\WWUICTD\smoking_cessation\android_project\app\build\intermediates\transforms\jarMerging\debug\jars\1\1f\combined.jar
java_class_path (initial): C:\Users\Alvin\AppData\Local\Android\sdk\build-tools\23.0.2\lib\dx.jar
Launcher Type: SUN_STANDARD

Environment Variables:
PATH=C:\ProgramData\Oracle\Java\javapath;C:\Program Files (x86)\NVIDIA Corporation\PhysX\Common;C:\Windows\system32;C:\Windows;C:\Windows\System32\Wbem;C:\Windows\System32\WindowsPowerShell\v1.0\;C:\Program Files (x86)\MySQL\MySQL Fabric 1.5 & MySQL Utilities 1.5\;C:\Program Files (x86)\MySQL\MySQL Fabric 1.5 & MySQL Utilities 1.5\Doctrine extensions for PHP\;C:\Program Files (x86)\AMD\ATI.ACE\Core-Static
USERNAME=Alvin
OS=Windows_NT
PROCESSOR_IDENTIFIER=Intel64 Family 6 Model 15 Stepping 11, GenuineIntel



---------------  S Y S T E M  ---------------

OS: Windows 7 , 64 bit Build 7601 (6.1.7601.19160)

CPU:total 4 (4 cores per cpu, 1 threads per core) family 6 model 15 stepping 11, cmov, cx8, fxsr, mmx, sse, sse2, sse3, ssse3, tsc

Memory: 4k page, physical 4192804k(285548k free), swap 8383772k(2146164k free)

vm_info: Java HotSpot(TM) 64-Bit Server VM (25.65-b01) for windows-amd64 JRE (1.8.0_65-b17), built on Oct  6 2015 16:39:20 by "java_re" with MS VC++ 10.0 (VS2010)

time: Thu Mar 17 00:49:10 2016
elapsed time: 18 seconds (0d 0h 0m 18s)

