#
# A fatal error has been detected by the Java Runtime Environment:
#
#  EXCEPTION_ACCESS_VIOLATION (0xc0000005) at pc=0xffffffffa3845120, pid=5248, tid=5740
#
# JRE version: Java(TM) SE Runtime Environment (8.0_65-b17) (build 1.8.0_65-b17)
# Java VM: Java HotSpot(TM) 64-Bit Server VM (25.65-b01 mixed mode windows-amd64 compressed oops)
# Problematic frame:
# C  0xffffffffa3845120
#
# Failed to write core dump. Minidumps are not enabled by default on client versions of Windows
#
# If you would like to submit a bug report, please visit:
#   http://bugreport.java.com/bugreport/crash.jsp
#

---------------  T H R E A D  ---------------

Current thread (0x00000000022ce000):  JavaThread "main" [_thread_in_Java, id=5740, stack(0x0000000002470000,0x0000000002570000)]

siginfo: ExceptionCode=0xc0000005, ExceptionInformation=0x0000000000000008 0xffffffffa3845120

Registers:
RAX=0x0000000054a60088, RBX=0x0000000054a60088, RCX=0x00000000eff1ef70, RDX=0x00000000eff1ef70
RSP=0x000000000256ee48, RBP=0x000000000256eea0, RSI=0x0000000000000800, RDI=0x0000000000000032
R8 =0x00000000eff1ef70, R9 =0x00000000eff1ef88, R10=0x0000000056d02140, R11=0x00000000032abf80
R12=0x0000000000000000, R13=0x000000000256ee58, R14=0x0000000000000000, R15=0x00000000022ce000
RIP=0xffffffffa3845120, EFLAGS=0x0000000000010206

Top of Stack: (sp=0x000000000256ee48)
0x000000000256ee48:   0000000002847790 0000000002847790
0x000000000256ee58:   00000000eff1ef70 000000000256ee60
0x000000000256ee68:   0000000054c75684 000000000256ef18
0x000000000256ee78:   0000000054c77410 0000000000000000
0x000000000256ee88:   0000000054c757d8 000000000256ee58
0x000000000256ee98:   000000000256ef10 000000000256ef60
0x000000000256eea8:   0000000002847a01 00000000ef912d40
0x000000000256eeb8:   00000000eff1ef70 00000000f08993d8
0x000000000256eec8:   0000000000000652 00000000eff1ee30
0x000000000256eed8:   00000000efc42328 00000000ef912d40
0x000000000256eee8:   00000000c05b5af0 0000000000000001
0x000000000256eef8:   000000000000000d 00000000c05b8700
0x000000000256ef08:   00000000f08992a0 00000000c05b5650
0x000000000256ef18:   00000000c05b8700 000000000256ef20
0x000000000256ef28:   00000000549d804c 000000000256efb8
0x000000000256ef38:   00000000549df230 0000000000000000 

Instructions: (pc=0xffffffffa3845120)
0xffffffffa3845100:   
[error occurred during error reporting (printing registers, top of stack, instructions near pc), id 0xc0000005]

Register to memory mapping:

RAX={method} {0x0000000054a60090} 'itemType' '()Lcom/android/dx/dex/file/ItemType;' in 'com/android/dx/dex/file/StringIdItem'
RBX={method} {0x0000000054a60090} 'itemType' '()Lcom/android/dx/dex/file/ItemType;' in 'com/android/dx/dex/file/StringIdItem'
RCX=0x00000000eff1ef70 is an oop
com.android.dx.dex.file.StringIdItem 
 - klass: 'com/android/dx/dex/file/StringIdItem'
RDX=0x00000000eff1ef70 is an oop
com.android.dx.dex.file.StringIdItem 
 - klass: 'com/android/dx/dex/file/StringIdItem'
RSP=0x000000000256ee48 is pointing into the stack for thread: 0x00000000022ce000
RBP=0x000000000256eea0 is pointing into the stack for thread: 0x00000000022ce000
RSI=0x0000000000000800 is an unknown value
RDI=0x0000000000000032 is an unknown value
R8 =0x00000000eff1ef70 is an oop
com.android.dx.dex.file.StringIdItem 
 - klass: 'com/android/dx/dex/file/StringIdItem'
R9 =0x00000000eff1ef88 is an oop
java.util.TreeMap$Entry 
 - klass: 'java/util/TreeMap$Entry'
R10=0x0000000056d02140 is an unknown value
R11=0x00000000032abf80 is at entry_point+32 in (nmethod*)0x00000000032abe10
R12=0x0000000000000000 is an unknown value
R13=0x000000000256ee58 is pointing into the stack for thread: 0x00000000022ce000
R14=0x0000000000000000 is an unknown value
R15=0x00000000022ce000 is a thread


Stack: [0x0000000002470000,0x0000000002570000],  sp=0x000000000256ee48,  free space=1019k
Native frames: (J=compiled Java code, j=interpreted, Vv=VM code, C=native code)
C  0xffffffffa3845120


---------------  P R O C E S S  ---------------

Java Threads: ( => current thread )
  0x0000000056e28800 JavaThread "Service Thread" daemon [_thread_blocked, id=2276, stack(0x0000000057af0000,0x0000000057bf0000)]
  0x0000000054fb8000 JavaThread "C1 CompilerThread2" daemon [_thread_blocked, id=5604, stack(0x0000000057820000,0x0000000057920000)]
  0x0000000056daa800 JavaThread "C2 CompilerThread1" daemon [_thread_blocked, id=4000, stack(0x00000000576d0000,0x00000000577d0000)]
  0x0000000056da2800 JavaThread "C2 CompilerThread0" daemon [_thread_in_native, id=7120, stack(0x0000000057570000,0x0000000057670000)]
  0x0000000054fb7800 JavaThread "Attach Listener" daemon [_thread_blocked, id=4780, stack(0x00000000573f0000,0x00000000574f0000)]
  0x0000000054fb6800 JavaThread "Signal Dispatcher" daemon [_thread_blocked, id=3276, stack(0x0000000057290000,0x0000000057390000)]
  0x0000000054f5e000 JavaThread "Finalizer" daemon [_thread_blocked, id=228, stack(0x0000000056390000,0x0000000056490000)]
  0x0000000054f57800 JavaThread "Reference Handler" daemon [_thread_blocked, id=2136, stack(0x0000000056190000,0x0000000056290000)]
=>0x00000000022ce000 JavaThread "main" [_thread_in_Java, id=5740, stack(0x0000000002470000,0x0000000002570000)]

Other Threads:
  0x0000000054f4c000 VMThread [stack: 0x0000000056040000,0x0000000056140000] [id=5328]
  0x0000000056e2f000 WatcherThread [stack: 0x0000000057c30000,0x0000000057d30000] [id=6824]

VM state:synchronizing (normal execution)

VM Mutex/Monitor currently owned by a thread:  ([mutex/lock_event])
[0x00000000022cc250] Safepoint_lock - owner thread: 0x0000000054f4c000
[0x00000000022cc2d0] Threads_lock - owner thread: 0x0000000054f4c000

Heap:
 PSYoungGen      total 143872K, used 111175K [0x00000000eab00000, 0x00000000f5000000, 0x0000000100000000)
  eden space 128000K, 75% used [0x00000000eab00000,0x00000000f091fcc8,0x00000000f2800000)
  from space 15872K, 93% used [0x00000000f3a80000,0x00000000f48f2178,0x00000000f4a00000)
  to   space 18944K, 0% used [0x00000000f2800000,0x00000000f2800000,0x00000000f3a80000)
 ParOldGen       total 44032K, used 23762K [0x00000000c0000000, 0x00000000c2b00000, 0x00000000eab00000)
  object space 44032K, 53% used [0x00000000c0000000,0x00000000c1734978,0x00000000c2b00000)
 Metaspace       used 6821K, capacity 7544K, committed 7808K, reserved 1056768K
  class space    used 621K, capacity 624K, committed 640K, reserved 1048576K

Card table byte_map: [0x0000000011c00000,0x0000000011e10000] byte_map_base: 0x0000000011600000

Marking Bits: (ParMarkBitMap*) 0x0000000056d1a5b0
 Begin Bits: [0x00000000123c0000, 0x00000000133c0000)
 End Bits:   [0x00000000133c0000, 0x00000000143c0000)

Polling page: 0x0000000000330000

CodeCache: size=245760Kb used=10650Kb max_used=10660Kb free=235109Kb
 bounds [0x0000000002840000, 0x00000000032c0000, 0x0000000011840000]
 total_blobs=2562 nmethods=2293 adapters=183
 compilation: enabled

Compilation events (10 events):
Event: 31.763 Thread 0x0000000054fb8000 nmethod 2686 0x00000000032ad010 code [0x00000000032ad520, 0x00000000032b0398]
Event: 31.763 Thread 0x0000000054fb8000 2687       3       com.android.dx.dex.file.MethodIdsSection::indexOf (49 bytes)
Event: 31.764 Thread 0x0000000054fb8000 nmethod 2687 0x00000000032ac150 code [0x00000000032ac340, 0x00000000032acc68]
Event: 31.766 Thread 0x0000000054fb8000 2688       3       com.android.dx.dex.file.OffsettedItem::setWriteSize (37 bytes)
Event: 31.766 Thread 0x0000000054fb8000 nmethod 2688 0x00000000032aa610 code [0x00000000032aa7a0, 0x00000000032aaaf8]
Event: 31.767 Thread 0x0000000056daa800 nmethod 2685 0x00000000032b2310 code [0x00000000032b2460, 0x00000000032b26b8]
Event: 31.770 Thread 0x0000000054fb8000 2689       3       com.android.dx.dex.file.StringIdItem::itemType (4 bytes)
Event: 31.770 Thread 0x0000000054fb8000 nmethod 2689 0x00000000032abe10 code [0x00000000032abf60, 0x00000000032ac0b0]
Event: 31.771 Thread 0x0000000054fb8000 2690       1       com.android.dx.dex.file.StringIdItem::itemType (4 bytes)
Event: 31.771 Thread 0x0000000054fb8000 nmethod 2690 0x00000000032abb50 code [0x00000000032abca0, 0x00000000032abdb0]

GC Heap History (10 events):
Event: 1.991 GC heap before
{Heap before GC invocations=2 (full 0):
 PSYoungGen      total 18944K, used 17397K [0x00000000eab00000, 0x00000000ed000000, 0x0000000100000000)
  eden space 16384K, 100% used [0x00000000eab00000,0x00000000ebb00000,0x00000000ebb00000)
  from space 2560K, 39% used [0x00000000ebb00000,0x00000000ebbfd600,0x00000000ebd80000)
  to   space 2560K, 0% used [0x00000000ecd80000,0x00000000ecd80000,0x00000000ed000000)
 ParOldGen       total 44032K, used 0K [0x00000000c0000000, 0x00000000c2b00000, 0x00000000eab00000)
  object space 44032K, 0% used [0x00000000c0000000,0x00000000c0000000,0x00000000c2b00000)
 Metaspace       used 5881K, capacity 6832K, committed 7040K, reserved 1056768K
  class space    used 596K, capacity 616K, committed 640K, reserved 1048576K
Event: 2.124 GC heap after
Heap after GC invocations=2 (full 0):
 PSYoungGen      total 35328K, used 2535K [0x00000000eab00000, 0x00000000ed000000, 0x0000000100000000)
  eden space 32768K, 0% used [0x00000000eab00000,0x00000000eab00000,0x00000000ecb00000)
  from space 2560K, 99% used [0x00000000ecd80000,0x00000000ecff9c88,0x00000000ed000000)
  to   space 2560K, 0% used [0x00000000ecb00000,0x00000000ecb00000,0x00000000ecd80000)
 ParOldGen       total 44032K, used 1883K [0x00000000c0000000, 0x00000000c2b00000, 0x00000000eab00000)
  object space 44032K, 4% used [0x00000000c0000000,0x00000000c01d6da0,0x00000000c2b00000)
 Metaspace       used 5881K, capacity 6832K, committed 7040K, reserved 1056768K
  class space    used 596K, capacity 616K, committed 640K, reserved 1048576K
}
Event: 6.210 GC heap before
{Heap before GC invocations=3 (full 0):
 PSYoungGen      total 35328K, used 35303K [0x00000000eab00000, 0x00000000ed000000, 0x0000000100000000)
  eden space 32768K, 100% used [0x00000000eab00000,0x00000000ecb00000,0x00000000ecb00000)
  from space 2560K, 99% used [0x00000000ecd80000,0x00000000ecff9c88,0x00000000ed000000)
  to   space 2560K, 0% used [0x00000000ecb00000,0x00000000ecb00000,0x00000000ecd80000)
 ParOldGen       total 44032K, used 1883K [0x00000000c0000000, 0x00000000c2b00000, 0x00000000eab00000)
  object space 44032K, 4% used [0x00000000c0000000,0x00000000c01d6da0,0x00000000c2b00000)
 Metaspace       used 6156K, capacity 7024K, committed 7296K, reserved 1056768K
  class space    used 597K, capacity 616K, committed 640K, reserved 1048576K
Event: 6.453 GC heap after
Heap after GC invocations=3 (full 0):
 PSYoungGen      total 35328K, used 2528K [0x00000000eab00000, 0x00000000ef000000, 0x0000000100000000)
  eden space 32768K, 0% used [0x00000000eab00000,0x00000000eab00000,0x00000000ecb00000)
  from space 2560K, 98% used [0x00000000ecb00000,0x00000000ecd78010,0x00000000ecd80000)
  to   space 2560K, 0% used [0x00000000eed80000,0x00000000eed80000,0x00000000ef000000)
 ParOldGen       total 44032K, used 7658K [0x00000000c0000000, 0x00000000c2b00000, 0x00000000eab00000)
  object space 44032K, 17% used [0x00000000c0000000,0x00000000c077ab40,0x00000000c2b00000)
 Metaspace       used 6156K, capacity 7024K, committed 7296K, reserved 1056768K
  class space    used 597K, capacity 616K, committed 640K, reserved 1048576K
}
Event: 12.638 GC heap before
{Heap before GC invocations=4 (full 0):
 PSYoungGen      total 35328K, used 35296K [0x00000000eab00000, 0x00000000ef000000, 0x0000000100000000)
  eden space 32768K, 100% used [0x00000000eab00000,0x00000000ecb00000,0x00000000ecb00000)
  from space 2560K, 98% used [0x00000000ecb00000,0x00000000ecd78010,0x00000000ecd80000)
  to   space 2560K, 0% used [0x00000000eed80000,0x00000000eed80000,0x00000000ef000000)
 ParOldGen       total 44032K, used 7658K [0x00000000c0000000, 0x00000000c2b00000, 0x00000000eab00000)
  object space 44032K, 17% used [0x00000000c0000000,0x00000000c077ab40,0x00000000c2b00000)
 Metaspace       used 6266K, capacity 7088K, committed 7296K, reserved 1056768K
  class space    used 598K, capacity 616K, committed 640K, reserved 1048576K
Event: 12.719 GC heap after
Heap after GC invocations=4 (full 0):
 PSYoungGen      total 68096K, used 2528K [0x00000000eab00000, 0x00000000ef000000, 0x0000000100000000)
  eden space 65536K, 0% used [0x00000000eab00000,0x00000000eab00000,0x00000000eeb00000)
  from space 2560K, 98% used [0x00000000eed80000,0x00000000eeff8010,0x00000000ef000000)
  to   space 2560K, 0% used [0x00000000eeb00000,0x00000000eeb00000,0x00000000eed80000)
 ParOldGen       total 44032K, used 13476K [0x00000000c0000000, 0x00000000c2b00000, 0x00000000eab00000)
  object space 44032K, 30% used [0x00000000c0000000,0x00000000c0d29350,0x00000000c2b00000)
 Metaspace       used 6266K, capacity 7088K, committed 7296K, reserved 1056768K
  class space    used 598K, capacity 616K, committed 640K, reserved 1048576K
}
Event: 18.981 GC heap before
{Heap before GC invocations=5 (full 0):
 PSYoungGen      total 68096K, used 68064K [0x00000000eab00000, 0x00000000ef000000, 0x0000000100000000)
  eden space 65536K, 100% used [0x00000000eab00000,0x00000000eeb00000,0x00000000eeb00000)
  from space 2560K, 98% used [0x00000000eed80000,0x00000000eeff8010,0x00000000ef000000)
  to   space 2560K, 0% used [0x00000000eeb00000,0x00000000eeb00000,0x00000000eed80000)
 ParOldGen       total 44032K, used 13476K [0x00000000c0000000, 0x00000000c2b00000, 0x00000000eab00000)
  object space 44032K, 30% used [0x00000000c0000000,0x00000000c0d29350,0x00000000c2b00000)
 Metaspace       used 6363K, capacity 7152K, committed 7296K, reserved 1056768K
  class space    used 598K, capacity 616K, committed 640K, reserved 1048576K
Event: 19.116 GC heap after
Heap after GC invocations=5 (full 0):
 PSYoungGen      total 68096K, used 2547K [0x00000000eab00000, 0x00000000f4a00000, 0x0000000100000000)
  eden space 65536K, 0% used [0x00000000eab00000,0x00000000eab00000,0x00000000eeb00000)
  from space 2560K, 99% used [0x00000000eeb00000,0x00000000eed7ceb8,0x00000000eed80000)
  to   space 15872K, 0% used [0x00000000f3a80000,0x00000000f3a80000,0x00000000f4a00000)
 ParOldGen       total 44032K, used 23754K [0x00000000c0000000, 0x00000000c2b00000, 0x00000000eab00000)
  object space 44032K, 53% used [0x00000000c0000000,0x00000000c1732978,0x00000000c2b00000)
 Metaspace       used 6363K, capacity 7152K, committed 7296K, reserved 1056768K
  class space    used 598K, capacity 616K, committed 640K, reserved 1048576K
}
Event: 29.964 GC heap before
{Heap before GC invocations=6 (full 0):
 PSYoungGen      total 68096K, used 68083K [0x00000000eab00000, 0x00000000f4a00000, 0x0000000100000000)
  eden space 65536K, 100% used [0x00000000eab00000,0x00000000eeb00000,0x00000000eeb00000)
  from space 2560K, 99% used [0x00000000eeb00000,0x00000000eed7ceb8,0x00000000eed80000)
  to   space 15872K, 0% used [0x00000000f3a80000,0x00000000f3a80000,0x00000000f4a00000)
 ParOldGen       total 44032K, used 23754K [0x00000000c0000000, 0x00000000c2b00000, 0x00000000eab00000)
  object space 44032K, 53% used [0x00000000c0000000,0x00000000c1732978,0x00000000c2b00000)
 Metaspace       used 6400K, capacity 7152K, committed 7296K, reserved 1056768K
  class space    used 598K, capacity 616K, committed 640K, reserved 1048576K
Event: 30.052 GC heap after
Heap after GC invocations=6 (full 0):
 PSYoungGen      total 143872K, used 14792K [0x00000000eab00000, 0x00000000f5000000, 0x0000000100000000)
  eden space 128000K, 0% used [0x00000000eab00000,0x00000000eab00000,0x00000000f2800000)
  from space 15872K, 93% used [0x00000000f3a80000,0x00000000f48f2178,0x00000000f4a00000)
  to   space 18944K, 0% used [0x00000000f2800000,0x00000000f2800000,0x00000000f3a80000)
 ParOldGen       total 44032K, used 23762K [0x00000000c0000000, 0x00000000c2b00000, 0x00000000eab00000)
  object space 44032K, 53% used [0x00000000c0000000,0x00000000c1734978,0x00000000c2b00000)
 Metaspace       used 6400K, capacity 7152K, committed 7296K, reserved 1056768K
  class space    used 598K, capacity 616K, committed 640K, reserved 1048576K
}

Deoptimization events (10 events):
Event: 31.299 Thread 0x00000000022ce000 Uncommon trap: reason=speculate_class_check action=maybe_recompile pc=0x0000000002bc1800 method=com.android.dx.util.FixedSizeList.equals(Ljava/lang/Object;)Z @ 25
Event: 31.299 Thread 0x00000000022ce000 Uncommon trap: reason=class_check action=maybe_recompile pc=0x0000000002baac74 method=java.util.Arrays.equals([Ljava/lang/Object;[Ljava/lang/Object;)Z @ 62
Event: 31.299 Thread 0x00000000022ce000 Uncommon trap: reason=speculate_class_check action=maybe_recompile pc=0x0000000002bc1800 method=com.android.dx.util.FixedSizeList.equals(Ljava/lang/Object;)Z @ 25
Event: 31.299 Thread 0x00000000022ce000 Uncommon trap: reason=class_check action=maybe_recompile pc=0x0000000002baac74 method=java.util.Arrays.equals([Ljava/lang/Object;[Ljava/lang/Object;)Z @ 62
Event: 31.299 Thread 0x00000000022ce000 Uncommon trap: reason=speculate_class_check action=maybe_recompile pc=0x0000000002bc1800 method=com.android.dx.util.FixedSizeList.equals(Ljava/lang/Object;)Z @ 25
Event: 31.299 Thread 0x00000000022ce000 Uncommon trap: reason=class_check action=maybe_recompile pc=0x0000000002baac74 method=java.util.Arrays.equals([Ljava/lang/Object;[Ljava/lang/Object;)Z @ 62
Event: 31.299 Thread 0x00000000022ce000 Uncommon trap: reason=speculate_class_check action=maybe_recompile pc=0x0000000002bc1800 method=com.android.dx.util.FixedSizeList.equals(Ljava/lang/Object;)Z @ 25
Event: 31.299 Thread 0x00000000022ce000 Uncommon trap: reason=class_check action=maybe_recompile pc=0x0000000002baac74 method=java.util.Arrays.equals([Ljava/lang/Object;[Ljava/lang/Object;)Z @ 62
Event: 31.300 Thread 0x00000000022ce000 Uncommon trap: reason=unstable_if action=reinterpret pc=0x000000000300eefc method=java.util.TreeMap.put(Ljava/lang/Object;Ljava/lang/Object;)Ljava/lang/Object; @ 163
Event: 31.685 Thread 0x00000000022ce000 Uncommon trap: reason=unstable_if action=reinterpret pc=0x0000000002feb408 method=java.util.ArrayList.<init>(I)V @ 5

Internal exceptions (4 events):
Event: 0.072 Thread 0x00000000022ce000 Exception <a 'java/lang/NoSuchMethodError': Method sun.misc.Unsafe.defineClass(Ljava/lang/String;[BII)Ljava/lang/Class; name or signature does not match> (0x00000000eab0d718) thrown at [C:\workspace\8-2-build-windows-amd64-cygwin\jdk8u65\4987\hotspot\src\sSÆ(Ãq²?
Event: 0.072 Thread 0x00000000022ce000 Exception <a 'java/lang/NoSuchMethodError': Method sun.misc.Unsafe.prefetchRead(Ljava/lang/Object;J)V name or signature does not match> (0x00000000eab0da00) thrown at [C:\workspace\8-2-build-windows-amd64-cygwin\jdk8u65\4987\hotspot\src\share\vm\prims\jni.(ƒ±™@
Event: 6.650 Thread 0x0000000057168000 Implicit null exception at 0x0000000002da8652 to 0x0000000002da86f1
Event: 30.259 Thread 0x0000000057168000 Implicit null exception at 0x0000000002c40930 to 0x0000000002c4125d

Events (10 events):
Event: 31.685 loading class com/android/dx/dex/file/DebugInfoEncoder$1
Event: 31.685 loading class com/android/dx/dex/file/DebugInfoEncoder$1 done
Event: 31.687 loading class com/android/dx/dex/file/DebugInfoEncoder$2
Event: 31.687 loading class com/android/dx/dex/file/DebugInfoEncoder$2 done
Event: 31.716 loading class com/android/dex/EncodedValueCodec
Event: 31.716 loading class com/android/dex/EncodedValueCodec done
Event: 31.768 loading class com/android/dx/dex/file/MapItem
Event: 31.768 loading class com/android/dx/dex/file/MapItem done
Event: 31.769 loading class com/android/dx/dex/file/UniformListItem
Event: 31.769 loading class com/android/dx/dex/file/UniformListItem done


Dynamic libraries:
0x000000013f920000 - 0x000000013f957000 	C:\Program Files\Java\jdk1.8.0_65\bin\java.exe
0x0000000077ae0000 - 0x0000000077c8a000 	C:\Windows\SYSTEM32\ntdll.dll
0x00000000778c0000 - 0x00000000779df000 	C:\Windows\system32\kernel32.dll
0x000007fefdb30000 - 0x000007fefdb9b000 	C:\Windows\system32\KERNELBASE.dll
0x000007feff850000 - 0x000007feff92b000 	C:\Windows\system32\ADVAPI32.dll
0x000007feff930000 - 0x000007feff9cf000 	C:\Windows\system32\msvcrt.dll
0x000007fefdcc0000 - 0x000007fefdcdf000 	C:\Windows\SYSTEM32\sechost.dll
0x000007fefe1e0000 - 0x000007fefe30d000 	C:\Windows\system32\RPCRT4.dll
0x00000000779e0000 - 0x0000000077ada000 	C:\Windows\system32\USER32.dll
0x000007fefe0a0000 - 0x000007fefe107000 	C:\Windows\system32\GDI32.dll
0x000007fefe310000 - 0x000007fefe31e000 	C:\Windows\system32\LPK.dll
0x000007fefe110000 - 0x000007fefe1da000 	C:\Windows\system32\USP10.dll
0x000007fefc3f0000 - 0x000007fefc5e4000 	C:\Windows\WinSxS\amd64_microsoft.windows.common-controls_6595b64144ccf1df_6.0.7601.18837_none_fa3b1e3d17594757\COMCTL32.dll
0x000007feffbe0000 - 0x000007feffc51000 	C:\Windows\system32\SHLWAPI.dll
0x000007feff4b0000 - 0x000007feff4de000 	C:\Windows\system32\IMM32.DLL
0x000007feff340000 - 0x000007feff449000 	C:\Windows\system32\MSCTF.dll
0x0000000055330000 - 0x0000000055402000 	C:\Program Files\Java\jdk1.8.0_65\jre\bin\msvcr100.dll
0x0000000056510000 - 0x0000000056d99000 	C:\Program Files\Java\jdk1.8.0_65\jre\bin\server\jvm.dll
0x000007fefa280000 - 0x000007fefa289000 	C:\Windows\system32\WSOCK32.dll
0x000007feffc60000 - 0x000007feffcad000 	C:\Windows\system32\WS2_32.dll
0x000007fefdce0000 - 0x000007fefdce8000 	C:\Windows\system32\NSI.dll
0x000007fefb620000 - 0x000007fefb65b000 	C:\Windows\system32\WINMM.dll
0x000007fefca20000 - 0x000007fefca2c000 	C:\Windows\system32\VERSION.dll
0x0000000077ca0000 - 0x0000000077ca7000 	C:\Windows\system32\PSAPI.DLL
0x00000000636a0000 - 0x00000000636af000 	C:\Program Files\Java\jdk1.8.0_65\jre\bin\verify.dll
0x0000000059050000 - 0x0000000059079000 	C:\Program Files\Java\jdk1.8.0_65\jre\bin\java.dll
0x000000005c890000 - 0x000000005c8a6000 	C:\Program Files\Java\jdk1.8.0_65\jre\bin\zip.dll
0x000007fefe320000 - 0x000007feff0aa000 	C:\Windows\system32\SHELL32.dll
0x000007feff9d0000 - 0x000007feffbd3000 	C:\Windows\system32\ole32.dll
0x000007fefd860000 - 0x000007fefd86f000 	C:\Windows\system32\profapi.dll
0x000007fee01c0000 - 0x000007fee02e5000 	C:\Windows\system32\dbghelp.dll

VM Arguments:
jvm_args: -Djava.awt.headless=true -Xmx1024M -Dfile.encoding=windows-1252 -Duser.country=US -Duser.language=en -Duser.variant 
java_command: com.android.dx.command.Main --dex --num-threads=4 --output C:\Users\Alvin\Documents\Programming\Git Repo\WWUICTD\smoking_cessation\android_project\app\build\intermediates\pre-dexed\debug\com.google.android.gms-play-services-basement-8.1.0_121f94e0e6859f57906fd237bff827233ab558ac.jar C:\Users\Alvin\Documents\Programming\Git Repo\WWUICTD\smoking_cessation\android_project\app\build\intermediates\exploded-aar\com.google.android.gms\play-services-basement\8.1.0\jars\classes.jar
java_class_path (initial): C:\Users\Alvin\AppData\Local\Android\sdk\build-tools\23.0.2\lib\dx.jar
Launcher Type: SUN_STANDARD

Environment Variables:
PATH=C:\ProgramData\Oracle\Java\javapath;C:\Program Files (x86)\NVIDIA Corporation\PhysX\Common;C:\Windows\system32;C:\Windows;C:\Windows\System32\Wbem;C:\Windows\System32\WindowsPowerShell\v1.0\;C:\Program Files (x86)\MySQL\MySQL Fabric 1.5 & MySQL Utilities 1.5\;C:\Program Files (x86)\MySQL\MySQL Fabric 1.5 & MySQL Utilities 1.5\Doctrine extensions for PHP\;C:\Program Files (x86)\AMD\ATI.ACE\Core-Static
USERNAME=Alvin
OS=Windows_NT
PROCESSOR_IDENTIFIER=Intel64 Family 6 Model 15 Stepping 11, GenuineIntel



---------------  S Y S T E M  ---------------

OS: Windows 7 , 64 bit Build 7601 (6.1.7601.19135)

CPU:total 4 (4 cores per cpu, 1 threads per core) family 6 model 15 stepping 11, cmov, cx8, fxsr, mmx, sse, sse2, sse3, ssse3, tsc

Memory: 4k page, physical 4192804k(713976k free), swap 8383772k(2488804k free)

vm_info: Java HotSpot(TM) 64-Bit Server VM (25.65-b01) for windows-amd64 JRE (1.8.0_65-b17), built on Oct  6 2015 16:39:20 by "java_re" with MS VC++ 10.0 (VS2010)

time: Fri Mar 04 16:17:10 2016
elapsed time: 32 seconds (0d 0h 0m 32s)

