#
# A fatal error has been detected by the Java Runtime Environment:
#
#  EXCEPTION_ACCESS_VIOLATION (0xc0000005) at pc=0xffffffffa3745120, pid=5044, tid=1052
#
# JRE version: Java(TM) SE Runtime Environment (8.0_65-b17) (build 1.8.0_65-b17)
# Java VM: Java HotSpot(TM) 64-Bit Server VM (25.65-b01 mixed mode windows-amd64 compressed oops)
# Problematic frame:
# C  0xffffffffa3745120
#
# Failed to write core dump. Minidumps are not enabled by default on client versions of Windows
#
# If you would like to submit a bug report, please visit:
#   http://bugreport.java.com/bugreport/crash.jsp
#

---------------  T H R E A D  ---------------

Current thread (0x000000000211e000):  JavaThread "main" [_thread_in_Java, id=1052, stack(0x00000000022f0000,0x00000000023f0000)]

siginfo: ExceptionCode=0xc0000005, ExceptionInformation=0x0000000000000008 0xffffffffa3745120

Registers:
RAX=0x0000000014710928, RBX=0x0000000014712ce8, RCX=0x00000000ebadd6d0, RDX=0x00000000ebb0d0a8
RSP=0x00000000023ef088, RBP=0x00000000023ef520, RSI=0x00000000ebb0d0a8, RDI=0x0000000054d0c970
R8 =0x00000000ebb0d0a8, R9 =0x00000000f3b72430, R10=0x00000000f3b708f0, R11=0x00000000f3b70cf0
R12=0x0000000000000000, R13=0x00000000ebadd6d0, R14=0x00000000023ef0d0, R15=0x000000000211e000
RIP=0xffffffffa3745120, EFLAGS=0x0000000000010206

Top of Stack: (sp=0x00000000023ef088)
0x00000000023ef088:   000000000322487c 00000000ebadd6d0
0x00000000023ef098:   00000000031f672c 00000000ebb0cde8
0x00000000023ef0a8:   00000000ebb0ce88 00000000c0fd1370
0x00000000023ef0b8:   00000000000006e3 00000000ebb0d0a8
0x00000000023ef0c8:   00000000ebb0c2c0 00000000023ef520
0x00000000023ef0d8:   00000000031f672c 00000000ebadd6d0
0x00000000023ef0e8:   00000000ebb0d0a8 00000000f3b72430
0x00000000023ef0f8:   0000000000000000 0000000000000000
0x00000000023ef108:   4069000000000000 00000000023ef520
0x00000000023ef118:   00000000031f191c 00000000f01b1698
0x00000000023ef128:   0000000002de0f04 00000000f3b50220
0x00000000023ef138:   0000000000000000 0000000000000000
0x00000000023ef148:   0000000000000000 00000000023ef520
0x00000000023ef158:   00000000031fb96c 00000000c0fd1a68
0x00000000023ef168:   0000000000000000 000000000211e000
0x00000000023ef178:   00000000f3b71d18 00000000ebadd6d0 

Instructions: (pc=0xffffffffa3745120)
0xffffffffa3745100:   
[error occurred during error reporting (printing registers, top of stack, instructions near pc), id 0xc0000005]

Register to memory mapping:

RAX=0x0000000014710928 is pointing into metadata
RBX=0x0000000014712ce8 is pointing into metadata
RCX=0x00000000ebadd6d0 is an oop
com.android.dx.dex.code.OutputFinisher 
 - klass: 'com/android/dx/dex/code/OutputFinisher'
RDX=0x00000000ebb0d0a8 is an oop
com.android.dx.dex.code.CstInsn 
 - klass: 'com/android/dx/dex/code/CstInsn'
RSP=0x00000000023ef088 is pointing into the stack for thread: 0x000000000211e000
RBP=0x00000000023ef520 is pointing into the stack for thread: 0x000000000211e000
RSI=0x00000000ebb0d0a8 is an oop
com.android.dx.dex.code.CstInsn 
 - klass: 'com/android/dx/dex/code/CstInsn'
RDI=0x0000000054d0c970 is pointing into metadata
R8 =0x00000000ebb0d0a8 is an oop
com.android.dx.dex.code.CstInsn 
 - klass: 'com/android/dx/dex/code/CstInsn'
R9 =0x00000000f3b72430 is an oop
com.android.dx.dex.code.Dop 
 - klass: 'com/android/dx/dex/code/Dop'
R10=0x00000000f3b708f0 is an oop
com.android.dx.dex.DexOptions 
 - klass: 'com/android/dx/dex/DexOptions'
R11=0x00000000f3b70cf0 is an oop
com.android.dx.dex.code.form.Form35c 
 - klass: 'com/android/dx/dex/code/form/Form35c'
R12=0x0000000000000000 is an unknown value
R13=0x00000000ebadd6d0 is an oop
com.android.dx.dex.code.OutputFinisher 
 - klass: 'com/android/dx/dex/code/OutputFinisher'
R14=0x00000000023ef0d0 is pointing into the stack for thread: 0x000000000211e000
R15=0x000000000211e000 is a thread


Stack: [0x00000000022f0000,0x00000000023f0000],  sp=0x00000000023ef088,  free space=1020k
Native frames: (J=compiled Java code, j=interpreted, Vv=VM code, C=native code)
C  0xffffffffa3745120


---------------  P R O C E S S  ---------------

Java Threads: ( => current thread )
  0x0000000055075000 JavaThread "Service Thread" daemon [_thread_blocked, id=916, stack(0x0000000056ed0000,0x0000000056fd0000)]
  0x0000000055072800 JavaThread "C1 CompilerThread2" daemon [_thread_blocked, id=5400, stack(0x0000000056940000,0x0000000056a40000)]
  0x0000000055071800 JavaThread "C2 CompilerThread1" daemon [_thread_in_native, id=2668, stack(0x00000000564a0000,0x00000000565a0000)]
  0x000000005507f000 JavaThread "C2 CompilerThread0" daemon [_thread_in_native, id=2948, stack(0x00000000567d0000,0x00000000568d0000)]
  0x000000005507d800 JavaThread "Attach Listener" daemon [_thread_blocked, id=6004, stack(0x00000000565c0000,0x00000000566c0000)]
  0x000000005507c800 JavaThread "Signal Dispatcher" daemon [_thread_blocked, id=3816, stack(0x0000000055fa0000,0x00000000560a0000)]
  0x0000000055011000 JavaThread "Finalizer" daemon [_thread_blocked, id=5996, stack(0x0000000056390000,0x0000000056490000)]
  0x000000005500f800 JavaThread "Reference Handler" daemon [_thread_blocked, id=3880, stack(0x0000000056250000,0x0000000056350000)]
=>0x000000000211e000 JavaThread "main" [_thread_in_Java, id=1052, stack(0x00000000022f0000,0x00000000023f0000)]

Other Threads:
  0x000000005500a000 VMThread [stack: 0x0000000056150000,0x0000000056250000] [id=6060]
  0x0000000056acc800 WatcherThread [stack: 0x0000000057020000,0x0000000057120000] [id=5912]

VM state:not at safepoint (normal execution)

VM Mutex/Monitor currently owned by a thread: None

Heap:
 PSYoungGen      total 144896K, used 115579K [0x00000000eab00000, 0x00000000f5000000, 0x0000000100000000)
  eden space 128512K, 78% used [0x00000000eab00000,0x00000000f0dde538,0x00000000f2880000)
  from space 16384K, 87% used [0x00000000f3b00000,0x00000000f4900a70,0x00000000f4b00000)
  to   space 18944K, 0% used [0x00000000f2880000,0x00000000f2880000,0x00000000f3b00000)
 ParOldGen       total 44032K, used 24386K [0x00000000c0000000, 0x00000000c2b00000, 0x00000000eab00000)
  object space 44032K, 55% used [0x00000000c0000000,0x00000000c17d0918,0x00000000c2b00000)
 Metaspace       used 6698K, capacity 7416K, committed 7552K, reserved 1056768K
  class space    used 618K, capacity 624K, committed 640K, reserved 1048576K

Card table byte_map: [0x0000000011b00000,0x0000000011d10000] byte_map_base: 0x0000000011500000

Marking Bits: (ParMarkBitMap*) 0x000000006bd1a5b0
 Begin Bits: [0x0000000012480000, 0x0000000013480000)
 End Bits:   [0x0000000013480000, 0x0000000014480000)

Polling page: 0x0000000000340000

CodeCache: size=245760Kb used=11197Kb max_used=11197Kb free=234562Kb
 bounds [0x0000000002740000, 0x0000000003240000, 0x0000000011740000]
 total_blobs=2716 nmethods=2446 adapters=182
 compilation: enabled

Compilation events (10 events):
Event: 16.393 Thread 0x0000000055072800 nmethod 2601 0x0000000003231e10 code [0x0000000003232180, 0x0000000003234298]
Event: 16.393 Thread 0x0000000055072800 2597       3       com.android.dx.dex.code.CstInsn::setClassIndex (37 bytes)
Event: 16.393 Thread 0x0000000055072800 nmethod 2597 0x0000000003223dd0 code [0x0000000003223f60, 0x0000000003224298]
Event: 16.393 Thread 0x0000000055072800 2593       3       com.android.dx.dex.file.MethodIdsSection::get (49 bytes)
Event: 16.394 Thread 0x0000000055072800 nmethod 2593 0x0000000003219050 code [0x0000000003219240, 0x0000000003219a78]
Event: 16.394 Thread 0x0000000055072800 2604       3       com.android.dx.dex.code.CstInsn::setIndex (37 bytes)
Event: 16.394 Thread 0x0000000055072800 nmethod 2604 0x0000000003231810 code [0x00000000032319a0, 0x0000000003231cd8]
Event: 16.394 Thread 0x0000000055072800 2603       3       com.android.dx.dex.code.CstInsn::getIndex (42 bytes)
Event: 16.394 Thread 0x0000000055072800 nmethod 2603 0x0000000003230710 code [0x0000000003230920, 0x0000000003231388]
Event: 16.394 Thread 0x0000000055072800 2592       1       com.android.dx.dex.code.CatchHandlerList$Entry::getHandler (5 bytes)

GC Heap History (10 events):
Event: 1.972 GC heap before
{Heap before GC invocations=2 (full 0):
 PSYoungGen      total 18944K, used 17429K [0x00000000eab00000, 0x00000000ed000000, 0x0000000100000000)
  eden space 16384K, 100% used [0x00000000eab00000,0x00000000ebb00000,0x00000000ebb00000)
  from space 2560K, 40% used [0x00000000ebb00000,0x00000000ebc05600,0x00000000ebd80000)
  to   space 2560K, 0% used [0x00000000ecd80000,0x00000000ecd80000,0x00000000ed000000)
 ParOldGen       total 44032K, used 8K [0x00000000c0000000, 0x00000000c2b00000, 0x00000000eab00000)
  object space 44032K, 0% used [0x00000000c0000000,0x00000000c0002000,0x00000000c2b00000)
 Metaspace       used 5870K, capacity 6832K, committed 7040K, reserved 1056768K
  class space    used 595K, capacity 616K, committed 640K, reserved 1048576K
Event: 2.405 GC heap after
Heap after GC invocations=2 (full 0):
 PSYoungGen      total 35328K, used 2554K [0x00000000eab00000, 0x00000000ed000000, 0x0000000100000000)
  eden space 32768K, 0% used [0x00000000eab00000,0x00000000eab00000,0x00000000ecb00000)
  from space 2560K, 99% used [0x00000000ecd80000,0x00000000ecffea80,0x00000000ed000000)
  to   space 2560K, 0% used [0x00000000ecb00000,0x00000000ecb00000,0x00000000ecd80000)
 ParOldGen       total 44032K, used 1973K [0x00000000c0000000, 0x00000000c2b00000, 0x00000000eab00000)
  object space 44032K, 4% used [0x00000000c0000000,0x00000000c01ed5b8,0x00000000c2b00000)
 Metaspace       used 5870K, capacity 6832K, committed 7040K, reserved 1056768K
  class space    used 595K, capacity 616K, committed 640K, reserved 1048576K
}
Event: 4.969 GC heap before
{Heap before GC invocations=3 (full 0):
 PSYoungGen      total 35328K, used 35322K [0x00000000eab00000, 0x00000000ed000000, 0x0000000100000000)
  eden space 32768K, 100% used [0x00000000eab00000,0x00000000ecb00000,0x00000000ecb00000)
  from space 2560K, 99% used [0x00000000ecd80000,0x00000000ecffea80,0x00000000ed000000)
  to   space 2560K, 0% used [0x00000000ecb00000,0x00000000ecb00000,0x00000000ecd80000)
 ParOldGen       total 44032K, used 1973K [0x00000000c0000000, 0x00000000c2b00000, 0x00000000eab00000)
  object space 44032K, 4% used [0x00000000c0000000,0x00000000c01ed5b8,0x00000000c2b00000)
 Metaspace       used 6138K, capacity 7024K, committed 7296K, reserved 1056768K
  class space    used 597K, capacity 616K, committed 640K, reserved 1048576K
Event: 5.232 GC heap after
Heap after GC invocations=3 (full 0):
 PSYoungGen      total 35328K, used 2560K [0x00000000eab00000, 0x00000000ef000000, 0x0000000100000000)
  eden space 32768K, 0% used [0x00000000eab00000,0x00000000eab00000,0x00000000ecb00000)
  from space 2560K, 100% used [0x00000000ecb00000,0x00000000ecd80000,0x00000000ecd80000)
  to   space 2560K, 0% used [0x00000000eed80000,0x00000000eed80000,0x00000000ef000000)
 ParOldGen       total 44032K, used 7503K [0x00000000c0000000, 0x00000000c2b00000, 0x00000000eab00000)
  object space 44032K, 17% used [0x00000000c0000000,0x00000000c0753d48,0x00000000c2b00000)
 Metaspace       used 6138K, capacity 7024K, committed 7296K, reserved 1056768K
  class space    used 597K, capacity 616K, committed 640K, reserved 1048576K
}
Event: 6.135 GC heap before
{Heap before GC invocations=4 (full 0):
 PSYoungGen      total 35328K, used 35328K [0x00000000eab00000, 0x00000000ef000000, 0x0000000100000000)
  eden space 32768K, 100% used [0x00000000eab00000,0x00000000ecb00000,0x00000000ecb00000)
  from space 2560K, 100% used [0x00000000ecb00000,0x00000000ecd80000,0x00000000ecd80000)
  to   space 2560K, 0% used [0x00000000eed80000,0x00000000eed80000,0x00000000ef000000)
 ParOldGen       total 44032K, used 7503K [0x00000000c0000000, 0x00000000c2b00000, 0x00000000eab00000)
  object space 44032K, 17% used [0x00000000c0000000,0x00000000c0753d48,0x00000000c2b00000)
 Metaspace       used 6250K, capacity 7088K, committed 7296K, reserved 1056768K
  class space    used 598K, capacity 616K, committed 640K, reserved 1048576K
Event: 6.363 GC heap after
Heap after GC invocations=4 (full 0):
 PSYoungGen      total 68096K, used 2547K [0x00000000eab00000, 0x00000000ef000000, 0x0000000100000000)
  eden space 65536K, 0% used [0x00000000eab00000,0x00000000eab00000,0x00000000eeb00000)
  from space 2560K, 99% used [0x00000000eed80000,0x00000000eeffcea8,0x00000000ef000000)
  to   space 2560K, 0% used [0x00000000eeb00000,0x00000000eeb00000,0x00000000eed80000)
 ParOldGen       total 44032K, used 13228K [0x00000000c0000000, 0x00000000c2b00000, 0x00000000eab00000)
  object space 44032K, 30% used [0x00000000c0000000,0x00000000c0ceb210,0x00000000c2b00000)
 Metaspace       used 6250K, capacity 7088K, committed 7296K, reserved 1056768K
  class space    used 598K, capacity 616K, committed 640K, reserved 1048576K
}
Event: 6.954 GC heap before
{Heap before GC invocations=5 (full 0):
 PSYoungGen      total 68096K, used 68083K [0x00000000eab00000, 0x00000000ef000000, 0x0000000100000000)
  eden space 65536K, 100% used [0x00000000eab00000,0x00000000eeb00000,0x00000000eeb00000)
  from space 2560K, 99% used [0x00000000eed80000,0x00000000eeffcea8,0x00000000ef000000)
  to   space 2560K, 0% used [0x00000000eeb00000,0x00000000eeb00000,0x00000000eed80000)
 ParOldGen       total 44032K, used 13228K [0x00000000c0000000, 0x00000000c2b00000, 0x00000000eab00000)
  object space 44032K, 30% used [0x00000000c0000000,0x00000000c0ceb210,0x00000000c2b00000)
 Metaspace       used 6325K, capacity 7152K, committed 7296K, reserved 1056768K
  class space    used 598K, capacity 616K, committed 640K, reserved 1048576K
Event: 7.133 GC heap after
Heap after GC invocations=5 (full 0):
 PSYoungGen      total 68096K, used 2560K [0x00000000eab00000, 0x00000000f4b00000, 0x0000000100000000)
  eden space 65536K, 0% used [0x00000000eab00000,0x00000000eab00000,0x00000000eeb00000)
  from space 2560K, 100% used [0x00000000eeb00000,0x00000000eed80000,0x00000000eed80000)
  to   space 16384K, 0% used [0x00000000f3b00000,0x00000000f3b00000,0x00000000f4b00000)
 ParOldGen       total 44032K, used 24386K [0x00000000c0000000, 0x00000000c2b00000, 0x00000000eab00000)
  object space 44032K, 55% used [0x00000000c0000000,0x00000000c17d0918,0x00000000c2b00000)
 Metaspace       used 6325K, capacity 7152K, committed 7296K, reserved 1056768K
  class space    used 598K, capacity 616K, committed 640K, reserved 1048576K
}
Event: 7.696 GC heap before
{Heap before GC invocations=6 (full 0):
 PSYoungGen      total 68096K, used 68096K [0x00000000eab00000, 0x00000000f4b00000, 0x0000000100000000)
  eden space 65536K, 100% used [0x00000000eab00000,0x00000000eeb00000,0x00000000eeb00000)
  from space 2560K, 100% used [0x00000000eeb00000,0x00000000eed80000,0x00000000eed80000)
  to   space 16384K, 0% used [0x00000000f3b00000,0x00000000f3b00000,0x00000000f4b00000)
 ParOldGen       total 44032K, used 24386K [0x00000000c0000000, 0x00000000c2b00000, 0x00000000eab00000)
  object space 44032K, 55% used [0x00000000c0000000,0x00000000c17d0918,0x00000000c2b00000)
 Metaspace       used 6379K, capacity 7152K, committed 7296K, reserved 1056768K
  class space    used 598K, capacity 616K, committed 640K, reserved 1048576K
Event: 7.760 GC heap after
Heap after GC invocations=6 (full 0):
 PSYoungGen      total 144896K, used 14338K [0x00000000eab00000, 0x00000000f5000000, 0x0000000100000000)
  eden space 128512K, 0% used [0x00000000eab00000,0x00000000eab00000,0x00000000f2880000)
  from space 16384K, 87% used [0x00000000f3b00000,0x00000000f4900a70,0x00000000f4b00000)
  to   space 18944K, 0% used [0x00000000f2880000,0x00000000f2880000,0x00000000f3b00000)
 ParOldGen       total 44032K, used 24386K [0x00000000c0000000, 0x00000000c2b00000, 0x00000000eab00000)
  object space 44032K, 55% used [0x00000000c0000000,0x00000000c17d0918,0x00000000c2b00000)
 Metaspace       used 6379K, capacity 7152K, committed 7296K, reserved 1056768K
  class space    used 598K, capacity 616K, committed 640K, reserved 1048576K
}

Deoptimization events (10 events):
Event: 15.823 Thread 0x000000000211e000 Uncommon trap: reason=class_check action=maybe_recompile pc=0x0000000002bfb940 method=java.util.HashMap.putVal(ILjava/lang/Object;Ljava/lang/Object;ZZ)Ljava/lang/Object; @ 203
Event: 16.159 Thread 0x000000000211e000 Uncommon trap: reason=speculate_class_check action=maybe_recompile pc=0x0000000002b22180 method=com.android.dx.util.FixedSizeList.equals(Ljava/lang/Object;)Z @ 25
Event: 16.160 Thread 0x000000000211e000 Uncommon trap: reason=class_check action=maybe_recompile pc=0x0000000002b03f74 method=java.util.Arrays.equals([Ljava/lang/Object;[Ljava/lang/Object;)Z @ 62
Event: 16.160 Thread 0x000000000211e000 Uncommon trap: reason=speculate_class_check action=maybe_recompile pc=0x0000000002b22180 method=com.android.dx.util.FixedSizeList.equals(Ljava/lang/Object;)Z @ 25
Event: 16.160 Thread 0x000000000211e000 Uncommon trap: reason=class_check action=maybe_recompile pc=0x0000000002b03f74 method=java.util.Arrays.equals([Ljava/lang/Object;[Ljava/lang/Object;)Z @ 62
Event: 16.160 Thread 0x000000000211e000 Uncommon trap: reason=speculate_class_check action=maybe_recompile pc=0x0000000002b22180 method=com.android.dx.util.FixedSizeList.equals(Ljava/lang/Object;)Z @ 25
Event: 16.160 Thread 0x000000000211e000 Uncommon trap: reason=class_check action=maybe_recompile pc=0x0000000002b03f74 method=java.util.Arrays.equals([Ljava/lang/Object;[Ljava/lang/Object;)Z @ 62
Event: 16.160 Thread 0x000000000211e000 Uncommon trap: reason=speculate_class_check action=maybe_recompile pc=0x0000000002b22180 method=com.android.dx.util.FixedSizeList.equals(Ljava/lang/Object;)Z @ 25
Event: 16.160 Thread 0x000000000211e000 Uncommon trap: reason=class_check action=maybe_recompile pc=0x0000000002b03f74 method=java.util.Arrays.equals([Ljava/lang/Object;[Ljava/lang/Object;)Z @ 62
Event: 16.161 Thread 0x000000000211e000 Uncommon trap: reason=unstable_if action=reinterpret pc=0x0000000002fdba0c method=java.util.TreeMap.put(Ljava/lang/Object;Ljava/lang/Object;)Ljava/lang/Object; @ 163

Internal exceptions (5 events):
Event: 0.548 Thread 0x000000000211e000 Exception <a 'java/lang/NoSuchMethodError': Method sun.misc.Unsafe.defineClass(Ljava/lang/String;[BII)Ljava/lang/Class; name or signature does not match> (0x00000000eab0d718) thrown at [C:\workspace\8-2-build-windows-amd64-cygwin\jdk8u65\4987\hotspot\src\s√æÅ˜/ç·?
Event: 0.548 Thread 0x000000000211e000 Exception <a 'java/lang/NoSuchMethodError': Method sun.misc.Unsafe.prefetchRead(Ljava/lang/Object;J)V name or signature does not match> (0x00000000eab0da00) thrown at [C:\workspace\8-2-build-windows-amd64-cygwin\jdk8u65\4987\hotspot\src\share\vm\prims\jni.;´{ªkt@
Event: 5.864 Thread 0x000000000211e000 Implicit null exception at 0x0000000002ab4f92 to 0x0000000002ab5031
Event: 12.653 Thread 0x0000000056d21800 Implicit null exception at 0x0000000002b5bc09 to 0x0000000002b5c5ed
Event: 12.653 Thread 0x0000000056d21800 Implicit null exception at 0x0000000002b54e3c to 0x0000000002b556f5

Events (10 events):
Event: 16.262 Thread 0x000000000211e000 DEOPT PACKING pc=0x000000000319f959 sp=0x00000000023ef1c0
Event: 16.262 Thread 0x000000000211e000 DEOPT UNPACKING pc=0x00000000027871bf sp=0x00000000023eef78 mode 0
Event: 16.262 Thread 0x000000000211e000 DEOPT PACKING pc=0x0000000003197827 sp=0x00000000023ef1e0
Event: 16.262 Thread 0x000000000211e000 DEOPT UNPACKING pc=0x00000000027871bf sp=0x00000000023eefa8 mode 0
Event: 16.262 Thread 0x000000000211e000 DEOPT PACKING pc=0x0000000003191135 sp=0x00000000023ef280
Event: 16.262 Thread 0x000000000211e000 DEOPT UNPACKING pc=0x00000000027871bf sp=0x00000000023eefd0 mode 0
Event: 16.262 Thread 0x000000000211e000 DEOPT PACKING pc=0x000000000319b551 sp=0x00000000023ef1f0
Event: 16.262 Thread 0x000000000211e000 DEOPT UNPACKING pc=0x00000000027871bf sp=0x00000000023eef68 mode 0
Event: 16.344 Thread 0x000000000211e000 DEOPT PACKING pc=0x00000000031b1569 sp=0x00000000023ef010
Event: 16.344 Thread 0x000000000211e000 DEOPT UNPACKING pc=0x00000000027871bf sp=0x00000000023eee18 mode 0


Dynamic libraries:
0x000000013f210000 - 0x000000013f247000 	C:\Program Files\Java\jdk1.8.0_65\bin\java.exe
0x00000000775a0000 - 0x000000007774a000 	C:\Windows\SYSTEM32\ntdll.dll
0x0000000077480000 - 0x000000007759f000 	C:\Windows\system32\kernel32.dll
0x000007fefd350000 - 0x000007fefd3bb000 	C:\Windows\system32\KERNELBASE.dll
0x000007fefe1b0000 - 0x000007fefe28b000 	C:\Windows\system32\ADVAPI32.dll
0x000007fefe490000 - 0x000007fefe52f000 	C:\Windows\system32\msvcrt.dll
0x000007fefe190000 - 0x000007fefe1af000 	C:\Windows\SYSTEM32\sechost.dll
0x000007fefdc30000 - 0x000007fefdd5d000 	C:\Windows\system32\RPCRT4.dll
0x0000000077380000 - 0x000000007747a000 	C:\Windows\system32\USER32.dll
0x000007fefe0f0000 - 0x000007fefe157000 	C:\Windows\system32\GDI32.dll
0x000007fefe040000 - 0x000007fefe04e000 	C:\Windows\system32\LPK.dll
0x000007fefdf70000 - 0x000007fefe03a000 	C:\Windows\system32\USP10.dll
0x000007fefbeb0000 - 0x000007fefc0a4000 	C:\Windows\WinSxS\amd64_microsoft.windows.common-controls_6595b64144ccf1df_6.0.7601.18837_none_fa3b1e3d17594757\COMCTL32.dll
0x000007fefe530000 - 0x000007fefe5a1000 	C:\Windows\system32\SHLWAPI.dll
0x000007fefe160000 - 0x000007fefe18e000 	C:\Windows\system32\IMM32.DLL
0x000007fefe5b0000 - 0x000007fefe6b9000 	C:\Windows\system32\MSCTF.dll
0x000000006a700000 - 0x000000006a7d2000 	C:\Program Files\Java\jdk1.8.0_65\jre\bin\msvcr100.dll
0x000000006b510000 - 0x000000006bd99000 	C:\Program Files\Java\jdk1.8.0_65\jre\bin\server\jvm.dll
0x000007fef9d40000 - 0x000007fef9d49000 	C:\Windows\system32\WSOCK32.dll
0x000007fefd7d0000 - 0x000007fefd81d000 	C:\Windows\system32\WS2_32.dll
0x000007fefd7c0000 - 0x000007fefd7c8000 	C:\Windows\system32\NSI.dll
0x000007fefadf0000 - 0x000007fefae2b000 	C:\Windows\system32\WINMM.dll
0x000007fefc4e0000 - 0x000007fefc4ec000 	C:\Windows\system32\VERSION.dll
0x0000000077760000 - 0x0000000077767000 	C:\Windows\system32\PSAPI.DLL
0x0000000074900000 - 0x000000007490f000 	C:\Program Files\Java\jdk1.8.0_65\jre\bin\verify.dll
0x00000000714f0000 - 0x0000000071519000 	C:\Program Files\Java\jdk1.8.0_65\jre\bin\java.dll
0x0000000074400000 - 0x0000000074416000 	C:\Program Files\Java\jdk1.8.0_65\jre\bin\zip.dll
0x000007fefe6c0000 - 0x000007feff44a000 	C:\Windows\system32\SHELL32.dll
0x000007fefdd60000 - 0x000007fefdf63000 	C:\Windows\system32\ole32.dll
0x000007fefd330000 - 0x000007fefd33f000 	C:\Windows\system32\profapi.dll
0x000007fee3c50000 - 0x000007fee3d75000 	C:\Windows\system32\dbghelp.dll

VM Arguments:
jvm_args: -Djava.awt.headless=true -Xmx1024M -Dfile.encoding=windows-1252 -Duser.country=US -Duser.language=en -Duser.variant 
java_command: com.android.dx.command.Main --dex --num-threads=4 --output C:\Users\Alvin\Documents\Programming\Git Repo\WWUICTD\smoking_cessation\android_project\app\build\intermediates\pre-dexed\debug\com.google.android.gms-play-services-basement-8.1.0_121f94e0e6859f57906fd237bff827233ab558ac.jar C:\Users\Alvin\Documents\Programming\Git Repo\WWUICTD\smoking_cessation\android_project\app\build\intermediates\exploded-aar\com.google.android.gms\play-services-basement\8.1.0\jars\classes.jar
java_class_path (initial): C:\Users\Alvin\AppData\Local\Android\sdk\build-tools\23.0.2\lib\dx.jar
Launcher Type: SUN_STANDARD

Environment Variables:
PATH=C:\ProgramData\Oracle\Java\javapath;C:\Program Files (x86)\NVIDIA Corporation\PhysX\Common;C:\Windows\system32;C:\Windows;C:\Windows\System32\Wbem;C:\Windows\System32\WindowsPowerShell\v1.0\;C:\Program Files (x86)\MySQL\MySQL Fabric 1.5 & MySQL Utilities 1.5\;C:\Program Files (x86)\MySQL\MySQL Fabric 1.5 & MySQL Utilities 1.5\Doctrine extensions for PHP\;C:\Program Files (x86)\AMD\ATI.ACE\Core-Static
USERNAME=Alvin
OS=Windows_NT
PROCESSOR_IDENTIFIER=Intel64 Family 6 Model 15 Stepping 11, GenuineIntel



---------------  S Y S T E M  ---------------

OS: Windows 7 , 64 bit Build 7601 (6.1.7601.19135)

CPU:total 4 (4 cores per cpu, 1 threads per core) family 6 model 15 stepping 11, cmov, cx8, fxsr, mmx, sse, sse2, sse3, ssse3, tsc

Memory: 4k page, physical 4192804k(460468k free), swap 8383772k(2571064k free)

vm_info: Java HotSpot(TM) 64-Bit Server VM (25.65-b01) for windows-amd64 JRE (1.8.0_65-b17), built on Oct  6 2015 16:39:20 by "java_re" with MS VC++ 10.0 (VS2010)

time: Wed Feb 24 01:48:45 2016
elapsed time: 16 seconds (0d 0h 0m 16s)

