#
# A fatal error has been detected by the Java Runtime Environment:
#
#  EXCEPTION_ACCESS_VIOLATION (0xc0000005) at pc=0xffffffffa3925120, pid=1968, tid=6544
#
# JRE version: Java(TM) SE Runtime Environment (8.0_65-b17) (build 1.8.0_65-b17)
# Java VM: Java HotSpot(TM) 64-Bit Server VM (25.65-b01 mixed mode windows-amd64 compressed oops)
# Problematic frame:
# C  0xffffffffa3925120
#
# Failed to write core dump. Minidumps are not enabled by default on client versions of Windows
#
# If you would like to submit a bug report, please visit:
#   http://bugreport.java.com/bugreport/crash.jsp
#

---------------  T H R E A D  ---------------

Current thread (0x000000000217e000):  JavaThread "main" [_thread_in_Java, id=6544, stack(0x0000000002550000,0x0000000002650000)]

siginfo: ExceptionCode=0xc0000005, ExceptionInformation=0x0000000000000008 0xffffffffa3925120

Registers:
RAX=0x0000000054ee0ea0, RBX=0x00000000000003e8, RCX=0x00000000ec1407b0, RDX=0x00000000ec1407b0
RSP=0x000000000264ef98, RBP=0x000000000264f048, RSI=0x0000000000000011, RDI=0x00000000ec1407b0
R8 =0x0000000000000887, R9 =0x00000000ec1407d8, R10=0x0000000056d020f0, R11=0x00000000033391a0
R12=0x0000000000000000, R13=0x000000000264eff8, R14=0x000000000264f090, R15=0x000000000217e000
RIP=0xffffffffa3925120, EFLAGS=0x0000000000010246

Top of Stack: (sp=0x000000000264ef98)
0x000000000264ef98:   0000000003339224 000000000264efa0
0x000000000264efa8:   0000000054c7a4e5 000000000264efb0
0x000000000264efb8:   0000000054ee15e8 00000000ec1407b0
0x000000000264efc8:   0000001100000887 0000000054f0f480
0x000000000264efd8:   0000000054ee1608 000000000264f048
0x000000000264efe8:   0000000002927495 0000000002927495
0x000000000264eff8:   0000000000000887 00000000ec1407b0
0x000000000264f008:   000000000264f008 0000000054cddeab
0x000000000264f018:   000000000264f090 0000000054ce0dc0
0x000000000264f028:   0000000000000000 0000000054cddf38
0x000000000264f038:   000000000264eff8 000000000264f070
0x000000000264f048:   000000000264f0d8 0000000002927450
0x000000000264f058:   0000000000000002 0000000000000887
0x000000000264f068:   0000000000000887 0000000000000000
0x000000000264f078:   0000000000000000 00000000ec1407b0
0x000000000264f088:   00000000c0bb7348 00000000fc9e31e8 

Instructions: (pc=0xffffffffa3925120)
0xffffffffa3925100:   
[error occurred during error reporting (printing registers, top of stack, instructions near pc), id 0xc0000005]

Register to memory mapping:

RAX={method} {0x0000000054ee0ea8} 'writeUleb128' '(I)I' in 'com/android/dx/util/ByteArrayAnnotatedOutput'
RBX=0x00000000000003e8 is an unknown value
RCX=0x00000000ec1407b0 is an oop
com.android.dx.util.ByteArrayAnnotatedOutput 
 - klass: 'com/android/dx/util/ByteArrayAnnotatedOutput'
RDX=0x00000000ec1407b0 is an oop
com.android.dx.util.ByteArrayAnnotatedOutput 
 - klass: 'com/android/dx/util/ByteArrayAnnotatedOutput'
RSP=0x000000000264ef98 is pointing into the stack for thread: 0x000000000217e000
RBP=0x000000000264f048 is pointing into the stack for thread: 0x000000000217e000
RSI=0x0000000000000011 is an unknown value
RDI=0x00000000ec1407b0 is an oop
com.android.dx.util.ByteArrayAnnotatedOutput 
 - klass: 'com/android/dx/util/ByteArrayAnnotatedOutput'
R8 =0x0000000000000887 is an unknown value
R9 =0x00000000ec1407d8 is an oop
[B 
 - klass: {type array byte}
 - length: 1000
R10=0x0000000056d020f0 is an unknown value
R11=0x00000000033391a0 is at entry_point+32 in (nmethod*)0x0000000003339010
R12=0x0000000000000000 is an unknown value
R13=0x000000000264eff8 is pointing into the stack for thread: 0x000000000217e000
R14=0x000000000264f090 is pointing into the stack for thread: 0x000000000217e000
R15=0x000000000217e000 is a thread


Stack: [0x0000000002550000,0x0000000002650000],  sp=0x000000000264ef98,  free space=1019k
Native frames: (J=compiled Java code, j=interpreted, Vv=VM code, C=native code)
C  0xffffffffa3925120


---------------  P R O C E S S  ---------------

Java Threads: ( => current thread )
  0x0000000057550800 JavaThread "Service Thread" daemon [_thread_blocked, id=5520, stack(0x0000000057940000,0x0000000057a40000)]
  0x000000005524f800 JavaThread "C1 CompilerThread2" daemon [_thread_blocked, id=6716, stack(0x00000000563c0000,0x00000000564c0000)]
  0x000000005524a800 JavaThread "C2 CompilerThread1" daemon [_thread_blocked, id=2532, stack(0x00000000570e0000,0x00000000571e0000)]
  0x0000000055245000 JavaThread "C2 CompilerThread0" daemon [_thread_blocked, id=5936, stack(0x00000000573f0000,0x00000000574f0000)]
  0x0000000055242000 JavaThread "Attach Listener" daemon [_thread_blocked, id=5268, stack(0x0000000056db0000,0x0000000056eb0000)]
  0x0000000055240800 JavaThread "Signal Dispatcher" daemon [_thread_blocked, id=328, stack(0x0000000057220000,0x0000000057320000)]
  0x00000000551e1000 JavaThread "Finalizer" daemon [_thread_blocked, id=5440, stack(0x0000000056fb0000,0x00000000570b0000)]
  0x00000000551e0000 JavaThread "Reference Handler" daemon [_thread_blocked, id=3048, stack(0x0000000056eb0000,0x0000000056fb0000)]
=>0x000000000217e000 JavaThread "main" [_thread_in_Java, id=6544, stack(0x0000000002550000,0x0000000002650000)]

Other Threads:
  0x00000000551da800 VMThread [stack: 0x00000000562c0000,0x00000000563c0000] [id=5500]
  0x000000005755a000 WatcherThread [stack: 0x0000000057bf0000,0x0000000057cf0000] [id=4776]

VM state:synchronizing (normal execution)

VM Mutex/Monitor currently owned by a thread:  ([mutex/lock_event])
[0x000000000217c230] Safepoint_lock - owner thread: 0x00000000551da800
[0x000000000217c2b0] Threads_lock - owner thread: 0x00000000551da800

Heap:
 PSYoungGen      total 227328K, used 51860K [0x00000000eab00000, 0x00000000fde00000, 0x0000000100000000)
  eden space 198656K, 11% used [0x00000000eab00000,0x00000000ec1ab430,0x00000000f6d00000)
  from space 28672K, 99% used [0x00000000fc200000,0x00000000fddf9e40,0x00000000fde00000)
  to   space 35328K, 0% used [0x00000000f9900000,0x00000000f9900000,0x00000000fbb80000)
 ParOldGen       total 84480K, used 46015K [0x00000000c0000000, 0x00000000c5280000, 0x00000000eab00000)
  object space 84480K, 54% used [0x00000000c0000000,0x00000000c2cefda0,0x00000000c5280000)
 Metaspace       used 6954K, capacity 7608K, committed 7936K, reserved 1056768K
  class space    used 644K, capacity 688K, committed 768K, reserved 1048576K

Card table byte_map: [0x0000000011ce0000,0x0000000011ef0000] byte_map_base: 0x00000000116e0000

Marking Bits: (ParMarkBitMap*) 0x0000000056d1a5b0
 Begin Bits: [0x0000000012650000, 0x0000000013650000)
 End Bits:   [0x0000000013650000, 0x0000000014650000)

Polling page: 0x0000000000330000

CodeCache: size=245760Kb used=11036Kb max_used=11062Kb free=234723Kb
 bounds [0x0000000002920000, 0x0000000003410000, 0x0000000011920000]
 total_blobs=2672 nmethods=2403 adapters=183
 compilation: enabled

Compilation events (10 events):
Event: 53.556 Thread 0x0000000055245000 2706       4       com.android.dx.rop.code.SourcePosition::equals (46 bytes)
Event: 53.556 Thread 0x000000005524f800 nmethod 2908 0x00000000033e0750 code [0x00000000033e0980, 0x00000000033e12a8]
Event: 53.556 Thread 0x0000000055245000 nmethod 2706 0x00000000033e1bd0 code [0x00000000033e1d20, 0x00000000033e1dd8]
Event: 53.556 Thread 0x000000005524f800 2907       2       com.android.dx.dex.file.EncodedField::encode (157 bytes)
Event: 53.556 Thread 0x0000000055245000 2504   !   4       com.android.dx.rop.cst.CstType::intern (48 bytes)
Event: 53.558 Thread 0x000000005524f800 nmethod 2907 0x00000000033e1ed0 code [0x00000000033e21a0, 0x00000000033e2e78]
Event: 53.558 Thread 0x000000005524f800 2900       2       com.android.dx.util.ByteArrayAnnotatedOutput::annotates (13 bytes)
Event: 53.558 Thread 0x000000005524f800 nmethod 2900 0x00000000033cf6d0 code [0x00000000033cf820, 0x00000000033cf990]
Event: 53.558 Thread 0x000000005524f800 2906       2       com.android.dx.dex.file.FieldIdsSection::indexOf (49 bytes)
Event: 53.559 Thread 0x000000005524f800 nmethod 2906 0x00000000033ced50 code [0x00000000033cef20, 0x00000000033cf3a8]

GC Heap History (10 events):
Event: 19.460 GC heap before
{Heap before GC invocations=5 (full 0):
 PSYoungGen      total 68096K, used 68075K [0x00000000eab00000, 0x00000000ef000000, 0x0000000100000000)
  eden space 65536K, 100% used [0x00000000eab00000,0x00000000eeb00000,0x00000000eeb00000)
  from space 2560K, 99% used [0x00000000eed80000,0x00000000eeffaf70,0x00000000ef000000)
  to   space 2560K, 0% used [0x00000000eeb00000,0x00000000eeb00000,0x00000000eed80000)
 ParOldGen       total 44032K, used 11021K [0x00000000c0000000, 0x00000000c2b00000, 0x00000000eab00000)
  object space 44032K, 25% used [0x00000000c0000000,0x00000000c0ac3400,0x00000000c2b00000)
 Metaspace       used 6294K, capacity 7152K, committed 7296K, reserved 1056768K
  class space    used 604K, capacity 616K, committed 640K, reserved 1048576K
Event: 19.743 GC heap after
Heap after GC invocations=5 (full 0):
 PSYoungGen      total 68096K, used 2558K [0x00000000eab00000, 0x00000000f4800000, 0x0000000100000000)
  eden space 65536K, 0% used [0x00000000eab00000,0x00000000eab00000,0x00000000eeb00000)
  from space 2560K, 99% used [0x00000000eeb00000,0x00000000eed7f8c8,0x00000000eed80000)
  to   space 14848K, 0% used [0x00000000f3980000,0x00000000f3980000,0x00000000f4800000)
 ParOldGen       total 44032K, used 22101K [0x00000000c0000000, 0x00000000c2b00000, 0x00000000eab00000)
  object space 44032K, 50% used [0x00000000c0000000,0x00000000c1595780,0x00000000c2b00000)
 Metaspace       used 6294K, capacity 7152K, committed 7296K, reserved 1056768K
  class space    used 604K, capacity 616K, committed 640K, reserved 1048576K
}
Event: 32.354 GC heap before
{Heap before GC invocations=6 (full 0):
 PSYoungGen      total 68096K, used 68094K [0x00000000eab00000, 0x00000000f4800000, 0x0000000100000000)
  eden space 65536K, 100% used [0x00000000eab00000,0x00000000eeb00000,0x00000000eeb00000)
  from space 2560K, 99% used [0x00000000eeb00000,0x00000000eed7f8c8,0x00000000eed80000)
  to   space 14848K, 0% used [0x00000000f3980000,0x00000000f3980000,0x00000000f4800000)
 ParOldGen       total 44032K, used 22101K [0x00000000c0000000, 0x00000000c2b00000, 0x00000000eab00000)
  object space 44032K, 50% used [0x00000000c0000000,0x00000000c1595780,0x00000000c2b00000)
 Metaspace       used 6367K, capacity 7152K, committed 7296K, reserved 1056768K
  class space    used 604K, capacity 616K, committed 640K, reserved 1048576K
Event: 33.080 GC heap after
Heap after GC invocations=6 (full 0):
 PSYoungGen      total 143360K, used 13842K [0x00000000eab00000, 0x00000000f4d00000, 0x0000000100000000)
  eden space 128512K, 0% used [0x00000000eab00000,0x00000000eab00000,0x00000000f2880000)
  from space 14848K, 93% used [0x00000000f3980000,0x00000000f4704bd0,0x00000000f4800000)
  to   space 17408K, 0% used [0x00000000f2880000,0x00000000f2880000,0x00000000f3980000)
 ParOldGen       total 44032K, used 22109K [0x00000000c0000000, 0x00000000c2b00000, 0x00000000eab00000)
  object space 44032K, 50% used [0x00000000c0000000,0x00000000c1597780,0x00000000c2b00000)
 Metaspace       used 6367K, capacity 7152K, committed 7296K, reserved 1056768K
  class space    used 604K, capacity 616K, committed 640K, reserved 1048576K
}
Event: 48.249 GC heap before
{Heap before GC invocations=7 (full 0):
 PSYoungGen      total 143360K, used 142354K [0x00000000eab00000, 0x00000000f4d00000, 0x0000000100000000)
  eden space 128512K, 100% used [0x00000000eab00000,0x00000000f2880000,0x00000000f2880000)
  from space 14848K, 93% used [0x00000000f3980000,0x00000000f4704bd0,0x00000000f4800000)
  to   space 17408K, 0% used [0x00000000f2880000,0x00000000f2880000,0x00000000f3980000)
 ParOldGen       total 44032K, used 22109K [0x00000000c0000000, 0x00000000c2b00000, 0x00000000eab00000)
  object space 44032K, 50% used [0x00000000c0000000,0x00000000c1597780,0x00000000c2b00000)
 Metaspace       used 6521K, capacity 7256K, committed 7424K, reserved 1056768K
  class space    used 624K, capacity 656K, committed 768K, reserved 1048576K
Event: 48.561 GC heap after
Heap after GC invocations=7 (full 0):
 PSYoungGen      total 145920K, used 17406K [0x00000000eab00000, 0x00000000fde00000, 0x0000000100000000)
  eden space 128512K, 0% used [0x00000000eab00000,0x00000000eab00000,0x00000000f2880000)
  from space 17408K, 99% used [0x00000000f2880000,0x00000000f397fb10,0x00000000f3980000)
  to   space 28672K, 0% used [0x00000000fc200000,0x00000000fc200000,0x00000000fde00000)
 ParOldGen       total 44032K, used 37798K [0x00000000c0000000, 0x00000000c2b00000, 0x00000000eab00000)
  object space 44032K, 85% used [0x00000000c0000000,0x00000000c24e9a68,0x00000000c2b00000)
 Metaspace       used 6521K, capacity 7256K, committed 7424K, reserved 1056768K
  class space    used 624K, capacity 656K, committed 768K, reserved 1048576K
}
Event: 48.561 GC heap before
{Heap before GC invocations=8 (full 1):
 PSYoungGen      total 145920K, used 17406K [0x00000000eab00000, 0x00000000fde00000, 0x0000000100000000)
  eden space 128512K, 0% used [0x00000000eab00000,0x00000000eab00000,0x00000000f2880000)
  from space 17408K, 99% used [0x00000000f2880000,0x00000000f397fb10,0x00000000f3980000)
  to   space 28672K, 0% used [0x00000000fc200000,0x00000000fc200000,0x00000000fde00000)
 ParOldGen       total 44032K, used 37798K [0x00000000c0000000, 0x00000000c2b00000, 0x00000000eab00000)
  object space 44032K, 85% used [0x00000000c0000000,0x00000000c24e9a68,0x00000000c2b00000)
 Metaspace       used 6521K, capacity 7256K, committed 7424K, reserved 1056768K
  class space    used 624K, capacity 656K, committed 768K, reserved 1048576K
Event: 51.103 GC heap after
Heap after GC invocations=8 (full 1):
 PSYoungGen      total 145920K, used 10161K [0x00000000eab00000, 0x00000000fde00000, 0x0000000100000000)
  eden space 128512K, 0% used [0x00000000eab00000,0x00000000eab00000,0x00000000f2880000)
  from space 17408K, 58% used [0x00000000f2880000,0x00000000f326c490,0x00000000f3980000)
  to   space 28672K, 0% used [0x00000000fc200000,0x00000000fc200000,0x00000000fde00000)
 ParOldGen       total 84480K, used 43794K [0x00000000c0000000, 0x00000000c5280000, 0x00000000eab00000)
  object space 84480K, 51% used [0x00000000c0000000,0x00000000c2ac4a30,0x00000000c5280000)
 Metaspace       used 6521K, capacity 7256K, committed 7424K, reserved 1056768K
  class space    used 624K, capacity 656K, committed 768K, reserved 1048576K
}
Event: 52.196 GC heap before
{Heap before GC invocations=9 (full 1):
 PSYoungGen      total 145920K, used 138673K [0x00000000eab00000, 0x00000000fde00000, 0x0000000100000000)
  eden space 128512K, 100% used [0x00000000eab00000,0x00000000f2880000,0x00000000f2880000)
  from space 17408K, 58% used [0x00000000f2880000,0x00000000f326c490,0x00000000f3980000)
  to   space 28672K, 0% used [0x00000000fc200000,0x00000000fc200000,0x00000000fde00000)
 ParOldGen       total 84480K, used 43794K [0x00000000c0000000, 0x00000000c5280000, 0x00000000eab00000)
  object space 84480K, 51% used [0x00000000c0000000,0x00000000c2ac4a30,0x00000000c5280000)
 Metaspace       used 6830K, capacity 7544K, committed 7680K, reserved 1056768K
  class space    used 642K, capacity 688K, committed 768K, reserved 1048576K
Event: 52.373 GC heap after
Heap after GC invocations=9 (full 1):
 PSYoungGen      total 227328K, used 28647K [0x00000000eab00000, 0x00000000fde00000, 0x0000000100000000)
  eden space 198656K, 0% used [0x00000000eab00000,0x00000000eab00000,0x00000000f6d00000)
  from space 28672K, 99% used [0x00000000fc200000,0x00000000fddf9e40,0x00000000fde00000)
  to   space 35328K, 0% used [0x00000000f9900000,0x00000000f9900000,0x00000000fbb80000)
 ParOldGen       total 84480K, used 46015K [0x00000000c0000000, 0x00000000c5280000, 0x00000000eab00000)
  object space 84480K, 54% used [0x00000000c0000000,0x00000000c2cefda0,0x00000000c5280000)
 Metaspace       used 6830K, capacity 7544K, committed 7680K, reserved 1056768K
  class space    used 642K, capacity 688K, committed 768K, reserved 1048576K
}

Deoptimization events (10 events):
Event: 52.061 Thread 0x000000000217e000 Uncommon trap: reason=speculate_class_check action=maybe_recompile pc=0x0000000002c78f20 method=com.android.dx.util.FixedSizeList.equals(Ljava/lang/Object;)Z @ 25
Event: 52.061 Thread 0x000000000217e000 Uncommon trap: reason=class_check action=maybe_recompile pc=0x0000000002c8bca4 method=java.util.Arrays.equals([Ljava/lang/Object;[Ljava/lang/Object;)Z @ 62
Event: 52.061 Thread 0x000000000217e000 Uncommon trap: reason=speculate_class_check action=maybe_recompile pc=0x0000000002c78f20 method=com.android.dx.util.FixedSizeList.equals(Ljava/lang/Object;)Z @ 25
Event: 52.062 Thread 0x000000000217e000 Uncommon trap: reason=class_check action=maybe_recompile pc=0x0000000002c8bca4 method=java.util.Arrays.equals([Ljava/lang/Object;[Ljava/lang/Object;)Z @ 62
Event: 52.062 Thread 0x000000000217e000 Uncommon trap: reason=speculate_class_check action=maybe_recompile pc=0x0000000002c78f20 method=com.android.dx.util.FixedSizeList.equals(Ljava/lang/Object;)Z @ 25
Event: 52.062 Thread 0x000000000217e000 Uncommon trap: reason=unstable_if action=reinterpret pc=0x0000000002c8bc7c method=java.util.Arrays.equals([Ljava/lang/Object;[Ljava/lang/Object;)Z @ 23
Event: 52.062 Thread 0x000000000217e000 Uncommon trap: reason=speculate_class_check action=maybe_recompile pc=0x0000000002c78f20 method=com.android.dx.util.FixedSizeList.equals(Ljava/lang/Object;)Z @ 25
Event: 52.062 Thread 0x000000000217e000 Uncommon trap: reason=unstable_if action=reinterpret pc=0x00000000030c553c method=java.util.TreeMap.put(Ljava/lang/Object;Ljava/lang/Object;)Ljava/lang/Object; @ 163
Event: 53.204 Thread 0x000000000217e000 Uncommon trap: reason=unstable_if action=reinterpret pc=0x0000000003109d48 method=java.util.ArrayList.<init>(I)V @ 5
Event: 53.507 Thread 0x000000000217e000 Uncommon trap: reason=unstable_if action=reinterpret pc=0x0000000002c969fc method=java.lang.Long.numberOfTrailingZeros(J)I @ 3

Internal exceptions (7 events):
Event: 0.049 Thread 0x000000000217e000 Exception <a 'java/lang/NoSuchMethodError': Method sun.misc.Unsafe.defineClass(Ljava/lang/String;[BII)Ljava/lang/Class; name or signature does not match> (0x00000000eab0d560) thrown at [C:\workspace\8-2-build-windows-amd64-cygwin\jdk8u65\4987\hotspot\src\soÉ9ÄœR©?
Event: 0.049 Thread 0x000000000217e000 Exception <a 'java/lang/NoSuchMethodError': Method sun.misc.Unsafe.prefetchRead(Ljava/lang/Object;J)V name or signature does not match> (0x00000000eab0d848) thrown at [C:\workspace\8-2-build-windows-amd64-cygwin\jdk8u65\4987\hotspot\src\share\vm\prims\jni.÷°‡€É	@
Event: 3.223 Thread 0x00000000577bc800 Implicit null exception at 0x0000000002c6a312 to 0x0000000002c6a3c1
Event: 30.075 Thread 0x00000000577bc800 Implicit null exception at 0x0000000002eec42c to 0x0000000002eed5e9
Event: 43.017 Thread 0x00000000577bc800 Exception <a 'java/lang/ArrayIndexOutOfBoundsException': 18> (0x00000000ee9be748) thrown at [C:\workspace\8-2-build-windows-amd64-cygwin\jdk8u65\4987\hotspot\src\share\vm\interpreter\interpreterRuntime.cpp, line 366]
Event: 43.018 Thread 0x00000000577bc800 Exception <a 'java/lang/ArrayIndexOutOfBoundsException': 145> (0x00000000ee9c02c8) thrown at [C:\workspace\8-2-build-windows-amd64-cygwin\jdk8u65\4987\hotspot\src\share\vm\interpreter\interpreterRuntime.cpp, line 366]
Event: 43.019 Thread 0x00000000577bc800 Exception <a 'java/lang/ArrayIndexOutOfBoundsException'> (0x00000000ee9c15b0) thrown at [C:\workspace\8-2-build-windows-amd64-cygwin\jdk8u65\4987\hotspot\src\share\vm\runtime\sharedRuntime.cpp, line 605]

Events (10 events):
Event: 53.471 Thread 0x000000000217e000 DEOPT UNPACKING pc=0x00000000029671bf sp=0x000000000264ecb0 mode 0
Event: 53.477 Thread 0x000000000217e000 DEOPT PACKING pc=0x00000000033706a7 sp=0x000000000264ee30
Event: 53.477 Thread 0x000000000217e000 DEOPT UNPACKING pc=0x00000000029671bf sp=0x000000000264ebc0 mode 0
Event: 53.479 Thread 0x000000000217e000 DEOPT PACKING pc=0x0000000003339c09 sp=0x000000000264eca0
Event: 53.479 Thread 0x000000000217e000 DEOPT UNPACKING pc=0x00000000029671bf sp=0x000000000264e9c8 mode 0
Event: 53.481 loading class com/android/dex/EncodedValueCodec
Event: 53.481 loading class com/android/dex/EncodedValueCodec done
Event: 53.507 Thread 0x000000000217e000 Uncommon trap: trap_request=0xffffff65 fr.pc=0x0000000002c969fc
Event: 53.507 Thread 0x000000000217e000 DEOPT PACKING pc=0x0000000002c969fc sp=0x000000000264ed60
Event: 53.507 Thread 0x000000000217e000 DEOPT UNPACKING pc=0x000000000296556a sp=0x000000000264ecf0 mode 2


Dynamic libraries:
0x000000013f920000 - 0x000000013f957000 	C:\Program Files\Java\jdk1.8.0_65\bin\java.exe
0x0000000077ae0000 - 0x0000000077c8a000 	C:\Windows\SYSTEM32\ntdll.dll
0x00000000778c0000 - 0x00000000779df000 	C:\Windows\system32\kernel32.dll
0x000007fefdb30000 - 0x000007fefdb9b000 	C:\Windows\system32\KERNELBASE.dll
0x000007feff850000 - 0x000007feff92b000 	C:\Windows\system32\ADVAPI32.dll
0x000007feff930000 - 0x000007feff9cf000 	C:\Windows\system32\msvcrt.dll
0x000007fefdcc0000 - 0x000007fefdcdf000 	C:\Windows\SYSTEM32\sechost.dll
0x000007fefe1e0000 - 0x000007fefe30d000 	C:\Windows\system32\RPCRT4.dll
0x00000000779e0000 - 0x0000000077ada000 	C:\Windows\system32\USER32.dll
0x000007fefe0a0000 - 0x000007fefe107000 	C:\Windows\system32\GDI32.dll
0x000007fefe310000 - 0x000007fefe31e000 	C:\Windows\system32\LPK.dll
0x000007fefe110000 - 0x000007fefe1da000 	C:\Windows\system32\USP10.dll
0x000007fefc3f0000 - 0x000007fefc5e4000 	C:\Windows\WinSxS\amd64_microsoft.windows.common-controls_6595b64144ccf1df_6.0.7601.18837_none_fa3b1e3d17594757\COMCTL32.dll
0x000007feffbe0000 - 0x000007feffc51000 	C:\Windows\system32\SHLWAPI.dll
0x000007feff4b0000 - 0x000007feff4de000 	C:\Windows\system32\IMM32.DLL
0x000007feff340000 - 0x000007feff449000 	C:\Windows\system32\MSCTF.dll
0x0000000055330000 - 0x0000000055402000 	C:\Program Files\Java\jdk1.8.0_65\jre\bin\msvcr100.dll
0x0000000056510000 - 0x0000000056d99000 	C:\Program Files\Java\jdk1.8.0_65\jre\bin\server\jvm.dll
0x000007fefa280000 - 0x000007fefa289000 	C:\Windows\system32\WSOCK32.dll
0x000007feffc60000 - 0x000007feffcad000 	C:\Windows\system32\WS2_32.dll
0x000007fefdce0000 - 0x000007fefdce8000 	C:\Windows\system32\NSI.dll
0x000007fefb620000 - 0x000007fefb65b000 	C:\Windows\system32\WINMM.dll
0x000007fefca20000 - 0x000007fefca2c000 	C:\Windows\system32\VERSION.dll
0x0000000077ca0000 - 0x0000000077ca7000 	C:\Windows\system32\PSAPI.DLL
0x00000000636a0000 - 0x00000000636af000 	C:\Program Files\Java\jdk1.8.0_65\jre\bin\verify.dll
0x0000000059050000 - 0x0000000059079000 	C:\Program Files\Java\jdk1.8.0_65\jre\bin\java.dll
0x000000005c890000 - 0x000000005c8a6000 	C:\Program Files\Java\jdk1.8.0_65\jre\bin\zip.dll
0x000007fefe320000 - 0x000007feff0aa000 	C:\Windows\system32\SHELL32.dll
0x000007feff9d0000 - 0x000007feffbd3000 	C:\Windows\system32\ole32.dll
0x000007fefd860000 - 0x000007fefd86f000 	C:\Windows\system32\profapi.dll
0x000007fee01c0000 - 0x000007fee02e5000 	C:\Windows\system32\dbghelp.dll

VM Arguments:
jvm_args: -Djava.awt.headless=true -Xmx1024M -Dfile.encoding=windows-1252 -Duser.country=US -Duser.language=en -Duser.variant 
java_command: com.android.dx.command.Main --dex --num-threads=4 --output C:\Users\Alvin\Documents\Programming\Git Repo\WWUICTD\smoking_cessation\android_project\app\build\intermediates\pre-dexed\debug\com.android.support-support-v4-23.1.1_d86debfec1222b52f0fb9a6ca7bd32d18bc34224.jar C:\Users\Alvin\Documents\Programming\Git Repo\WWUICTD\smoking_cessation\android_project\app\build\intermediates\exploded-aar\com.android.support\support-v4\23.1.1\jars\classes.jar
java_class_path (initial): C:\Users\Alvin\AppData\Local\Android\sdk\build-tools\23.0.2\lib\dx.jar
Launcher Type: SUN_STANDARD

Environment Variables:
PATH=C:\ProgramData\Oracle\Java\javapath;C:\Program Files (x86)\NVIDIA Corporation\PhysX\Common;C:\Windows\system32;C:\Windows;C:\Windows\System32\Wbem;C:\Windows\System32\WindowsPowerShell\v1.0\;C:\Program Files (x86)\MySQL\MySQL Fabric 1.5 & MySQL Utilities 1.5\;C:\Program Files (x86)\MySQL\MySQL Fabric 1.5 & MySQL Utilities 1.5\Doctrine extensions for PHP\;C:\Program Files (x86)\AMD\ATI.ACE\Core-Static
USERNAME=Alvin
OS=Windows_NT
PROCESSOR_IDENTIFIER=Intel64 Family 6 Model 15 Stepping 11, GenuineIntel



---------------  S Y S T E M  ---------------

OS: Windows 7 , 64 bit Build 7601 (6.1.7601.19135)

CPU:total 4 (4 cores per cpu, 1 threads per core) family 6 model 15 stepping 11, cmov, cx8, fxsr, mmx, sse, sse2, sse3, ssse3, tsc

Memory: 4k page, physical 4192804k(715036k free), swap 8383772k(2322552k free)

vm_info: Java HotSpot(TM) 64-Bit Server VM (25.65-b01) for windows-amd64 JRE (1.8.0_65-b17), built on Oct  6 2015 16:39:20 by "java_re" with MS VC++ 10.0 (VS2010)

time: Fri Mar 04 16:14:52 2016
elapsed time: 54 seconds (0d 0h 0m 54s)

