#
# A fatal error has been detected by the Java Runtime Environment:
#
#  EXCEPTION_ACCESS_VIOLATION (0xc0000005) at pc=0xffffffffa3aa5120, pid=5932, tid=2216
#
# JRE version: Java(TM) SE Runtime Environment (8.0_65-b17) (build 1.8.0_65-b17)
# Java VM: Java HotSpot(TM) 64-Bit Server VM (25.65-b01 mixed mode windows-amd64 compressed oops)
# Problematic frame:
# C  0xffffffffa3aa5120
#
# Failed to write core dump. Minidumps are not enabled by default on client versions of Windows
#
# If you would like to submit a bug report, please visit:
#   http://bugreport.java.com/bugreport/crash.jsp
#

---------------  T H R E A D  ---------------

Current thread (0x000000000242e000):  JavaThread "main" [_thread_in_Java, id=2216, stack(0x00000000026d0000,0x00000000027d0000)]

siginfo: ExceptionCode=0xc0000005, ExceptionInformation=0x0000000000000008 0xffffffffa3aa5120

Registers:
RAX=0x0000000054b4c270, RBX=0x0000000054b4c270, RCX=0x00000000eac76fc8, RDX=0x00000000eac76fc8
RSP=0x00000000027cf1e8, RBP=0x00000000027cf250, RSI=0x00000000000000f3, RDI=0x0000000002aa7450
R8 =0x000000000000000d, R9 =0x00000000023178a0, R10=0x0000000066032140, R11=0x0000000002bb42c0
R12=0x0000000000000000, R13=0x00000000027cf200, R14=0x00000000027cf2b0, R15=0x000000000242e000
RIP=0xffffffffa3aa5120, EFLAGS=0x0000000000010206

Top of Stack: (sp=0x00000000027cf1e8)
0x00000000027cf1e8:   0000000002aa72b0 00000000027cf250
0x00000000027cf1f8:   0000000002aa72b0 000000000000000d
0x00000000027cf208:   00000000eac76fc8 00000000027cf210
0x00000000027cf218:   0000000054b4bfb4 00000000027cf2b0
0x00000000027cf228:   0000000054b4e9d8 0000000000000000
0x00000000027cf238:   0000000054b4c000 00000000027cf200
0x00000000027cf248:   00000000027cf2a0 00000000027cf2f8
0x00000000027cf258:   0000000002aa7790 0000000000000073
0x00000000027cf268:   00000000eab371d8 0000000000002000
0x00000000027cf278:   00000000000008a5 00000000eac79228
0x00000000027cf288:   0000000000002000 00000000000008a5
0x00000000027cf298:   00000000eac77028 00000000eac7d238
0x00000000027cf2a8:   00000000eac76ff8 00000000eac76fc8
0x00000000027cf2b8:   00000000027cf2b8 0000000054b4c1c1
0x00000000027cf2c8:   00000000027cf318 0000000054b4e9d8
0x00000000027cf2d8:   0000000000000000 0000000054b4c1d8 

Instructions: (pc=0xffffffffa3aa5120)
0xffffffffa3aa5100:   
[error occurred during error reporting (printing registers, top of stack, instructions near pc), id 0xc0000005]

Register to memory mapping:

RAX={method} {0x0000000054b4c278} 'decode' '(I)C' in 'sun/nio/cs/SingleByte$Decoder'
RBX={method} {0x0000000054b4c278} 'decode' '(I)C' in 'sun/nio/cs/SingleByte$Decoder'
RCX=0x00000000eac76fc8 is an oop
sun.nio.cs.SingleByte$Decoder 
 - klass: 'sun/nio/cs/SingleByte$Decoder'
RDX=0x00000000eac76fc8 is an oop
sun.nio.cs.SingleByte$Decoder 
 - klass: 'sun/nio/cs/SingleByte$Decoder'
RSP=0x00000000027cf1e8 is pointing into the stack for thread: 0x000000000242e000
RBP=0x00000000027cf250 is pointing into the stack for thread: 0x000000000242e000
RSI=0x00000000000000f3 is an unknown value
RDI=0x0000000002aa7450 is at code_begin+624 in an Interpreter codelet
invoke return entry points  [0x0000000002aa71e0, 0x0000000002aa7ae0]  2304 bytes
R8 =0x000000000000000d is an unknown value
R9 =0x00000000023178a0 is an unknown value
R10=0x0000000066032140 is an unknown value
R11=0x0000000002bb42c0 is at entry_point+32 in (nmethod*)0x0000000002bb4150
R12=0x0000000000000000 is an unknown value
R13=0x00000000027cf200 is pointing into the stack for thread: 0x000000000242e000
R14=0x00000000027cf2b0 is pointing into the stack for thread: 0x000000000242e000
R15=0x000000000242e000 is a thread


Stack: [0x00000000026d0000,0x00000000027d0000],  sp=0x00000000027cf1e8,  free space=1020k
Native frames: (J=compiled Java code, j=interpreted, Vv=VM code, C=native code)
C  0xffffffffa3aa5120


---------------  P R O C E S S  ---------------

Java Threads: ( => current thread )
  0x0000000056d40000 JavaThread "Service Thread" daemon [_thread_blocked, id=768, stack(0x0000000057520000,0x0000000057620000)]
  0x00000000553c8800 JavaThread "C1 CompilerThread2" daemon [_thread_blocked, id=4616, stack(0x0000000057320000,0x0000000057420000)]
  0x00000000553c8000 JavaThread "C2 CompilerThread1" daemon [_thread_blocked, id=6136, stack(0x00000000571f0000,0x00000000572f0000)]
  0x00000000553c1800 JavaThread "C2 CompilerThread0" daemon [_thread_blocked, id=5924, stack(0x0000000056bc0000,0x0000000056cc0000)]
  0x00000000553cf000 JavaThread "Attach Listener" daemon [_thread_blocked, id=4964, stack(0x0000000056a70000,0x0000000056b70000)]
  0x00000000553ce000 JavaThread "Signal Dispatcher" daemon [_thread_blocked, id=4020, stack(0x0000000056830000,0x0000000056930000)]
  0x0000000055368000 JavaThread "Finalizer" daemon [_thread_blocked, id=2884, stack(0x00000000566f0000,0x00000000567f0000)]
  0x0000000055361000 JavaThread "Reference Handler" daemon [_thread_blocked, id=2848, stack(0x00000000564d0000,0x00000000565d0000)]
=>0x000000000242e000 JavaThread "main" [_thread_in_Java, id=2216, stack(0x00000000026d0000,0x00000000027d0000)]

Other Threads:
  0x000000005535b800 VMThread [stack: 0x00000000562c0000,0x00000000563c0000] [id=5248]
  0x0000000056d66800 WatcherThread [stack: 0x00000000570c0000,0x00000000571c0000] [id=5488]

VM state:not at safepoint (normal execution)

VM Mutex/Monitor currently owned by a thread: None

Heap:
 PSYoungGen      total 18944K, used 1638K [0x00000000eab00000, 0x00000000ec000000, 0x0000000100000000)
  eden space 16384K, 10% used [0x00000000eab00000,0x00000000eac99ad0,0x00000000ebb00000)
  from space 2560K, 0% used [0x00000000ebd80000,0x00000000ebd80000,0x00000000ec000000)
  to   space 2560K, 0% used [0x00000000ebb00000,0x00000000ebb00000,0x00000000ebd80000)
 ParOldGen       total 44032K, used 0K [0x00000000c0000000, 0x00000000c2b00000, 0x00000000eab00000)
  object space 44032K, 0% used [0x00000000c0000000,0x00000000c0000000,0x00000000c2b00000)
 Metaspace       used 2904K, capacity 4656K, committed 4864K, reserved 1056768K
  class space    used 318K, capacity 424K, committed 512K, reserved 1048576K

Card table byte_map: [0x0000000011e60000,0x0000000012070000] byte_map_base: 0x0000000011860000

Marking Bits: (ParMarkBitMap*) 0x000000006604a5b0
 Begin Bits: [0x00000000127d0000, 0x00000000137d0000)
 End Bits:   [0x00000000137d0000, 0x00000000147d0000)

Polling page: 0x0000000000230000

CodeCache: size=245760Kb used=1123Kb max_used=1123Kb free=244636Kb
 bounds [0x0000000002aa0000, 0x0000000002d10000, 0x0000000011aa0000]
 total_blobs=278 nmethods=45 adapters=148
 compilation: enabled

Compilation events (10 events):
Event: 0.104 Thread 0x00000000553c8800   40       3       java.lang.String::getChars (62 bytes)
Event: 0.104 Thread 0x00000000553c8800 nmethod 40 0x0000000002bb7b50 code [0x0000000002bb7d00, 0x0000000002bb8138]
Event: 0.104 Thread 0x00000000553c8800   41       3       java.util.concurrent.ConcurrentHashMap::setTabAt (19 bytes)
Event: 0.104 Thread 0x00000000553c8800 nmethod 41 0x0000000002bb8710 code [0x0000000002bb8860, 0x0000000002bb89d0]
Event: 0.105 Thread 0x00000000553c8800   43       1       java.net.URL::getHost (5 bytes)
Event: 0.105 Thread 0x00000000553c8800 nmethod 43 0x0000000002bb8a50 code [0x0000000002bb8ba0, 0x0000000002bb8cb0]
Event: 0.105 Thread 0x00000000553c8800   44       1       java.net.URL::getProtocol (5 bytes)
Event: 0.105 Thread 0x00000000553c8800 nmethod 44 0x0000000002bb8d10 code [0x0000000002bb8e60, 0x0000000002bb8f70]
Event: 0.106 Thread 0x00000000553c8800   45       1       sun.nio.cs.SingleByte$Decoder::decode (11 bytes)
Event: 0.106 Thread 0x00000000553c8800 nmethod 45 0x0000000002bb8fd0 code [0x0000000002bb9120, 0x0000000002bb9250]

GC Heap History (0 events):
No events

Deoptimization events (0 events):
No events

Internal exceptions (2 events):
Event: 0.036 Thread 0x000000000242e000 Exception <a 'java/lang/NoSuchMethodError': Method sun.misc.Unsafe.defineClass(Ljava/lang/String;[BII)Ljava/lang/Class; name or signature does not match> (0x00000000eab0d620) thrown at [C:\workspace\8-2-build-windows-amd64-cygwin\jdk8u65\4987\hotspot\src\s=‹ö›Õ³¢?
Event: 0.037 Thread 0x000000000242e000 Exception <a 'java/lang/NoSuchMethodError': Method sun.misc.Unsafe.prefetchRead(Ljava/lang/Object;J)V name or signature does not match> (0x00000000eab0d908) thrown at [C:\workspace\8-2-build-windows-amd64-cygwin\jdk8u65\4987\hotspot\src\share\vm\prims\jni.`

Events (10 events):
Event: 0.104 loading class com/android/dx/command/dexer/Main$Arguments$ArgumentsParser
Event: 0.104 loading class com/android/dx/command/dexer/Main$Arguments$ArgumentsParser done
Event: 0.104 loading class com/android/dx/dex/cf/CfOptions
Event: 0.104 loading class com/android/dx/dex/cf/CfOptions done
Event: 0.105 loading class com/android/dx/command/DxConsole
Event: 0.105 loading class com/android/dx/command/DxConsole done
Event: 0.105 loading class com/android/dx/command/DxConsole$1
Event: 0.105 loading class com/android/dx/command/DxConsole$1 done
Event: 0.105 loading class com/android/dx/dex/DexOptions
Event: 0.105 loading class com/android/dx/dex/DexOptions done


Dynamic libraries:
0x000000013fe20000 - 0x000000013fe57000 	C:\Program Files\Java\jdk1.8.0_65\bin\java.exe
0x0000000077330000 - 0x00000000774da000 	C:\Windows\SYSTEM32\ntdll.dll
0x0000000077110000 - 0x000000007722f000 	C:\Windows\system32\kernel32.dll
0x000007fefd270000 - 0x000007fefd2db000 	C:\Windows\system32\KERNELBASE.dll
0x000007feff220000 - 0x000007feff2fb000 	C:\Windows\system32\ADVAPI32.dll
0x000007fefde70000 - 0x000007fefdf0f000 	C:\Windows\system32\msvcrt.dll
0x000007feff030000 - 0x000007feff04f000 	C:\Windows\SYSTEM32\sechost.dll
0x000007fefd6b0000 - 0x000007fefd7dd000 	C:\Windows\system32\RPCRT4.dll
0x0000000077230000 - 0x000000007732a000 	C:\Windows\system32\USER32.dll
0x000007fefd470000 - 0x000007fefd4d7000 	C:\Windows\system32\GDI32.dll
0x000007fefd6a0000 - 0x000007fefd6ae000 	C:\Windows\system32\LPK.dll
0x000007feff310000 - 0x000007feff3da000 	C:\Windows\system32\USP10.dll
0x000007fefbc40000 - 0x000007fefbe34000 	C:\Windows\WinSxS\amd64_microsoft.windows.common-controls_6595b64144ccf1df_6.0.7601.18837_none_fa3b1e3d17594757\COMCTL32.dll
0x000007feff5c0000 - 0x000007feff631000 	C:\Windows\system32\SHLWAPI.dll
0x000007fefd670000 - 0x000007fefd69e000 	C:\Windows\system32\IMM32.DLL
0x000007fefdcc0000 - 0x000007fefddc9000 	C:\Windows\system32\MSCTF.dll
0x000000006bec0000 - 0x000000006bf92000 	C:\Program Files\Java\jdk1.8.0_65\jre\bin\msvcr100.dll
0x0000000065840000 - 0x00000000660c9000 	C:\Program Files\Java\jdk1.8.0_65\jre\bin\server\jvm.dll
0x000007fef9ad0000 - 0x000007fef9ad9000 	C:\Windows\system32\WSOCK32.dll
0x000007feff050000 - 0x000007feff09d000 	C:\Windows\system32\WS2_32.dll
0x000007feff300000 - 0x000007feff308000 	C:\Windows\system32\NSI.dll
0x000007fefb080000 - 0x000007fefb0bb000 	C:\Windows\system32\WINMM.dll
0x000007fefc270000 - 0x000007fefc27c000 	C:\Windows\system32\VERSION.dll
0x00000000774f0000 - 0x00000000774f7000 	C:\Windows\system32\PSAPI.DLL
0x0000000073ca0000 - 0x0000000073caf000 	C:\Program Files\Java\jdk1.8.0_65\jre\bin\verify.dll
0x0000000073c70000 - 0x0000000073c99000 	C:\Program Files\Java\jdk1.8.0_65\jre\bin\java.dll
0x0000000073c50000 - 0x0000000073c66000 	C:\Program Files\Java\jdk1.8.0_65\jre\bin\zip.dll
0x000007fefdfb0000 - 0x000007fefed3a000 	C:\Windows\system32\SHELL32.dll
0x000007fefdab0000 - 0x000007fefdcb3000 	C:\Windows\system32\ole32.dll
0x000007fefd0b0000 - 0x000007fefd0bf000 	C:\Windows\system32\profapi.dll
0x000007fedfcb0000 - 0x000007fedfdd5000 	C:\Windows\system32\dbghelp.dll

VM Arguments:
jvm_args: -Djava.awt.headless=true -Xmx1024M -Dfile.encoding=windows-1252 -Duser.country=US -Duser.language=en -Duser.variant 
java_command: com.android.dx.command.Main --dex --num-threads=4 --multi-dex --main-dex-list C:\Users\Alvin\Documents\Programming\Git Repo\WWUICTD\smoking_cessation\android_project\app\build\intermediates\multi-dex\debug\maindexlist.txt --output C:\Users\Alvin\Documents\Programming\Git Repo\WWUICTD\smoking_cessation\android_project\app\build\intermediates\transforms\dex\debug\folders\1000\1f\main C:\Users\Alvin\Documents\Programming\Git Repo\WWUICTD\smoking_cessation\android_project\app\build\intermediates\transforms\jarMerging\debug\jars\1\1f\combined.jar
java_class_path (initial): C:\Users\Alvin\AppData\Local\Android\sdk\build-tools\23.0.2\lib\dx.jar
Launcher Type: SUN_STANDARD

Environment Variables:
PATH=C:\ProgramData\Oracle\Java\javapath;C:\Program Files (x86)\NVIDIA Corporation\PhysX\Common;C:\Windows\system32;C:\Windows;C:\Windows\System32\Wbem;C:\Windows\System32\WindowsPowerShell\v1.0\;C:\Program Files (x86)\MySQL\MySQL Fabric 1.5 & MySQL Utilities 1.5\;C:\Program Files (x86)\MySQL\MySQL Fabric 1.5 & MySQL Utilities 1.5\Doctrine extensions for PHP\;C:\Program Files (x86)\AMD\ATI.ACE\Core-Static
USERNAME=Alvin
OS=Windows_NT
PROCESSOR_IDENTIFIER=Intel64 Family 6 Model 15 Stepping 11, GenuineIntel



---------------  S Y S T E M  ---------------

OS: Windows 7 , 64 bit Build 7601 (6.1.7601.19135)

CPU:total 4 (4 cores per cpu, 1 threads per core) family 6 model 15 stepping 11, cmov, cx8, fxsr, mmx, sse, sse2, sse3, ssse3, tsc

Memory: 4k page, physical 4192804k(902768k free), swap 8383772k(3837220k free)

vm_info: Java HotSpot(TM) 64-Bit Server VM (25.65-b01) for windows-amd64 JRE (1.8.0_65-b17), built on Oct  6 2015 16:39:20 by "java_re" with MS VC++ 10.0 (VS2010)

time: Mon Mar 07 19:06:18 2016
elapsed time: 0 seconds (0d 0h 0m 0s)

