#
# A fatal error has been detected by the Java Runtime Environment:
#
#  EXCEPTION_ACCESS_VIOLATION (0xc0000005) at pc=0xffffffffa39a5120, pid=4956, tid=5860
#
# JRE version: Java(TM) SE Runtime Environment (8.0_65-b17) (build 1.8.0_65-b17)
# Java VM: Java HotSpot(TM) 64-Bit Server VM (25.65-b01 mixed mode windows-amd64 compressed oops)
# Problematic frame:
# C  0xffffffffa39a5120
#
# Failed to write core dump. Minidumps are not enabled by default on client versions of Windows
#
# If you would like to submit a bug report, please visit:
#   http://bugreport.java.com/bugreport/crash.jsp
#

---------------  T H R E A D  ---------------

Current thread (0x000000000029e000):  JavaThread "main" [_thread_in_Java, id=5860, stack(0x00000000025d0000,0x00000000026d0000)]

siginfo: ExceptionCode=0xc0000005, ExceptionInformation=0x0000000000000008 0xffffffffa39a5120

Registers:
RAX=0x0000000054c89110, RBX=0x0000000054c89110, RCX=0x00000000ec258b18, RDX=0x00000000ec258b18
RSP=0x00000000026ce848, RBP=0x00000000026ce8b0, RSI=0x0000000054ce8f98, RDI=0x0000000000000108
R8 =0x0000000000004ead, R9 =0x00000000ec25a740, R10=0x0000000066032140, R11=0x0000000002b36d20
R12=0x0000000000000000, R13=0x00000000026ce860, R14=0x00000000026ce908, R15=0x000000000029e000
RIP=0xffffffffa39a5120, EFLAGS=0x0000000000010206

Top of Stack: (sp=0x00000000026ce848)
0x00000000026ce848:   00000000029a7450 00000000026ce8b0
0x00000000026ce858:   00000000029a7450 0000000000004ead
0x00000000026ce868:   00000000ec258b18 00000000026ce870
0x00000000026ce878:   0000000054c5c869 00000000026ce908
0x00000000026ce888:   0000000054c8a700 0000000000000000
0x00000000026ce898:   0000000054c5c938 00000000026ce860
0x00000000026ce8a8:   00000000026ce8e8 00000000026ce950
0x00000000026ce8b8:   00000000029a7790 0000000000000000
0x00000000026ce8c8:   0000000000000000 0000000000000000
0x00000000026ce8d8:   00000000ec258b50 00000000ec258b18
0x00000000026ce8e8:   0000000000000000 0000000000000002
0x00000000026ce8f8:   0000000000004ead 00000000ec258ad8
0x00000000026ce908:   00000000ebf2bbe0 00000000026ce910
0x00000000026ce918:   0000000054c5bf4e 00000000026ce990
0x00000000026ce928:   0000000054c8a700 0000000054d0dd48
0x00000000026ce938:   0000000054c5c138 00000000026ce8e8 

Instructions: (pc=0xffffffffa39a5120)
0xffffffffa39a5100:   
[error occurred during error reporting (printing registers, top of stack, instructions near pc), id 0xc0000005]

Register to memory mapping:

RAX={method} {0x0000000054c89118} 'getUnsignedShort' '(I)I' in 'com/android/dx/util/ByteArray'
RBX={method} {0x0000000054c89118} 'getUnsignedShort' '(I)I' in 'com/android/dx/util/ByteArray'
RCX=0x00000000ec258b18 is an oop
com.android.dx.util.ByteArray 
 - klass: 'com/android/dx/util/ByteArray'
RDX=0x00000000ec258b18 is an oop
com.android.dx.util.ByteArray 
 - klass: 'com/android/dx/util/ByteArray'
RSP=0x00000000026ce848 is pointing into the stack for thread: 0x000000000029e000
RBP=0x00000000026ce8b0 is pointing into the stack for thread: 0x000000000029e000
RSI=0x0000000054ce8f98 is pointing into metadata
RDI=0x0000000000000108 is an unknown value
R8 =0x0000000000004ead is an unknown value
R9 =0x00000000ec25a740 is an oop
com.android.dx.rop.cst.CstString 
 - klass: 'com/android/dx/rop/cst/CstString'
R10=0x0000000066032140 is an unknown value
R11=0x0000000002b36d20 is at entry_point+32 in (nmethod*)0x0000000002b36b90
R12=0x0000000000000000 is an unknown value
R13=0x00000000026ce860 is pointing into the stack for thread: 0x000000000029e000
R14=0x00000000026ce908 is pointing into the stack for thread: 0x000000000029e000
R15=0x000000000029e000 is a thread


Stack: [0x00000000025d0000,0x00000000026d0000],  sp=0x00000000026ce848,  free space=1018k
Native frames: (J=compiled Java code, j=interpreted, Vv=VM code, C=native code)
C  0xffffffffa39a5120


---------------  P R O C E S S  ---------------

Java Threads: ( => current thread )
  0x0000000057c44800 JavaThread "pool-2-thread-4" [_thread_blocked, id=2356, stack(0x00000000592c0000,0x00000000593c0000)]
  0x0000000057a08000 JavaThread "pool-2-thread-3" [_thread_blocked, id=3448, stack(0x0000000059130000,0x0000000059230000)]
  0x0000000057dde000 JavaThread "pool-2-thread-2" [_thread_in_Java, id=5092, stack(0x0000000058fb0000,0x00000000590b0000)]
  0x0000000057ddd800 JavaThread "pool-3-thread-1" [_thread_blocked, id=2168, stack(0x00000000562c0000,0x00000000563c0000)]
  0x0000000057848800 JavaThread "pool-2-thread-1" [_thread_blocked, id=5688, stack(0x0000000058dc0000,0x0000000058ec0000)]
  0x000000005524f000 JavaThread "Service Thread" daemon [_thread_blocked, id=6024, stack(0x0000000057300000,0x0000000057400000)]
  0x00000000566ba800 JavaThread "C1 CompilerThread2" daemon [_thread_in_native, id=2488, stack(0x00000000570e0000,0x00000000571e0000)]
  0x00000000566b9000 JavaThread "C2 CompilerThread1" daemon [_thread_in_native, id=5132, stack(0x0000000056f50000,0x0000000057050000)]
  0x00000000566b2800 JavaThread "C2 CompilerThread0" daemon [_thread_blocked, id=4352, stack(0x0000000056e30000,0x0000000056f30000)]
  0x0000000055245800 JavaThread "Attach Listener" daemon [_thread_blocked, id=4944, stack(0x0000000056ce0000,0x0000000056de0000)]
  0x0000000055242800 JavaThread "Signal Dispatcher" daemon [_thread_blocked, id=5552, stack(0x0000000056b50000,0x0000000056c50000)]
  0x00000000551e4800 JavaThread "Finalizer" daemon [_thread_blocked, id=4156, stack(0x00000000565b0000,0x00000000566b0000)]
  0x00000000551e3800 JavaThread "Reference Handler" daemon [_thread_blocked, id=4136, stack(0x0000000056440000,0x0000000056540000)]
=>0x000000000029e000 JavaThread "main" [_thread_in_Java, id=5860, stack(0x00000000025d0000,0x00000000026d0000)]

Other Threads:
  0x00000000551da800 VMThread [stack: 0x00000000561c0000,0x00000000562c0000] [id=5204]
  0x000000005675f800 WatcherThread [stack: 0x0000000057470000,0x0000000057570000] [id=1664]

VM state:not at safepoint (normal execution)

VM Mutex/Monitor currently owned by a thread: None

Heap:
 PSYoungGen      total 35328K, used 26450K [0x00000000eab00000, 0x00000000ed000000, 0x0000000100000000)
  eden space 32768K, 77% used [0x00000000eab00000,0x00000000ec3aca90,0x00000000ecb00000)
  from space 2560K, 46% used [0x00000000ecd80000,0x00000000ecea8020,0x00000000ed000000)
  to   space 2560K, 0% used [0x00000000ecb00000,0x00000000ecb00000,0x00000000ecd80000)
 ParOldGen       total 44032K, used 16K [0x00000000c0000000, 0x00000000c2b00000, 0x00000000eab00000)
  object space 44032K, 0% used [0x00000000c0000000,0x00000000c0004000,0x00000000c2b00000)
 Metaspace       used 4389K, capacity 5456K, committed 5760K, reserved 1056768K
  class space    used 483K, capacity 520K, committed 640K, reserved 1048576K

Card table byte_map: [0x0000000011d60000,0x0000000011f70000] byte_map_base: 0x0000000011760000

Marking Bits: (ParMarkBitMap*) 0x000000006604a5b0
 Begin Bits: [0x0000000012650000, 0x0000000013650000)
 End Bits:   [0x0000000013650000, 0x0000000014650000)

Polling page: 0x0000000000230000

CodeCache: size=245760Kb used=1991Kb max_used=1991Kb free=243768Kb
 bounds [0x00000000029a0000, 0x0000000002c10000, 0x00000000119a0000]
 total_blobs=635 nmethods=375 adapters=173
 compilation: enabled

Compilation events (10 events):
Event: 0.415 Thread 0x00000000566ba800 nmethod 371 0x0000000002b81b50 code [0x0000000002b81cc0, 0x0000000002b81f30]
Event: 0.415 Thread 0x00000000566ba800  372       3       com.android.dx.rop.cst.CstInteger::make (47 bytes)
Event: 0.415 Thread 0x00000000566ba800 nmethod 372 0x0000000002b82050 code [0x0000000002b82200, 0x0000000002b82930]
Event: 0.415 Thread 0x00000000566ba800  370       3       com.android.dx.rop.cst.CstInteger::<init> (6 bytes)
Event: 0.415 Thread 0x00000000566ba800 nmethod 370 0x0000000002b82cd0 code [0x0000000002b82e40, 0x0000000002b83170]
Event: 0.415 Thread 0x00000000566ba800  374       3       com.android.dx.rop.cst.CstNat::<init> (43 bytes)
Event: 0.415 Thread 0x00000000566b2800  378       4       com.android.dx.util.ByteArray::getUnsignedShort (25 bytes)
Event: 0.416 Thread 0x00000000566ba800 nmethod 374 0x0000000002b83350 code [0x0000000002b834e0, 0x0000000002b838f8]
Event: 0.416 Thread 0x00000000566ba800  375   !   3       com.android.dx.cf.direct.AttributeFactory::parse (248 bytes)
Event: 0.417 Thread 0x00000000566b2800 nmethod 378 0x0000000002b867d0 code [0x0000000002b86920, 0x0000000002b86a58]

GC Heap History (4 events):
Event: 0.213 GC heap before
{Heap before GC invocations=1 (full 0):
 PSYoungGen      total 18944K, used 16384K [0x00000000eab00000, 0x00000000ec000000, 0x0000000100000000)
  eden space 16384K, 100% used [0x00000000eab00000,0x00000000ebb00000,0x00000000ebb00000)
  from space 2560K, 0% used [0x00000000ebd80000,0x00000000ebd80000,0x00000000ec000000)
  to   space 2560K, 0% used [0x00000000ebb00000,0x00000000ebb00000,0x00000000ebd80000)
 ParOldGen       total 44032K, used 0K [0x00000000c0000000, 0x00000000c2b00000, 0x00000000eab00000)
  object space 44032K, 0% used [0x00000000c0000000,0x00000000c0000000,0x00000000c2b00000)
 Metaspace       used 3405K, capacity 4720K, committed 4864K, reserved 1056768K
  class space    used 371K, capacity 424K, committed 512K, reserved 1048576K
Event: 0.218 GC heap after
Heap after GC invocations=1 (full 0):
 PSYoungGen      total 18944K, used 1389K [0x00000000eab00000, 0x00000000ed000000, 0x0000000100000000)
  eden space 16384K, 0% used [0x00000000eab00000,0x00000000eab00000,0x00000000ebb00000)
  from space 2560K, 54% used [0x00000000ebb00000,0x00000000ebc5b678,0x00000000ebd80000)
  to   space 2560K, 0% used [0x00000000ecd80000,0x00000000ecd80000,0x00000000ed000000)
 ParOldGen       total 44032K, used 8K [0x00000000c0000000, 0x00000000c2b00000, 0x00000000eab00000)
  object space 44032K, 0% used [0x00000000c0000000,0x00000000c0002000,0x00000000c2b00000)
 Metaspace       used 3405K, capacity 4720K, committed 4864K, reserved 1056768K
  class space    used 371K, capacity 424K, committed 512K, reserved 1048576K
}
Event: 0.258 GC heap before
{Heap before GC invocations=2 (full 0):
 PSYoungGen      total 18944K, used 17773K [0x00000000eab00000, 0x00000000ed000000, 0x0000000100000000)
  eden space 16384K, 100% used [0x00000000eab00000,0x00000000ebb00000,0x00000000ebb00000)
  from space 2560K, 54% used [0x00000000ebb00000,0x00000000ebc5b678,0x00000000ebd80000)
  to   space 2560K, 0% used [0x00000000ecd80000,0x00000000ecd80000,0x00000000ed000000)
 ParOldGen       total 44032K, used 8K [0x00000000c0000000, 0x00000000c2b00000, 0x00000000eab00000)
  object space 44032K, 0% used [0x00000000c0000000,0x00000000c0002000,0x00000000c2b00000)
 Metaspace       used 3406K, capacity 4720K, committed 4864K, reserved 1056768K
  class space    used 371K, capacity 424K, committed 512K, reserved 1048576K
Event: 0.262 GC heap after
Heap after GC invocations=2 (full 0):
 PSYoungGen      total 35328K, used 1184K [0x00000000eab00000, 0x00000000ed000000, 0x0000000100000000)
  eden space 32768K, 0% used [0x00000000eab00000,0x00000000eab00000,0x00000000ecb00000)
  from space 2560K, 46% used [0x00000000ecd80000,0x00000000ecea8020,0x00000000ed000000)
  to   space 2560K, 0% used [0x00000000ecb00000,0x00000000ecb00000,0x00000000ecd80000)
 ParOldGen       total 44032K, used 16K [0x00000000c0000000, 0x00000000c2b00000, 0x00000000eab00000)
  object space 44032K, 0% used [0x00000000c0000000,0x00000000c0004000,0x00000000c2b00000)
 Metaspace       used 3406K, capacity 4720K, committed 4864K, reserved 1056768K
  class space    used 371K, capacity 424K, committed 512K, reserved 1048576K
}

Deoptimization events (2 events):
Event: 0.123 Thread 0x000000000029e000 Uncommon trap: reason=unstable_if action=reinterpret pc=0x0000000002ac0bf8 method=java.lang.String.replace(CC)Ljava/lang/String; @ 35
Event: 0.300 Thread 0x000000000029e000 Uncommon trap: reason=unstable_if action=reinterpret pc=0x0000000002b09604 method=java.lang.String.compareTo(Ljava/lang/String;)I @ 38

Internal exceptions (2 events):
Event: 0.041 Thread 0x000000000029e000 Exception <a 'java/lang/NoSuchMethodError': Method sun.misc.Unsafe.defineClass(Ljava/lang/String;[BII)Ljava/lang/Class; name or signature does not match> (0x00000000eab0d620) thrown at [C:\workspace\8-2-build-windows-amd64-cygwin\jdk8u65\4987\hotspot\src\sÝ
™®|Ø¤?
Event: 0.041 Thread 0x000000000029e000 Exception <a 'java/lang/NoSuchMethodError': Method sun.misc.Unsafe.prefetchRead(Ljava/lang/Object;J)V name or signature does not match> (0x00000000eab0d908) thrown at [C:\workspace\8-2-build-windows-amd64-cygwin\jdk8u65\4987\hotspot\src\share\vm\prims\jni.`

Events (10 events):
Event: 0.411 loading class com/android/dx/rop/code/Insn
Event: 0.411 loading class com/android/dx/rop/code/Insn done
Event: 0.411 loading class com/android/dx/rop/code/PlainInsn
Event: 0.411 loading class com/android/dx/rop/code/PlainInsn done
Event: 0.412 loading class com/android/dx/rop/code/ThrowingInsn
Event: 0.412 loading class com/android/dx/rop/code/ThrowingInsn done
Event: 0.412 loading class com/android/dx/rop/code/PlainCstInsn
Event: 0.412 loading class com/android/dx/rop/code/PlainCstInsn done
Event: 0.412 loading class com/android/dx/rop/code/CstInsn
Event: 0.412 loading class com/android/dx/rop/code/CstInsn done


Dynamic libraries:
0x000000013fe20000 - 0x000000013fe57000 	C:\Program Files\Java\jdk1.8.0_65\bin\java.exe
0x0000000077330000 - 0x00000000774da000 	C:\Windows\SYSTEM32\ntdll.dll
0x0000000077110000 - 0x000000007722f000 	C:\Windows\system32\kernel32.dll
0x000007fefd270000 - 0x000007fefd2db000 	C:\Windows\system32\KERNELBASE.dll
0x000007feff220000 - 0x000007feff2fb000 	C:\Windows\system32\ADVAPI32.dll
0x000007fefde70000 - 0x000007fefdf0f000 	C:\Windows\system32\msvcrt.dll
0x000007feff030000 - 0x000007feff04f000 	C:\Windows\SYSTEM32\sechost.dll
0x000007fefd6b0000 - 0x000007fefd7dd000 	C:\Windows\system32\RPCRT4.dll
0x0000000077230000 - 0x000000007732a000 	C:\Windows\system32\USER32.dll
0x000007fefd470000 - 0x000007fefd4d7000 	C:\Windows\system32\GDI32.dll
0x000007fefd6a0000 - 0x000007fefd6ae000 	C:\Windows\system32\LPK.dll
0x000007feff310000 - 0x000007feff3da000 	C:\Windows\system32\USP10.dll
0x000007fefbc40000 - 0x000007fefbe34000 	C:\Windows\WinSxS\amd64_microsoft.windows.common-controls_6595b64144ccf1df_6.0.7601.18837_none_fa3b1e3d17594757\COMCTL32.dll
0x000007feff5c0000 - 0x000007feff631000 	C:\Windows\system32\SHLWAPI.dll
0x000007fefd670000 - 0x000007fefd69e000 	C:\Windows\system32\IMM32.DLL
0x000007fefdcc0000 - 0x000007fefddc9000 	C:\Windows\system32\MSCTF.dll
0x000000006bec0000 - 0x000000006bf92000 	C:\Program Files\Java\jdk1.8.0_65\jre\bin\msvcr100.dll
0x0000000065840000 - 0x00000000660c9000 	C:\Program Files\Java\jdk1.8.0_65\jre\bin\server\jvm.dll
0x000007fef9ad0000 - 0x000007fef9ad9000 	C:\Windows\system32\WSOCK32.dll
0x000007feff050000 - 0x000007feff09d000 	C:\Windows\system32\WS2_32.dll
0x000007feff300000 - 0x000007feff308000 	C:\Windows\system32\NSI.dll
0x000007fefb080000 - 0x000007fefb0bb000 	C:\Windows\system32\WINMM.dll
0x000007fefc270000 - 0x000007fefc27c000 	C:\Windows\system32\VERSION.dll
0x00000000774f0000 - 0x00000000774f7000 	C:\Windows\system32\PSAPI.DLL
0x0000000073ca0000 - 0x0000000073caf000 	C:\Program Files\Java\jdk1.8.0_65\jre\bin\verify.dll
0x0000000073c70000 - 0x0000000073c99000 	C:\Program Files\Java\jdk1.8.0_65\jre\bin\java.dll
0x0000000073c50000 - 0x0000000073c66000 	C:\Program Files\Java\jdk1.8.0_65\jre\bin\zip.dll
0x000007fefdfb0000 - 0x000007fefed3a000 	C:\Windows\system32\SHELL32.dll
0x000007fefdab0000 - 0x000007fefdcb3000 	C:\Windows\system32\ole32.dll
0x000007fefd0b0000 - 0x000007fefd0bf000 	C:\Windows\system32\profapi.dll
0x000007fedfcb0000 - 0x000007fedfdd5000 	C:\Windows\system32\dbghelp.dll

VM Arguments:
jvm_args: -Djava.awt.headless=true -Xmx1024M -Dfile.encoding=windows-1252 -Duser.country=US -Duser.language=en -Duser.variant 
java_command: com.android.dx.command.Main --dex --num-threads=4 --multi-dex --main-dex-list C:\Users\Alvin\Documents\Programming\Git Repo\WWUICTD\smoking_cessation\android_project\app\build\intermediates\multi-dex\debug\maindexlist.txt --output C:\Users\Alvin\Documents\Programming\Git Repo\WWUICTD\smoking_cessation\android_project\app\build\intermediates\transforms\dex\debug\folders\1000\1f\main C:\Users\Alvin\Documents\Programming\Git Repo\WWUICTD\smoking_cessation\android_project\app\build\intermediates\transforms\jarMerging\debug\jars\1\1f\combined.jar
java_class_path (initial): C:\Users\Alvin\AppData\Local\Android\sdk\build-tools\23.0.2\lib\dx.jar
Launcher Type: SUN_STANDARD

Environment Variables:
PATH=C:\ProgramData\Oracle\Java\javapath;C:\Program Files (x86)\NVIDIA Corporation\PhysX\Common;C:\Windows\system32;C:\Windows;C:\Windows\System32\Wbem;C:\Windows\System32\WindowsPowerShell\v1.0\;C:\Program Files (x86)\MySQL\MySQL Fabric 1.5 & MySQL Utilities 1.5\;C:\Program Files (x86)\MySQL\MySQL Fabric 1.5 & MySQL Utilities 1.5\Doctrine extensions for PHP\;C:\Program Files (x86)\AMD\ATI.ACE\Core-Static
USERNAME=Alvin
OS=Windows_NT
PROCESSOR_IDENTIFIER=Intel64 Family 6 Model 15 Stepping 11, GenuineIntel



---------------  S Y S T E M  ---------------

OS: Windows 7 , 64 bit Build 7601 (6.1.7601.19135)

CPU:total 4 (4 cores per cpu, 1 threads per core) family 6 model 15 stepping 11, cmov, cx8, fxsr, mmx, sse, sse2, sse3, ssse3, tsc

Memory: 4k page, physical 4192804k(1338372k free), swap 8383772k(4532716k free)

vm_info: Java HotSpot(TM) 64-Bit Server VM (25.65-b01) for windows-amd64 JRE (1.8.0_65-b17), built on Oct  6 2015 16:39:20 by "java_re" with MS VC++ 10.0 (VS2010)

time: Mon Mar 07 17:54:18 2016
elapsed time: 0 seconds (0d 0h 0m 0s)

