#
# A fatal error has been detected by the Java Runtime Environment:
#
#  EXCEPTION_ACCESS_VIOLATION (0xc0000005) at pc=0xffffffffa3935120, pid=2924, tid=5140
#
# JRE version: Java(TM) SE Runtime Environment (8.0_65-b17) (build 1.8.0_65-b17)
# Java VM: Java HotSpot(TM) 64-Bit Server VM (25.65-b01 mixed mode windows-amd64 compressed oops)
# Problematic frame:
# C  0xffffffffa3935120
#
# Failed to write core dump. Minidumps are not enabled by default on client versions of Windows
#
# If you would like to submit a bug report, please visit:
#   http://bugreport.java.com/bugreport/crash.jsp
#

---------------  T H R E A D  ---------------

Current thread (0x00000000589a0000):  JavaThread "pool-1-thread-1" [_thread_in_Java, id=5140, stack(0x0000000059900000,0x0000000059a00000)]

siginfo: ExceptionCode=0xc0000005, ExceptionInformation=0x0000000000000008 0xffffffffa3935120

Registers:
RAX=0x00000000149f5468, RBX=0x000000000027368f, RCX=0x00000000edf00d50, RDX=0x00000000edf00d50
RSP=0x00000000599fe6a8, RBP=0x00000000599fe8b0, RSI=0x000000000027368e, RDI=0x0000000014a24670
R8 =0x00000000c88a3d90, R9 =0x00000000edf00d50, R10=0x000000000027368e, R11=0x0000000000000000
R12=0x0000000000000000, R13=0x000000000000001d, R14=0x00000000599fe908, R15=0x00000000589a0000
RIP=0xffffffffa3935120, EFLAGS=0x0000000000010246

Top of Stack: (sp=0x00000000599fe6a8)
0x00000000599fe6a8:   00000000037daa74 00000000037dd7c0
0x00000000599fe6b8:   0000000014a24670 00000000edf00d50
0x00000000599fe6c8:   0000000000000001 0000000000000000
0x00000000599fe6d8:   00000000550321f0 00000000599fe710
0x00000000599fe6e8:   00000000599fe710 000000005505abc0
0x00000000599fe6f8:   00000000edf00d50 0000000014a24670
0x00000000599fe708:   0000000054ded838 00000000599fe8b0
0x00000000599fe718:   000000000375f820 ffffffffffffffff
0x00000000599fe728:   00000000edf00d50 000000000000001d
0x00000000599fe738:   00000000572e2140 00000000c88a3d90
0x00000000599fe748:   00000000c04463a0 0000000000000000
0x00000000599fe758:   0000000054ded838 00000000599fe790
0x00000000599fe768:   00000000599fe790 0027368e54ded838
0x00000000599fe778:   00000000fafec358 00000000fafec358
0x00000000599fe788:   0000000054ded838 00000000599fe8b0
0x00000000599fe798:   00000000037ddb74 ffffffffffffffff 

Instructions: (pc=0xffffffffa3935120)
0xffffffffa3935100:   
[error occurred during error reporting (printing registers, top of stack, instructions near pc), id 0xc0000005]

Register to memory mapping:

RAX=0x00000000149f5468 is pointing into metadata
RBX=0x000000000027368f is an unknown value
RCX=0x00000000edf00d50 is an oop
com.android.dx.util.ByteArrayAnnotatedOutput 
 - klass: 'com/android/dx/util/ByteArrayAnnotatedOutput'
RDX=0x00000000edf00d50 is an oop
com.android.dx.util.ByteArrayAnnotatedOutput 
 - klass: 'com/android/dx/util/ByteArrayAnnotatedOutput'
RSP=0x00000000599fe6a8 is pointing into the stack for thread: 0x00000000589a0000
RBP=0x00000000599fe8b0 is pointing into the stack for thread: 0x00000000589a0000
RSI=0x000000000027368e is an unknown value
RDI=0x0000000014a24670 is pointing into metadata
R8 =0x00000000c88a3d90 is an oop
com.android.dx.util.ByteArray 
 - klass: 'com/android/dx/util/ByteArray'
R9 =0x00000000edf00d50 is an oop
com.android.dx.util.ByteArrayAnnotatedOutput 
 - klass: 'com/android/dx/util/ByteArrayAnnotatedOutput'
R10=0x000000000027368e is an unknown value
R11=0x0000000000000000 is an unknown value
R12=0x0000000000000000 is an unknown value
R13=0x000000000000001d is an unknown value
R14=0x00000000599fe908 is pointing into the stack for thread: 0x00000000589a0000
R15=0x00000000589a0000 is a thread


Stack: [0x0000000059900000,0x0000000059a00000],  sp=0x00000000599fe6a8,  free space=1017k
Native frames: (J=compiled Java code, j=interpreted, Vv=VM code, C=native code)
C  0xffffffffa3935120


---------------  P R O C E S S  ---------------

Java Threads: ( => current thread )
=>0x00000000589a0000 JavaThread "pool-1-thread-1" [_thread_in_Java, id=5140, stack(0x0000000059900000,0x0000000059a00000)]
  0x0000000057575000 JavaThread "Service Thread" daemon [_thread_blocked, id=5228, stack(0x0000000057e20000,0x0000000057f20000)]
  0x000000005537e800 JavaThread "C1 CompilerThread2" daemon [_thread_blocked, id=5580, stack(0x0000000057c80000,0x0000000057d80000)]
  0x000000005537e000 JavaThread "C2 CompilerThread1" daemon [_thread_in_native, id=6828, stack(0x0000000057ab0000,0x0000000057bb0000)]
  0x0000000055375800 JavaThread "C2 CompilerThread0" daemon [_thread_in_native, id=6492, stack(0x00000000562d0000,0x00000000563d0000)]
  0x0000000055372000 JavaThread "Attach Listener" daemon [_thread_blocked, id=1084, stack(0x00000000573f0000,0x00000000574f0000)]
  0x0000000055370800 JavaThread "Signal Dispatcher" daemon [_thread_blocked, id=5100, stack(0x0000000056940000,0x0000000056a40000)]
  0x0000000055317000 JavaThread "Finalizer" daemon [_thread_blocked, id=4088, stack(0x0000000056840000,0x0000000056940000)]
  0x0000000055310000 JavaThread "Reference Handler" daemon [_thread_blocked, id=7112, stack(0x0000000056710000,0x0000000056810000)]
  0x000000000235e000 JavaThread "main" [_thread_blocked, id=5208, stack(0x0000000002560000,0x0000000002660000)]

Other Threads:
  0x000000005530a800 VMThread [stack: 0x0000000056590000,0x0000000056690000] [id=5708]
  0x000000005759b000 WatcherThread [stack: 0x0000000057f90000,0x0000000058090000] [id=6164]

VM state:not at safepoint (normal execution)

VM Mutex/Monitor currently owned by a thread: None

Heap:
 PSYoungGen      total 222208K, used 137411K [0x00000000eab00000, 0x0000000100000000, 0x0000000100000000)
  eden space 138240K, 40% used [0x00000000eab00000,0x00000000ee22fb20,0x00000000f3200000)
  from space 83968K, 96% used [0x00000000fae00000,0x00000000ffd013d8,0x0000000100000000)
  to   space 105472K, 0% used [0x00000000f3200000,0x00000000f3200000,0x00000000f9900000)
 ParOldGen       total 247296K, used 158476K [0x00000000c0000000, 0x00000000cf180000, 0x00000000eab00000)
  object space 247296K, 64% used [0x00000000c0000000,0x00000000c9ac30a0,0x00000000cf180000)
 Metaspace       used 7171K, capacity 7800K, committed 7936K, reserved 1056768K
  class space    used 646K, capacity 688K, committed 768K, reserved 1048576K

Card table byte_map: [0x0000000011cf0000,0x0000000011f00000] byte_map_base: 0x00000000116f0000

Marking Bits: (ParMarkBitMap*) 0x00000000572fa5b0
 Begin Bits: [0x0000000012780000, 0x0000000013780000)
 End Bits:   [0x0000000013780000, 0x0000000014780000)

Polling page: 0x0000000000230000

CodeCache: size=245760Kb used=15066Kb max_used=15078Kb free=230694Kb
 bounds [0x0000000002930000, 0x0000000003800000, 0x0000000011930000]
 total_blobs=3548 nmethods=3279 adapters=183
 compilation: enabled

Compilation events (10 events):
Event: 16.946 Thread 0x0000000055375800 2597       4       com.android.dx.rop.cst.CstType::equals (29 bytes)
Event: 16.946 Thread 0x0000000055375800 nmethod 2597 0x00000000037d9550 code [0x00000000037d9680, 0x00000000037d96f8]
Event: 16.946 Thread 0x0000000055375800  995 %     4       com.android.dx.ssa.SsaRenamer$BlockRenamer::addMapping @ 27 (143 bytes)
Event: 16.947 Thread 0x000000005537e800 3307   !   3       com.android.dx.dex.file.OffsettedItem::writeTo (72 bytes)
Event: 16.948 Thread 0x000000005537e800 nmethod 3307 0x00000000037dd510 code [0x00000000037dd7a0, 0x00000000037de6e8]
Event: 16.948 Thread 0x000000005537e800 3308       3       com.android.dx.util.ByteArrayAnnotatedOutput::assertCursor (48 bytes)
Event: 16.949 Thread 0x000000005537e800 nmethod 3308 0x00000000037dc410 code [0x00000000037dc620, 0x00000000037dd078]
Event: 16.949 Thread 0x000000005537e800 3311       3       com.android.dx.util.ByteArrayAnnotatedOutput::write (61 bytes)
Event: 16.949 Thread 0x000000005537e800 nmethod 3311 0x00000000037d8d10 code [0x00000000037d8ea0, 0x00000000037d9368]
Event: 16.949 Thread 0x000000005537e800 3312       3       com.android.dx.dex.file.StringDataItem::writeTo0 (103 bytes)

GC Heap History (10 events):
Event: 9.220 GC heap before
{Heap before GC invocations=13 (full 2):
 PSYoungGen      total 248320K, used 244638K [0x00000000eab00000, 0x0000000100000000, 0x0000000100000000)
  eden space 219648K, 100% used [0x00000000eab00000,0x00000000f8180000,0x00000000f8180000)
  from space 28672K, 87% used [0x00000000fb600000,0x00000000fce67890,0x00000000fd200000)
  to   space 53760K, 0% used [0x00000000f8180000,0x00000000f8180000,0x00000000fb600000)
 ParOldGen       total 158720K, used 89214K [0x00000000c0000000, 0x00000000c9b00000, 0x00000000eab00000)
  object space 158720K, 56% used [0x00000000c0000000,0x00000000c571fb50,0x00000000c9b00000)
 Metaspace       used 6598K, capacity 7320K, committed 7680K, reserved 1056768K
  class space    used 624K, capacity 656K, committed 768K, reserved 1048576K
Event: 9.406 GC heap after
Heap after GC invocations=13 (full 2):
 PSYoungGen      total 273408K, used 51895K [0x00000000eab00000, 0x0000000100000000, 0x0000000100000000)
  eden space 219648K, 0% used [0x00000000eab00000,0x00000000eab00000,0x00000000f8180000)
  from space 53760K, 96% used [0x00000000f8180000,0x00000000fb42dfb8,0x00000000fb600000)
  to   space 62464K, 0% used [0x00000000fc300000,0x00000000fc300000,0x0000000100000000)
 ParOldGen       total 158720K, used 95823K [0x00000000c0000000, 0x00000000c9b00000, 0x00000000eab00000)
  object space 158720K, 60% used [0x00000000c0000000,0x00000000c5d93e10,0x00000000c9b00000)
 Metaspace       used 6598K, capacity 7320K, committed 7680K, reserved 1056768K
  class space    used 624K, capacity 656K, committed 768K, reserved 1048576K
}
Event: 10.402 GC heap before
{Heap before GC invocations=14 (full 2):
 PSYoungGen      total 273408K, used 271543K [0x00000000eab00000, 0x0000000100000000, 0x0000000100000000)
  eden space 219648K, 100% used [0x00000000eab00000,0x00000000f8180000,0x00000000f8180000)
  from space 53760K, 96% used [0x00000000f8180000,0x00000000fb42dfb8,0x00000000fb600000)
  to   space 62464K, 0% used [0x00000000fc300000,0x00000000fc300000,0x0000000100000000)
 ParOldGen       total 158720K, used 95823K [0x00000000c0000000, 0x00000000c9b00000, 0x00000000eab00000)
  object space 158720K, 60% used [0x00000000c0000000,0x00000000c5d93e10,0x00000000c9b00000)
 Metaspace       used 6617K, capacity 7320K, committed 7680K, reserved 1056768K
  class space    used 624K, capacity 656K, committed 768K, reserved 1048576K
Event: 10.619 GC heap after
Heap after GC invocations=14 (full 2):
 PSYoungGen      total 249856K, used 62463K [0x00000000eab00000, 0x0000000100000000, 0x0000000100000000)
  eden space 187392K, 0% used [0x00000000eab00000,0x00000000eab00000,0x00000000f6200000)
  from space 62464K, 99% used [0x00000000fc300000,0x00000000ffffff40,0x0000000100000000)
  to   space 80896K, 0% used [0x00000000f6200000,0x00000000f6200000,0x00000000fb100000)
 ParOldGen       total 158720K, used 116688K [0x00000000c0000000, 0x00000000c9b00000, 0x00000000eab00000)
  object space 158720K, 73% used [0x00000000c0000000,0x00000000c71f41a0,0x00000000c9b00000)
 Metaspace       used 6617K, capacity 7320K, committed 7680K, reserved 1056768K
  class space    used 624K, capacity 656K, committed 768K, reserved 1048576K
}
Event: 11.901 GC heap before
{Heap before GC invocations=15 (full 2):
 PSYoungGen      total 249856K, used 249855K [0x00000000eab00000, 0x0000000100000000, 0x0000000100000000)
  eden space 187392K, 100% used [0x00000000eab00000,0x00000000f6200000,0x00000000f6200000)
  from space 62464K, 99% used [0x00000000fc300000,0x00000000ffffff40,0x0000000100000000)
  to   space 80896K, 0% used [0x00000000f6200000,0x00000000f6200000,0x00000000fb100000)
 ParOldGen       total 158720K, used 116688K [0x00000000c0000000, 0x00000000c9b00000, 0x00000000eab00000)
  object space 158720K, 73% used [0x00000000c0000000,0x00000000c71f41a0,0x00000000c9b00000)
 Metaspace       used 6627K, capacity 7320K, committed 7680K, reserved 1056768K
  class space    used 624K, capacity 656K, committed 768K, reserved 1048576K
Event: 12.126 GC heap after
Heap after GC invocations=15 (full 2):
 PSYoungGen      total 265216K, used 77637K [0x00000000eab00000, 0x0000000100000000, 0x0000000100000000)
  eden space 187392K, 0% used [0x00000000eab00000,0x00000000eab00000,0x00000000f6200000)
  from space 77824K, 99% used [0x00000000f6200000,0x00000000fadd1588,0x00000000fae00000)
  to   space 83968K, 0% used [0x00000000fae00000,0x00000000fae00000,0x0000000100000000)
 ParOldGen       total 158720K, used 133900K [0x00000000c0000000, 0x00000000c9b00000, 0x00000000eab00000)
  object space 158720K, 84% used [0x00000000c0000000,0x00000000c82c3278,0x00000000c9b00000)
 Metaspace       used 6627K, capacity 7320K, committed 7680K, reserved 1056768K
  class space    used 624K, capacity 656K, committed 768K, reserved 1048576K
}
Event: 12.126 GC heap before
{Heap before GC invocations=16 (full 3):
 PSYoungGen      total 265216K, used 77637K [0x00000000eab00000, 0x0000000100000000, 0x0000000100000000)
  eden space 187392K, 0% used [0x00000000eab00000,0x00000000eab00000,0x00000000f6200000)
  from space 77824K, 99% used [0x00000000f6200000,0x00000000fadd1588,0x00000000fae00000)
  to   space 83968K, 0% used [0x00000000fae00000,0x00000000fae00000,0x0000000100000000)
 ParOldGen       total 158720K, used 133900K [0x00000000c0000000, 0x00000000c9b00000, 0x00000000eab00000)
  object space 158720K, 84% used [0x00000000c0000000,0x00000000c82c3278,0x00000000c9b00000)
 Metaspace       used 6627K, capacity 7320K, committed 7680K, reserved 1056768K
  class space    used 624K, capacity 656K, committed 768K, reserved 1048576K
Event: 13.299 GC heap after
Heap after GC invocations=16 (full 3):
 PSYoungGen      total 265216K, used 48604K [0x00000000eab00000, 0x0000000100000000, 0x0000000100000000)
  eden space 187392K, 0% used [0x00000000eab00000,0x00000000eab00000,0x00000000f6200000)
  from space 77824K, 62% used [0x00000000f6200000,0x00000000f9177190,0x00000000fae00000)
  to   space 83968K, 0% used [0x00000000fae00000,0x00000000fae00000,0x0000000100000000)
 ParOldGen       total 247296K, used 158476K [0x00000000c0000000, 0x00000000cf180000, 0x00000000eab00000)
  object space 247296K, 64% used [0x00000000c0000000,0x00000000c9ac30a0,0x00000000cf180000)
 Metaspace       used 6627K, capacity 7320K, committed 7680K, reserved 1056768K
  class space    used 624K, capacity 656K, committed 768K, reserved 1048576K
}
Event: 15.619 GC heap before
{Heap before GC invocations=17 (full 3):
 PSYoungGen      total 265216K, used 235996K [0x00000000eab00000, 0x0000000100000000, 0x0000000100000000)
  eden space 187392K, 100% used [0x00000000eab00000,0x00000000f6200000,0x00000000f6200000)
  from space 77824K, 62% used [0x00000000f6200000,0x00000000f9177190,0x00000000fae00000)
  to   space 83968K, 0% used [0x00000000fae00000,0x00000000fae00000,0x0000000100000000)
 ParOldGen       total 247296K, used 158476K [0x00000000c0000000, 0x00000000cf180000, 0x00000000eab00000)
  object space 247296K, 64% used [0x00000000c0000000,0x00000000c9ac30a0,0x00000000cf180000)
 Metaspace       used 6960K, capacity 7608K, committed 7936K, reserved 1056768K
  class space    used 643K, capacity 688K, committed 768K, reserved 1048576K
Event: 15.841 GC heap after
Heap after GC invocations=17 (full 3):
 PSYoungGen      total 222208K, used 80900K [0x00000000eab00000, 0x0000000100000000, 0x0000000100000000)
  eden space 138240K, 0% used [0x00000000eab00000,0x00000000eab00000,0x00000000f3200000)
  from space 83968K, 96% used [0x00000000fae00000,0x00000000ffd013d8,0x0000000100000000)
  to   space 105472K, 0% used [0x00000000f3200000,0x00000000f3200000,0x00000000f9900000)
 ParOldGen       total 247296K, used 158476K [0x00000000c0000000, 0x00000000cf180000, 0x00000000eab00000)
  object space 247296K, 64% used [0x00000000c0000000,0x00000000c9ac30a0,0x00000000cf180000)
 Metaspace       used 6960K, capacity 7608K, committed 7936K, reserved 1056768K
  class space    used 643K, capacity 688K, committed 768K, reserved 1048576K
}

Deoptimization events (10 events):
Event: 15.173 Thread 0x00000000589a0000 Uncommon trap: reason=class_check action=maybe_recompile pc=0x0000000002cf9738 method=java.util.Arrays.equals([Ljava/lang/Object;[Ljava/lang/Object;)Z @ 62
Event: 15.173 Thread 0x00000000589a0000 Uncommon trap: reason=speculate_class_check action=maybe_recompile pc=0x0000000002d2979c method=com.android.dx.util.FixedSizeList.equals(Ljava/lang/Object;)Z @ 25
Event: 15.173 Thread 0x00000000589a0000 Uncommon trap: reason=class_check action=maybe_recompile pc=0x0000000002cf9738 method=java.util.Arrays.equals([Ljava/lang/Object;[Ljava/lang/Object;)Z @ 62
Event: 15.173 Thread 0x00000000589a0000 Uncommon trap: reason=speculate_class_check action=maybe_recompile pc=0x0000000002d2979c method=com.android.dx.util.FixedSizeList.equals(Ljava/lang/Object;)Z @ 25
Event: 15.173 Thread 0x00000000589a0000 Uncommon trap: reason=class_check action=maybe_recompile pc=0x0000000002cf9738 method=java.util.Arrays.equals([Ljava/lang/Object;[Ljava/lang/Object;)Z @ 62
Event: 15.173 Thread 0x00000000589a0000 Uncommon trap: reason=speculate_class_check action=maybe_recompile pc=0x0000000002d2979c method=com.android.dx.util.FixedSizeList.equals(Ljava/lang/Object;)Z @ 25
Event: 15.173 Thread 0x00000000589a0000 Uncommon trap: reason=class_check action=maybe_recompile pc=0x0000000002cf9738 method=java.util.Arrays.equals([Ljava/lang/Object;[Ljava/lang/Object;)Z @ 62
Event: 15.174 Thread 0x00000000589a0000 Uncommon trap: reason=unstable_if action=reinterpret pc=0x0000000003238b6c method=java.util.TreeMap.put(Ljava/lang/Object;Ljava/lang/Object;)Ljava/lang/Object; @ 163
Event: 15.439 Thread 0x00000000589a0000 Uncommon trap: reason=unstable_if action=reinterpret pc=0x0000000003655114 method=com.android.dx.dex.code.LocalList$MakeState.snapshot(ILcom/android/dx/rop/code/RegisterSpecSet;)V @ 86
Event: 16.138 Thread 0x00000000589a0000 Uncommon trap: reason=unstable_if action=reinterpret pc=0x00000000036a72d0 method=com.android.dx.dex.code.OutputFinisher.align64bits([Lcom/android/dx/dex/code/Dop;)V @ 237

Internal exceptions (7 events):
Event: 0.036 Thread 0x000000000235e000 Exception <a 'java/lang/NoSuchMethodError': Method sun.misc.Unsafe.defineClass(Ljava/lang/String;[BII)Ljava/lang/Class; name or signature does not match> (0x00000000eab0d620) thrown at [C:\workspace\8-2-build-windows-amd64-cygwin\jdk8u65\4987\hotspot\src\sû!AŽ¢?
Event: 0.036 Thread 0x000000000235e000 Exception <a 'java/lang/NoSuchMethodError': Method sun.misc.Unsafe.prefetchRead(Ljava/lang/Object;J)V name or signature does not match> (0x00000000eab0d908) thrown at [C:\workspace\8-2-build-windows-amd64-cygwin\jdk8u65\4987\hotspot\src\share\vm\prims\jni.dØyñ«ˆñ?
Event: 1.096 Thread 0x000000005841b000 Implicit null exception at 0x0000000002c5bb35 to 0x0000000002c5d919
Event: 2.587 Thread 0x000000000235e000 Exception <a 'java/lang/ArrayIndexOutOfBoundsException': 18> (0x00000000edd88c10) thrown at [C:\workspace\8-2-build-windows-amd64-cygwin\jdk8u65\4987\hotspot\src\share\vm\interpreter\interpreterRuntime.cpp, line 366]
Event: 2.587 Thread 0x000000000235e000 Exception <a 'java/lang/ArrayIndexOutOfBoundsException': 145> (0x00000000edd8a790) thrown at [C:\workspace\8-2-build-windows-amd64-cygwin\jdk8u65\4987\hotspot\src\share\vm\interpreter\interpreterRuntime.cpp, line 366]
Event: 2.588 Thread 0x000000000235e000 Exception <a 'java/lang/ArrayIndexOutOfBoundsException': 40> (0x00000000edd8ba78) thrown at [C:\workspace\8-2-build-windows-amd64-cygwin\jdk8u65\4987\hotspot\src\share\vm\interpreter\interpreterRuntime.cpp, line 366]
Event: 6.393 Thread 0x000000005841b000 Implicit null exception at 0x000000000301331d to 0x0000000003014481

Events (10 events):
Event: 16.855 Thread 0x00000000589a0000 DEOPT PACKING pc=0x00000000037a8a42 sp=0x00000000599fe560
Event: 16.855 Thread 0x00000000589a0000 DEOPT UNPACKING pc=0x00000000029771bf sp=0x00000000599fe280 mode 0
Event: 16.857 Thread 0x00000000589a0000 DEOPT PACKING pc=0x00000000037a8a42 sp=0x00000000599fe560
Event: 16.857 Thread 0x00000000589a0000 DEOPT UNPACKING pc=0x00000000029771bf sp=0x00000000599fe280 mode 0
Event: 16.858 Thread 0x00000000589a0000 DEOPT PACKING pc=0x00000000037a8a42 sp=0x00000000599fe560
Event: 16.858 Thread 0x00000000589a0000 DEOPT UNPACKING pc=0x00000000029771bf sp=0x00000000599fe280 mode 0
Event: 16.860 Thread 0x00000000589a0000 DEOPT PACKING pc=0x00000000037a8a42 sp=0x00000000599fe560
Event: 16.860 Thread 0x00000000589a0000 DEOPT UNPACKING pc=0x00000000029771bf sp=0x00000000599fe280 mode 0
Event: 16.861 Thread 0x00000000589a0000 DEOPT PACKING pc=0x00000000037a8a42 sp=0x00000000599fe560
Event: 16.861 Thread 0x00000000589a0000 DEOPT UNPACKING pc=0x00000000029771bf sp=0x00000000599fe280 mode 0


Dynamic libraries:
0x000000013fbc0000 - 0x000000013fbf7000 	C:\Program Files\Java\jdk1.8.0_65\bin\java.exe
0x0000000076e60000 - 0x000000007700a000 	C:\Windows\SYSTEM32\ntdll.dll
0x0000000076c40000 - 0x0000000076d5f000 	C:\Windows\system32\kernel32.dll
0x000007fefcc60000 - 0x000007fefcccb000 	C:\Windows\system32\KERNELBASE.dll
0x000007fefed10000 - 0x000007fefedeb000 	C:\Windows\system32\ADVAPI32.dll
0x000007feff0d0000 - 0x000007feff16f000 	C:\Windows\system32\msvcrt.dll
0x000007fefd4f0000 - 0x000007fefd50f000 	C:\Windows\SYSTEM32\sechost.dll
0x000007fefefa0000 - 0x000007feff0cd000 	C:\Windows\system32\RPCRT4.dll
0x0000000076d60000 - 0x0000000076e5a000 	C:\Windows\system32\USER32.dll
0x000007fefef20000 - 0x000007fefef87000 	C:\Windows\system32\GDI32.dll
0x000007fefef90000 - 0x000007fefef9e000 	C:\Windows\system32\LPK.dll
0x000007fefd210000 - 0x000007fefd2da000 	C:\Windows\system32\USP10.dll
0x000007fefb770000 - 0x000007fefb964000 	C:\Windows\WinSxS\amd64_microsoft.windows.common-controls_6595b64144ccf1df_6.0.7601.18837_none_fa3b1e3d17594757\COMCTL32.dll
0x000007fefd190000 - 0x000007fefd201000 	C:\Windows\system32\SHLWAPI.dll
0x000007fefeef0000 - 0x000007fefef1e000 	C:\Windows\system32\IMM32.DLL
0x000007fefcfa0000 - 0x000007fefd0a9000 	C:\Windows\system32\MSCTF.dll
0x0000000056480000 - 0x0000000056552000 	C:\Program Files\Java\jdk1.8.0_65\jre\bin\msvcr100.dll
0x0000000056af0000 - 0x0000000057379000 	C:\Program Files\Java\jdk1.8.0_65\jre\bin\server\jvm.dll
0x000007fef9600000 - 0x000007fef9609000 	C:\Windows\system32\WSOCK32.dll
0x000007fefee90000 - 0x000007fefeedd000 	C:\Windows\system32\WS2_32.dll
0x000007fefeee0000 - 0x000007fefeee8000 	C:\Windows\system32\NSI.dll
0x000007fefa8d0000 - 0x000007fefa90b000 	C:\Windows\system32\WINMM.dll
0x000007fefbda0000 - 0x000007fefbdac000 	C:\Windows\system32\VERSION.dll
0x0000000077020000 - 0x0000000077027000 	C:\Windows\system32\PSAPI.DLL
0x00000000670c0000 - 0x00000000670cf000 	C:\Program Files\Java\jdk1.8.0_65\jre\bin\verify.dll
0x00000000658a0000 - 0x00000000658c9000 	C:\Program Files\Java\jdk1.8.0_65\jre\bin\java.dll
0x0000000065880000 - 0x0000000065896000 	C:\Program Files\Java\jdk1.8.0_65\jre\bin\zip.dll
0x000007fefdbf0000 - 0x000007fefe97a000 	C:\Windows\system32\SHELL32.dll
0x000007fefd2e0000 - 0x000007fefd4e3000 	C:\Windows\system32\ole32.dll
0x000007fefcbe0000 - 0x000007fefcbef000 	C:\Windows\system32\profapi.dll
0x000007fee6640000 - 0x000007fee6765000 	C:\Windows\system32\dbghelp.dll

VM Arguments:
jvm_args: -Djava.awt.headless=true -Xmx1024M -Dfile.encoding=windows-1252 -Duser.country=US -Duser.language=en -Duser.variant 
java_command: com.android.dx.command.Main --dex --num-threads=4 --multi-dex --main-dex-list C:\Users\Alvin\Documents\Programming\Git Repo\WWUICTD\smoking_cessation\android_project\app\build\intermediates\multi-dex\debug\maindexlist.txt --output C:\Users\Alvin\Documents\Programming\Git Repo\WWUICTD\smoking_cessation\android_project\app\build\intermediates\transforms\dex\debug\folders\1000\1f\main C:\Users\Alvin\Documents\Programming\Git Repo\WWUICTD\smoking_cessation\android_project\app\build\intermediates\transforms\jarMerging\debug\jars\1\1f\combined.jar
java_class_path (initial): C:\Users\Alvin\AppData\Local\Android\sdk\build-tools\23.0.2\lib\dx.jar
Launcher Type: SUN_STANDARD

Environment Variables:
PATH=C:\ProgramData\Oracle\Java\javapath;C:\Program Files (x86)\NVIDIA Corporation\PhysX\Common;C:\Windows\system32;C:\Windows;C:\Windows\System32\Wbem;C:\Windows\System32\WindowsPowerShell\v1.0\;C:\Program Files (x86)\MySQL\MySQL Fabric 1.5 & MySQL Utilities 1.5\;C:\Program Files (x86)\MySQL\MySQL Fabric 1.5 & MySQL Utilities 1.5\Doctrine extensions for PHP\;C:\Program Files (x86)\AMD\ATI.ACE\Core-Static
USERNAME=Alvin
OS=Windows_NT
PROCESSOR_IDENTIFIER=Intel64 Family 6 Model 15 Stepping 11, GenuineIntel



---------------  S Y S T E M  ---------------

OS: Windows 7 , 64 bit Build 7601 (6.1.7601.19160)

CPU:total 4 (4 cores per cpu, 1 threads per core) family 6 model 15 stepping 11, cmov, cx8, fxsr, mmx, sse, sse2, sse3, ssse3, tsc

Memory: 4k page, physical 4192804k(409500k free), swap 8383772k(2815396k free)

vm_info: Java HotSpot(TM) 64-Bit Server VM (25.65-b01) for windows-amd64 JRE (1.8.0_65-b17), built on Oct  6 2015 16:39:20 by "java_re" with MS VC++ 10.0 (VS2010)

time: Wed Mar 16 21:21:27 2016
elapsed time: 16 seconds (0d 0h 0m 16s)

