#
# A fatal error has been detected by the Java Runtime Environment:
#
#  EXCEPTION_ACCESS_VIOLATION (0xc0000005) at pc=0xffffffffa36b5120, pid=5184, tid=5904
#
# JRE version: Java(TM) SE Runtime Environment (8.0_65-b17) (build 1.8.0_65-b17)
# Java VM: Java HotSpot(TM) 64-Bit Server VM (25.65-b01 mixed mode windows-amd64 compressed oops)
# Problematic frame:
# C  0xffffffffa36b5120
#
# Failed to write core dump. Minidumps are not enabled by default on client versions of Windows
#
# If you would like to submit a bug report, please visit:
#   http://bugreport.java.com/bugreport/crash.jsp
#

---------------  T H R E A D  ---------------

Current thread (0x0000000057735800):  JavaThread "pool-1-thread-1" [_thread_in_Java, id=5904, stack(0x0000000057c20000,0x0000000057d20000)]

siginfo: ExceptionCode=0xc0000005, ExceptionInformation=0x0000000000000008 0xffffffffa36b5120

Registers:
RAX=0x0000000000001bca, RBX=0x00000000000003e8, RCX=0x000000000000005a, RDX=0x00000000eb416d60
RSP=0x0000000057d1ebf8, RBP=0x0000000057d1f128, RSI=0x0000000000000016, RDI=0x00000000147c4670
R8 =0x0000000000000001, R9 =0x00000000eb416d60, R10=0x00000000c0d5ad68, R11=0x0000000000000002
R12=0x0000000000000000, R13=0x00000000eb416d60, R14=0x00000000fb27df28, R15=0x0000000057735800
RIP=0xffffffffa36b5120, EFLAGS=0x0000000000010246

Top of Stack: (sp=0x0000000057d1ebf8)
0x0000000057d1ebf8:   00000000029a184c 00000000eb3faca0
0x0000000057d1ec08:   0000000000000004 0000000000000000
0x0000000057d1ec18:   0000000054dab930 00000000eb416d60
0x0000000057d1ec28:   0000000300000010 0000000000000004
0x0000000057d1ec38:   00000000eb3fac78 0000000000000002
0x0000000057d1ec48:   00000000147c4670 0000000057d1f128
0x0000000057d1ec58:   0000000002a2fc24 ffffffffffffffff
0x0000000057d1ec68:   0000000054dab930 0000000000000000
0x0000000057d1ec78:   00000000fd096e48 00000000eb416918
0x0000000057d1ec88:   00000000eb416d60 0000000300001bc9
0x0000000057d1ec98:   00000000fd07bcb8 00000000eb416d60
0x0000000057d1eca8:   0000000100001bca 0000000000000019
0x0000000057d1ecb8:   00000000147c4670 0000000000000002
0x0000000057d1ecc8:   0000000000000019 000000000000000f
0x0000000057d1ecd8:   0000000000000000 0000001057d1ed10
0x0000000057d1ece8:   0000001657d1ed10 0000001300000012 

Instructions: (pc=0xffffffffa36b5120)
0xffffffffa36b5100:   
[error occurred during error reporting (printing registers, top of stack, instructions near pc), id 0xc0000005]

Register to memory mapping:

RAX=0x0000000000001bca is an unknown value
RBX=0x00000000000003e8 is an unknown value
RCX=0x000000000000005a is an unknown value
RDX=0x00000000eb416d60 is an oop
com.android.dx.util.ByteArrayAnnotatedOutput 
 - klass: 'com/android/dx/util/ByteArrayAnnotatedOutput'
RSP=0x0000000057d1ebf8 is pointing into the stack for thread: 0x0000000057735800
RBP=0x0000000057d1f128 is pointing into the stack for thread: 0x0000000057735800
RSI=0x0000000000000016 is an unknown value
RDI=0x00000000147c4670 is pointing into metadata
R8 =0x0000000000000001 is an unknown value
R9 =0x00000000eb416d60 is an oop
com.android.dx.util.ByteArrayAnnotatedOutput 
 - klass: 'com/android/dx/util/ByteArrayAnnotatedOutput'
R10=0x00000000c0d5ad68 is an oop
[C 
 - klass: {type array char}
 - length: 1
R11=0x0000000000000002 is an unknown value
R12=0x0000000000000000 is an unknown value
R13=0x00000000eb416d60 is an oop
com.android.dx.util.ByteArrayAnnotatedOutput 
 - klass: 'com/android/dx/util/ByteArrayAnnotatedOutput'
R14=0x00000000fb27df28 is an oop
com.android.dx.rop.type.StdTypeList 
 - klass: 'com/android/dx/rop/type/StdTypeList'
R15=0x0000000057735800 is a thread


Stack: [0x0000000057c20000,0x0000000057d20000],  sp=0x0000000057d1ebf8,  free space=1018k
Native frames: (J=compiled Java code, j=interpreted, Vv=VM code, C=native code)
C  0xffffffffa36b5120


---------------  P R O C E S S  ---------------

Java Threads: ( => current thread )
=>0x0000000057735800 JavaThread "pool-1-thread-1" [_thread_in_Java, id=5904, stack(0x0000000057c20000,0x0000000057d20000)]
  0x0000000057402000 JavaThread "Service Thread" daemon [_thread_blocked, id=6728, stack(0x0000000057b00000,0x0000000057c00000)]
  0x000000005738a800 JavaThread "C1 CompilerThread2" daemon [_thread_blocked, id=248, stack(0x00000000579a0000,0x0000000057aa0000)]
  0x0000000055117800 JavaThread "C2 CompilerThread1" daemon [_thread_in_native, id=6940, stack(0x00000000577b0000,0x00000000578b0000)]
  0x000000005510f800 JavaThread "C2 CompilerThread0" daemon [_thread_in_vm, id=1168, stack(0x00000000569f0000,0x0000000056af0000)]
  0x000000005511e000 JavaThread "Attach Listener" daemon [_thread_blocked, id=6700, stack(0x0000000056800000,0x0000000056900000)]
  0x000000005511c800 JavaThread "Signal Dispatcher" daemon [_thread_blocked, id=6976, stack(0x00000000565a0000,0x00000000566a0000)]
  0x00000000550b7000 JavaThread "Finalizer" daemon [_thread_blocked, id=6884, stack(0x0000000056170000,0x0000000056270000)]
  0x00000000550b0000 JavaThread "Reference Handler" daemon [_thread_blocked, id=5100, stack(0x0000000056270000,0x0000000056370000)]
  0x0000000001c9e000 JavaThread "main" [_thread_blocked, id=3056, stack(0x00000000022e0000,0x00000000023e0000)]

Other Threads:
  0x00000000550aa800 VMThread [stack: 0x0000000056020000,0x0000000056120000] [id=6936]
  0x0000000057420800 WatcherThread [stack: 0x0000000057d60000,0x0000000057e60000] [id=2476]

VM state:not at safepoint (normal execution)

VM Mutex/Monitor currently owned by a thread: None

Heap:
 PSYoungGen      total 249856K, used 70513K [0x00000000eab00000, 0x0000000100000000, 0x0000000100000000)
  eden space 160768K, 5% used [0x00000000eab00000,0x00000000eb45bd30,0x00000000f4800000)
  from space 89088K, 68% used [0x00000000fa900000,0x00000000fe480a38,0x0000000100000000)
  to   space 94208K, 0% used [0x00000000f4800000,0x00000000f4800000,0x00000000fa400000)
 ParOldGen       total 237568K, used 148532K [0x00000000c0000000, 0x00000000ce800000, 0x00000000eab00000)
  object space 237568K, 62% used [0x00000000c0000000,0x00000000c910d0b8,0x00000000ce800000)
 Metaspace       used 7062K, capacity 7736K, committed 7936K, reserved 1056768K
  class space    used 645K, capacity 688K, committed 768K, reserved 1048576K

Card table byte_map: [0x0000000011a70000,0x0000000011c80000] byte_map_base: 0x0000000011470000

Marking Bits: (ParMarkBitMap*) 0x00000000572fa5b0
 Begin Bits: [0x0000000012520000, 0x0000000013520000)
 End Bits:   [0x0000000013520000, 0x0000000014520000)

Polling page: 0x0000000001c60000

CodeCache: size=245760Kb used=9965Kb max_used=11660Kb free=235794Kb
 bounds [0x00000000026b0000, 0x0000000003220000, 0x00000000116b0000]
 total_blobs=2804 nmethods=2535 adapters=183
 compilation: enabled

Compilation events (10 events):
Event: 16.864 Thread 0x000000005738a800 nmethod 3053 0x0000000002926cd0 code [0x0000000002926f80, 0x0000000002927958]
Event: 16.880 Thread 0x000000005510f800 nmethod 2058 0x0000000002caff10 code [0x0000000002cb0160, 0x0000000002cb0d80]
Event: 16.880 Thread 0x000000005510f800 3051       4       com.android.dex.Leb128::writeUnsignedLeb128 (46 bytes)
Event: 16.881 Thread 0x000000005738a800 3054 %     3       com.android.dx.dex.file.ClassDataItem::encodeList @ 58 (92 bytes)
Event: 16.883 Thread 0x0000000055117800 nmethod 2007 0x0000000002957e90 code [0x0000000002958100, 0x0000000002959a48]
Event: 16.883 Thread 0x000000005738a800 nmethod 3054% 0x0000000002a62f50 code [0x0000000002a631c0, 0x0000000002a64218]
Event: 16.883 Thread 0x0000000055117800 2059       4       com.android.dx.rop.code.PlainCstInsn::accept (8 bytes)
Event: 16.884 Thread 0x0000000055117800 nmethod 2059 0x00000000027c2350 code [0x00000000027c2480, 0x00000000027c24f8]
Event: 16.884 Thread 0x0000000055117800 2073       4       com.android.dx.cf.code.ExecutionStack::pop (54 bytes)
Event: 16.885 Thread 0x000000005510f800 nmethod 3051 0x00000000027c4d90 code [0x00000000027c4f20, 0x00000000027c51f0]

GC Heap History (10 events):
Event: 10.041 GC heap before
{Heap before GC invocations=13 (full 2):
 PSYoungGen      total 262144K, used 257915K [0x00000000eab00000, 0x0000000100000000, 0x0000000100000000)
  eden space 222720K, 100% used [0x00000000eab00000,0x00000000f8480000,0x00000000f8480000)
  from space 39424K, 89% used [0x00000000fbb80000,0x00000000fdddede8,0x00000000fe200000)
  to   space 56320K, 0% used [0x00000000f8480000,0x00000000f8480000,0x00000000fbb80000)
 ParOldGen       total 148992K, used 83681K [0x00000000c0000000, 0x00000000c9180000, 0x00000000eab00000)
  object space 148992K, 56% used [0x00000000c0000000,0x00000000c51b8598,0x00000000c9180000)
 Metaspace       used 6607K, capacity 7320K, committed 7680K, reserved 1056768K
  class space    used 624K, capacity 656K, committed 768K, reserved 1048576K
Event: 10.234 GC heap after
Heap after GC invocations=13 (full 2):
 PSYoungGen      total 279040K, used 56317K [0x00000000eab00000, 0x0000000100000000, 0x0000000100000000)
  eden space 222720K, 0% used [0x00000000eab00000,0x00000000eab00000,0x00000000f8480000)
  from space 56320K, 99% used [0x00000000f8480000,0x00000000fbb7f7b8,0x00000000fbb80000)
  to   space 70144K, 0% used [0x00000000fbb80000,0x00000000fbb80000,0x0000000100000000)
 ParOldGen       total 148992K, used 98038K [0x00000000c0000000, 0x00000000c9180000, 0x00000000eab00000)
  object space 148992K, 65% used [0x00000000c0000000,0x00000000c5fbd908,0x00000000c9180000)
 Metaspace       used 6607K, capacity 7320K, committed 7680K, reserved 1056768K
  class space    used 624K, capacity 656K, committed 768K, reserved 1048576K
}
Event: 11.216 GC heap before
{Heap before GC invocations=14 (full 2):
 PSYoungGen      total 279040K, used 279037K [0x00000000eab00000, 0x0000000100000000, 0x0000000100000000)
  eden space 222720K, 100% used [0x00000000eab00000,0x00000000f8480000,0x00000000f8480000)
  from space 56320K, 99% used [0x00000000f8480000,0x00000000fbb7f7b8,0x00000000fbb80000)
  to   space 70144K, 0% used [0x00000000fbb80000,0x00000000fbb80000,0x0000000100000000)
 ParOldGen       total 148992K, used 98038K [0x00000000c0000000, 0x00000000c9180000, 0x00000000eab00000)
  object space 148992K, 65% used [0x00000000c0000000,0x00000000c5fbd908,0x00000000c9180000)
 Metaspace       used 6616K, capacity 7320K, committed 7680K, reserved 1056768K
  class space    used 624K, capacity 656K, committed 768K, reserved 1048576K
Event: 11.442 GC heap after
Heap after GC invocations=14 (full 2):
 PSYoungGen      total 257536K, used 62106K [0x00000000eab00000, 0x0000000100000000, 0x0000000100000000)
  eden space 187392K, 0% used [0x00000000eab00000,0x00000000eab00000,0x00000000f6200000)
  from space 70144K, 88% used [0x00000000fbb80000,0x00000000ff826ad8,0x0000000100000000)
  to   space 80896K, 0% used [0x00000000f6200000,0x00000000f6200000,0x00000000fb100000)
 ParOldGen       total 148992K, used 126333K [0x00000000c0000000, 0x00000000c9180000, 0x00000000eab00000)
  object space 148992K, 84% used [0x00000000c0000000,0x00000000c7b5f4c0,0x00000000c9180000)
 Metaspace       used 6616K, capacity 7320K, committed 7680K, reserved 1056768K
  class space    used 624K, capacity 656K, committed 768K, reserved 1048576K
}
Event: 11.442 GC heap before
{Heap before GC invocations=15 (full 3):
 PSYoungGen      total 257536K, used 62106K [0x00000000eab00000, 0x0000000100000000, 0x0000000100000000)
  eden space 187392K, 0% used [0x00000000eab00000,0x00000000eab00000,0x00000000f6200000)
  from space 70144K, 88% used [0x00000000fbb80000,0x00000000ff826ad8,0x0000000100000000)
  to   space 80896K, 0% used [0x00000000f6200000,0x00000000f6200000,0x00000000fb100000)
 ParOldGen       total 148992K, used 126333K [0x00000000c0000000, 0x00000000c9180000, 0x00000000eab00000)
  object space 148992K, 84% used [0x00000000c0000000,0x00000000c7b5f4c0,0x00000000c9180000)
 Metaspace       used 6616K, capacity 7320K, committed 7680K, reserved 1056768K
  class space    used 624K, capacity 656K, committed 768K, reserved 1048576K
Event: 12.756 GC heap after
Heap after GC invocations=15 (full 3):
 PSYoungGen      total 257536K, used 35260K [0x00000000eab00000, 0x0000000100000000, 0x0000000100000000)
  eden space 187392K, 0% used [0x00000000eab00000,0x00000000eab00000,0x00000000f6200000)
  from space 70144K, 50% used [0x00000000fbb80000,0x00000000fddef3e8,0x0000000100000000)
  to   space 80896K, 0% used [0x00000000f6200000,0x00000000f6200000,0x00000000fb100000)
 ParOldGen       total 237568K, used 148532K [0x00000000c0000000, 0x00000000ce800000, 0x00000000eab00000)
  object space 237568K, 62% used [0x00000000c0000000,0x00000000c910d0b8,0x00000000ce800000)
 Metaspace       used 6616K, capacity 7320K, committed 7680K, reserved 1056768K
  class space    used 624K, capacity 656K, committed 768K, reserved 1048576K
}
Event: 13.839 GC heap before
{Heap before GC invocations=16 (full 3):
 PSYoungGen      total 257536K, used 222652K [0x00000000eab00000, 0x0000000100000000, 0x0000000100000000)
  eden space 187392K, 100% used [0x00000000eab00000,0x00000000f6200000,0x00000000f6200000)
  from space 70144K, 50% used [0x00000000fbb80000,0x00000000fddef3e8,0x0000000100000000)
  to   space 80896K, 0% used [0x00000000f6200000,0x00000000f6200000,0x00000000fb100000)
 ParOldGen       total 237568K, used 148532K [0x00000000c0000000, 0x00000000ce800000, 0x00000000eab00000)
  object space 237568K, 62% used [0x00000000c0000000,0x00000000c910d0b8,0x00000000ce800000)
 Metaspace       used 6625K, capacity 7320K, committed 7680K, reserved 1056768K
  class space    used 624K, capacity 656K, committed 768K, reserved 1048576K
Event: 14.022 GC heap after
Heap after GC invocations=16 (full 3):
 PSYoungGen      total 252928K, used 65476K [0x00000000eab00000, 0x0000000100000000, 0x0000000100000000)
  eden space 187392K, 0% used [0x00000000eab00000,0x00000000eab00000,0x00000000f6200000)
  from space 65536K, 99% used [0x00000000f6200000,0x00000000fa1f12c0,0x00000000fa200000)
  to   space 89088K, 0% used [0x00000000fa900000,0x00000000fa900000,0x0000000100000000)
 ParOldGen       total 237568K, used 148532K [0x00000000c0000000, 0x00000000ce800000, 0x00000000eab00000)
  object space 237568K, 62% used [0x00000000c0000000,0x00000000c910d0b8,0x00000000ce800000)
 Metaspace       used 6625K, capacity 7320K, committed 7680K, reserved 1056768K
  class space    used 624K, capacity 656K, committed 768K, reserved 1048576K
}
Event: 16.669 GC heap before
{Heap before GC invocations=17 (full 3):
 PSYoungGen      total 252928K, used 252868K [0x00000000eab00000, 0x0000000100000000, 0x0000000100000000)
  eden space 187392K, 100% used [0x00000000eab00000,0x00000000f6200000,0x00000000f6200000)
  from space 65536K, 99% used [0x00000000f6200000,0x00000000fa1f12c0,0x00000000fa200000)
  to   space 89088K, 0% used [0x00000000fa900000,0x00000000fa900000,0x0000000100000000)
 ParOldGen       total 237568K, used 148532K [0x00000000c0000000, 0x00000000ce800000, 0x00000000eab00000)
  object space 237568K, 62% used [0x00000000c0000000,0x00000000c910d0b8,0x00000000ce800000)
 Metaspace       used 7023K, capacity 7672K, committed 7936K, reserved 1056768K
  class space    used 645K, capacity 688K, committed 768K, reserved 1048576K
Event: 16.805 GC heap after
Heap after GC invocations=17 (full 3):
 PSYoungGen      total 249856K, used 60930K [0x00000000eab00000, 0x0000000100000000, 0x0000000100000000)
  eden space 160768K, 0% used [0x00000000eab00000,0x00000000eab00000,0x00000000f4800000)
  from space 89088K, 68% used [0x00000000fa900000,0x00000000fe480a38,0x0000000100000000)
  to   space 94208K, 0% used [0x00000000f4800000,0x00000000f4800000,0x00000000fa400000)
 ParOldGen       total 237568K, used 148532K [0x00000000c0000000, 0x00000000ce800000, 0x00000000eab00000)
  object space 237568K, 62% used [0x00000000c0000000,0x00000000c910d0b8,0x00000000ce800000)
 Metaspace       used 7023K, capacity 7672K, committed 7936K, reserved 1056768K
  class space    used 645K, capacity 688K, committed 768K, reserved 1048576K
}

Deoptimization events (10 events):
Event: 14.443 Thread 0x0000000057735800 Uncommon trap: reason=class_check action=maybe_recompile pc=0x0000000002c538fc method=java.util.Arrays.hashCode([Ljava/lang/Object;)I @ 43
Event: 14.443 Thread 0x0000000057735800 Uncommon trap: reason=class_check action=maybe_recompile pc=0x0000000002c538fc method=java.util.Arrays.hashCode([Ljava/lang/Object;)I @ 43
Event: 14.443 Thread 0x0000000057735800 Uncommon trap: reason=class_check action=maybe_recompile pc=0x0000000002c56628 method=java.util.Arrays.hashCode([Ljava/lang/Object;)I @ 43
Event: 14.792 Thread 0x0000000057735800 Uncommon trap: reason=unstable_if action=reinterpret pc=0x0000000002f590b0 method=java.util.HashMap.putVal(ILjava/lang/Object;Ljava/lang/Object;ZZ)Ljava/lang/Object; @ 109
Event: 15.433 Thread 0x0000000057735800 Uncommon trap: reason=speculate_class_check action=maybe_recompile pc=0x0000000002a511dc method=com.android.dx.util.FixedSizeList.equals(Ljava/lang/Object;)Z @ 25
Event: 15.433 Thread 0x0000000057735800 Uncommon trap: reason=speculate_class_check action=maybe_recompile pc=0x0000000002a511dc method=com.android.dx.util.FixedSizeList.equals(Ljava/lang/Object;)Z @ 25
Event: 15.433 Thread 0x0000000057735800 Uncommon trap: reason=speculate_class_check action=maybe_recompile pc=0x0000000002a511dc method=com.android.dx.util.FixedSizeList.equals(Ljava/lang/Object;)Z @ 25
Event: 15.433 Thread 0x0000000057735800 Uncommon trap: reason=speculate_class_check action=maybe_recompile pc=0x0000000002a511dc method=com.android.dx.util.FixedSizeList.equals(Ljava/lang/Object;)Z @ 25
Event: 15.434 Thread 0x0000000057735800 Uncommon trap: reason=unstable_if action=reinterpret pc=0x0000000002e8488c method=java.util.TreeMap.put(Ljava/lang/Object;Ljava/lang/Object;)Ljava/lang/Object; @ 163
Event: 16.837 Thread 0x0000000057735800 Uncommon trap: reason=unstable_if action=reinterpret pc=0x0000000002943b7c method=java.lang.Long.numberOfTrailingZeros(J)I @ 3

Internal exceptions (8 events):
Event: 0.042 Thread 0x0000000001c9e000 Exception <a 'java/lang/NoSuchMethodError': Method sun.misc.Unsafe.defineClass(Ljava/lang/String;[BII)Ljava/lang/Class; name or signature does not match> (0x00000000eab0d480) thrown at [C:\workspace\8-2-build-windows-amd64-cygwin\jdk8u65\4987\hotspot\src\sPèõTs•?
Event: 0.042 Thread 0x0000000001c9e000 Exception <a 'java/lang/NoSuchMethodError': Method sun.misc.Unsafe.prefetchRead(Ljava/lang/Object;J)V name or signature does not match> (0x00000000eab0d768) thrown at [C:\workspace\8-2-build-windows-amd64-cygwin\jdk8u65\4987\hotspot\src\share\vm\prims\jni.ñ∂Gê&$Û?
Event: 1.196 Thread 0x00000000582fd800 Implicit null exception at 0x00000000029cacc3 to 0x00000000029cc4dd
Event: 2.894 Thread 0x0000000057fb7800 Exception <a 'java/lang/ArrayIndexOutOfBoundsException': 18> (0x00000000ef8cc970) thrown at [C:\workspace\8-2-build-windows-amd64-cygwin\jdk8u65\4987\hotspot\src\share\vm\interpreter\interpreterRuntime.cpp, line 366]
Event: 2.894 Thread 0x0000000057fb7800 Exception <a 'java/lang/ArrayIndexOutOfBoundsException'> (0x00000000ef8ce4f0) thrown at [C:\workspace\8-2-build-windows-amd64-cygwin\jdk8u65\4987\hotspot\src\share\vm\runtime\sharedRuntime.cpp, line 605]
Event: 2.895 Thread 0x0000000057fb7800 Exception <a 'java/lang/ArrayIndexOutOfBoundsException'> (0x00000000ef8cf7d8) thrown at [C:\workspace\8-2-build-windows-amd64-cygwin\jdk8u65\4987\hotspot\src\share\vm\runtime\sharedRuntime.cpp, line 605]
Event: 5.574 Thread 0x0000000057735800 Implicit null exception at 0x0000000002f01a25 to 0x0000000002f062b9
Event: 6.503 Thread 0x00000000582fb800 Implicit null exception at 0x0000000002ea8a67 to 0x0000000002ea9b99

Events (10 events):
Event: 16.551 loading class com/android/dx/dex/file/DebugInfoEncoder$1 done
Event: 16.552 loading class com/android/dx/dex/file/DebugInfoEncoder$2
Event: 16.552 loading class com/android/dx/dex/file/DebugInfoEncoder$2 done
Event: 16.669 Executing VM operation: ParallelGCFailedAllocation
Event: 16.805 Executing VM operation: ParallelGCFailedAllocation done
Event: 16.829 loading class com/android/dex/EncodedValueCodec
Event: 16.829 loading class com/android/dex/EncodedValueCodec done
Event: 16.837 Thread 0x0000000057735800 Uncommon trap: trap_request=0xffffff65 fr.pc=0x0000000002943b7c
Event: 16.837 Thread 0x0000000057735800 DEOPT PACKING pc=0x0000000002943b7c sp=0x0000000057d1ec60
Event: 16.838 Thread 0x0000000057735800 DEOPT UNPACKING pc=0x00000000026f556a sp=0x0000000057d1ebf0 mode 2


Dynamic libraries:
0x000000013fbc0000 - 0x000000013fbf7000 	C:\Program Files\Java\jdk1.8.0_65\bin\java.exe
0x0000000076e60000 - 0x000000007700a000 	C:\Windows\SYSTEM32\ntdll.dll
0x0000000076c40000 - 0x0000000076d5f000 	C:\Windows\system32\kernel32.dll
0x000007fefcc60000 - 0x000007fefcccb000 	C:\Windows\system32\KERNELBASE.dll
0x000007fefed10000 - 0x000007fefedeb000 	C:\Windows\system32\ADVAPI32.dll
0x000007feff0d0000 - 0x000007feff16f000 	C:\Windows\system32\msvcrt.dll
0x000007fefd4f0000 - 0x000007fefd50f000 	C:\Windows\SYSTEM32\sechost.dll
0x000007fefefa0000 - 0x000007feff0cd000 	C:\Windows\system32\RPCRT4.dll
0x0000000076d60000 - 0x0000000076e5a000 	C:\Windows\system32\USER32.dll
0x000007fefef20000 - 0x000007fefef87000 	C:\Windows\system32\GDI32.dll
0x000007fefef90000 - 0x000007fefef9e000 	C:\Windows\system32\LPK.dll
0x000007fefd210000 - 0x000007fefd2da000 	C:\Windows\system32\USP10.dll
0x000007fefb770000 - 0x000007fefb964000 	C:\Windows\WinSxS\amd64_microsoft.windows.common-controls_6595b64144ccf1df_6.0.7601.18837_none_fa3b1e3d17594757\COMCTL32.dll
0x000007fefd190000 - 0x000007fefd201000 	C:\Windows\system32\SHLWAPI.dll
0x000007fefeef0000 - 0x000007fefef1e000 	C:\Windows\system32\IMM32.DLL
0x000007fefcfa0000 - 0x000007fefd0a9000 	C:\Windows\system32\MSCTF.dll
0x0000000056480000 - 0x0000000056552000 	C:\Program Files\Java\jdk1.8.0_65\jre\bin\msvcr100.dll
0x0000000056af0000 - 0x0000000057379000 	C:\Program Files\Java\jdk1.8.0_65\jre\bin\server\jvm.dll
0x000007fef9600000 - 0x000007fef9609000 	C:\Windows\system32\WSOCK32.dll
0x000007fefee90000 - 0x000007fefeedd000 	C:\Windows\system32\WS2_32.dll
0x000007fefeee0000 - 0x000007fefeee8000 	C:\Windows\system32\NSI.dll
0x000007fefa8d0000 - 0x000007fefa90b000 	C:\Windows\system32\WINMM.dll
0x000007fefbda0000 - 0x000007fefbdac000 	C:\Windows\system32\VERSION.dll
0x0000000077020000 - 0x0000000077027000 	C:\Windows\system32\PSAPI.DLL
0x00000000670c0000 - 0x00000000670cf000 	C:\Program Files\Java\jdk1.8.0_65\jre\bin\verify.dll
0x00000000658a0000 - 0x00000000658c9000 	C:\Program Files\Java\jdk1.8.0_65\jre\bin\java.dll
0x0000000065880000 - 0x0000000065896000 	C:\Program Files\Java\jdk1.8.0_65\jre\bin\zip.dll
0x000007fefdbf0000 - 0x000007fefe97a000 	C:\Windows\system32\SHELL32.dll
0x000007fefd2e0000 - 0x000007fefd4e3000 	C:\Windows\system32\ole32.dll
0x000007fefcbe0000 - 0x000007fefcbef000 	C:\Windows\system32\profapi.dll
0x000007fee6640000 - 0x000007fee6765000 	C:\Windows\system32\dbghelp.dll

VM Arguments:
jvm_args: -Djava.awt.headless=true -Xmx1024M -Dfile.encoding=windows-1252 -Duser.country=US -Duser.language=en -Duser.variant 
java_command: com.android.dx.command.Main --dex --num-threads=4 --multi-dex --main-dex-list C:\Users\Alvin\Documents\Programming\Git Repo\WWUICTD\smoking_cessation\android_project\app\build\intermediates\multi-dex\debug\maindexlist.txt --output C:\Users\Alvin\Documents\Programming\Git Repo\WWUICTD\smoking_cessation\android_project\app\build\intermediates\transforms\dex\debug\folders\1000\1f\main C:\Users\Alvin\Documents\Programming\Git Repo\WWUICTD\smoking_cessation\android_project\app\build\intermediates\transforms\jarMerging\debug\jars\1\1f\combined.jar
java_class_path (initial): C:\Users\Alvin\AppData\Local\Android\sdk\build-tools\23.0.2\lib\dx.jar
Launcher Type: SUN_STANDARD

Environment Variables:
PATH=C:\ProgramData\Oracle\Java\javapath;C:\Program Files (x86)\NVIDIA Corporation\PhysX\Common;C:\Windows\system32;C:\Windows;C:\Windows\System32\Wbem;C:\Windows\System32\WindowsPowerShell\v1.0\;C:\Program Files (x86)\MySQL\MySQL Fabric 1.5 & MySQL Utilities 1.5\;C:\Program Files (x86)\MySQL\MySQL Fabric 1.5 & MySQL Utilities 1.5\Doctrine extensions for PHP\;C:\Program Files (x86)\AMD\ATI.ACE\Core-Static
USERNAME=Alvin
OS=Windows_NT
PROCESSOR_IDENTIFIER=Intel64 Family 6 Model 15 Stepping 11, GenuineIntel



---------------  S Y S T E M  ---------------

OS: Windows 7 , 64 bit Build 7601 (6.1.7601.19160)

CPU:total 4 (4 cores per cpu, 1 threads per core) family 6 model 15 stepping 11, cmov, cx8, fxsr, mmx, sse, sse2, sse3, ssse3, tsc

Memory: 4k page, physical 4192804k(332924k free), swap 8383772k(2817156k free)

vm_info: Java HotSpot(TM) 64-Bit Server VM (25.65-b01) for windows-amd64 JRE (1.8.0_65-b17), built on Oct  6 2015 16:39:20 by "java_re" with MS VC++ 10.0 (VS2010)

time: Wed Mar 16 20:32:16 2016
elapsed time: 16 seconds (0d 0h 0m 16s)

