#
# A fatal error has been detected by the Java Runtime Environment:
#
#  EXCEPTION_ACCESS_VIOLATION (0xc0000005) at pc=0xffffffffa3875120, pid=6804, tid=960
#
# JRE version: Java(TM) SE Runtime Environment (8.0_65-b17) (build 1.8.0_65-b17)
# Java VM: Java HotSpot(TM) 64-Bit Server VM (25.65-b01 mixed mode windows-amd64 compressed oops)
# Problematic frame:
# C  0xffffffffa3875120
#
# Failed to write core dump. Minidumps are not enabled by default on client versions of Windows
#
# If you would like to submit a bug report, please visit:
#   http://bugreport.java.com/bugreport/crash.jsp
#

---------------  T H R E A D  ---------------

Current thread (0x0000000057f4a800):  JavaThread "pool-1-thread-1" [_thread_in_Java, id=960, stack(0x0000000059610000,0x0000000059710000)]

siginfo: ExceptionCode=0xc0000005, ExceptionInformation=0x0000000000000008 0xffffffffa3875120

Registers:
RAX=0x0000000054c46e70, RBX=0x0000000054c46e70, RCX=0x00000000fe6ed3b8, RDX=0x00000000fe6ed3b8
RSP=0x000000005970ee28, RBP=0x000000005970ee88, RSI=0x0000000011630000, RDI=0x00000000548df810
R8 =0x0000000000000006, R9 =0x00000000580ed5c0, R10=0x00000000572e2140, R11=0x0000000003560080
R12=0x0000000000000000, R13=0x000000005970ee40, R14=0x0000000000000000, R15=0x0000000057f4a800
RIP=0xffffffffa3875120, EFLAGS=0x0000000000010206

Top of Stack: (sp=0x000000005970ee28)
0x000000005970ee28:   0000000002877790 000000005970ee88
0x000000005970ee38:   0000000002877790 00000000fe6ed3b8
0x000000005970ee48:   000000005970ee48 0000000054c31e9c
0x000000005970ee58:   000000005970ef00 0000000054c93100
0x000000005970ee68:   0000000000000000 0000000054c928e8
0x000000005970ee78:   000000005970ee40 000000005970eef8
0x000000005970ee88:   000000005970ef48 0000000002877a01
0x000000005970ee98:   00000000c0080888 00000000fe6ed3b8
0x000000005970eea8:   00000000ee2c7238 0000000000000ab6
0x000000005970eeb8:   00000000fe6f1fc8 00000000fe603db8
0x000000005970eec8:   00000000c0080888 00000000c00cbf08
0x000000005970eed8:   0000000000000003 000000000000000d
0x000000005970eee8:   00000000c0088990 00000000ee2c7060
0x000000005970eef8:   00000000c00889d8 00000000c0088990
0x000000005970ef08:   000000005970ef08 00000000549d776c
0x000000005970ef18:   000000005970efa0 00000000549de950 

Instructions: (pc=0xffffffffa3875120)
0xffffffffa3875100:   
[error occurred during error reporting (printing registers, top of stack, instructions near pc), id 0xc0000005]

Register to memory mapping:

RAX={method} {0x0000000054c46e78} 'itemType' '()Lcom/android/dx/dex/file/ItemType;' in 'com/android/dx/dex/file/ProtoIdItem'
RBX={method} {0x0000000054c46e78} 'itemType' '()Lcom/android/dx/dex/file/ItemType;' in 'com/android/dx/dex/file/ProtoIdItem'
RCX=0x00000000fe6ed3b8 is an oop
com.android.dx.dex.file.ProtoIdItem 
 - klass: 'com/android/dx/dex/file/ProtoIdItem'
RDX=0x00000000fe6ed3b8 is an oop
com.android.dx.dex.file.ProtoIdItem 
 - klass: 'com/android/dx/dex/file/ProtoIdItem'
RSP=0x000000005970ee28 is pointing into the stack for thread: 0x0000000057f4a800
RBP=0x000000005970ee88 is pointing into the stack for thread: 0x0000000057f4a800
RSI=0x0000000011630000 is an unknown value
RDI=0x00000000548df810 is pointing into metadata
R8 =0x0000000000000006 is an unknown value
R9 =0x00000000580ed5c0 is an unknown value
R10=0x00000000572e2140 is an unknown value
R11=0x0000000003560080 is at entry_point+32 in (nmethod*)0x000000000355ff10
R12=0x0000000000000000 is an unknown value
R13=0x000000005970ee40 is pointing into the stack for thread: 0x0000000057f4a800
R14=0x0000000000000000 is an unknown value
R15=0x0000000057f4a800 is a thread


Stack: [0x0000000059610000,0x0000000059710000],  sp=0x000000005970ee28,  free space=1019k
Native frames: (J=compiled Java code, j=interpreted, Vv=VM code, C=native code)
C  0xffffffffa3875120


---------------  P R O C E S S  ---------------

Java Threads: ( => current thread )
=>0x0000000057f4a800 JavaThread "pool-1-thread-1" [_thread_in_Java, id=960, stack(0x0000000059610000,0x0000000059710000)]
  0x0000000057787000 JavaThread "Service Thread" daemon [_thread_blocked, id=1568, stack(0x0000000057be0000,0x0000000057ce0000)]
  0x0000000054fbe800 JavaThread "C1 CompilerThread2" daemon [_thread_blocked, id=5308, stack(0x0000000057600000,0x0000000057700000)]
  0x0000000054fbd800 JavaThread "C2 CompilerThread1" daemon [_thread_in_native, id=5904, stack(0x00000000574c0000,0x00000000575c0000)]
  0x0000000054fb5800 JavaThread "C2 CompilerThread0" daemon [_thread_blocked, id=5480, stack(0x00000000567b0000,0x00000000568b0000)]
  0x0000000054fb2000 JavaThread "Attach Listener" daemon [_thread_blocked, id=3880, stack(0x0000000056940000,0x0000000056a40000)]
  0x0000000054fb0800 JavaThread "Signal Dispatcher" daemon [_thread_blocked, id=6188, stack(0x00000000566a0000,0x00000000567a0000)]
  0x0000000054f51000 JavaThread "Finalizer" daemon [_thread_blocked, id=6668, stack(0x0000000056150000,0x0000000056250000)]
  0x0000000054f50000 JavaThread "Reference Handler" daemon [_thread_blocked, id=5112, stack(0x00000000562b0000,0x00000000563b0000)]
  0x00000000003ce000 JavaThread "main" [_thread_blocked, id=6700, stack(0x00000000024a0000,0x00000000025a0000)]

Other Threads:
  0x0000000054f4a800 VMThread [stack: 0x0000000055fc0000,0x00000000560c0000] [id=6152]
  0x0000000057790000 WatcherThread [stack: 0x00000000573a0000,0x00000000574a0000] [id=6080]

VM state:synchronizing (normal execution)

VM Mutex/Monitor currently owned by a thread:  ([mutex/lock_event])
[0x00000000003cc310] Safepoint_lock - owner thread: 0x0000000054f4a800
[0x00000000003cc390] Threads_lock - owner thread: 0x0000000054f4a800

Heap:
 PSYoungGen      total 229888K, used 112888K [0x00000000eab00000, 0x0000000100000000, 0x0000000100000000)
  eden space 151552K, 37% used [0x00000000eab00000,0x00000000ee2d7220,0x00000000f3f00000)
  from space 78336K, 71% used [0x00000000fb380000,0x00000000fe9e6ed8,0x0000000100000000)
  to   space 98816K, 0% used [0x00000000f3f00000,0x00000000f3f00000,0x00000000f9f80000)
 ParOldGen       total 236032K, used 184384K [0x00000000c0000000, 0x00000000ce680000, 0x00000000eab00000)
  object space 236032K, 78% used [0x00000000c0000000,0x00000000cb4101b8,0x00000000ce680000)
 Metaspace       used 7092K, capacity 7736K, committed 7936K, reserved 1056768K
  class space    used 647K, capacity 688K, committed 768K, reserved 1048576K

Card table byte_map: [0x0000000011c30000,0x0000000011e40000] byte_map_base: 0x0000000011630000

Marking Bits: (ParMarkBitMap*) 0x00000000572fa5b0
 Begin Bits: [0x00000000123c0000, 0x00000000133c0000)
 End Bits:   [0x00000000133c0000, 0x00000000143c0000)

Polling page: 0x0000000000130000

CodeCache: size=245760Kb used=13258Kb max_used=13276Kb free=232501Kb
 bounds [0x0000000002870000, 0x0000000003570000, 0x0000000011870000]
 total_blobs=3240 nmethods=2971 adapters=183
 compilation: enabled

Compilation events (10 events):
Event: 17.946 Thread 0x0000000054fbe800 3132       2       java.security.CodeSource::matchCerts (254 bytes)
Event: 17.947 Thread 0x0000000054fbe800 nmethod 3132 0x000000000355ec50 code [0x000000000355ee20, 0x000000000355f3f8]
Event: 17.950 Thread 0x0000000054fbe800 3136       2       com.android.dx.dex.file.TypeIdItem::itemType (4 bytes)
Event: 17.950 Thread 0x0000000054fbe800 nmethod 3136 0x000000000355f910 code [0x000000000355fa60, 0x000000000355fbb0]
Event: 17.951 Thread 0x0000000054fbe800 3137       1       com.android.dx.dex.file.TypeIdItem::itemType (4 bytes)
Event: 17.951 Thread 0x0000000054fbe800 nmethod 3137 0x000000000355fc50 code [0x000000000355fda0, 0x000000000355feb0]
Event: 17.951 Thread 0x0000000054fbe800 3138       2       com.android.dx.dex.file.ProtoIdItem::itemType (4 bytes)
Event: 17.951 Thread 0x0000000054fbe800 nmethod 3138 0x000000000355ff10 code [0x0000000003560060, 0x00000000035601b0]
Event: 17.951 Thread 0x0000000054fbe800 3139       1       com.android.dx.dex.file.ProtoIdItem::itemType (4 bytes)
Event: 17.951 Thread 0x0000000054fbe800 nmethod 3139 0x0000000003560250 code [0x00000000035603a0, 0x00000000035604b0]

GC Heap History (10 events):
Event: 9.752 GC heap before
{Heap before GC invocations=13 (full 2):
 PSYoungGen      total 258048K, used 250769K [0x00000000eab00000, 0x0000000100000000, 0x0000000100000000)
  eden space 219136K, 100% used [0x00000000eab00000,0x00000000f8100000,0x00000000f8100000)
  from space 38912K, 81% used [0x00000000fb700000,0x00000000fd5e4490,0x00000000fdd00000)
  to   space 55296K, 0% used [0x00000000f8100000,0x00000000f8100000,0x00000000fb700000)
 ParOldGen       total 150528K, used 84967K [0x00000000c0000000, 0x00000000c9300000, 0x00000000eab00000)
  object space 150528K, 56% used [0x00000000c0000000,0x00000000c52f9de0,0x00000000c9300000)
 Metaspace       used 6608K, capacity 7320K, committed 7680K, reserved 1056768K
  class space    used 625K, capacity 656K, committed 768K, reserved 1048576K
Event: 9.921 GC heap after
Heap after GC invocations=13 (full 2):
 PSYoungGen      total 274432K, used 55269K [0x00000000eab00000, 0x0000000100000000, 0x0000000100000000)
  eden space 219136K, 0% used [0x00000000eab00000,0x00000000eab00000,0x00000000f8100000)
  from space 55296K, 99% used [0x00000000f8100000,0x00000000fb6f94d0,0x00000000fb700000)
  to   space 68608K, 0% used [0x00000000fbd00000,0x00000000fbd00000,0x0000000100000000)
 ParOldGen       total 150528K, used 93944K [0x00000000c0000000, 0x00000000c9300000, 0x00000000eab00000)
  object space 150528K, 62% used [0x00000000c0000000,0x00000000c5bbe0d0,0x00000000c9300000)
 Metaspace       used 6608K, capacity 7320K, committed 7680K, reserved 1056768K
  class space    used 625K, capacity 656K, committed 768K, reserved 1048576K
}
Event: 10.945 GC heap before
{Heap before GC invocations=14 (full 2):
 PSYoungGen      total 274432K, used 274405K [0x00000000eab00000, 0x0000000100000000, 0x0000000100000000)
  eden space 219136K, 100% used [0x00000000eab00000,0x00000000f8100000,0x00000000f8100000)
  from space 55296K, 99% used [0x00000000f8100000,0x00000000fb6f94d0,0x00000000fb700000)
  to   space 68608K, 0% used [0x00000000fbd00000,0x00000000fbd00000,0x0000000100000000)
 ParOldGen       total 150528K, used 93944K [0x00000000c0000000, 0x00000000c9300000, 0x00000000eab00000)
  object space 150528K, 62% used [0x00000000c0000000,0x00000000c5bbe0d0,0x00000000c9300000)
 Metaspace       used 6618K, capacity 7320K, committed 7680K, reserved 1056768K
  class space    used 625K, capacity 656K, committed 768K, reserved 1048576K
Event: 11.200 GC heap after
Heap after GC invocations=14 (full 2):
 PSYoungGen      total 261120K, used 62314K [0x00000000eab00000, 0x0000000100000000, 0x0000000100000000)
  eden space 192512K, 0% used [0x00000000eab00000,0x00000000eab00000,0x00000000f6700000)
  from space 68608K, 90% used [0x00000000fbd00000,0x00000000ff9daa00,0x0000000100000000)
  to   space 78336K, 0% used [0x00000000f6700000,0x00000000f6700000,0x00000000fb380000)
 ParOldGen       total 150528K, used 118582K [0x00000000c0000000, 0x00000000c9300000, 0x00000000eab00000)
  object space 150528K, 78% used [0x00000000c0000000,0x00000000c73cd9c0,0x00000000c9300000)
 Metaspace       used 6618K, capacity 7320K, committed 7680K, reserved 1056768K
  class space    used 625K, capacity 656K, committed 768K, reserved 1048576K
}
Event: 12.369 GC heap before
{Heap before GC invocations=15 (full 2):
 PSYoungGen      total 261120K, used 254826K [0x00000000eab00000, 0x0000000100000000, 0x0000000100000000)
  eden space 192512K, 100% used [0x00000000eab00000,0x00000000f6700000,0x00000000f6700000)
  from space 68608K, 90% used [0x00000000fbd00000,0x00000000ff9daa00,0x0000000100000000)
  to   space 78336K, 0% used [0x00000000f6700000,0x00000000f6700000,0x00000000fb380000)
 ParOldGen       total 150528K, used 118582K [0x00000000c0000000, 0x00000000c9300000, 0x00000000eab00000)
  object space 150528K, 78% used [0x00000000c0000000,0x00000000c73cd9c0,0x00000000c9300000)
 Metaspace       used 6628K, capacity 7320K, committed 7680K, reserved 1056768K
  class space    used 625K, capacity 656K, committed 768K, reserved 1048576K
Event: 12.687 GC heap after
Heap after GC invocations=15 (full 2):
 PSYoungGen      total 270848K, used 78323K [0x00000000eab00000, 0x0000000100000000, 0x0000000100000000)
  eden space 192512K, 0% used [0x00000000eab00000,0x00000000eab00000,0x00000000f6700000)
  from space 78336K, 99% used [0x00000000f6700000,0x00000000fb37ce20,0x00000000fb380000)
  to   space 78336K, 0% used [0x00000000fb380000,0x00000000fb380000,0x0000000100000000)
 ParOldGen       total 150528K, used 133378K [0x00000000c0000000, 0x00000000c9300000, 0x00000000eab00000)
  object space 150528K, 88% used [0x00000000c0000000,0x00000000c8240a40,0x00000000c9300000)
 Metaspace       used 6628K, capacity 7320K, committed 7680K, reserved 1056768K
  class space    used 625K, capacity 656K, committed 768K, reserved 1048576K
}
Event: 12.687 GC heap before
{Heap before GC invocations=16 (full 3):
 PSYoungGen      total 270848K, used 78323K [0x00000000eab00000, 0x0000000100000000, 0x0000000100000000)
  eden space 192512K, 0% used [0x00000000eab00000,0x00000000eab00000,0x00000000f6700000)
  from space 78336K, 99% used [0x00000000f6700000,0x00000000fb37ce20,0x00000000fb380000)
  to   space 78336K, 0% used [0x00000000fb380000,0x00000000fb380000,0x0000000100000000)
 ParOldGen       total 150528K, used 133378K [0x00000000c0000000, 0x00000000c9300000, 0x00000000eab00000)
  object space 150528K, 88% used [0x00000000c0000000,0x00000000c8240a40,0x00000000c9300000)
 Metaspace       used 6628K, capacity 7320K, committed 7680K, reserved 1056768K
  class space    used 625K, capacity 656K, committed 768K, reserved 1048576K
Event: 14.551 GC heap after
Heap after GC invocations=16 (full 3):
 PSYoungGen      total 270848K, used 56638K [0x00000000eab00000, 0x0000000100000000, 0x0000000100000000)
  eden space 192512K, 0% used [0x00000000eab00000,0x00000000eab00000,0x00000000f6700000)
  from space 78336K, 72% used [0x00000000f6700000,0x00000000f9e4fb48,0x00000000fb380000)
  to   space 78336K, 0% used [0x00000000fb380000,0x00000000fb380000,0x0000000100000000)
 ParOldGen       total 236032K, used 150282K [0x00000000c0000000, 0x00000000ce680000, 0x00000000eab00000)
  object space 236032K, 63% used [0x00000000c0000000,0x00000000c92c2980,0x00000000ce680000)
 Metaspace       used 6628K, capacity 7320K, committed 7680K, reserved 1056768K
  class space    used 625K, capacity 656K, committed 768K, reserved 1048576K
}
Event: 16.674 GC heap before
{Heap before GC invocations=17 (full 3):
 PSYoungGen      total 270848K, used 249150K [0x00000000eab00000, 0x0000000100000000, 0x0000000100000000)
  eden space 192512K, 100% used [0x00000000eab00000,0x00000000f6700000,0x00000000f6700000)
  from space 78336K, 72% used [0x00000000f6700000,0x00000000f9e4fb48,0x00000000fb380000)
  to   space 78336K, 0% used [0x00000000fb380000,0x00000000fb380000,0x0000000100000000)
 ParOldGen       total 236032K, used 150282K [0x00000000c0000000, 0x00000000ce680000, 0x00000000eab00000)
  object space 236032K, 63% used [0x00000000c0000000,0x00000000c92c2980,0x00000000ce680000)
 Metaspace       used 6965K, capacity 7608K, committed 7936K, reserved 1056768K
  class space    used 644K, capacity 688K, committed 768K, reserved 1048576K
Event: 17.051 GC heap after
Heap after GC invocations=17 (full 3):
 PSYoungGen      total 229888K, used 55707K [0x00000000eab00000, 0x0000000100000000, 0x0000000100000000)
  eden space 151552K, 0% used [0x00000000eab00000,0x00000000eab00000,0x00000000f3f00000)
  from space 78336K, 71% used [0x00000000fb380000,0x00000000fe9e6ed8,0x0000000100000000)
  to   space 98816K, 0% used [0x00000000f3f00000,0x00000000f3f00000,0x00000000f9f80000)
 ParOldGen       total 236032K, used 184384K [0x00000000c0000000, 0x00000000ce680000, 0x00000000eab00000)
  object space 236032K, 78% used [0x00000000c0000000,0x00000000cb4101b8,0x00000000ce680000)
 Metaspace       used 6965K, capacity 7608K, committed 7936K, reserved 1056768K
  class space    used 644K, capacity 688K, committed 768K, reserved 1048576K
}

Deoptimization events (10 events):
Event: 15.367 Thread 0x0000000057f4a800 Uncommon trap: reason=class_check action=maybe_recompile pc=0x0000000002c9dfe8 method=java.util.Arrays.hashCode([Ljava/lang/Object;)I @ 43
Event: 15.455 Thread 0x0000000057f4a800 Uncommon trap: reason=bimorphic action=maybe_recompile pc=0x0000000002aea488 method=java.util.HashMap.putVal(ILjava/lang/Object;Ljava/lang/Object;ZZ)Ljava/lang/Object; @ 203
Event: 15.455 Thread 0x0000000057f4a800 Uncommon trap: reason=bimorphic action=maybe_recompile pc=0x0000000002aea488 method=java.util.HashMap.putVal(ILjava/lang/Object;Ljava/lang/Object;ZZ)Ljava/lang/Object; @ 203
Event: 15.455 Thread 0x0000000057f4a800 Uncommon trap: reason=bimorphic action=maybe_recompile pc=0x0000000002aea488 method=java.util.HashMap.putVal(ILjava/lang/Object;Ljava/lang/Object;ZZ)Ljava/lang/Object; @ 203
Event: 16.304 Thread 0x0000000057f4a800 Uncommon trap: reason=class_check action=maybe_recompile pc=0x0000000002aec038 method=java.util.Arrays.equals([Ljava/lang/Object;[Ljava/lang/Object;)Z @ 62
Event: 16.304 Thread 0x0000000057f4a800 Uncommon trap: reason=class_check action=maybe_recompile pc=0x0000000002aec038 method=java.util.Arrays.equals([Ljava/lang/Object;[Ljava/lang/Object;)Z @ 62
Event: 16.304 Thread 0x0000000057f4a800 Uncommon trap: reason=class_check action=maybe_recompile pc=0x0000000002aec038 method=java.util.Arrays.equals([Ljava/lang/Object;[Ljava/lang/Object;)Z @ 62
Event: 16.304 Thread 0x0000000057f4a800 Uncommon trap: reason=class_check action=maybe_recompile pc=0x0000000002aec038 method=java.util.Arrays.equals([Ljava/lang/Object;[Ljava/lang/Object;)Z @ 62
Event: 16.304 Thread 0x0000000057f4a800 Uncommon trap: reason=unstable_if action=reinterpret pc=0x0000000002f86da8 method=java.util.TreeMap.put(Ljava/lang/Object;Ljava/lang/Object;)Ljava/lang/Object; @ 163
Event: 17.879 Thread 0x0000000057f4a800 Uncommon trap: reason=unstable_if action=reinterpret pc=0x0000000002adf23c method=java.lang.Long.numberOfTrailingZeros(J)I @ 3

Internal exceptions (8 events):
Event: 0.050 Thread 0x00000000003ce000 Exception <a 'java/lang/NoSuchMethodError': Method sun.misc.Unsafe.defineClass(Ljava/lang/String;[BII)Ljava/lang/Class; name or signature does not match> (0x00000000eab0d620) thrown at [C:\workspace\8-2-build-windows-amd64-cygwin\jdk8u65\4987\hotspot\src\s6ù‡2ˇ·©?
Event: 0.051 Thread 0x00000000003ce000 Exception <a 'java/lang/NoSuchMethodError': Method sun.misc.Unsafe.prefetchRead(Ljava/lang/Object;J)V name or signature does not match> (0x00000000eab0d908) thrown at [C:\workspace\8-2-build-windows-amd64-cygwin\jdk8u65\4987\hotspot\src\share\vm\prims\jni.ßR∆}wÒ?
Event: 1.092 Thread 0x000000005858a800 Implicit null exception at 0x0000000002af8b5a to 0x0000000002afa751
Event: 1.660 Thread 0x0000000057f4a800 Implicit null exception at 0x0000000002aed7ec to 0x0000000002aef9a1
Event: 3.113 Thread 0x0000000058262000 Exception <a 'java/lang/ArrayIndexOutOfBoundsException': 18> (0x00000000edfa7798) thrown at [C:\workspace\8-2-build-windows-amd64-cygwin\jdk8u65\4987\hotspot\src\share\vm\interpreter\interpreterRuntime.cpp, line 366]
Event: 3.114 Thread 0x0000000058262000 Exception <a 'java/lang/ArrayIndexOutOfBoundsException': 145> (0x00000000edfa9318) thrown at [C:\workspace\8-2-build-windows-amd64-cygwin\jdk8u65\4987\hotspot\src\share\vm\interpreter\interpreterRuntime.cpp, line 366]
Event: 3.114 Thread 0x0000000058262000 Exception <a 'java/lang/ArrayIndexOutOfBoundsException': 40> (0x00000000edfaa600) thrown at [C:\workspace\8-2-build-windows-amd64-cygwin\jdk8u65\4987\hotspot\src\share\vm\interpreter\interpreterRuntime.cpp, line 366]
Event: 6.755 Thread 0x00000000587f6800 Implicit null exception at 0x0000000002c003db to 0x0000000002c015a5

Events (10 events):
Event: 17.744 loading class com/android/dx/dex/file/DebugInfoEncoder$2 done
Event: 17.789 Thread 0x0000000057f4a800 DEOPT PACKING pc=0x00000000035041de sp=0x000000005970e970
Event: 17.789 Thread 0x0000000057f4a800 DEOPT UNPACKING pc=0x00000000028b71bf sp=0x000000005970e798 mode 0
Event: 17.863 loading class com/android/dex/EncodedValueCodec
Event: 17.863 loading class com/android/dex/EncodedValueCodec done
Event: 17.879 Thread 0x0000000057f4a800 Uncommon trap: trap_request=0xffffff65 fr.pc=0x0000000002adf23c
Event: 17.879 Thread 0x0000000057f4a800 DEOPT PACKING pc=0x0000000002adf23c sp=0x000000005970ea50
Event: 17.879 Thread 0x0000000057f4a800 DEOPT UNPACKING pc=0x00000000028b556a sp=0x000000005970e9e0 mode 2
Event: 17.943 loading class com/android/dx/dex/file/MapItem
Event: 17.943 loading class com/android/dx/dex/file/MapItem done


Dynamic libraries:
0x000000013fbc0000 - 0x000000013fbf7000 	C:\Program Files\Java\jdk1.8.0_65\bin\java.exe
0x0000000076e60000 - 0x000000007700a000 	C:\Windows\SYSTEM32\ntdll.dll
0x0000000076c40000 - 0x0000000076d5f000 	C:\Windows\system32\kernel32.dll
0x000007fefcc60000 - 0x000007fefcccb000 	C:\Windows\system32\KERNELBASE.dll
0x000007fefed10000 - 0x000007fefedeb000 	C:\Windows\system32\ADVAPI32.dll
0x000007feff0d0000 - 0x000007feff16f000 	C:\Windows\system32\msvcrt.dll
0x000007fefd4f0000 - 0x000007fefd50f000 	C:\Windows\SYSTEM32\sechost.dll
0x000007fefefa0000 - 0x000007feff0cd000 	C:\Windows\system32\RPCRT4.dll
0x0000000076d60000 - 0x0000000076e5a000 	C:\Windows\system32\USER32.dll
0x000007fefef20000 - 0x000007fefef87000 	C:\Windows\system32\GDI32.dll
0x000007fefef90000 - 0x000007fefef9e000 	C:\Windows\system32\LPK.dll
0x000007fefd210000 - 0x000007fefd2da000 	C:\Windows\system32\USP10.dll
0x000007fefb770000 - 0x000007fefb964000 	C:\Windows\WinSxS\amd64_microsoft.windows.common-controls_6595b64144ccf1df_6.0.7601.18837_none_fa3b1e3d17594757\COMCTL32.dll
0x000007fefd190000 - 0x000007fefd201000 	C:\Windows\system32\SHLWAPI.dll
0x000007fefeef0000 - 0x000007fefef1e000 	C:\Windows\system32\IMM32.DLL
0x000007fefcfa0000 - 0x000007fefd0a9000 	C:\Windows\system32\MSCTF.dll
0x0000000056480000 - 0x0000000056552000 	C:\Program Files\Java\jdk1.8.0_65\jre\bin\msvcr100.dll
0x0000000056af0000 - 0x0000000057379000 	C:\Program Files\Java\jdk1.8.0_65\jre\bin\server\jvm.dll
0x000007fef9600000 - 0x000007fef9609000 	C:\Windows\system32\WSOCK32.dll
0x000007fefee90000 - 0x000007fefeedd000 	C:\Windows\system32\WS2_32.dll
0x000007fefeee0000 - 0x000007fefeee8000 	C:\Windows\system32\NSI.dll
0x000007fefa8d0000 - 0x000007fefa90b000 	C:\Windows\system32\WINMM.dll
0x000007fefbda0000 - 0x000007fefbdac000 	C:\Windows\system32\VERSION.dll
0x0000000077020000 - 0x0000000077027000 	C:\Windows\system32\PSAPI.DLL
0x00000000670c0000 - 0x00000000670cf000 	C:\Program Files\Java\jdk1.8.0_65\jre\bin\verify.dll
0x00000000658a0000 - 0x00000000658c9000 	C:\Program Files\Java\jdk1.8.0_65\jre\bin\java.dll
0x0000000065880000 - 0x0000000065896000 	C:\Program Files\Java\jdk1.8.0_65\jre\bin\zip.dll
0x000007fefdbf0000 - 0x000007fefe97a000 	C:\Windows\system32\SHELL32.dll
0x000007fefd2e0000 - 0x000007fefd4e3000 	C:\Windows\system32\ole32.dll
0x000007fefcbe0000 - 0x000007fefcbef000 	C:\Windows\system32\profapi.dll
0x000007fee6640000 - 0x000007fee6765000 	C:\Windows\system32\dbghelp.dll

VM Arguments:
jvm_args: -Djava.awt.headless=true -Xmx1024M -Dfile.encoding=windows-1252 -Duser.country=US -Duser.language=en -Duser.variant 
java_command: com.android.dx.command.Main --dex --num-threads=4 --multi-dex --main-dex-list C:\Users\Alvin\Documents\Programming\Git Repo\WWUICTD\smoking_cessation\android_project\app\build\intermediates\multi-dex\debug\maindexlist.txt --output C:\Users\Alvin\Documents\Programming\Git Repo\WWUICTD\smoking_cessation\android_project\app\build\intermediates\transforms\dex\debug\folders\1000\1f\main C:\Users\Alvin\Documents\Programming\Git Repo\WWUICTD\smoking_cessation\android_project\app\build\intermediates\transforms\jarMerging\debug\jars\1\1f\combined.jar
java_class_path (initial): C:\Users\Alvin\AppData\Local\Android\sdk\build-tools\23.0.2\lib\dx.jar
Launcher Type: SUN_STANDARD

Environment Variables:
PATH=C:\ProgramData\Oracle\Java\javapath;C:\Program Files (x86)\NVIDIA Corporation\PhysX\Common;C:\Windows\system32;C:\Windows;C:\Windows\System32\Wbem;C:\Windows\System32\WindowsPowerShell\v1.0\;C:\Program Files (x86)\MySQL\MySQL Fabric 1.5 & MySQL Utilities 1.5\;C:\Program Files (x86)\MySQL\MySQL Fabric 1.5 & MySQL Utilities 1.5\Doctrine extensions for PHP\;C:\Program Files (x86)\AMD\ATI.ACE\Core-Static
USERNAME=Alvin
OS=Windows_NT
PROCESSOR_IDENTIFIER=Intel64 Family 6 Model 15 Stepping 11, GenuineIntel



---------------  S Y S T E M  ---------------

OS: Windows 7 , 64 bit Build 7601 (6.1.7601.19160)

CPU:total 4 (4 cores per cpu, 1 threads per core) family 6 model 15 stepping 11, cmov, cx8, fxsr, mmx, sse, sse2, sse3, ssse3, tsc

Memory: 4k page, physical 4192804k(181396k free), swap 8383772k(2183248k free)

vm_info: Java HotSpot(TM) 64-Bit Server VM (25.65-b01) for windows-amd64 JRE (1.8.0_65-b17), built on Oct  6 2015 16:39:20 by "java_re" with MS VC++ 10.0 (VS2010)

time: Thu Mar 17 01:59:59 2016
elapsed time: 18 seconds (0d 0h 0m 18s)

