#
# A fatal error has been detected by the Java Runtime Environment:
#
#  EXCEPTION_ACCESS_VIOLATION (0xc0000005) at pc=0xffffffffa36f5120, pid=5260, tid=3668
#
# JRE version: Java(TM) SE Runtime Environment (8.0_65-b17) (build 1.8.0_65-b17)
# Java VM: Java HotSpot(TM) 64-Bit Server VM (25.65-b01 mixed mode windows-amd64 compressed oops)
# Problematic frame:
# C  0xffffffffa36f5120
#
# Failed to write core dump. Minidumps are not enabled by default on client versions of Windows
#
# If you would like to submit a bug report, please visit:
#   http://bugreport.java.com/bugreport/crash.jsp
#

---------------  T H R E A D  ---------------

Current thread (0x000000005690a800):  JavaThread "pool-1-thread-1" [_thread_in_Java, id=3668, stack(0x0000000058930000,0x0000000058a30000)]

siginfo: ExceptionCode=0xc0000005, ExceptionInformation=0x0000000000000008 0xffffffffa36f5120

Registers:
RAX=0x0000000014776d68, RBX=0x0000000054b970a8, RCX=0x0000000081000001, RDX=0x00000000c495c888
RSP=0x0000000058a2ecc8, RBP=0x0000000058a2eff8, RSI=0x00000000c495b358, RDI=0x0000000014776d68
R8 =0x00000000c495c888, R9 =0x00000000c495b358, R10=0x0000000014764c48, R11=0x0000000000000238
R12=0x0000000000000000, R13=0x000000000292a944, R14=0x0000000058a2ecc8, R15=0x000000005690a800
RIP=0xffffffffa36f5120, EFLAGS=0x0000000000010246

Top of Stack: (sp=0x0000000058a2ecc8)
0x0000000058a2ecc8:   000000000292a924 ffffffffffffffff
0x0000000058a2ecd8:   0000000054b23870 0000000054b249d0
0x0000000058a2ece8:   0000000054d8df20 0000000054b23870
0x0000000058a2ecf8:   0000000000000000 0000000058a2ed30
0x0000000058a2ed08:   00000000c495b358 00000000c00b2998
0x0000000058a2ed18:   00000000c34e8698 0000000058a2eff8
0x0000000058a2ed28:   0000000002edf1e4 000000005690a800
0x0000000058a2ed38:   0000000058a2ecc8 0000000058a2edc8
0x0000000058a2ed48:   0000000000000000 0000000058844710
0x0000000058a2ed58:   00000000147737c8 00000000c047aae0
0x0000000058a2ed68:   0000000000000001 0000000058a2ed70
0x0000000058a2ed78:   00000000549ac618 0000000058a2edc8
0x0000000058a2ed88:   00005a04000008ad 00000000f14fa700
0x0000000058a2ed98:   00000000c0024ee8 00000000000008ab
0x0000000058a2eda8:   0000000000000f33 0000000058a2eff8
0x0000000058a2edb8:   0000000002c7a72c 0000000058a2eff8 

Instructions: (pc=0xffffffffa36f5120)
0xffffffffa36f5100:   
[error occurred during error reporting (printing registers, top of stack, instructions near pc), id 0xc0000005]

Register to memory mapping:

RAX=0x0000000014776d68 is pointing into metadata
RBX={method} {0x0000000054b970b0} 'itemType' '()Lcom/android/dx/dex/file/ItemType;' in 'com/android/dx/dex/file/CodeItem'
RCX=0x0000000081000001 is an unknown value
RDX=0x00000000c495c888 is an oop
com.android.dx.dex.file.CodeItem 
 - klass: 'com/android/dx/dex/file/CodeItem'
RSP=0x0000000058a2ecc8 is pointing into the stack for thread: 0x000000005690a800
RBP=0x0000000058a2eff8 is pointing into the stack for thread: 0x000000005690a800
RSI=0x00000000c495b358 is an oop
com.android.dx.dex.file.CodeItem 
 - klass: 'com/android/dx/dex/file/CodeItem'
RDI=0x0000000014776d68 is pointing into metadata
R8 =0x00000000c495c888 is an oop
com.android.dx.dex.file.CodeItem 
 - klass: 'com/android/dx/dex/file/CodeItem'
R9 =0x00000000c495b358 is an oop
com.android.dx.dex.file.CodeItem 
 - klass: 'com/android/dx/dex/file/CodeItem'
R10=0x0000000014764c48 is pointing into metadata
R11=0x0000000000000238 is an unknown value
R12=0x0000000000000000 is an unknown value
R13=0x000000000292a944 is at entry_point+228 in (nmethod*)0x000000000292a6d0
R14=0x0000000058a2ecc8 is pointing into the stack for thread: 0x000000005690a800
R15=0x000000005690a800 is a thread


Stack: [0x0000000058930000,0x0000000058a30000],  sp=0x0000000058a2ecc8,  free space=1019k
Native frames: (J=compiled Java code, j=interpreted, Vv=VM code, C=native code)
C  0xffffffffa36f5120


---------------  P R O C E S S  ---------------

Java Threads: ( => current thread )
=>0x000000005690a800 JavaThread "pool-1-thread-1" [_thread_in_Java, id=3668, stack(0x0000000058930000,0x0000000058a30000)]
  0x00000000550ff800 JavaThread "Service Thread" daemon [_thread_blocked, id=1856, stack(0x0000000056c40000,0x0000000056d40000)]
  0x000000005652b000 JavaThread "C1 CompilerThread2" daemon [_thread_blocked, id=3432, stack(0x0000000056e90000,0x0000000056f90000)]
  0x0000000056529800 JavaThread "C2 CompilerThread1" daemon [_thread_in_native, id=116, stack(0x0000000056d70000,0x0000000056e70000)]
  0x00000000550f5000 JavaThread "C2 CompilerThread0" daemon [_thread_in_native, id=5520, stack(0x0000000056950000,0x0000000056a50000)]
  0x00000000550f4000 JavaThread "Attach Listener" daemon [_thread_blocked, id=4784, stack(0x0000000056300000,0x0000000056400000)]
  0x00000000550f2800 JavaThread "Signal Dispatcher" daemon [_thread_blocked, id=2736, stack(0x0000000056a90000,0x0000000056b90000)]
  0x000000005509a800 JavaThread "Finalizer" daemon [_thread_blocked, id=2088, stack(0x0000000056420000,0x0000000056520000)]
  0x0000000055093800 JavaThread "Reference Handler" daemon [_thread_blocked, id=5040, stack(0x0000000056020000,0x0000000056120000)]
  0x000000000225e000 JavaThread "main" [_thread_blocked, id=5516, stack(0x0000000002270000,0x0000000002370000)]

Other Threads:
  0x000000005508e000 VMThread [stack: 0x00000000561b0000,0x00000000562b0000] [id=6020]
  0x00000000565bc000 WatcherThread [stack: 0x0000000057010000,0x0000000057110000] [id=4336]

VM state:not at safepoint (normal execution)

VM Mutex/Monitor currently owned by a thread: None

Heap:
 PSYoungGen      total 291328K, used 187739K [0x00000000eab00000, 0x0000000100000000, 0x0000000100000000)
  eden space 233472K, 55% used [0x00000000eab00000,0x00000000f29db890,0x00000000f8f00000)
  from space 57856K, 99% used [0x00000000f8f00000,0x00000000fc77b540,0x00000000fc780000)
  to   space 57856K, 0% used [0x00000000fc780000,0x00000000fc780000,0x0000000100000000)
 ParOldGen       total 227840K, used 155275K [0x00000000c0000000, 0x00000000cde80000, 0x00000000eab00000)
  object space 227840K, 68% used [0x00000000c0000000,0x00000000c97a2fc0,0x00000000cde80000)
 Metaspace       used 6776K, capacity 7384K, committed 7680K, reserved 1056768K
  class space    used 633K, capacity 656K, committed 768K, reserved 1048576K

Card table byte_map: [0x0000000011ab0000,0x0000000011cc0000] byte_map_base: 0x00000000114b0000

Marking Bits: (ParMarkBitMap*) 0x000000006334a5b0
 Begin Bits: [0x0000000012500000, 0x0000000013500000)
 End Bits:   [0x0000000013500000, 0x0000000014500000)

Polling page: 0x0000000001b60000

CodeCache: size=245760Kb used=8886Kb max_used=11382Kb free=236873Kb
 bounds [0x00000000026f0000, 0x0000000003220000, 0x00000000116f0000]
 total_blobs=2429 nmethods=2161 adapters=182
 compilation: enabled

Compilation events (10 events):
Event: 16.176 Thread 0x000000005652b000 2812       3       com.android.dx.dex.file.MixedItemSection::prepare0 (57 bytes)
Event: 16.177 Thread 0x000000005652b000 nmethod 2812 0x0000000002a36590 code [0x0000000002a36780, 0x0000000002a36f68]
Event: 16.189 Thread 0x000000005652b000 2813       2       com.android.dx.dex.file.MixedItemSection$1::compare (13 bytes)
Event: 16.189 Thread 0x000000005652b000 nmethod 2813 0x000000000292a6d0 code [0x000000000292a860, 0x000000000292aaa8]
Event: 16.189 Thread 0x000000005652b000 2814       2       com.android.dx.dex.file.MixedItemSection$1::compare (18 bytes)
Event: 16.189 Thread 0x000000005652b000 nmethod 2814 0x0000000002a4c090 code [0x0000000002a4c200, 0x0000000002a4c3c8]
Event: 16.190 Thread 0x000000005652b000 2815       2       com.android.dx.dex.file.CodeItem::itemType (4 bytes)
Event: 16.190 Thread 0x000000005652b000 nmethod 2815 0x0000000002b08990 code [0x0000000002b08ae0, 0x0000000002b08c30]
Event: 16.190 Thread 0x000000005652b000 2816       1       com.android.dx.dex.file.CodeItem::itemType (4 bytes)
Event: 16.190 Thread 0x000000005652b000 nmethod 2816 0x0000000002b19050 code [0x0000000002b191a0, 0x0000000002b192b0]

GC Heap History (10 events):
Event: 8.520 GC heap before
{Heap before GC invocations=14 (full 2):
 PSYoungGen      total 223232K, used 191515K [0x00000000eab00000, 0x00000000feb00000, 0x0000000100000000)
  eden space 186880K, 100% used [0x00000000eab00000,0x00000000f6180000,0x00000000f6180000)
  from space 36352K, 12% used [0x00000000f6180000,0x00000000f6606f00,0x00000000f8500000)
  to   space 37888K, 0% used [0x00000000fc600000,0x00000000fc600000,0x00000000feb00000)
 ParOldGen       total 132608K, used 78592K [0x00000000c0000000, 0x00000000c8180000, 0x00000000eab00000)
  object space 132608K, 59% used [0x00000000c0000000,0x00000000c4cc0180,0x00000000c8180000)
 Metaspace       used 6607K, capacity 7320K, committed 7680K, reserved 1056768K
  class space    used 625K, capacity 656K, committed 768K, reserved 1048576K
Event: 8.668 GC heap after
Heap after GC invocations=14 (full 2):
 PSYoungGen      total 257024K, used 28512K [0x00000000eab00000, 0x00000000fe200000, 0x0000000100000000)
  eden space 228352K, 0% used [0x00000000eab00000,0x00000000eab00000,0x00000000f8a00000)
  from space 28672K, 99% used [0x00000000fc600000,0x00000000fe1d8000,0x00000000fe200000)
  to   space 40960K, 0% used [0x00000000f9200000,0x00000000f9200000,0x00000000fba00000)
 ParOldGen       total 132608K, used 82567K [0x00000000c0000000, 0x00000000c8180000, 0x00000000eab00000)
  object space 132608K, 62% used [0x00000000c0000000,0x00000000c50a1ce0,0x00000000c8180000)
 Metaspace       used 6607K, capacity 7320K, committed 7680K, reserved 1056768K
  class space    used 625K, capacity 656K, committed 768K, reserved 1048576K
}
Event: 9.924 GC heap before
{Heap before GC invocations=15 (full 2):
 PSYoungGen      total 257024K, used 256864K [0x00000000eab00000, 0x00000000fe200000, 0x0000000100000000)
  eden space 228352K, 100% used [0x00000000eab00000,0x00000000f8a00000,0x00000000f8a00000)
  from space 28672K, 99% used [0x00000000fc600000,0x00000000fe1d8000,0x00000000fe200000)
  to   space 40960K, 0% used [0x00000000f9200000,0x00000000f9200000,0x00000000fba00000)
 ParOldGen       total 132608K, used 82567K [0x00000000c0000000, 0x00000000c8180000, 0x00000000eab00000)
  object space 132608K, 62% used [0x00000000c0000000,0x00000000c50a1ce0,0x00000000c8180000)
 Metaspace       used 6617K, capacity 7320K, committed 7680K, reserved 1056768K
  class space    used 625K, capacity 656K, committed 768K, reserved 1048576K
Event: 10.143 GC heap after
Heap after GC invocations=15 (full 2):
 PSYoungGen      total 277504K, used 40930K [0x00000000eab00000, 0x0000000100000000, 0x0000000100000000)
  eden space 236544K, 0% used [0x00000000eab00000,0x00000000eab00000,0x00000000f9200000)
  from space 40960K, 99% used [0x00000000f9200000,0x00000000fb9f8868,0x00000000fba00000)
  to   space 55808K, 0% used [0x00000000fc980000,0x00000000fc980000,0x0000000100000000)
 ParOldGen       total 132608K, used 103557K [0x00000000c0000000, 0x00000000c8180000, 0x00000000eab00000)
  object space 132608K, 78% used [0x00000000c0000000,0x00000000c65217a0,0x00000000c8180000)
 Metaspace       used 6617K, capacity 7320K, committed 7680K, reserved 1056768K
  class space    used 625K, capacity 656K, committed 768K, reserved 1048576K
}
Event: 11.273 GC heap before
{Heap before GC invocations=16 (full 2):
 PSYoungGen      total 277504K, used 277474K [0x00000000eab00000, 0x0000000100000000, 0x0000000100000000)
  eden space 236544K, 100% used [0x00000000eab00000,0x00000000f9200000,0x00000000f9200000)
  from space 40960K, 99% used [0x00000000f9200000,0x00000000fb9f8868,0x00000000fba00000)
  to   space 55808K, 0% used [0x00000000fc980000,0x00000000fc980000,0x0000000100000000)
 ParOldGen       total 132608K, used 103557K [0x00000000c0000000, 0x00000000c8180000, 0x00000000eab00000)
  object space 132608K, 78% used [0x00000000c0000000,0x00000000c65217a0,0x00000000c8180000)
 Metaspace       used 6623K, capacity 7320K, committed 7680K, reserved 1056768K
  class space    used 625K, capacity 656K, committed 768K, reserved 1048576K
Event: 11.568 GC heap after
Heap after GC invocations=16 (full 2):
 PSYoungGen      total 289280K, used 34686K [0x00000000eab00000, 0x0000000100000000, 0x0000000100000000)
  eden space 233472K, 0% used [0x00000000eab00000,0x00000000eab00000,0x00000000f8f00000)
  from space 55808K, 62% used [0x00000000fc980000,0x00000000feb5fa20,0x0000000100000000)
  to   space 57856K, 0% used [0x00000000f8f00000,0x00000000f8f00000,0x00000000fc780000)
 ParOldGen       total 144896K, used 144387K [0x00000000c0000000, 0x00000000c8d80000, 0x00000000eab00000)
  object space 144896K, 99% used [0x00000000c0000000,0x00000000c8d00eb0,0x00000000c8d80000)
 Metaspace       used 6623K, capacity 7320K, committed 7680K, reserved 1056768K
  class space    used 625K, capacity 656K, committed 768K, reserved 1048576K
}
Event: 11.568 GC heap before
{Heap before GC invocations=17 (full 3):
 PSYoungGen      total 289280K, used 34686K [0x00000000eab00000, 0x0000000100000000, 0x0000000100000000)
  eden space 233472K, 0% used [0x00000000eab00000,0x00000000eab00000,0x00000000f8f00000)
  from space 55808K, 62% used [0x00000000fc980000,0x00000000feb5fa20,0x0000000100000000)
  to   space 57856K, 0% used [0x00000000f8f00000,0x00000000f8f00000,0x00000000fc780000)
 ParOldGen       total 144896K, used 144387K [0x00000000c0000000, 0x00000000c8d80000, 0x00000000eab00000)
  object space 144896K, 99% used [0x00000000c0000000,0x00000000c8d00eb0,0x00000000c8d80000)
 Metaspace       used 6623K, capacity 7320K, committed 7680K, reserved 1056768K
  class space    used 625K, capacity 656K, committed 768K, reserved 1048576K
Event: 13.192 GC heap after
Heap after GC invocations=17 (full 3):
 PSYoungGen      total 289280K, used 30897K [0x00000000eab00000, 0x0000000100000000, 0x0000000100000000)
  eden space 233472K, 0% used [0x00000000eab00000,0x00000000eab00000,0x00000000f8f00000)
  from space 55808K, 55% used [0x00000000fc980000,0x00000000fe7ac558,0x0000000100000000)
  to   space 57856K, 0% used [0x00000000f8f00000,0x00000000f8f00000,0x00000000fc780000)
 ParOldGen       total 227840K, used 144741K [0x00000000c0000000, 0x00000000cde80000, 0x00000000eab00000)
  object space 227840K, 63% used [0x00000000c0000000,0x00000000c8d595f8,0x00000000cde80000)
 Metaspace       used 6623K, capacity 7320K, committed 7680K, reserved 1056768K
  class space    used 625K, capacity 656K, committed 768K, reserved 1048576K
}
Event: 14.605 GC heap before
{Heap before GC invocations=18 (full 3):
 PSYoungGen      total 289280K, used 264369K [0x00000000eab00000, 0x0000000100000000, 0x0000000100000000)
  eden space 233472K, 100% used [0x00000000eab00000,0x00000000f8f00000,0x00000000f8f00000)
  from space 55808K, 55% used [0x00000000fc980000,0x00000000fe7ac558,0x0000000100000000)
  to   space 57856K, 0% used [0x00000000f8f00000,0x00000000f8f00000,0x00000000fc780000)
 ParOldGen       total 227840K, used 144741K [0x00000000c0000000, 0x00000000cde80000, 0x00000000eab00000)
  object space 227840K, 63% used [0x00000000c0000000,0x00000000c8d595f8,0x00000000cde80000)
 Metaspace       used 6642K, capacity 7320K, committed 7680K, reserved 1056768K
  class space    used 625K, capacity 656K, committed 768K, reserved 1048576K
Event: 14.833 GC heap after
Heap after GC invocations=18 (full 3):
 PSYoungGen      total 291328K, used 57837K [0x00000000eab00000, 0x0000000100000000, 0x0000000100000000)
  eden space 233472K, 0% used [0x00000000eab00000,0x00000000eab00000,0x00000000f8f00000)
  from space 57856K, 99% used [0x00000000f8f00000,0x00000000fc77b540,0x00000000fc780000)
  to   space 57856K, 0% used [0x00000000fc780000,0x00000000fc780000,0x0000000100000000)
 ParOldGen       total 227840K, used 155275K [0x00000000c0000000, 0x00000000cde80000, 0x00000000eab00000)
  object space 227840K, 68% used [0x00000000c0000000,0x00000000c97a2fc0,0x00000000cde80000)
 Metaspace       used 6642K, capacity 7320K, committed 7680K, reserved 1056768K
  class space    used 625K, capacity 656K, committed 768K, reserved 1048576K
}

Deoptimization events (10 events):
Event: 11.237 Thread 0x00000000576b2000 Uncommon trap: reason=unstable_if action=reinterpret pc=0x0000000002a1d1cc method=com.android.dx.rop.code.RegisterSpec.equals(ILcom/android/dx/rop/type/TypeBearer;Lcom/android/dx/rop/code/LocalItem;)Z @ 42
Event: 13.259 Thread 0x000000005690a800 Uncommon trap: reason=unstable_if action=reinterpret pc=0x0000000003150a94 method=com.android.dx.ssa.SsaBasicBlock.scheduleMovesFromPhis()V @ 63
Event: 13.355 Thread 0x00000000576b0800 Uncommon trap: reason=bimorphic action=maybe_recompile pc=0x00000000031154e4 method=com.android.dx.cf.code.BytecodeArray.parseInstruction(ILcom/android/dx/cf/code/BytecodeArray$Visitor;)I @ 2554
Event: 13.356 Thread 0x00000000576b0800 Uncommon trap: reason=bimorphic action=maybe_recompile pc=0x00000000031154e4 method=com.android.dx.cf.code.BytecodeArray.parseInstruction(ILcom/android/dx/cf/code/BytecodeArray$Visitor;)I @ 2554
Event: 15.277 Thread 0x000000005690d800 Uncommon trap: reason=unstable_if action=reinterpret pc=0x0000000002e813e8 method=java.util.HashMap.putVal(ILjava/lang/Object;Ljava/lang/Object;ZZ)Ljava/lang/Object; @ 109
Event: 15.375 Thread 0x000000005690a800 Uncommon trap: reason=class_check action=maybe_recompile pc=0x0000000002c1febc method=java.util.Arrays.hashCode([Ljava/lang/Object;)I @ 43
Event: 15.375 Thread 0x000000005690a800 Uncommon trap: reason=class_check action=maybe_recompile pc=0x0000000002c1febc method=java.util.Arrays.hashCode([Ljava/lang/Object;)I @ 43
Event: 15.375 Thread 0x000000005690a800 Uncommon trap: reason=class_check action=maybe_recompile pc=0x0000000002c1febc method=java.util.Arrays.hashCode([Ljava/lang/Object;)I @ 43
Event: 15.375 Thread 0x000000005690a800 Uncommon trap: reason=class_check action=maybe_recompile pc=0x0000000002c1febc method=java.util.Arrays.hashCode([Ljava/lang/Object;)I @ 43
Event: 15.375 Thread 0x000000005690a800 Uncommon trap: reason=class_check action=maybe_recompile pc=0x0000000002a615a8 method=java.util.Arrays.hashCode([Ljava/lang/Object;)I @ 43

Internal exceptions (9 events):
Event: 0.036 Thread 0x000000000225e000 Exception <a 'java/lang/NoSuchMethodError': Method sun.misc.Unsafe.defineClass(Ljava/lang/String;[BII)Ljava/lang/Class; name or signature does not match> (0x00000000eab0d620) thrown at [C:\workspace\8-2-build-windows-amd64-cygwin\jdk8u65\4987\hotspot\src\s~YÖg¢?
Event: 0.036 Thread 0x000000000225e000 Exception <a 'java/lang/NoSuchMethodError': Method sun.misc.Unsafe.prefetchRead(Ljava/lang/Object;J)V name or signature does not match> (0x00000000eab0d908) thrown at [C:\workspace\8-2-build-windows-amd64-cygwin\jdk8u65\4987\hotspot\src\share\vm\prims\jni.m»Œknö?
Event: 1.378 Thread 0x00000000576b0800 Implicit null exception at 0x0000000002a0e892 to 0x0000000002a0e931
Event: 1.517 Thread 0x00000000576b0800 Implicit null exception at 0x0000000002a20285 to 0x0000000002a21dd5
Event: 1.727 Thread 0x00000000576b2000 Implicit null exception at 0x0000000002a1238a to 0x0000000002a13dc1
Event: 3.244 Thread 0x000000000225e000 Exception <a 'java/lang/ArrayIndexOutOfBoundsException': 18> (0x00000000ebea9318) thrown at [C:\workspace\8-2-build-windows-amd64-cygwin\jdk8u65\4987\hotspot\src\share\vm\interpreter\interpreterRuntime.cpp, line 366]
Event: 3.245 Thread 0x000000000225e000 Exception <a 'java/lang/ArrayIndexOutOfBoundsException'> (0x00000000ebeaae98) thrown at [C:\workspace\8-2-build-windows-amd64-cygwin\jdk8u65\4987\hotspot\src\share\vm\runtime\sharedRuntime.cpp, line 605]
Event: 3.262 Thread 0x000000000225e000 Exception <a 'java/lang/ArrayIndexOutOfBoundsException'> (0x00000000ebeac180) thrown at [C:\workspace\8-2-build-windows-amd64-cygwin\jdk8u65\4987\hotspot\src\share\vm\runtime\sharedRuntime.cpp, line 605]
Event: 7.836 Thread 0x000000005690a800 Implicit null exception at 0x0000000002e29afb to 0x0000000002e2b631

Events (10 events):
Event: 15.976 Thread 0x000000005652b000 flushing nmethod 0x000000000304af90
Event: 15.976 Thread 0x000000005652b000 flushing nmethod 0x000000000307f6d0
Event: 16.130 Thread 0x000000005690a800 DEOPT PACKING pc=0x00000000031c6f55 sp=0x0000000058a2ed70
Event: 16.130 Thread 0x000000005690a800 DEOPT UNPACKING pc=0x00000000027371bf sp=0x0000000058a2eaa0 mode 0
Event: 16.160 loading class com/android/dex/Leb128
Event: 16.160 loading class com/android/dex/Leb128 done
Event: 16.177 loading class java/util/Collections$1
Event: 16.187 loading class java/util/Collections$1 done
Event: 16.188 loading class com/android/dx/dex/file/MixedItemSection$2
Event: 16.188 loading class com/android/dx/dex/file/MixedItemSection$2 done


Dynamic libraries:
0x000000013f770000 - 0x000000013f7a7000 	C:\Program Files\Java\jdk1.8.0_65\bin\java.exe
0x0000000077830000 - 0x00000000779da000 	C:\Windows\SYSTEM32\ntdll.dll
0x0000000077710000 - 0x000000007782f000 	C:\Windows\system32\kernel32.dll
0x000007fefd770000 - 0x000007fefd7db000 	C:\Windows\system32\KERNELBASE.dll
0x000007fefe000000 - 0x000007fefe0db000 	C:\Windows\system32\ADVAPI32.dll
0x000007fefda60000 - 0x000007fefdaff000 	C:\Windows\system32\msvcrt.dll
0x000007feff750000 - 0x000007feff76f000 	C:\Windows\SYSTEM32\sechost.dll
0x000007fefdb00000 - 0x000007fefdc2d000 	C:\Windows\system32\RPCRT4.dll
0x0000000077610000 - 0x000000007770a000 	C:\Windows\system32\USER32.dll
0x000007fefd970000 - 0x000007fefd9d7000 	C:\Windows\system32\GDI32.dll
0x000007feff770000 - 0x000007feff77e000 	C:\Windows\system32\LPK.dll
0x000007fefdc30000 - 0x000007fefdcfa000 	C:\Windows\system32\USP10.dll
0x000007fefc140000 - 0x000007fefc334000 	C:\Windows\WinSxS\amd64_microsoft.windows.common-controls_6595b64144ccf1df_6.0.7601.18837_none_fa3b1e3d17594757\COMCTL32.dll
0x000007feff780000 - 0x000007feff7f1000 	C:\Windows\system32\SHLWAPI.dll
0x000007fefdd00000 - 0x000007fefdd2e000 	C:\Windows\system32\IMM32.DLL
0x000007feff140000 - 0x000007feff249000 	C:\Windows\system32\MSCTF.dll
0x0000000064990000 - 0x0000000064a62000 	C:\Program Files\Java\jdk1.8.0_65\jre\bin\msvcr100.dll
0x0000000062b40000 - 0x00000000633c9000 	C:\Program Files\Java\jdk1.8.0_65\jre\bin\server\jvm.dll
0x000007fef9fd0000 - 0x000007fef9fd9000 	C:\Windows\system32\WSOCK32.dll
0x000007feff0f0000 - 0x000007feff13d000 	C:\Windows\system32\WS2_32.dll
0x000007feff800000 - 0x000007feff808000 	C:\Windows\system32\NSI.dll
0x000007fefb9b0000 - 0x000007fefb9eb000 	C:\Windows\system32\WINMM.dll
0x000007fefc770000 - 0x000007fefc77c000 	C:\Windows\system32\VERSION.dll
0x00000000779f0000 - 0x00000000779f7000 	C:\Windows\system32\PSAPI.DLL
0x0000000071940000 - 0x000000007194f000 	C:\Program Files\Java\jdk1.8.0_65\jre\bin\verify.dll
0x000000006fab0000 - 0x000000006fad9000 	C:\Program Files\Java\jdk1.8.0_65\jre\bin\java.dll
0x000000006faf0000 - 0x000000006fb06000 	C:\Program Files\Java\jdk1.8.0_65\jre\bin\zip.dll
0x000007fefe360000 - 0x000007feff0ea000 	C:\Windows\system32\SHELL32.dll
0x000007feff250000 - 0x000007feff453000 	C:\Windows\system32\ole32.dll
0x000007fefd5b0000 - 0x000007fefd5bf000 	C:\Windows\system32\profapi.dll
0x000007fee1d60000 - 0x000007fee1e85000 	C:\Windows\system32\dbghelp.dll

VM Arguments:
jvm_args: -Djava.awt.headless=true -Xmx1024M -Dfile.encoding=windows-1252 -Duser.country=US -Duser.language=en -Duser.variant 
java_command: com.android.dx.command.Main --dex --num-threads=4 --multi-dex --main-dex-list C:\Users\Alvin\Documents\Programming\Git Repo\WWUICTD\smoking_cessation\android_project\app\build\intermediates\multi-dex\debug\maindexlist.txt --output C:\Users\Alvin\Documents\Programming\Git Repo\WWUICTD\smoking_cessation\android_project\app\build\intermediates\transforms\dex\debug\folders\1000\1f\main C:\Users\Alvin\Documents\Programming\Git Repo\WWUICTD\smoking_cessation\android_project\app\build\intermediates\transforms\jarMerging\debug\jars\1\1f\combined.jar
java_class_path (initial): C:\Users\Alvin\AppData\Local\Android\sdk\build-tools\23.0.2\lib\dx.jar
Launcher Type: SUN_STANDARD

Environment Variables:
PATH=C:\ProgramData\Oracle\Java\javapath;C:\Program Files (x86)\NVIDIA Corporation\PhysX\Common;C:\Windows\system32;C:\Windows;C:\Windows\System32\Wbem;C:\Windows\System32\WindowsPowerShell\v1.0\;C:\Program Files (x86)\MySQL\MySQL Fabric 1.5 & MySQL Utilities 1.5\;C:\Program Files (x86)\MySQL\MySQL Fabric 1.5 & MySQL Utilities 1.5\Doctrine extensions for PHP\;C:\Program Files (x86)\AMD\ATI.ACE\Core-Static
USERNAME=Alvin
OS=Windows_NT
PROCESSOR_IDENTIFIER=Intel64 Family 6 Model 15 Stepping 11, GenuineIntel



---------------  S Y S T E M  ---------------

OS: Windows 7 , 64 bit Build 7601 (6.1.7601.19135)

CPU:total 4 (4 cores per cpu, 1 threads per core) family 6 model 15 stepping 11, cmov, cx8, fxsr, mmx, sse, sse2, sse3, ssse3, tsc

Memory: 4k page, physical 4192804k(398128k free), swap 8383772k(2240632k free)

vm_info: Java HotSpot(TM) 64-Bit Server VM (25.65-b01) for windows-amd64 JRE (1.8.0_65-b17), built on Oct  6 2015 16:39:20 by "java_re" with MS VC++ 10.0 (VS2010)

time: Tue Mar 08 22:29:37 2016
elapsed time: 16 seconds (0d 0h 0m 16s)

