#
# A fatal error has been detected by the Java Runtime Environment:
#
#  EXCEPTION_ACCESS_VIOLATION (0xc0000005) at pc=0xffffffffa37c5120, pid=5504, tid=1928
#
# JRE version: Java(TM) SE Runtime Environment (8.0_65-b17) (build 1.8.0_65-b17)
# Java VM: Java HotSpot(TM) 64-Bit Server VM (25.65-b01 mixed mode windows-amd64 compressed oops)
# Problematic frame:
# C  0xffffffffa37c5120
#
# Failed to write core dump. Minidumps are not enabled by default on client versions of Windows
#
# If you would like to submit a bug report, please visit:
#   http://bugreport.java.com/bugreport/crash.jsp
#

---------------  T H R E A D  ---------------

Current thread (0x0000000058501800):  JavaThread "pool-1-thread-1" [_thread_in_Java, id=1928, stack(0x0000000059690000,0x0000000059790000)]

siginfo: ExceptionCode=0xc0000005, ExceptionInformation=0x0000000000000008 0xffffffffa37c5120

Registers:
RAX=0x000000008af47059, RBX=0x00000000c24b5ae0, RCX=0x0000000000000001, RDX=0x00000000f22ee890
RSP=0x000000005978ee78, RBP=0x000000005978f158, RSI=0x0000000000000000, RDI=0x00000000c0000168
R8 =0x000000008af4faad, R9 =0x00000000f91e3368, R10=0x000000001459e5e8, R11=0x000000000000001b
R12=0x0000000000000000, R13=0x0000000000000128, R14=0x000000000008e3f4, R15=0x0000000058501800
RIP=0xffffffffa37c5120, EFLAGS=0x0000000000010202

Top of Stack: (sp=0x000000005978ee78)
0x000000005978ee78:   000000000328d80c 00000000c0066a70
0x000000005978ee88:   000000000008e3ed 000000005978f158
0x000000005978ee98:   0000000003291cf4 00000000f91d2d20
0x000000005978eea8:   00000000f91e5230 0000000054b14c50
0x000000005978eeb8:   00000000f91e5230 000000005978f158
0x000000005978eec8:   0000000002c6b8cc 000000005978ef00
0x000000005978eed8:   00000000f91e3368 00000000c0000168
0x000000005978eee8:   00000000f22ee890 00000000000214c8
0x000000005978eef8:   00000000f22edfa0 000000005978f158
0x000000005978ef08:   00000000032946cc 00000000c05eec18
0x000000005978ef18:   00000000f91d2d20 00000000f22ee838
0x000000005978ef28:   0000000000000000 00000000f22ee890
0x000000005978ef38:   00000000c0459448 00000000c05eec18
0x000000005978ef48:   0000000058501800 00000000f92149f8
0x000000005978ef58:   00000000f22ee880 0000000100000000
0x000000005978ef68:   000000000211c650 000000005499e428 

Instructions: (pc=0xffffffffa37c5120)
0xffffffffa37c5100:   
[error occurred during error reporting (printing registers, top of stack, instructions near pc), id 0xc0000005]

Register to memory mapping:

RAX=0x000000008af47059 is an unknown value
RBX=0x00000000c24b5ae0 is an oop
java.lang.String 
 - klass: 'java/lang/String'
RCX=0x0000000000000001 is an unknown value
RDX=0x00000000f22ee890 is an oop
java.util.HashMap 
 - klass: 'java/util/HashMap'
RSP=0x000000005978ee78 is pointing into the stack for thread: 0x0000000058501800
RBP=0x000000005978f158 is pointing into the stack for thread: 0x0000000058501800
RSI=0x0000000000000000 is an unknown value
RDI=0x00000000c0000168 is an oop
java.lang.Object 
 - klass: 'java/lang/Object'
R8 =0x000000008af4faad is an unknown value
R9 =0x00000000f91e3368 is an oop
com.android.dx.rop.cst.CstMethodRef 
 - klass: 'com/android/dx/rop/cst/CstMethodRef'
R10=0x000000001459e5e8 is pointing into metadata
R11=0x000000000000001b is an unknown value
R12=0x0000000000000000 is an unknown value
R13=0x0000000000000128 is an unknown value
R14=0x000000000008e3f4 is an unknown value
R15=0x0000000058501800 is a thread


Stack: [0x0000000059690000,0x0000000059790000],  sp=0x000000005978ee78,  free space=1019k
Native frames: (J=compiled Java code, j=interpreted, Vv=VM code, C=native code)
C  0xffffffffa37c5120


---------------  P R O C E S S  ---------------

Java Threads: ( => current thread )
=>0x0000000058501800 JavaThread "pool-1-thread-1" [_thread_in_Java, id=1928, stack(0x0000000059690000,0x0000000059790000)]
  0x000000005755d800 JavaThread "Service Thread" daemon [_thread_blocked, id=2952, stack(0x0000000057b70000,0x0000000057c70000)]
  0x0000000054f7f000 JavaThread "C1 CompilerThread2" daemon [_thread_blocked, id=3056, stack(0x0000000057970000,0x0000000057a70000)]
  0x0000000054f7e000 JavaThread "C2 CompilerThread1" daemon [_thread_in_native, id=5064, stack(0x0000000056980000,0x0000000056a80000)]
  0x0000000054f75800 JavaThread "C2 CompilerThread0" daemon [_thread_in_native, id=912, stack(0x00000000573e0000,0x00000000574e0000)]
  0x0000000054f72000 JavaThread "Attach Listener" daemon [_thread_blocked, id=3244, stack(0x0000000056360000,0x0000000056460000)]
  0x0000000054f70800 JavaThread "Signal Dispatcher" daemon [_thread_blocked, id=6092, stack(0x0000000056830000,0x0000000056930000)]
  0x0000000054f17000 JavaThread "Finalizer" daemon [_thread_blocked, id=2296, stack(0x00000000565f0000,0x00000000566f0000)]
  0x0000000054f10000 JavaThread "Reference Handler" daemon [_thread_blocked, id=1376, stack(0x0000000056240000,0x0000000056340000)]
  0x00000000001fe000 JavaThread "main" [_thread_blocked, id=2040, stack(0x00000000023f0000,0x00000000024f0000)]

Other Threads:
  0x0000000054f0a800 VMThread [stack: 0x0000000055f80000,0x0000000056080000] [id=5952]
  0x0000000057587800 WatcherThread [stack: 0x0000000057ca0000,0x0000000057da0000] [id=4416]

VM state:not at safepoint (normal execution)

VM Mutex/Monitor currently owned by a thread: None

Heap:
 PSYoungGen      total 256512K, used 189259K [0x00000000eab00000, 0x0000000100000000, 0x0000000100000000)
  eden space 190464K, 64% used [0x00000000eab00000,0x00000000f2371c88,0x00000000f6500000)
  from space 66048K, 99% used [0x00000000f6500000,0x00000000fa5612a0,0x00000000fa580000)
  to   space 88064K, 0% used [0x00000000faa00000,0x00000000faa00000,0x0000000100000000)
 ParOldGen       total 237056K, used 148316K [0x00000000c0000000, 0x00000000ce780000, 0x00000000eab00000)
  object space 237056K, 62% used [0x00000000c0000000,0x00000000c90d7008,0x00000000ce780000)
 Metaspace       used 6717K, capacity 7384K, committed 7680K, reserved 1056768K
  class space    used 630K, capacity 656K, committed 768K, reserved 1048576K

Card table byte_map: [0x0000000011b80000,0x0000000011d90000] byte_map_base: 0x0000000011580000

Marking Bits: (ParMarkBitMap*) 0x00000000572fa5b0
 Begin Bits: [0x0000000012380000, 0x0000000013380000)
 End Bits:   [0x0000000013380000, 0x0000000014380000)

Polling page: 0x00000000001c0000

CodeCache: size=245760Kb used=11165Kb max_used=11225Kb free=234594Kb
 bounds [0x00000000027c0000, 0x00000000032c0000, 0x00000000117c0000]
 total_blobs=2728 nmethods=2460 adapters=182
 compilation: enabled

Compilation events (10 events):
Event: 14.915 Thread 0x0000000054f7f000 nmethod 2631 0x000000000329fad0 code [0x000000000329fde0, 0x00000000032a1708]
Event: 14.990 Thread 0x0000000054f7f000 2632       2       com.android.dx.dex.code.StdCatchBuilder::getCatchTypes (97 bytes)
Event: 14.991 Thread 0x0000000054f7f000 nmethod 2632 0x00000000032a21d0 code [0x00000000032a23e0, 0x00000000032a28e8]
Event: 15.019 Thread 0x0000000054f7f000 2633  s    2       com.android.dx.dex.file.TypeIdsSection::intern (62 bytes)
Event: 15.019 Thread 0x0000000054f7f000 nmethod 2633 0x00000000032a2e90 code [0x00000000032a3040, 0x00000000032a3648]
Event: 15.193 Thread 0x0000000054f7e000 nmethod 2512 0x00000000032ac510 code [0x00000000032acce0, 0x00000000032b27c8]
Event: 15.195 Thread 0x0000000054f7e000 2598 %     4       java.util.Arrays::hashCode @ 16 (56 bytes)
Event: 15.215 Thread 0x0000000054f7e000 nmethod 2598% 0x00000000029156d0 code [0x0000000002915840, 0x0000000002916058]
Event: 15.215 Thread 0x0000000054f7e000 2627       4       java.util.HashMap::putVal (300 bytes)
Event: 15.226 Thread 0x0000000054f7e000 nmethod 2627 0x0000000002920f50 code [0x0000000002921100, 0x0000000002921830]

GC Heap History (10 events):
Event: 7.535 GC heap before
{Heap before GC invocations=12 (full 2):
 PSYoungGen      total 264704K, used 38884K [0x00000000eab00000, 0x0000000100000000, 0x0000000100000000)
  eden space 225792K, 0% used [0x00000000eab00000,0x00000000eab00000,0x00000000f8780000)
  from space 38912K, 99% used [0x00000000fbe00000,0x00000000fe3f91d0,0x00000000fe400000)
  to   space 55808K, 0% used [0x00000000f8780000,0x00000000f8780000,0x00000000fbe00000)
 ParOldGen       total 83968K, used 83771K [0x00000000c0000000, 0x00000000c5200000, 0x00000000eab00000)
  object space 83968K, 99% used [0x00000000c0000000,0x00000000c51ceca0,0x00000000c5200000)
 Metaspace       used 6587K, capacity 7320K, committed 7680K, reserved 1056768K
  class space    used 624K, capacity 656K, committed 768K, reserved 1048576K
Event: 8.741 GC heap after
Heap after GC invocations=12 (full 2):
 PSYoungGen      total 264704K, used 35144K [0x00000000eab00000, 0x0000000100000000, 0x0000000100000000)
  eden space 225792K, 0% used [0x00000000eab00000,0x00000000eab00000,0x00000000f8780000)
  from space 38912K, 90% used [0x00000000fbe00000,0x00000000fe052258,0x00000000fe400000)
  to   space 55808K, 0% used [0x00000000f8780000,0x00000000f8780000,0x00000000fbe00000)
 ParOldGen       total 148480K, used 83522K [0x00000000c0000000, 0x00000000c9100000, 0x00000000eab00000)
  object space 148480K, 56% used [0x00000000c0000000,0x00000000c5190a78,0x00000000c9100000)
 Metaspace       used 6587K, capacity 7320K, committed 7680K, reserved 1056768K
  class space    used 624K, capacity 656K, committed 768K, reserved 1048576K
}
Event: 10.031 GC heap before
{Heap before GC invocations=13 (full 2):
 PSYoungGen      total 264704K, used 260936K [0x00000000eab00000, 0x0000000100000000, 0x0000000100000000)
  eden space 225792K, 100% used [0x00000000eab00000,0x00000000f8780000,0x00000000f8780000)
  from space 38912K, 90% used [0x00000000fbe00000,0x00000000fe052258,0x00000000fe400000)
  to   space 55808K, 0% used [0x00000000f8780000,0x00000000f8780000,0x00000000fbe00000)
 ParOldGen       total 148480K, used 83522K [0x00000000c0000000, 0x00000000c9100000, 0x00000000eab00000)
  object space 148480K, 56% used [0x00000000c0000000,0x00000000c5190a78,0x00000000c9100000)
 Metaspace       used 6591K, capacity 7320K, committed 7680K, reserved 1056768K
  class space    used 624K, capacity 656K, committed 768K, reserved 1048576K
Event: 10.245 GC heap after
Heap after GC invocations=13 (full 2):
 PSYoungGen      total 281600K, used 55801K [0x00000000eab00000, 0x0000000100000000, 0x0000000100000000)
  eden space 225792K, 0% used [0x00000000eab00000,0x00000000eab00000,0x00000000f8780000)
  from space 55808K, 99% used [0x00000000f8780000,0x00000000fbdfe588,0x00000000fbe00000)
  to   space 67584K, 0% used [0x00000000fbe00000,0x00000000fbe00000,0x0000000100000000)
 ParOldGen       total 148480K, used 97832K [0x00000000c0000000, 0x00000000c9100000, 0x00000000eab00000)
  object space 148480K, 65% used [0x00000000c0000000,0x00000000c5f8a3c8,0x00000000c9100000)
 Metaspace       used 6591K, capacity 7320K, committed 7680K, reserved 1056768K
  class space    used 624K, capacity 656K, committed 768K, reserved 1048576K
}
Event: 11.377 GC heap before
{Heap before GC invocations=14 (full 2):
 PSYoungGen      total 281600K, used 281593K [0x00000000eab00000, 0x0000000100000000, 0x0000000100000000)
  eden space 225792K, 100% used [0x00000000eab00000,0x00000000f8780000,0x00000000f8780000)
  from space 55808K, 99% used [0x00000000f8780000,0x00000000fbdfe588,0x00000000fbe00000)
  to   space 67584K, 0% used [0x00000000fbe00000,0x00000000fbe00000,0x0000000100000000)
 ParOldGen       total 148480K, used 97832K [0x00000000c0000000, 0x00000000c9100000, 0x00000000eab00000)
  object space 148480K, 65% used [0x00000000c0000000,0x00000000c5f8a3c8,0x00000000c9100000)
 Metaspace       used 6606K, capacity 7320K, committed 7680K, reserved 1056768K
  class space    used 624K, capacity 656K, committed 768K, reserved 1048576K
Event: 11.610 GC heap after
Heap after GC invocations=14 (full 2):
 PSYoungGen      total 258048K, used 59715K [0x00000000eab00000, 0x0000000100000000, 0x0000000100000000)
  eden space 190464K, 0% used [0x00000000eab00000,0x00000000eab00000,0x00000000f6500000)
  from space 67584K, 88% used [0x00000000fbe00000,0x00000000ff850c38,0x0000000100000000)
  to   space 79360K, 0% used [0x00000000f6500000,0x00000000f6500000,0x00000000fb280000)
 ParOldGen       total 148480K, used 127918K [0x00000000c0000000, 0x00000000c9100000, 0x00000000eab00000)
  object space 148480K, 86% used [0x00000000c0000000,0x00000000c7ceb858,0x00000000c9100000)
 Metaspace       used 6606K, capacity 7320K, committed 7680K, reserved 1056768K
  class space    used 624K, capacity 656K, committed 768K, reserved 1048576K
}
Event: 11.610 GC heap before
{Heap before GC invocations=15 (full 3):
 PSYoungGen      total 258048K, used 59715K [0x00000000eab00000, 0x0000000100000000, 0x0000000100000000)
  eden space 190464K, 0% used [0x00000000eab00000,0x00000000eab00000,0x00000000f6500000)
  from space 67584K, 88% used [0x00000000fbe00000,0x00000000ff850c38,0x0000000100000000)
  to   space 79360K, 0% used [0x00000000f6500000,0x00000000f6500000,0x00000000fb280000)
 ParOldGen       total 148480K, used 127918K [0x00000000c0000000, 0x00000000c9100000, 0x00000000eab00000)
  object space 148480K, 86% used [0x00000000c0000000,0x00000000c7ceb858,0x00000000c9100000)
 Metaspace       used 6606K, capacity 7320K, committed 7680K, reserved 1056768K
  class space    used 624K, capacity 656K, committed 768K, reserved 1048576K
Event: 12.843 GC heap after
Heap after GC invocations=15 (full 3):
 PSYoungGen      total 258048K, used 35926K [0x00000000eab00000, 0x0000000100000000, 0x0000000100000000)
  eden space 190464K, 0% used [0x00000000eab00000,0x00000000eab00000,0x00000000f6500000)
  from space 67584K, 53% used [0x00000000fbe00000,0x00000000fe115a98,0x0000000100000000)
  to   space 79360K, 0% used [0x00000000f6500000,0x00000000f6500000,0x00000000fb280000)
 ParOldGen       total 237056K, used 148316K [0x00000000c0000000, 0x00000000ce780000, 0x00000000eab00000)
  object space 237056K, 62% used [0x00000000c0000000,0x00000000c90d7008,0x00000000ce780000)
 Metaspace       used 6606K, capacity 7320K, committed 7680K, reserved 1056768K
  class space    used 624K, capacity 656K, committed 768K, reserved 1048576K
}
Event: 13.897 GC heap before
{Heap before GC invocations=16 (full 3):
 PSYoungGen      total 258048K, used 226390K [0x00000000eab00000, 0x0000000100000000, 0x0000000100000000)
  eden space 190464K, 100% used [0x00000000eab00000,0x00000000f6500000,0x00000000f6500000)
  from space 67584K, 53% used [0x00000000fbe00000,0x00000000fe115a98,0x0000000100000000)
  to   space 79360K, 0% used [0x00000000f6500000,0x00000000f6500000,0x00000000fb280000)
 ParOldGen       total 237056K, used 148316K [0x00000000c0000000, 0x00000000ce780000, 0x00000000eab00000)
  object space 237056K, 62% used [0x00000000c0000000,0x00000000c90d7008,0x00000000ce780000)
 Metaspace       used 6615K, capacity 7320K, committed 7680K, reserved 1056768K
  class space    used 624K, capacity 656K, committed 768K, reserved 1048576K
Event: 14.133 GC heap after
Heap after GC invocations=16 (full 3):
 PSYoungGen      total 256512K, used 65924K [0x00000000eab00000, 0x0000000100000000, 0x0000000100000000)
  eden space 190464K, 0% used [0x00000000eab00000,0x00000000eab00000,0x00000000f6500000)
  from space 66048K, 99% used [0x00000000f6500000,0x00000000fa5612a0,0x00000000fa580000)
  to   space 88064K, 0% used [0x00000000faa00000,0x00000000faa00000,0x0000000100000000)
 ParOldGen       total 237056K, used 148316K [0x00000000c0000000, 0x00000000ce780000, 0x00000000eab00000)
  object space 237056K, 62% used [0x00000000c0000000,0x00000000c90d7008,0x00000000ce780000)
 Metaspace       used 6615K, capacity 7320K, committed 7680K, reserved 1056768K
  class space    used 624K, capacity 656K, committed 768K, reserved 1048576K
}

Deoptimization events (10 events):
Event: 11.340 Thread 0x0000000058501800 Uncommon trap: reason=bimorphic action=maybe_recompile pc=0x000000000313c048 method=com.android.dx.cf.code.BytecodeArray.parseInstruction(ILcom/android/dx/cf/code/BytecodeArray$Visitor;)I @ 2554
Event: 13.211 Thread 0x00000000583fb800 Uncommon trap: reason=unstable_if action=reinterpret pc=0x00000000031ca778 method=com.android.dx.ssa.SCCP.simulateBranch(Lcom/android/dx/ssa/SsaInsn;)V @ 334
Event: 13.341 Thread 0x0000000058501800 Uncommon trap: reason=unstable_if action=reinterpret pc=0x00000000031935fc method=com.android.dx.ssa.SCCP.run()V @ 179
Event: 14.724 Thread 0x0000000058501800 Uncommon trap: reason=class_check action=maybe_recompile pc=0x0000000002da6f68 method=java.util.Arrays.hashCode([Ljava/lang/Object;)I @ 43
Event: 14.724 Thread 0x0000000058501800 Uncommon trap: reason=class_check action=maybe_recompile pc=0x0000000002da6f68 method=java.util.Arrays.hashCode([Ljava/lang/Object;)I @ 43
Event: 14.724 Thread 0x0000000058501800 Uncommon trap: reason=class_check action=maybe_recompile pc=0x0000000002da6f68 method=java.util.Arrays.hashCode([Ljava/lang/Object;)I @ 43
Event: 14.724 Thread 0x0000000058501800 Uncommon trap: reason=class_check action=maybe_recompile pc=0x0000000002da6f68 method=java.util.Arrays.hashCode([Ljava/lang/Object;)I @ 43
Event: 14.809 Thread 0x0000000058501800 Uncommon trap: reason=bimorphic action=maybe_recompile pc=0x0000000002ce39cc method=java.util.HashMap.putVal(ILjava/lang/Object;Ljava/lang/Object;ZZ)Ljava/lang/Object; @ 203
Event: 14.810 Thread 0x0000000058501800 Uncommon trap: reason=bimorphic action=maybe_recompile pc=0x0000000002ce39cc method=java.util.HashMap.putVal(ILjava/lang/Object;Ljava/lang/Object;ZZ)Ljava/lang/Object; @ 203
Event: 14.810 Thread 0x0000000058501800 Uncommon trap: reason=bimorphic action=maybe_recompile pc=0x0000000002ce39cc method=java.util.HashMap.putVal(ILjava/lang/Object;Ljava/lang/Object;ZZ)Ljava/lang/Object; @ 203

Internal exceptions (6 events):
Event: 0.047 Thread 0x00000000001fe000 Exception <a 'java/lang/NoSuchMethodError': Method sun.misc.Unsafe.defineClass(Ljava/lang/String;[BII)Ljava/lang/Class; name or signature does not match> (0x00000000eab0d620) thrown at [C:\workspace\8-2-build-windows-amd64-cygwin\jdk8u65\4987\hotspot\src\s.RÎ‚+¨?
Event: 0.047 Thread 0x00000000001fe000 Exception <a 'java/lang/NoSuchMethodError': Method sun.misc.Unsafe.prefetchRead(Ljava/lang/Object;J)V name or signature does not match> (0x00000000eab0d908) thrown at [C:\workspace\8-2-build-windows-amd64-cygwin\jdk8u65\4987\hotspot\src\share\vm\prims\jni.œ7¶ÜFüñ?
Event: 1.124 Thread 0x0000000058501800 Implicit null exception at 0x0000000002c28668 to 0x0000000002c2a889
Event: 3.213 Thread 0x00000000583fb800 Exception <a 'java/lang/ArrayIndexOutOfBoundsException': 18> (0x00000000eec3ff10) thrown at [C:\workspace\8-2-build-windows-amd64-cygwin\jdk8u65\4987\hotspot\src\share\vm\interpreter\interpreterRuntime.cpp, line 366]
Event: 3.213 Thread 0x00000000583fb800 Exception <a 'java/lang/ArrayIndexOutOfBoundsException': 145> (0x00000000eec41a90) thrown at [C:\workspace\8-2-build-windows-amd64-cygwin\jdk8u65\4987\hotspot\src\share\vm\interpreter\interpreterRuntime.cpp, line 366]
Event: 3.214 Thread 0x00000000583fb800 Exception <a 'java/lang/ArrayIndexOutOfBoundsException'> (0x00000000eec42d78) thrown at [C:\workspace\8-2-build-windows-amd64-cygwin\jdk8u65\4987\hotspot\src\share\vm\runtime\sharedRuntime.cpp, line 605]

Events (10 events):
Event: 14.853 Thread 0x0000000058501800 DEOPT UNPACKING pc=0x00000000028071bf sp=0x000000005978ed10 mode 0
Event: 15.195 Thread 0x0000000054f7e000 flushing nmethod 0x0000000002914850
Event: 15.195 Thread 0x0000000054f7e000 flushing nmethod 0x0000000002915510
Event: 15.215 Thread 0x0000000054f7e000 flushing nmethod 0x000000000291b910
Event: 15.215 Thread 0x0000000054f7e000 flushing nmethod 0x000000000291cb10
Event: 15.215 Thread 0x0000000054f7e000 flushing nmethod 0x000000000291f150
Event: 15.215 Thread 0x0000000054f7e000 flushing nmethod 0x000000000291ffd0
Event: 15.215 Thread 0x0000000054f7e000 flushing nmethod 0x00000000029209d0
Event: 15.215 Thread 0x0000000054f7e000 flushing nmethod 0x0000000002921f10
Event: 15.215 Thread 0x0000000054f7e000 flushing nmethod 0x0000000002929750


Dynamic libraries:
0x000000013fbc0000 - 0x000000013fbf7000 	C:\Program Files\Java\jdk1.8.0_65\bin\java.exe
0x0000000076e60000 - 0x000000007700a000 	C:\Windows\SYSTEM32\ntdll.dll
0x0000000076c40000 - 0x0000000076d5f000 	C:\Windows\system32\kernel32.dll
0x000007fefcc60000 - 0x000007fefcccb000 	C:\Windows\system32\KERNELBASE.dll
0x000007fefed10000 - 0x000007fefedeb000 	C:\Windows\system32\ADVAPI32.dll
0x000007feff0d0000 - 0x000007feff16f000 	C:\Windows\system32\msvcrt.dll
0x000007fefd4f0000 - 0x000007fefd50f000 	C:\Windows\SYSTEM32\sechost.dll
0x000007fefefa0000 - 0x000007feff0cd000 	C:\Windows\system32\RPCRT4.dll
0x0000000076d60000 - 0x0000000076e5a000 	C:\Windows\system32\USER32.dll
0x000007fefef20000 - 0x000007fefef87000 	C:\Windows\system32\GDI32.dll
0x000007fefef90000 - 0x000007fefef9e000 	C:\Windows\system32\LPK.dll
0x000007fefd210000 - 0x000007fefd2da000 	C:\Windows\system32\USP10.dll
0x000007fefb770000 - 0x000007fefb964000 	C:\Windows\WinSxS\amd64_microsoft.windows.common-controls_6595b64144ccf1df_6.0.7601.18837_none_fa3b1e3d17594757\COMCTL32.dll
0x000007fefd190000 - 0x000007fefd201000 	C:\Windows\system32\SHLWAPI.dll
0x000007fefeef0000 - 0x000007fefef1e000 	C:\Windows\system32\IMM32.DLL
0x000007fefcfa0000 - 0x000007fefd0a9000 	C:\Windows\system32\MSCTF.dll
0x0000000056480000 - 0x0000000056552000 	C:\Program Files\Java\jdk1.8.0_65\jre\bin\msvcr100.dll
0x0000000056af0000 - 0x0000000057379000 	C:\Program Files\Java\jdk1.8.0_65\jre\bin\server\jvm.dll
0x000007fef9600000 - 0x000007fef9609000 	C:\Windows\system32\WSOCK32.dll
0x000007fefee90000 - 0x000007fefeedd000 	C:\Windows\system32\WS2_32.dll
0x000007fefeee0000 - 0x000007fefeee8000 	C:\Windows\system32\NSI.dll
0x000007fefa8d0000 - 0x000007fefa90b000 	C:\Windows\system32\WINMM.dll
0x000007fefbda0000 - 0x000007fefbdac000 	C:\Windows\system32\VERSION.dll
0x0000000077020000 - 0x0000000077027000 	C:\Windows\system32\PSAPI.DLL
0x00000000670c0000 - 0x00000000670cf000 	C:\Program Files\Java\jdk1.8.0_65\jre\bin\verify.dll
0x00000000658a0000 - 0x00000000658c9000 	C:\Program Files\Java\jdk1.8.0_65\jre\bin\java.dll
0x0000000065880000 - 0x0000000065896000 	C:\Program Files\Java\jdk1.8.0_65\jre\bin\zip.dll
0x000007fefdbf0000 - 0x000007fefe97a000 	C:\Windows\system32\SHELL32.dll
0x000007fefd2e0000 - 0x000007fefd4e3000 	C:\Windows\system32\ole32.dll
0x000007fefcbe0000 - 0x000007fefcbef000 	C:\Windows\system32\profapi.dll
0x000007fee6640000 - 0x000007fee6765000 	C:\Windows\system32\dbghelp.dll

VM Arguments:
jvm_args: -Djava.awt.headless=true -Xmx1024M -Dfile.encoding=windows-1252 -Duser.country=US -Duser.language=en -Duser.variant 
java_command: com.android.dx.command.Main --dex --num-threads=4 --multi-dex --main-dex-list C:\Users\Alvin\Documents\Programming\Git Repo\WWUICTD\smoking_cessation\android_project\app\build\intermediates\multi-dex\debug\maindexlist.txt --output C:\Users\Alvin\Documents\Programming\Git Repo\WWUICTD\smoking_cessation\android_project\app\build\intermediates\transforms\dex\debug\folders\1000\1f\main C:\Users\Alvin\Documents\Programming\Git Repo\WWUICTD\smoking_cessation\android_project\app\build\intermediates\transforms\jarMerging\debug\jars\1\1f\combined.jar
java_class_path (initial): C:\Users\Alvin\AppData\Local\Android\sdk\build-tools\23.0.2\lib\dx.jar
Launcher Type: SUN_STANDARD

Environment Variables:
PATH=C:\ProgramData\Oracle\Java\javapath;C:\Program Files (x86)\NVIDIA Corporation\PhysX\Common;C:\Windows\system32;C:\Windows;C:\Windows\System32\Wbem;C:\Windows\System32\WindowsPowerShell\v1.0\;C:\Program Files (x86)\MySQL\MySQL Fabric 1.5 & MySQL Utilities 1.5\;C:\Program Files (x86)\MySQL\MySQL Fabric 1.5 & MySQL Utilities 1.5\Doctrine extensions for PHP\;C:\Program Files (x86)\AMD\ATI.ACE\Core-Static
USERNAME=Alvin
OS=Windows_NT
PROCESSOR_IDENTIFIER=Intel64 Family 6 Model 15 Stepping 11, GenuineIntel



---------------  S Y S T E M  ---------------

OS: Windows 7 , 64 bit Build 7601 (6.1.7601.19160)

CPU:total 4 (4 cores per cpu, 1 threads per core) family 6 model 15 stepping 11, cmov, cx8, fxsr, mmx, sse, sse2, sse3, ssse3, tsc

Memory: 4k page, physical 4192804k(390012k free), swap 8383772k(3023636k free)

vm_info: Java HotSpot(TM) 64-Bit Server VM (25.65-b01) for windows-amd64 JRE (1.8.0_65-b17), built on Oct  6 2015 16:39:20 by "java_re" with MS VC++ 10.0 (VS2010)

time: Wed Mar 16 18:11:11 2016
elapsed time: 15 seconds (0d 0h 0m 15s)

