#
# A fatal error has been detected by the Java Runtime Environment:
#
#  EXCEPTION_ACCESS_VIOLATION (0xc0000005) at pc=0xffffffffa39a5120, pid=4204, tid=3440
#
# JRE version: Java(TM) SE Runtime Environment (8.0_65-b17) (build 1.8.0_65-b17)
# Java VM: Java HotSpot(TM) 64-Bit Server VM (25.65-b01 mixed mode windows-amd64 compressed oops)
# Problematic frame:
# C  0xffffffffa39a5120
#
# Failed to write core dump. Minidumps are not enabled by default on client versions of Windows
#
# If you would like to submit a bug report, please visit:
#   http://bugreport.java.com/bugreport/crash.jsp
#

---------------  T H R E A D  ---------------

Current thread (0x000000000228e000):  JavaThread "main" [_thread_in_Java, id=3440, stack(0x00000000025d0000,0x00000000026d0000)]

siginfo: ExceptionCode=0xc0000005, ExceptionInformation=0x0000000000000008 0xffffffffa39a5120

Registers:
RAX=0x0000000054ce5098, RBX=0x0000000054ce5098, RCX=0x00000000ebcf4ac0, RDX=0x00000000ebcf4ac0
RSP=0x00000000026cf278, RBP=0x00000000026cf2d8, RSI=0x00000000eafc9a08, RDI=0x000000000000d58e
R8 =0x00000000eafecef0, R9 =0x000000000000d590, R10=0x000000006bd02140, R11=0x0000000002e20040
R12=0x0000000000000000, R13=0x00000000026cf288, R14=0x0000000000000000, R15=0x000000000228e000
RIP=0xffffffffa39a5120, EFLAGS=0x0000000000010202

Top of Stack: (sp=0x00000000026cf278)
0x00000000026cf278:   00000000029a7a01 00000000029a7a01
0x00000000026cf288:   00000000eafecef0 00000000ebcf4ac0
0x00000000026cf298:   00000000026cf298 0000000054d9df00
0x00000000026cf2a8:   00000000026cf328 0000000054d9e638
0x00000000026cf2b8:   0000000000000000 0000000054d9e048
0x00000000026cf2c8:   00000000026cf288 00000000026cf320
0x00000000026cf2d8:   00000000026cf370 00000000029a7a01
0x00000000026cf2e8:   0000000000000000 0000000000000000
0x00000000026cf2f8:   0000000000000000 00000000ebcf4ac0
0x00000000026cf308:   000000000000001a 000000000000001b
0x00000000026cf318:   000000000000d580 00000000eafecef0
0x00000000026cf328:   00000000eaf24cf8 00000000026cf330
0x00000000026cf338:   0000000054d26d1a 00000000026cf3a0
0x00000000026cf348:   0000000054d288c0 0000000000000000
0x00000000026cf358:   0000000054d26d98 00000000026cf320
0x00000000026cf368:   00000000026cf390 00000000026cf3e8 

Instructions: (pc=0xffffffffa39a5120)
0xffffffffa39a5100:   
[error occurred during error reporting (printing registers, top of stack, instructions near pc), id 0xc0000005]

Register to memory mapping:

RAX={method} {0x0000000054ce50a0} 'writeTo' '(Lcom/android/dx/util/AnnotatedOutput;)V' in 'com/android/dx/dex/code/ZeroSizeInsn'
RBX={method} {0x0000000054ce50a0} 'writeTo' '(Lcom/android/dx/util/AnnotatedOutput;)V' in 'com/android/dx/dex/code/ZeroSizeInsn'
RCX=0x00000000ebcf4ac0 is an oop
com.android.dx.dex.code.CodeAddress 
 - klass: 'com/android/dx/dex/code/CodeAddress'
RDX=0x00000000ebcf4ac0 is an oop
com.android.dx.dex.code.CodeAddress 
 - klass: 'com/android/dx/dex/code/CodeAddress'
RSP=0x00000000026cf278 is pointing into the stack for thread: 0x000000000228e000
RBP=0x00000000026cf2d8 is pointing into the stack for thread: 0x000000000228e000
RSI=0x00000000eafc9a08 is an oop
[B 
 - klass: {type array byte}
 - length: 144600
RDI=0x000000000000d58e is an unknown value
R8 =0x00000000eafecef0 is an oop
com.android.dx.util.ByteArrayAnnotatedOutput 
 - klass: 'com/android/dx/util/ByteArrayAnnotatedOutput'
R9 =0x000000000000d590 is an unknown value
R10=0x000000006bd02140 is an unknown value
R11=0x0000000002e20040 is at entry_point+32 in (nmethod*)0x0000000002e1fed0
R12=0x0000000000000000 is an unknown value
R13=0x00000000026cf288 is pointing into the stack for thread: 0x000000000228e000
R14=0x0000000000000000 is an unknown value
R15=0x000000000228e000 is a thread


Stack: [0x00000000025d0000,0x00000000026d0000],  sp=0x00000000026cf278,  free space=1020k
Native frames: (J=compiled Java code, j=interpreted, Vv=VM code, C=native code)
C  0xffffffffa39a5120


---------------  P R O C E S S  ---------------

Java Threads: ( => current thread )
  0x0000000056a83800 JavaThread "Service Thread" daemon [_thread_blocked, id=3216, stack(0x00000000571a0000,0x00000000572a0000)]
  0x0000000056a77800 JavaThread "C1 CompilerThread2" daemon [_thread_blocked, id=300, stack(0x0000000056fe0000,0x00000000570e0000)]
  0x0000000055185000 JavaThread "C2 CompilerThread1" daemon [_thread_blocked, id=2164, stack(0x0000000056630000,0x0000000056730000)]
  0x000000005518f000 JavaThread "C2 CompilerThread0" daemon [_thread_blocked, id=2940, stack(0x0000000056920000,0x0000000056a20000)]
  0x000000005518d800 JavaThread "Attach Listener" daemon [_thread_blocked, id=760, stack(0x00000000567c0000,0x00000000568c0000)]
  0x000000005518c800 JavaThread "Signal Dispatcher" daemon [_thread_blocked, id=4864, stack(0x0000000056510000,0x0000000056610000)]
  0x0000000055121000 JavaThread "Finalizer" daemon [_thread_blocked, id=4696, stack(0x0000000056280000,0x0000000056380000)]
  0x0000000055120000 JavaThread "Reference Handler" daemon [_thread_blocked, id=5888, stack(0x00000000563a0000,0x00000000564a0000)]
=>0x000000000228e000 JavaThread "main" [_thread_in_Java, id=3440, stack(0x00000000025d0000,0x00000000026d0000)]

Other Threads:
  0x000000005511a000 VMThread [stack: 0x0000000056100000,0x0000000056200000] [id=4156]
  0x0000000056a84000 WatcherThread [stack: 0x0000000056ee0000,0x0000000056fe0000] [id=5996]

VM state:not at safepoint (normal execution)

VM Mutex/Monitor currently owned by a thread: None

Heap:
 PSYoungGen      total 18944K, used 7840K [0x00000000eab00000, 0x00000000ed000000, 0x0000000100000000)
  eden space 16384K, 32% used [0x00000000eab00000,0x00000000eb0285d0,0x00000000ebb00000)
  from space 2560K, 99% used [0x00000000ebb00000,0x00000000ebd7fce8,0x00000000ebd80000)
  to   space 2560K, 0% used [0x00000000ecd80000,0x00000000ecd80000,0x00000000ed000000)
 ParOldGen       total 44032K, used 2391K [0x00000000c0000000, 0x00000000c2b00000, 0x00000000eab00000)
  object space 44032K, 5% used [0x00000000c0000000,0x00000000c0255fb0,0x00000000c2b00000)
 Metaspace       used 5945K, capacity 7024K, committed 7296K, reserved 1056768K
  class space    used 600K, capacity 616K, committed 640K, reserved 1048576K

Card table byte_map: [0x0000000011d60000,0x0000000011f70000] byte_map_base: 0x0000000011760000

Marking Bits: (ParMarkBitMap*) 0x000000006bd1a5b0
 Begin Bits: [0x0000000012590000, 0x0000000013590000)
 End Bits:   [0x0000000013590000, 0x0000000014590000)

Polling page: 0x0000000000340000

CodeCache: size=245760Kb used=4633Kb max_used=4633Kb free=241126Kb
 bounds [0x00000000029a0000, 0x0000000002e30000, 0x00000000119a0000]
 total_blobs=1496 nmethods=1235 adapters=176
 compilation: enabled

Compilation events (10 events):
Event: 3.628 Thread 0x0000000056a77800 nmethod 1229 0x0000000002e21590 code [0x0000000002e21720, 0x0000000002e21b38]
Event: 3.628 Thread 0x0000000056a77800 1230       3       com.android.dx.dex.code.DalvCode::getInsns (9 bytes)
Event: 3.628 Thread 0x0000000056a77800 nmethod 1230 0x0000000002e20210 code [0x0000000002e20380, 0x0000000002e20528]
Event: 3.629 Thread 0x0000000056a77800 1231       3       com.android.dx.dex.code.ZeroSizeInsn::writeTo (1 bytes)
Event: 3.629 Thread 0x0000000056a77800 nmethod 1231 0x0000000002e1fed0 code [0x0000000002e20020, 0x0000000002e20170]
Event: 3.629 Thread 0x0000000056a77800 1234       3       com.android.dx.rop.type.StdTypeList::getWordCount (33 bytes)
Event: 3.629 Thread 0x0000000056a77800 nmethod 1234 0x0000000002e1f4d0 code [0x0000000002e1f660, 0x0000000002e1fc98]
Event: 3.629 Thread 0x0000000056a77800 1235       1       com.android.dx.dex.code.ZeroSizeInsn::writeTo (1 bytes)
Event: 3.629 Thread 0x0000000056a77800 nmethod 1235 0x0000000002e1f210 code [0x0000000002e1f360, 0x0000000002e1f470]
Event: 3.629 Thread 0x0000000056a77800 1233       3       com.android.dx.dex.code.DalvInsnList::codeSize (24 bytes)

GC Heap History (2 events):
Event: 1.936 GC heap before
{Heap before GC invocations=1 (full 0):
 PSYoungGen      total 18944K, used 16384K [0x00000000eab00000, 0x00000000ec000000, 0x0000000100000000)
  eden space 16384K, 100% used [0x00000000eab00000,0x00000000ebb00000,0x00000000ebb00000)
  from space 2560K, 0% used [0x00000000ebd80000,0x00000000ebd80000,0x00000000ec000000)
  to   space 2560K, 0% used [0x00000000ebb00000,0x00000000ebb00000,0x00000000ebd80000)
 ParOldGen       total 44032K, used 0K [0x00000000c0000000, 0x00000000c2b00000, 0x00000000eab00000)
  object space 44032K, 0% used [0x00000000c0000000,0x00000000c0000000,0x00000000c2b00000)
 Metaspace       used 5580K, capacity 6768K, committed 7040K, reserved 1056768K
  class space    used 575K, capacity 616K, committed 640K, reserved 1048576K
Event: 2.009 GC heap after
Heap after GC invocations=1 (full 0):
 PSYoungGen      total 18944K, used 2559K [0x00000000eab00000, 0x00000000ed000000, 0x0000000100000000)
  eden space 16384K, 0% used [0x00000000eab00000,0x00000000eab00000,0x00000000ebb00000)
  from space 2560K, 99% used [0x00000000ebb00000,0x00000000ebd7fce8,0x00000000ebd80000)
  to   space 2560K, 0% used [0x00000000ecd80000,0x00000000ecd80000,0x00000000ed000000)
 ParOldGen       total 44032K, used 2391K [0x00000000c0000000, 0x00000000c2b00000, 0x00000000eab00000)
  object space 44032K, 5% used [0x00000000c0000000,0x00000000c0255fb0,0x00000000c2b00000)
 Metaspace       used 5580K, capacity 6768K, committed 7040K, reserved 1056768K
  class space    used 575K, capacity 616K, committed 640K, reserved 1048576K
}

Deoptimization events (10 events):
Event: 3.387 Thread 0x000000000228e000 Uncommon trap: reason=bimorphic action=maybe_recompile pc=0x0000000002c3e5f4 method=java.util.HashMap.getNode(ILjava/lang/Object;)Ljava/util/HashMap$Node; @ 126
Event: 3.387 Thread 0x000000000228e000 Uncommon trap: reason=bimorphic action=maybe_recompile pc=0x0000000002c3e5f4 method=java.util.HashMap.getNode(ILjava/lang/Object;)Ljava/util/HashMap$Node; @ 126
Event: 3.387 Thread 0x000000000228e000 Uncommon trap: reason=bimorphic action=maybe_recompile pc=0x0000000002c3e5f4 method=java.util.HashMap.getNode(ILjava/lang/Object;)Ljava/util/HashMap$Node; @ 126
Event: 3.388 Thread 0x000000000228e000 Uncommon trap: reason=bimorphic action=maybe_recompile pc=0x0000000002c3e5f4 method=java.util.HashMap.getNode(ILjava/lang/Object;)Ljava/util/HashMap$Node; @ 126
Event: 3.394 Thread 0x000000000228e000 Uncommon trap: reason=bimorphic action=maybe_recompile pc=0x0000000002d22094 method=java.util.HashMap.putVal(ILjava/lang/Object;Ljava/lang/Object;ZZ)Ljava/lang/Object; @ 91
Event: 3.394 Thread 0x000000000228e000 Uncommon trap: reason=bimorphic action=maybe_recompile pc=0x0000000002d22094 method=java.util.HashMap.putVal(ILjava/lang/Object;Ljava/lang/Object;ZZ)Ljava/lang/Object; @ 91
Event: 3.394 Thread 0x000000000228e000 Uncommon trap: reason=bimorphic action=maybe_recompile pc=0x0000000002d22094 method=java.util.HashMap.putVal(ILjava/lang/Object;Ljava/lang/Object;ZZ)Ljava/lang/Object; @ 91
Event: 3.394 Thread 0x000000000228e000 Uncommon trap: reason=bimorphic action=maybe_recompile pc=0x0000000002d22094 method=java.util.HashMap.putVal(ILjava/lang/Object;Ljava/lang/Object;ZZ)Ljava/lang/Object; @ 91
Event: 3.394 Thread 0x000000000228e000 Uncommon trap: reason=bimorphic action=maybe_recompile pc=0x0000000002bde828 method=java.util.HashMap.getNode(ILjava/lang/Object;)Ljava/util/HashMap$Node; @ 126
Event: 3.599 Thread 0x000000000228e000 Uncommon trap: reason=unstable_if action=reinterpret pc=0x0000000002e105c0 method=com.android.dx.util.ByteArrayAnnotatedOutput.writeByte(I)V @ 13

Internal exceptions (2 events):
Event: 0.296 Thread 0x000000000228e000 Exception <a 'java/lang/NoSuchMethodError': Method sun.misc.Unsafe.defineClass(Ljava/lang/String;[BII)Ljava/lang/Class; name or signature does not match> (0x00000000eab0d630) thrown at [C:\workspace\8-2-build-windows-amd64-cygwin\jdk8u65\4987\hotspot\src\s#ÂÅøÒ?
Event: 0.296 Thread 0x000000000228e000 Exception <a 'java/lang/NoSuchMethodError': Method sun.misc.Unsafe.prefetchRead(Ljava/lang/Object;J)V name or signature does not match> (0x00000000eab0d918) thrown at [C:\workspace\8-2-build-windows-amd64-cygwin\jdk8u65\4987\hotspot\src\share\vm\prims\jni.

Events (10 events):
Event: 3.567 loading class com/android/dex/EncodedValueCodec done
Event: 3.594 loading class com/android/dx/dex/file/MapItem
Event: 3.594 loading class com/android/dx/dex/file/MapItem done
Event: 3.595 loading class com/android/dx/dex/file/UniformListItem
Event: 3.595 loading class com/android/dx/dex/file/UniformListItem done
Event: 3.599 loading class com/android/dex/DexFormat
Event: 3.599 loading class com/android/dex/DexFormat done
Event: 3.599 Thread 0x000000000228e000 Uncommon trap: trap_request=0xffffff65 fr.pc=0x0000000002e105c0
Event: 3.599 Thread 0x000000000228e000 DEOPT PACKING pc=0x0000000002e105c0 sp=0x00000000026cf3b0
Event: 3.599 Thread 0x000000000228e000 DEOPT UNPACKING pc=0x00000000029e556a sp=0x00000000026cf398 mode 2


Dynamic libraries:
0x000000013f210000 - 0x000000013f247000 	C:\Program Files\Java\jdk1.8.0_65\bin\java.exe
0x00000000775a0000 - 0x000000007774a000 	C:\Windows\SYSTEM32\ntdll.dll
0x0000000077480000 - 0x000000007759f000 	C:\Windows\system32\kernel32.dll
0x000007fefd350000 - 0x000007fefd3bb000 	C:\Windows\system32\KERNELBASE.dll
0x000007fefe1b0000 - 0x000007fefe28b000 	C:\Windows\system32\ADVAPI32.dll
0x000007fefe490000 - 0x000007fefe52f000 	C:\Windows\system32\msvcrt.dll
0x000007fefe190000 - 0x000007fefe1af000 	C:\Windows\SYSTEM32\sechost.dll
0x000007fefdc30000 - 0x000007fefdd5d000 	C:\Windows\system32\RPCRT4.dll
0x0000000077380000 - 0x000000007747a000 	C:\Windows\system32\USER32.dll
0x000007fefe0f0000 - 0x000007fefe157000 	C:\Windows\system32\GDI32.dll
0x000007fefe040000 - 0x000007fefe04e000 	C:\Windows\system32\LPK.dll
0x000007fefdf70000 - 0x000007fefe03a000 	C:\Windows\system32\USP10.dll
0x000007fefbeb0000 - 0x000007fefc0a4000 	C:\Windows\WinSxS\amd64_microsoft.windows.common-controls_6595b64144ccf1df_6.0.7601.18837_none_fa3b1e3d17594757\COMCTL32.dll
0x000007fefe530000 - 0x000007fefe5a1000 	C:\Windows\system32\SHLWAPI.dll
0x000007fefe160000 - 0x000007fefe18e000 	C:\Windows\system32\IMM32.DLL
0x000007fefe5b0000 - 0x000007fefe6b9000 	C:\Windows\system32\MSCTF.dll
0x000000006a700000 - 0x000000006a7d2000 	C:\Program Files\Java\jdk1.8.0_65\jre\bin\msvcr100.dll
0x000000006b510000 - 0x000000006bd99000 	C:\Program Files\Java\jdk1.8.0_65\jre\bin\server\jvm.dll
0x000007fef9d40000 - 0x000007fef9d49000 	C:\Windows\system32\WSOCK32.dll
0x000007fefd7d0000 - 0x000007fefd81d000 	C:\Windows\system32\WS2_32.dll
0x000007fefd7c0000 - 0x000007fefd7c8000 	C:\Windows\system32\NSI.dll
0x000007fefadf0000 - 0x000007fefae2b000 	C:\Windows\system32\WINMM.dll
0x000007fefc4e0000 - 0x000007fefc4ec000 	C:\Windows\system32\VERSION.dll
0x0000000077760000 - 0x0000000077767000 	C:\Windows\system32\PSAPI.DLL
0x0000000074900000 - 0x000000007490f000 	C:\Program Files\Java\jdk1.8.0_65\jre\bin\verify.dll
0x00000000714f0000 - 0x0000000071519000 	C:\Program Files\Java\jdk1.8.0_65\jre\bin\java.dll
0x0000000074400000 - 0x0000000074416000 	C:\Program Files\Java\jdk1.8.0_65\jre\bin\zip.dll
0x000007fefe6c0000 - 0x000007feff44a000 	C:\Windows\system32\SHELL32.dll
0x000007fefdd60000 - 0x000007fefdf63000 	C:\Windows\system32\ole32.dll
0x000007fefd330000 - 0x000007fefd33f000 	C:\Windows\system32\profapi.dll
0x000007fee3c50000 - 0x000007fee3d75000 	C:\Windows\system32\dbghelp.dll

VM Arguments:
jvm_args: -Djava.awt.headless=true -Xmx1024M -Dfile.encoding=windows-1252 -Duser.country=US -Duser.language=en -Duser.variant 
java_command: com.android.dx.command.Main --dex --num-threads=4 --output C:\Users\Alvin\Documents\Programming\Git Repo\WWUICTD\smoking_cessation\android_project\app\build\intermediates\pre-dexed\debug\debug_5ec90a63dafffad9f7762ffeb132540d2a7b9b7e.jar C:\Users\Alvin\Documents\Programming\Git Repo\WWUICTD\smoking_cessation\android_project\app\build\intermediates\classes\debug
java_class_path (initial): C:\Users\Alvin\AppData\Local\Android\sdk\build-tools\23.0.2\lib\dx.jar
Launcher Type: SUN_STANDARD

Environment Variables:
PATH=C:\ProgramData\Oracle\Java\javapath;C:\Program Files (x86)\NVIDIA Corporation\PhysX\Common;C:\Windows\system32;C:\Windows;C:\Windows\System32\Wbem;C:\Windows\System32\WindowsPowerShell\v1.0\;C:\Program Files (x86)\MySQL\MySQL Fabric 1.5 & MySQL Utilities 1.5\;C:\Program Files (x86)\MySQL\MySQL Fabric 1.5 & MySQL Utilities 1.5\Doctrine extensions for PHP\;C:\Program Files (x86)\AMD\ATI.ACE\Core-Static
USERNAME=Alvin
OS=Windows_NT
PROCESSOR_IDENTIFIER=Intel64 Family 6 Model 15 Stepping 11, GenuineIntel



---------------  S Y S T E M  ---------------

OS: Windows 7 , 64 bit Build 7601 (6.1.7601.19135)

CPU:total 4 (4 cores per cpu, 1 threads per core) family 6 model 15 stepping 11, cmov, cx8, fxsr, mmx, sse, sse2, sse3, ssse3, tsc

Memory: 4k page, physical 4192804k(432468k free), swap 8383772k(2800504k free)

vm_info: Java HotSpot(TM) 64-Bit Server VM (25.65-b01) for windows-amd64 JRE (1.8.0_65-b17), built on Oct  6 2015 16:39:20 by "java_re" with MS VC++ 10.0 (VS2010)

time: Wed Feb 24 01:55:02 2016
elapsed time: 3 seconds (0d 0h 0m 3s)

